This is pdfTeX, Version 3.1415926-1.40.11 (TeX Live 2010) (format=latex 2010.7.21)  7 AUG 2014 00:05
entering extended mode
 restricted \write18 enabled.
 %&-line parsing enabled.
**comparative.tex
(./comparative.tex
LaTeX2e <2009/09/24>
Babel <v3.8l> and hyphenation patterns for english, dumylang, nohyphenation, ge
rman-x-2009-06-19, ngerman-x-2009-06-19, ancientgreek, ibycus, arabic, armenian
, basque, bulgarian, catalan, pinyin, coptic, croatian, czech, danish, dutch, u
kenglish, usenglishmax, esperanto, estonian, farsi, finnish, french, galician, 
german, ngerman, swissgerman, monogreek, greek, hungarian, icelandic, assamese,
 bengali, gujarati, hindi, kannada, malayalam, marathi, oriya, panjabi, tamil, 
telugu, indonesian, interlingua, irish, italian, kurmanji, lao, latin, latvian,
 lithuanian, mongolian, mongolianlmc, bokmal, nynorsk, polish, portuguese, roma
nian, russian, sanskrit, serbian, slovak, slovenian, spanish, swedish, turkish,
 turkmen, ukrainian, uppersorbian, welsh, loaded.
(./prosper.cls
Document Class: prosper 2001/01/23, v. 1.1
(c) 2000 Frederic Goualard, CWI, The Netherlands
CVSId: $Id: prosper.cls,v 1.5 2001/01/31 10:20:44 exupery Exp $
 
(/usr/local/texlive/2010/texmf-dist/tex/latex/seminar/seminar.cls
Document Class: seminar 2008/10/15, 1.5
Document Style: `seminar' v1.5 <2008/10/15> (tvz)
\slidewidth=\dimen102
\slideheight=\dimen103
\footheight=\dimen104
(/usr/local/texlive/2010/texmf-dist/tex/latex/base/article.cls
Document Class: article 2007/10/19 v1.4h Standard LaTeX document class
(/usr/local/texlive/2010/texmf-dist/tex/latex/base/leqno.clo
File: leqno.clo 1998/08/17 v1.1c Standard LaTeX option (left equation numbers)
)
(/usr/local/texlive/2010/texmf-dist/tex/latex/base/size10.clo
File: size10.clo 2007/10/19 v1.4h Standard LaTeX file (size option)
)
\c@part=\count79
\c@section=\count80
\c@subsection=\count81
\c@subsubsection=\count82
\c@paragraph=\count83
\c@subparagraph=\count84
\c@figure=\count85
\c@table=\count86
\abovecaptionskip=\skip41
\belowcaptionskip=\skip42
\bibindent=\dimen105
)
(/usr/local/texlive/2010/texmf-dist/tex/latex/seminar/sem-page.sty)
\before@document=\toks14
\after@document=\toks15
\before@enddocument=\toks16
\c@slide=\count87
\slide@count=\count88
\@slidebox=\box26
\not@slidebox=\box27
\slide@hook=\toks17
\after@slide=\toks18
\slide@footins=\insert233
\slide@listdepth=\count89
\saved@specials=\box28
\before@newslide=\toks19
\after@slidepage=\toks20
\slidesep=\skip43
\c@note=\count90
\slideframewidth=\dimen106
\slideframesep=\dimen107
\semin=\dimen108
\semcm=\dimen109
)
(/usr/local/texlive/2010/texmf-dist/tex/latex/seminar/semcolor.sty
Style Option: `semcolor' for doc style `seminar' 1.01 <2004/05/18> (tvz)
File: semcolor.sty 2004/05/18 v1.01 (tvz)
(/usr/local/texlive/2010/texmf-dist/tex/latex/pstricks/pstricks.sty
Package: pstricks 2010/06/17 v0.45 LaTeX wrapper for `PSTricks' (RN,HV)

(/usr/local/texlive/2010/texmf-dist/tex/generic/pstricks/pstricks.tex
(/usr/local/texlive/2010/texmf-dist/tex/generic/xkeyval/pst-xkey.tex
File: pst-xkey.tex 2005/11/25 v1.6 PSTricks specialization of xkeyval (HA)

(/usr/local/texlive/2010/texmf-dist/tex/latex/xkeyval/xkeyval.sty
Package: xkeyval 2008/08/13 v2.6a package option processing (HA)

(/usr/local/texlive/2010/texmf-dist/tex/generic/xkeyval/xkeyval.tex
\XKV@toks=\toks21
\XKV@tempa@toks=\toks22
\XKV@depth=\count91
File: xkeyval.tex 2008/08/13 v2.6a key=value parser (HA)

(/usr/local/texlive/2010/texmf-dist/tex/generic/xkeyval/keyval.tex))))
(/usr/local/texlive/2010/texmf-dist/tex/generic/pstricks/pst-fp.tex
`pst-fp' v0.06, 2010/05/14 (hv)
\pstFP@xs=\count92
\pstFP@xia=\count93
\pstFP@xib=\count94
\pstFP@xfa=\count95
\pstFP@xfb=\count96
\pstFP@rega=\count97
\pstFP@regb=\count98
\pstFP@regs=\count99
\pstFP@times=\count100
)
\psLoopIndex=\count101

`PSTricks' v2.08  <2010/06/06> (tvz)
\pst@dima=\dimen110
\pst@dimb=\dimen111
\pst@dimc=\dimen112
\pst@dimd=\dimen113
\pst@dimg=\dimen114
\pst@dimh=\dimen115
\pst@dimm=\dimen116
\pst@dimn=\dimen117
\pst@dimo=\dimen118
\pst@dimp=\dimen119
\pst@hbox=\box29
\pst@boxg=\box30
\pst@cnta=\count102
\pst@cntb=\count103
\pst@cntc=\count104
\pst@cntd=\count105
\pst@cntg=\count106
\pst@cnth=\count107
\pst@cntm=\count108
\pst@cntn=\count109
\pst@cnto=\count110
\pst@cntp=\count111
\@zero=\count112
\pst@toks=\toks23
(/usr/local/texlive/2010/texmf-dist/tex/generic/pstricks/pstricks.con)
\psunit=\dimen120
\psxunit=\dimen121
\psyunit=\dimen122
\pslinewidth=\dimen123
\pst@customdefs=\toks24
\pslinearc=\dimen124
\pst@symbolStep=\dimen125
\pst@symbolWidth=\dimen126
\everypsbox=\toks25
\psframesep=\dimen127
\pslabelsep=\dimen128
\pst@shift=\dimen129
\theoverlaybox=\box31
)
File: pstricks.tex 2010/06/06 v2.08 `PSTricks' (tvz,hv)

(/usr/local/texlive/2010/texmf-dist/tex/generic/pstricks/pst-fp.tex)
File: pst-fp.tex 2010/06/06 v2.08 `PST-fp' (hv)


Package pstricks Warning: ************************************ 
(pstricks)                Option pdf needs a "pdflatex -shell-escape <file>" 
(pstricks)                or a "pdflatex -enable-write18 <file>" 
(pstricks)                (if you are using MikTeX) 
(pstricks)                ************************************.

(/usr/local/texlive/2010/texmf-dist/tex/latex/auto-pst-pdf/auto-pst-pdf.sty
Package: auto-pst-pdf 2009/04/26 v0.6 Wrapper for pst-pdf

(/usr/local/texlive/2010/texmf-dist/tex/generic/oberdiek/ifpdf.sty
Package: ifpdf 2010/01/28 v2.1 Provides the ifpdf switch (HO)
Package ifpdf Info: pdfTeX in pdf mode not detected.
)
(/usr/local/texlive/2010/texmf-dist/tex/latex/ifplatform/ifplatform.sty
Package: ifplatform 2009/09/10 v0.3a Testing for the operating system

(/usr/local/texlive/2010/texmf-dist/tex/generic/oberdiek/pdftexcmds.sty
Package: pdftexcmds 2010/04/01 v0.9 Utility functions of pdfTeX for LuaTeX (HO)


(/usr/local/texlive/2010/texmf-dist/tex/generic/oberdiek/infwarerr.sty
Package: infwarerr 2010/04/08 v1.3 Providing info/warning/message (HO)
)
(/usr/local/texlive/2010/texmf-dist/tex/generic/oberdiek/ifluatex.sty
Package: ifluatex 2010/03/01 v1.3 Provides the ifluatex switch (HO)
Package ifluatex Info: LuaTeX not detected.
)
(/usr/local/texlive/2010/texmf-dist/tex/generic/oberdiek/ltxcmds.sty
Package: ltxcmds 2010/04/26 v1.7 LaTeX kernel commands for general use (HO)
)
Package pdftexcmds Info: LuaTeX not detected.
Package pdftexcmds Info: \pdf@primitive is available.
Package pdftexcmds Info: \pdf@ifprimitive is available.
)
(/usr/local/texlive/2010/texmf-dist/tex/generic/oberdiek/catchfile.sty
Package: catchfile 2010/04/28 v1.5 Catches the contents of a file (HO)

(/usr/local/texlive/2010/texmf-dist/tex/generic/oberdiek/etexcmds.sty
Package: etexcmds 2010/01/28 v1.3 Prefix for e-TeX command names (HO)
Package etexcmds Info: Could not find \expanded.
(etexcmds)             That can mean that you are not using pdfTeX 1.50 or
(etexcmds)             that some package has redefined \expanded.
(etexcmds)             In the latter case, load this package earlier.
))

Package ifplatform Warning: 
    shell escape is disabled, so I can only detect \ifwindows.

)
\c@app@runs=\count113
 (/usr/local/texlive/2010/texmf-dist/tex/latex/pst-pdf/pst-pdf.sty
Package: pst-pdf 2008/10/09 v1.1v PS graphics for pdfLaTeX (RN,HjG)
\c@pspicture=\count114

(/usr/local/texlive/2010/texmf-dist/tex/latex/graphics/graphicx.sty
Package: graphicx 1999/02/16 v1.0f Enhanced LaTeX Graphics (DPC,SPQR)

(/usr/local/texlive/2010/texmf-dist/tex/latex/graphics/graphics.sty
Package: graphics 2009/02/05 v1.0o Standard LaTeX Graphics (DPC,SPQR)

(/usr/local/texlive/2010/texmf-dist/tex/latex/graphics/trig.sty
Package: trig 1999/03/16 v1.09 sin cos tan (DPC)
)
(/usr/local/texlive/2010/texmf-dist/tex/latex/latexconfig/graphics.cfg
File: graphics.cfg 2010/04/23 v1.9 graphics configuration of TeX Live
)
Package graphics Info: Driver file: dvips.def on input line 91.

(/usr/local/texlive/2010/texmf-dist/tex/latex/graphics/dvips.def
File: dvips.def 1999/02/16 v3.0i Driver-dependant file (DPC,SPQR)
))
\Gin@req@height=\dimen130
\Gin@req@width=\dimen131
)
Package pst-pdf Info: MODE: 9 (inactive mode) on input line 458.
))
(/usr/local/texlive/2010/texmf-dist/tex/latex/xcolor/xcolor.sty
Package: xcolor 2007/01/21 v2.11 LaTeX color extensions (UK)

(/usr/local/texlive/2010/texmf-dist/tex/latex/latexconfig/color.cfg
File: color.cfg 2007/01/18 v1.5 color configuration of teTeX/TeXLive
)
Package xcolor Info: Driver file: dvips.def on input line 225.
Package xcolor Info: Model `cmy' substituted by `cmy0' on input line 1337.
Package xcolor Info: Model `RGB' extended on input line 1353.
Package xcolor Info: Model `HTML' substituted by `rgb' on input line 1355.
Package xcolor Info: Model `Hsb' substituted by `hsb' on input line 1356.
Package xcolor Info: Model `tHsb' substituted by `hsb' on input line 1357.
Package xcolor Info: Model `HSB' substituted by `hsb' on input line 1358.
Package xcolor Info: Model `Gray' substituted by `gray' on input line 1359.
Package xcolor Info: Model `wave' substituted by `hsb' on input line 1360.
)))
(/usr/local/texlive/2010/texmf-dist/tex/latex/seminar/semlayer.sty
\@@slidebox=\box32
\c@overlay=\count115
)
(/usr/local/texlive/2010/texmf-dist/tex/latex/hyperref/hyperref.sty
Package: hyperref 2010/06/18 v6.81g Hypertext links for LaTeX

(/usr/local/texlive/2010/texmf-dist/tex/generic/oberdiek/kvsetkeys.sty
Package: kvsetkeys 2010/03/01 v1.9 Key value parser (HO)
)
(/usr/local/texlive/2010/texmf-dist/tex/generic/oberdiek/pdfescape.sty
Package: pdfescape 2010/03/01 v1.9 Provides hex, PDF name and string conversion
s (HO)
)
(/usr/local/texlive/2010/texmf-dist/tex/generic/oberdiek/ifvtex.sty
Package: ifvtex 2010/03/01 v1.5 Switches for detecting VTeX and its modes (HO)
Package ifvtex Info: VTeX not detected.
)
(/usr/local/texlive/2010/texmf-dist/tex/generic/ifxetex/ifxetex.sty
Package: ifxetex 2009/01/23 v0.5 Provides ifxetex conditional
)
(/usr/local/texlive/2010/texmf-dist/tex/latex/oberdiek/hycolor.sty
Package: hycolor 2009/12/12 v1.6 Color options of hyperref/bookmark (HO)

(/usr/local/texlive/2010/texmf-dist/tex/latex/oberdiek/xcolor-patch.sty
Package: xcolor-patch 2009/12/12 xcolor patch
))
(/usr/local/texlive/2010/texmf-dist/tex/latex/oberdiek/letltxmacro.sty
Package: letltxmacro 2008/06/24 v1.3 Let assignment for LaTeX macros (HO)
)
\@linkdim=\dimen132
\Hy@linkcounter=\count116
\Hy@pagecounter=\count117

(/usr/local/texlive/2010/texmf-dist/tex/latex/hyperref/pd1enc.def
File: pd1enc.def 2010/06/18 v6.81g Hyperref: PDFDocEncoding definition (HO)
)
(/usr/local/texlive/2010/texmf-dist/tex/generic/oberdiek/intcalc.sty
Package: intcalc 2007/09/27 v1.1 Expandable integer calculations (HO)
)
(/usr/local/texlive/2010/texmf-dist/tex/latex/latexconfig/hyperref.cfg
File: hyperref.cfg 2002/06/06 v1.2 hyperref configuration of TeXLive
)
(/usr/local/texlive/2010/texmf-dist/tex/latex/oberdiek/kvoptions.sty
Package: kvoptions 2010/02/22 v3.7 Keyval support for LaTeX options (HO)
)
Package hyperref Info: Option `bookmarks' set `true' on input line 3577.


Package hyperref Warning: Option `a4paper' is no longer used.

Package hyperref Info: Option `pdffitwindow' set `true' on input line 3577.
Package hyperref Info: Option `pdfcenterwindow' set `true' on input line 3577.
Package hyperref Info: Hyper figures OFF on input line 3658.
Package hyperref Info: Link nesting OFF on input line 3663.
Package hyperref Info: Hyper index ON on input line 3666.
Package hyperref Info: Plain pages OFF on input line 3673.
Package hyperref Info: Backreferencing OFF on input line 3678.
Implicit mode ON; LaTeX internals redefined
Package hyperref Info: Bookmarks ON on input line 3874.
(/usr/local/texlive/2010/texmf-dist/tex/latex/url/url.sty
\Urlmuskip=\muskip10
Package: url 2006/04/12  ver 3.3  Verb mode for urls, etc.
)
LaTeX Info: Redefining \url on input line 4159.

(/usr/local/texlive/2010/texmf-dist/tex/generic/oberdiek/bitset.sty
Package: bitset 2007/09/28 v1.0 Data type bit set (HO)

(/usr/local/texlive/2010/texmf-dist/tex/generic/oberdiek/bigintcalc.sty
Package: bigintcalc 2007/11/11 v1.1 Expandable big integer calculations (HO)
))
\Fld@menulength=\count118
\Field@Width=\dimen133
\Fld@charsize=\dimen134
\Field@toks=\toks26
Package hyperref Info: Hyper figures OFF on input line 5137.
Package hyperref Info: Link nesting OFF on input line 5142.
Package hyperref Info: Hyper index ON on input line 5145.
Package hyperref Info: backreferencing OFF on input line 5152.
Package hyperref Info: Link coloring OFF on input line 5157.
Package hyperref Info: Link coloring with OCG OFF on input line 5162.
Package hyperref Info: PDF/A mode OFF on input line 5167.
LaTeX Info: Redefining \ref on input line 5207.
LaTeX Info: Redefining \pageref on input line 5211.

(/usr/local/texlive/2010/texmf-dist/tex/generic/oberdiek/atbegshi.sty
Package: atbegshi 2010/03/25 v1.12 At begin shipout hook (HO)
)
\Hy@abspage=\count119
\c@Item=\count120
\c@Hfootnote=\count121
)
* hyperref using driver hdvips *
(/usr/local/texlive/2010/texmf-dist/tex/latex/hyperref/hdvips.def
File: hdvips.def 2010/06/18 v6.81g Hyperref driver for dvips

(/usr/local/texlive/2010/texmf-dist/tex/latex/hyperref/pdfmark.def
File: pdfmark.def 2010/06/18 v6.81g Hyperref definitions for pdfmark specials
\pdf@docset=\toks27
\pdf@box=\box33
\pdf@toks=\toks28
\pdf@defaulttoks=\toks29
\Fld@listcount=\count122
\c@bookmark@seq@number=\count123

(/usr/local/texlive/2010/texmf-dist/tex/latex/oberdiek/rerunfilecheck.sty
Package: rerunfilecheck 2010/03/16 v1.6 Rerun checks for auxiliary files (HO)

(/usr/local/texlive/2010/texmf-dist/tex/latex/oberdiek/atveryend.sty
Package: atveryend 2010/03/24 v1.5 Hooks at very end of document (HO)
)
(/usr/local/texlive/2010/texmf-dist/tex/generic/oberdiek/uniquecounter.sty
Package: uniquecounter 2009/12/18 v1.1 Provides unlimited unique counter (HO)
)
Package uniquecounter Info: New unique counter `rerunfilecheck' on input line 2
71.
)
\Hy@SectionHShift=\skip44
))
(/usr/local/texlive/2010/texmf-dist/tex/latex/base/ifthen.sty
Package: ifthen 2001/05/26 v1.1c Standard LaTeX ifthen package (DPC)
)
\slideWidth=\skip45
\c@trueSlideCounter=\count124
 (./PPRbluish.sty
Package: PPRbluish 2003/04/04
bluish style for Prosper ---
(/usr/local/texlive/2010/texmf-dist/tex/latex/pst-grad/pst-grad.sty
Package: pst-grad 2004/07/15 package wrapper for pst-grad.tex (hv)

(/usr/local/texlive/2010/texmf-dist/tex/generic/pst-grad/pst-grad.tex
`pst-grad' v1.06, 2006/11/27 (tvz,dg,hv))
File: pst-grad.tex 2006/11/27 1.06 `pst-grad' (tvz)
)
(/usr/local/texlive/2010/texmf-dist/tex/latex/amsfonts/amssymb.sty
Package: amssymb 2009/06/22 v3.00

(/usr/local/texlive/2010/texmf-dist/tex/latex/amsfonts/amsfonts.sty
Package: amsfonts 2009/06/22 v3.00 Basic AMSFonts support
\@emptytoks=\toks30
\symAMSa=\mathgroup4
\symAMSb=\mathgroup5
LaTeX Font Info:    Overwriting math alphabet `\mathfrak' in version `bold'
(Font)                  U/euf/m/n --> U/euf/b/n on input line 96.
))
(/usr/local/texlive/2010/texmf-dist/tex/latex/psnfss/times.sty
Package: times 2005/04/12 PSNFSS-v9.2a (SPQR) 
))
\c@item@step=\count125
\c@overlay@page=\count126
\theoverlays=\box34
\c@overlaysCount=\count127
\c@limitOverlays=\count128
)
(/usr/local/texlive/2010/texmf-dist/tex/latex/amsmath/amsmath.sty
Package: amsmath 2000/07/18 v2.13 AMS math features
\@mathmargin=\skip46

For additional information on amsmath, use the `?' option.
(/usr/local/texlive/2010/texmf-dist/tex/latex/amsmath/amstext.sty
Package: amstext 2000/06/29 v2.01

(/usr/local/texlive/2010/texmf-dist/tex/latex/amsmath/amsgen.sty
File: amsgen.sty 1999/11/30 v2.0
\@emptytoks=\toks31
\ex@=\dimen135
))
(/usr/local/texlive/2010/texmf-dist/tex/latex/amsmath/amsbsy.sty
Package: amsbsy 1999/11/29 v1.2d
\pmbraise@=\dimen136
)
(/usr/local/texlive/2010/texmf-dist/tex/latex/amsmath/amsopn.sty
Package: amsopn 1999/12/14 v2.01 operator names
)
\inf@bad=\count129
LaTeX Info: Redefining \frac on input line 211.
\uproot@=\count130
\leftroot@=\count131
LaTeX Info: Redefining \overline on input line 307.
\classnum@=\count132
\DOTSCASE@=\count133
LaTeX Info: Redefining \ldots on input line 379.
LaTeX Info: Redefining \dots on input line 382.
LaTeX Info: Redefining \cdots on input line 467.
\Mathstrutbox@=\box35
\strutbox@=\box36
\big@size=\dimen137
LaTeX Font Info:    Redeclaring font encoding OML on input line 567.
LaTeX Font Info:    Redeclaring font encoding OMS on input line 568.
\macc@depth=\count134
\c@MaxMatrixCols=\count135
\dotsspace@=\muskip11
\c@parentequation=\count136
\dspbrk@lvl=\count137
\tag@help=\toks32
\row@=\count138
\column@=\count139
\maxfields@=\count140
\andhelp@=\toks33
\eqnshift@=\dimen138
\alignsep@=\dimen139
\tagshift@=\dimen140
\tagwidth@=\dimen141
\totwidth@=\dimen142
\lineht@=\dimen143
\@envbody=\toks34
\multlinegap=\skip47
\multlinetaggap=\skip48
\mathdisplay@stack=\toks35
LaTeX Info: Redefining \[ on input line 2666.
LaTeX Info: Redefining \] on input line 2667.
)
LaTeX Font Info:    Redeclaring symbol font `AMSb' on input line 18.
LaTeX Font Info:    Overwriting symbol font `AMSb' in version `normal'
(Font)                  U/msb/m/n --> U/msb/m/n on input line 18.
LaTeX Font Info:    Overwriting symbol font `AMSb' in version `bold'
(Font)                  U/msb/m/n --> U/msb/m/n on input line 18.
LaTeX Font Info:    Redeclaring symbol font `AMSb' on input line 55.
LaTeX Font Info:    Overwriting symbol font `AMSb' in version `normal'
(Font)                  U/msb/m/n --> U/msb/m/n on input line 55.
LaTeX Font Info:    Overwriting symbol font `AMSb' in version `bold'
(Font)                  U/msb/m/n --> U/msb/m/n on input line 55.
LaTeX Font Info:    Redeclaring math symbol \expect on input line 56.

(./comparative.aux)
\openout1 = `comparative.aux'.

LaTeX Font Info:    Checking defaults for OML/cmm/m/it on input line 63.
LaTeX Font Info:    ... okay on input line 63.
LaTeX Font Info:    Checking defaults for T1/cmr/m/n on input line 63.
LaTeX Font Info:    ... okay on input line 63.
LaTeX Font Info:    Checking defaults for OT1/cmr/m/n on input line 63.
LaTeX Font Info:    ... okay on input line 63.
LaTeX Font Info:    Checking defaults for OMS/cmsy/m/n on input line 63.
LaTeX Font Info:    ... okay on input line 63.
LaTeX Font Info:    Checking defaults for OMX/cmex/m/n on input line 63.
LaTeX Font Info:    ... okay on input line 63.
LaTeX Font Info:    Checking defaults for U/cmr/m/n on input line 63.
LaTeX Font Info:    ... okay on input line 63.
LaTeX Font Info:    Checking defaults for PD1/pdf/m/n on input line 63.
LaTeX Font Info:    ... okay on input line 63.
LaTeX Font Info:    Try loading font information for OT1+ptm on input line 63.

(/usr/local/texlive/2010/texmf-dist/tex/latex/psnfss/ot1ptm.fd
File: ot1ptm.fd 2001/06/04 font definitions for OT1/ptm.
)
\AtBeginShipoutBox=\box37
Package hyperref Info: Link coloring OFF on input line 63.

(/usr/local/texlive/2010/texmf-dist/tex/latex/hyperref/nameref.sty
Package: nameref 2010/04/30 v2.40 Cross-referencing by name of section

(/usr/local/texlive/2010/texmf-dist/tex/latex/oberdiek/refcount.sty
Package: refcount 2008/08/11 v3.1 Data extraction from references (HO)
)
(/usr/local/texlive/2010/texmf-dist/tex/generic/oberdiek/gettitlestring.sty
Package: gettitlestring 2009/12/18 v1.3 Cleanup title references (HO)
)
\c@section@level=\count141
)
LaTeX Info: Redefining \ref on input line 63.
LaTeX Info: Redefining \pageref on input line 63.
LaTeX Info: Redefining \nameref on input line 63.

(./comparative.out) (./comparative.out)
\@outlinefile=\write3
\openout3 = `comparative.out'.

LaTeX Font Info:    Try loading font information for T1+phv on input line 97.

(/usr/local/texlive/2010/texmf-dist/tex/latex/psnfss/t1phv.fd
File: t1phv.fd 2001/06/04 scalable font definitions for T1/phv.
)
LaTeX Font Info:    Try loading font information for U+msa on input line 97.

(/usr/local/texlive/2010/texmf-dist/tex/latex/amsfonts/umsa.fd
File: umsa.fd 2009/06/22 v3.00 AMS symbols A
)
LaTeX Font Info:    Try loading font information for U+msb on input line 97.

(/usr/local/texlive/2010/texmf-dist/tex/latex/amsfonts/umsb.fd
File: umsb.fd 2009/06/22 v3.00 AMS symbols B
) [1


]
File: fig25-2.ydraw Graphic file (type eps)

<fig25-2.ydraw> [2

]
File: fig25-3a.ydraw Graphic file (type eps)
 <fig25-3a.ydraw> [3

]
File: fig25-3b.ydraw Graphic file (type eps)
 <fig25-3b.ydraw> [4

]
File: fig25-4.ydraw Graphic file (type eps)
 <fig25-4.ydraw>
[5

] [6

]
File: fig25-5.ydraw Graphic file (type eps)
 <fig25-5.ydraw> [7

]
LaTeX Font Info:    Font shape `OT1/ptm/bx/n' in size <10> not available
(Font)              Font shape `OT1/ptm/b/n' tried instead on input line 162.
 [8

] [9

]
File: tips.ps Graphic file (type eps)
 <tips.ps>
File: contrasts.ps Graphic file (type eps)
 <contrasts.ps>
Overfull \hbox (14.99522pt too wide) in paragraph at lines 198--204
[][]  
 []

[10

]
File: propagatebs1a.ydraw Graphic file (type eps)
 <propagatebs1a.ydraw> [11

]
File: propagatebs1b.ydraw Graphic file (type eps)
 <propagatebs1b.ydraw> [12

]
File: propagatebs1c.ydraw Graphic file (type eps)

<propagatebs1c.ydraw> [13

]
File: propagatebs1d.ydraw Graphic file (type eps)
 <propagatebs1d.ydraw> [14

]
File: propagatebs2.ydraw Graphic file (type eps)
 <propagatebs2.ydraw>
[15

]
File: propagatebs3.ydraw Graphic file (type eps)
 <propagatebs3.ydraw> [16

]
File: propagatebs100.ydraw Graphic file (type eps)
 <propagatebs100.ydraw> [17

]
File: propagatebayes1a.ydraw Graphic file (type eps)

<propagatebayes1a.ydraw> [18

]
File: propagatebayes1b.ydraw Graphic file (type eps)
 <propagatebayes1b.ydraw> [19

]
File: propagatebayes1c.ydraw Graphic file (type eps)

<propagatebayes1c.ydraw> [20

]
File: propagatebayes1d.ydraw Graphic file (type eps)
 <propagatebayes1d.ydraw> [21

]
File: propagatebayes2.ydraw Graphic file (type eps)

<propagatebayes2.ydraw> [22

]
File: propagatebayes3.ydraw Graphic file (type eps)
 <propagatebayes3.ydraw> [23

]
File: propagatebayes4.ydraw Graphic file (type eps)

<propagatebayes4.ydraw> [24

] [25

] [25

] [25

] [25

] [25

] [25

] [26

] [26

] [26

]
[26

] [26

] [26

] [27

] [28

]
Package atveryend Info: Empty hook `BeforeClearDocument' on input line 391.
Package atveryend Info: Empty hook `AfterLastShipout' on input line 391.
 (./comparative.aux)
Package atveryend Info: Executing hook `AtVeryEndDocument' on input line 391.
Package rerunfilecheck Info: File `comparative.out' has not changed.
(rerunfilecheck)             Checksum: D41D8CD98F00B204E9800998ECF8427E;0.
 ) 
Here is how much of TeX's memory you used:
 7981 strings out of 493748
 113981 string characters out of 3143569
 217121 words of memory out of 3000000
 11078 multiletter control sequences out of 15000+200000
 23546 words of font info for 50 fonts, out of 3000000 for 9000
 714 hyphenation exceptions out of 8191
 60i,10n,56p,357b,733s stack positions out of 5000i,500n,10000p,200000b,50000s

Output written on comparative.dvi (38 pages, 97184 bytes).
