This is pdfeTeX, Version 3.141592-1.21a-2.2 (Web2C 7.5.4) (format=latex 2013.5.3)  11 JAN 2016 11:28
entering extended mode
**week1.tex
(./week1.tex
LaTeX2e <2003/12/01>
Babel <v3.8d> and hyphenation patterns for american, french, german, ngerman, b
ahasa, basque, bulgarian, catalan, croatian, czech, danish, dutch, esperanto, e
stonian, finnish, greek, icelandic, irish, italian, latin, magyar, norsk, polis
h, portuges, romanian, russian, serbian, slovak, slovene, spanish, swedish, tur
kish, ukrainian, nohyphenation, loaded.
(./prosper.cls
Document Class: prosper 2001/01/23, v. 1.1
(c) 2000 Frederic Goualard, CWI, The Netherlands
CVSId: $Id: prosper.cls,v 1.5 2001/01/31 10:20:44 exupery Exp $
 
(/usr/share/texmf/tex/latex/seminar/seminar.cls
Document Class: seminar 1997/10/13, 1.4
Document Style: `seminar' v1.4 <1997/10/13> (tvz)
\slidewidth=\dimen102
\slideheight=\dimen103
\footheight=\dimen104
(/usr/share/texmf/tex/latex/base/article.cls
Document Class: article 2004/02/16 v1.4f Standard LaTeX document class
(/usr/share/texmf/tex/latex/base/leqno.clo
File: leqno.clo 1998/08/17 v1.1c Standard LaTeX option (left equation numbers)
)
(/usr/share/texmf/tex/latex/base/size10.clo
File: size10.clo 2004/02/16 v1.4f Standard LaTeX file (size option)
)
\c@part=\count79
\c@section=\count80
\c@subsection=\count81
\c@subsubsection=\count82
\c@paragraph=\count83
\c@subparagraph=\count84
\c@figure=\count85
\c@table=\count86
\abovecaptionskip=\skip41
\belowcaptionskip=\skip42
\bibindent=\dimen105
)
(/usr/share/texmf/tex/latex/seminar/sem-page.sty)
\before@document=\toks14
\after@document=\toks15
\before@enddocument=\toks16
\c@slide=\count87
\slide@count=\count88
\@slidebox=\box26
\not@slidebox=\box27
\slide@hook=\toks17
\after@slide=\toks18
\slide@footins=\insert233
\slide@listdepth=\count89
\saved@specials=\box28
\before@newslide=\toks19
\after@slidepage=\toks20
\slidesep=\skip43
\c@note=\count90
\slideframewidth=\dimen106
\slideframesep=\dimen107
\semin=\dimen108
\semcm=\dimen109
)
(/usr/share/texmf/tex/latex/seminar/seminar.con)
(/usr/share/texmf/tex/latex/seminar/semcolor.sty
Style Option: `semcolor' for doc style `seminar' 1.01 <2004/05/18> (tvz)
File: semcolor.sty 2004/05/18 v1.01 (tvz)
(/usr/share/texmf/tex/latex/pstricks/pstricks.sty
Package: pstricks 2004/05/12 v0.2l LaTeX wrapper for `PSTricks' (RN,HV)

(/usr/share/texmf/tex/generic/pstricks/pstricks.tex
`PSTricks' v1.04  <2004/06/22> (tvz)
\pst@dima=\dimen110
\pst@dimb=\dimen111
\pst@dimc=\dimen112
\pst@dimd=\dimen113
\pst@dimg=\dimen114
\pst@dimh=\dimen115
\pst@hbox=\box29
\pst@boxg=\box30
\pst@cnta=\count91
\pst@cntb=\count92
\pst@cntc=\count93
\pst@cntd=\count94
\pst@cntg=\count95
\pst@cnth=\count96
\pst@toks=\toks21
(/usr/share/texmf/tex/generic/pstricks/pstricks.con)
\psunit=\dimen116
\psxunit=\dimen117
\psyunit=\dimen118
\pslinewidth=\dimen119
\pst@customdefs=\toks22
\pslinearc=\dimen120
\everypsbox=\toks23
\psframesep=\dimen121
\pslabelsep=\dimen122
\theoverlaybox=\box31
)
File: pstricks.tex 2004/06/22 v1.04 `PSTricks' (tvz)

(/usr/share/texmf/tex/latex/xcolor/xcolor.sty
Package: xcolor 2004/07/04 v2.00 LaTeX color extensions (UK)

(/usr/share/texmf/tex/latex/graphics/color.cfg
File: color.cfg 2005/02/03 v1.3 color configuration of teTeX/TeXLive
)
Package xcolor Info: Package option `override' ignored on input line 128.
Package xcolor Info: Driver file: dvips.def on input line 136.

(/usr/share/texmf/tex/latex/graphics/dvips.def
File: dvips.def 1999/02/16 v3.0i Driver-dependant file (DPC,SPQR)
)
Package xcolor Info: Color model `cmy' added on input line 972.
Package xcolor Info: Color model `HTML' added on input line 1000.
Package xcolor Info: Color model `HSB' added on input line 1006.
Package xcolor Info: Color model `Gray' added on input line 1012.
)))
(/usr/share/texmf/tex/latex/seminar/semlayer.sty
\@@slidebox=\box32
\c@overlay=\count97
)
(/usr/share/texmf/tex/latex/graphics/graphicx.sty
Package: graphicx 1999/02/16 v1.0f Enhanced LaTeX Graphics (DPC,SPQR)

(/usr/share/texmf/tex/latex/graphics/keyval.sty
Package: keyval 1999/03/16 v1.13 key=value parser (DPC)
\KV@toks@=\toks24
)
(/usr/share/texmf/tex/latex/graphics/graphics.sty
Package: graphics 2001/07/07 v1.0n Standard LaTeX Graphics (DPC,SPQR)

(/usr/share/texmf/tex/latex/graphics/trig.sty
Package: trig 1999/03/16 v1.09 sin cos tan (DPC)
)
(/usr/share/texmf/tex/latex/graphics/graphics.cfg
File: graphics.cfg 2005/02/03 v1.3 graphics configuration of teTeX/TeXLive
)
Package graphics Info: Driver file: dvips.def on input line 80.
)
\Gin@req@height=\dimen123
\Gin@req@width=\dimen124
)
(/usr/share/texmf/tex/latex/hyperref/hyperref.sty
Package: hyperref 2003/11/30 v6.74m Hypertext links for LaTeX
\@linkdim=\dimen125
\Hy@linkcounter=\count98
\Hy@pagecounter=\count99

(/usr/share/texmf/tex/latex/hyperref/pd1enc.def
File: pd1enc.def 2003/11/30 v6.74m Hyperref: PDFDocEncoding definition (HO)
)
(/usr/share/texmf/tex/latex/hyperref/hyperref.cfg
File: hyperref.cfg 2002/06/06 v1.2 hyperref configuration of TeXLive and teTeX
)
Package hyperref Info: Option `bookmarks' set `true' on input line 1830.
Package hyperref Info: Option `pdffitwindow' set `true' on input line 1830.
Package hyperref Info: Option `pdfcenterwindow' set `true' on input line 1830.
Package hyperref Info: Hyper figures OFF on input line 1880.
Package hyperref Info: Link nesting OFF on input line 1885.
Package hyperref Info: Hyper index ON on input line 1888.
Package hyperref Info: Plain pages ON on input line 1893.
Package hyperref Info: Backreferencing OFF on input line 1900.

Implicit mode ON; LaTeX internals redefined
Package hyperref Info: Bookmarks ON on input line 2004.
(/usr/share/texmf/tex/latex/url/url.sty
\Urlmuskip=\muskip10
Package: url 2004/03/15  ver 3.1  Verb mode for urls, etc.
)
LaTeX Info: Redefining \url on input line 2143.
\Fld@menulength=\count100
\Field@Width=\dimen126
\Fld@charsize=\dimen127
\Choice@toks=\toks25
\Field@toks=\toks26
Package hyperref Info: Hyper figures OFF on input line 2618.
Package hyperref Info: Link nesting OFF on input line 2623.
Package hyperref Info: Hyper index ON on input line 2626.
Package hyperref Info: backreferencing OFF on input line 2633.
Package hyperref Info: Link coloring OFF on input line 2638.
\c@Item=\count101
\c@Hfootnote=\count102
)
*hyperref using driver hdvips*
(/usr/share/texmf/tex/latex/hyperref/hdvips.def
File: hdvips.def 2003/11/30 v6.74m Hyperref driver for dvips

(/usr/share/texmf/tex/latex/hyperref/pdfmark.def
File: pdfmark.def 2003/11/30 v6.74m Hyperref definitions for pdfmark specials
\pdf@docset=\toks27
\pdf@box=\box33
\pdf@toks=\toks28
\pdf@defaulttoks=\toks29
\Fld@listcount=\count103
\@outlinefile=\write3
))
(/usr/share/texmf/tex/latex/base/ifthen.sty
Package: ifthen 2001/05/26 v1.1c Standard LaTeX ifthen package (DPC)
)
\slideWidth=\skip44
\c@trueSlideCounter=\count104
 (./PPRbluish.sty
Package: PPRbluish 2003/04/04

bluish style for Prosper ---
(/usr/share/texmf/tex/latex/pstricks/pst-grad.sty
Package: pst-grad 2004/07/15 package wrapper for pst-grad.tex

(/usr/share/texmf/tex/generic/pstricks/pst-grad.tex  v1.04, 2004/06/24)
File: pst-grad.tex 2004/06/24 1.04 `pst-grad' (tvz)
)
(/usr/share/texmf/tex/latex/amsfonts/amssymb.sty
Package: amssymb 2002/01/22 v2.2d

(/usr/share/texmf/tex/latex/amsfonts/amsfonts.sty
Package: amsfonts 2001/10/25 v2.2f
\@emptytoks=\toks30
\symAMSa=\mathgroup4
\symAMSb=\mathgroup5
LaTeX Font Info:    Overwriting math alphabet `\mathfrak' in version `bold'
(Font)                  U/euf/m/n --> U/euf/b/n on input line 132.
))
(/usr/share/texmf/tex/latex/psnfss/times.sty
Package: times 2004/09/15 PSNFSS-v9.2 (SPQR) 
))
\c@item@step=\count105
\c@overlay@page=\count106
\theoverlays=\box34
\c@overlaysCount=\count107
\c@limitOverlays=\count108
) (./week1.aux)
\openout1 = `week1.aux'.

LaTeX Font Info:    Checking defaults for OML/cmm/m/it on input line 24.
LaTeX Font Info:    ... okay on input line 24.
LaTeX Font Info:    Checking defaults for T1/cmr/m/n on input line 24.
LaTeX Font Info:    ... okay on input line 24.
LaTeX Font Info:    Checking defaults for OT1/cmr/m/n on input line 24.
LaTeX Font Info:    ... okay on input line 24.
LaTeX Font Info:    Checking defaults for OMS/cmsy/m/n on input line 24.
LaTeX Font Info:    ... okay on input line 24.
LaTeX Font Info:    Checking defaults for OMX/cmex/m/n on input line 24.
LaTeX Font Info:    ... okay on input line 24.
LaTeX Font Info:    Checking defaults for U/cmr/m/n on input line 24.
LaTeX Font Info:    ... okay on input line 24.
LaTeX Font Info:    Checking defaults for PD1/pdf/m/n on input line 24.
LaTeX Font Info:    ... okay on input line 24.
LaTeX Font Info:    Try loading font information for OT1+ptm on input line 24.

(/usr/share/texmf/tex/latex/psnfss/ot1ptm.fd
File: ot1ptm.fd 2001/06/04 font definitions for OT1/ptm.
)
Package hyperref Info: Link coloring OFF on input line 24.

(/usr/share/texmf/tex/latex/hyperref/nameref.sty
Package: nameref 2003/12/03 v2.21 Cross-referencing by name of section
\c@section@level=\count109
)
LaTeX Info: Redefining \ref on input line 24.
LaTeX Info: Redefining \pageref on input line 24.
 (./week1.out) (./week1.out)
\openout3 = `week1.out'.

LaTeX Font Info:    Try loading font information for T1+phv on input line 26.

(/usr/share/texmf/tex/latex/psnfss/t1phv.fd
File: t1phv.fd 2001/06/04 scalable font definitions for T1/phv.
)
LaTeX Font Info:    Try loading font information for U+msa on input line 26.

(/usr/share/texmf/tex/latex/amsfonts/umsa.fd
File: umsa.fd 2002/01/19 v2.2g AMS font definitions
)
LaTeX Font Info:    Try loading font information for U+msb on input line 26.

(/usr/share/texmf/tex/latex/amsfonts/umsb.fd
File: umsb.fd 2002/01/19 v2.2g AMS font definitions
) [1


] [2

]
File: fig1-1.idraw Graphic file (type eps)
 <fig1-1.idraw> [3

]
File: data1.ydraw Graphic file (type eps)

<data1.ydraw>
File: fig1-2.idraw Graphic file (type eps)
 <fig1-2.idraw> [4

]
File: data2.ydraw Graphic file (type eps)
 <data2.ydraw>
File: fig1-3.idraw Graphic file (type eps)
 <fig1-3.idraw> [5

]
File: data3.ydraw Graphic file (type eps)

<data3.ydraw>
File: fig1-4.idraw Graphic file (type eps)
 <fig1-4.idraw> [6

]
File: data4.ydraw Graphic file (type eps)
 <data4.ydraw>
File: fig1-5.idraw Graphic file (type eps)
 <fig1-5.idraw> [7

]
File: data6.ydraw Graphic file (type eps)

<data6.ydraw>
File: fig1-6.idraw Graphic file (type eps)
 <fig1-6.idraw> [8

]
File: fig1-7.idraw Graphic file (type eps)
 <fig1-7.idraw> [9

]
File: fig1-7a.idraw Graphic file (type eps)
 <fig1-7a.idraw> [10

]
File: fig1-8a.idraw Graphic file (type eps)

<fig1-8a.idraw> [11

]
File: fig1-8b.idraw Graphic file (type eps)
 <fig1-8b.idraw> [12

]
File: fig1-9.idraw Graphic file (type eps)
 <fig1-9.idraw> [13

]
File: fig1-10.idraw Graphic file (type eps)
 <fig1-10.idraw>
[14

]
File: fig1-10a.idraw Graphic file (type eps)
 <fig1-10a.idraw> [15

]
File: reroot00.idraw Graphic file (type eps)
 <reroot00.idraw> [16

]
File: reroot0.idraw Graphic file (type eps)
 <reroot0.idraw> [17

]
File: reroot1.ydraw Graphic file (type eps)

<reroot1.ydraw> [18

]
File: reroot2.ydraw Graphic file (type eps)
 <reroot2.ydraw> [19

]
File: fig1-11.idraw Graphic file (type eps)
 <fig1-11.idraw> [20

]
File: Fitch3a.ps Graphic file (type eps)
 <Fitch3a.ps>
[21

] [22

]
File: fig2-1a.ydraw Graphic file (type eps)
 <fig2-1a.ydraw> [23

]
File: fig2-1b.ydraw Graphic file (type eps)
 <fig2-1b.ydraw> [24

]
File: fig2-1c.ydraw Graphic file (type eps)
 <fig2-1c.ydraw> [25

]
File: fig2-1d.ydraw Graphic file (type eps)

<fig2-1d.ydraw> [26

]
File: fig2-1e.ydraw Graphic file (type eps)
 <fig2-1e.ydraw> [27

]
File: graphpath1.idraw Graphic file (type eps)
 <graphpath1.idraw> [28

]
File: graphpath3.idraw Graphic file (type eps)

<graphpath3.idraw> [29

]
File: graphpath5.idraw Graphic file (type eps)
 <graphpath5.idraw> [30

]
File: graphpath6.idraw Graphic file (type eps)
 <graphpath6.idraw> [31

]
File: graphpath7.idraw Graphic file (type eps)

<graphpath7.idraw> [32

]
File: graphpath8.idraw Graphic file (type eps)
 <graphpath8.idraw> [33

]
File: graphpath97.idraw Graphic file (type eps)
 <graphpath97.idraw> [34

]
File: graphpath98.idraw Graphic file (type eps)

<graphpath98.idraw> [35

]
File: graphpath99.idraw Graphic file (type eps)
 <graphpath99.idraw> [36

]
File: prunepaths.idraw Graphic file (type eps)
 <prunepaths.idraw> [37

]
File: sankoff4.ps Graphic file (type eps)

<sankoff4.ps> [38

]
File: sankoffalr.idraw Graphic file (type eps)
 <sankoffalr.idraw>
File: compflow.idraw Graphic file (type eps)
 <compflow.idraw>
Overfull \hbox (10.84543pt too wide) in paragraph at lines 344--349
 [] 
 []

[39

]
File: fig2-2.idraw Graphic file (type eps)
 <fig2-2.idraw> [40

]
File: fig2-3.idraw Graphic file (type eps)
 <fig2-3.idraw> [41

]
File: fig3-1.idraw Graphic file (type eps)
 <fig3-1.idraw> [42

]
File: fig3-2.idraw Graphic file (type eps)

<fig3-2.idraw> [43

]
File: fig3-3.idraw Graphic file (type eps)
 <fig3-3.idraw> [44

] [45

] [46

]
File: fig3-4.idraw Graphic file (type eps)
 <fig3-4.idraw> [47

]
File: fig3-5.idraw Graphic file (type eps)

<fig3-5.idraw> [48

] [49

]
File: fig3-6.idraw Graphic file (type eps)
 <fig3-6.idraw> [50

] [51

]
Overfull \hbox (4.43552pt too wide) detected at line 566
[]
 []

[52

] [53

]
File: fig3-7.idraw Graphic file (type eps)
 <fig3-7.idraw> [54

]
File: fig3-8.idraw Graphic file (type eps)
 <fig3-8.idraw> [55

]
File: fig3-9.idraw Graphic file (type eps)
 <fig3-9.idraw> [56

]
File: fig3-10.idraw Graphic file (type eps)

<fig3-10.idraw> [57

] [58

] [59

] (./week1.aux) ) 
Here is how much of TeX's memory you used:
 4553 strings out of 94501
 57323 string characters out of 1176790
 129908 words of memory out of 1000000
 7608 multiletter control sequences out of 10000+50000
 32130 words of font info for 74 fonts, out of 500000 for 2000
 580 hyphenation exceptions out of 1000
 43i,11n,44p,258b,718s stack positions out of 1500i,500n,5000p,200000b,5000s

Output written on week1.dvi (59 pages, 96784 bytes).
