
   8 Populations

Fitch-Margoliash method version 3.6b

                  __ __             2
                  \  \   (Obs - Exp)
Sum of squares =  /_ /_  ------------
                                0
                   i  j      Obs

Negative branch lengths not allowed


  +---------------------------cat       
  ! 
  !           +----------weasel    
  !           ! 
  !           !   +--------------dog       
  6-----------5 +-1 
  !           ! ! ! +----------raccoon   
  !           ! ! +-2 
  !           +-3   +---bear      
  !             ! 
  !             !    +------sea lion  
  !             +----4 
  !                  +------seal      
  ! 
  +-----------------------------------------------------------monkey    


remember: (although rooted by outgroup) this is an unrooted tree!

Sum of squares =   197.66667

Between        And            Length
-------        ---            ------
   6          cat              47.08333
   6             5             20.75000
   5          weasel           19.25000
   5             3              1.66667
   3             1              3.41667
   1          dog              25.00000
   1             2              2.00000
   2          raccoon          19.16667
   2          bear              6.83333
   3             4              7.58333
   4          sea lion         11.75000
   4          seal             12.25000
   6          monkey          100.91667


