   40   777
Loxodonta  MIPGCILLMI LLLSQFKEKV ILGVEGQELV YPKKLPLVQK RDVGHAHDPD IQETYEEELL
           YELKLNRKTL ILHLLRTREL LASNYSETYS STKGEEVTRH PQVMDHCFYQ GSIIHELDSA
           LSISTCNGLR GFFRIHDQRY LIEPVKYTDE GEHLVFKYNP KVQYAANYSC AELNFTRKTV
           PSDTKSTENH EMESTHKEKH IELFIVADYS VYHRNSHPHD KLRNRILGMV NFVNMIYKTL
           NIHVTLVGFE VWTNGDQIKV DSDIETTLLS FSSWQEVIIK KGKTFDHAVL LSGKWLYTHA
           QGTSYPRSMC LPHYSSSVIK DLLPDINIVA NRMAHQLGHS LGMQHDEFPC TCNFGRCVMD
           NIGSIPALKF SKCSKNQYLK YLKDYKPTCM SNVAFSNKLS DFPYCGNKKL DEGEECDCGS
           FQECTNPCCD ADKCVLKPGF TCAEGECCES CQLKEAGSMC RPAKDECDFP ELCTGHSPRC
           PRDQFQVNGF PCKNAEGYCF KGKCPTRDDQ CSELFDDESK GSHDICYNMN KKGNKFGYCK
           NTDKNFVPCR ERDVKCGKIY CAGGHHSPHL GEDKTYHLQA PKKNATIECR TFFLYHNSED
           VGLVASGTKC GDGMV----- ---------- ---------- ---------- ----------
           ---------- ---------- ---------- ---------- ---------- ----------
           ---------- ---------- ---------- ---------- ---------- -------
Choloepus  MFPGCTFLMI LLISQFK??? ?????????? ??KRLPLIQK RDTEKTHEPD IL????????
           ?????????? ????????EL LSLNYSETYY SAKGEEITRH PQIKDHCFYQ GSIIHEFDSA
           ASISTCNGLR GFFRVYDQRY LIEPVKYSDE GEHLVFGYNP SIQYAANYSC AELNFTWTAV
           PRDNKSK-DS KMKSTHGEKY VELFLVADDN V????????? ?????????? ??????????
           ?????????? ?????????? ?????????? ?????????? ?????????? ??GKWLYSHA
           QGTSYP-GMC LPFYSSRVVK ?????????? ?????????? ?????????? ??????????
           ????IPALKF SKCNKIQYSQ YLKDYKPTCM FNIPFSEKLT DNPYCGNKKL DEGEECDCGP
           SQECTNYCCD ADKCMLKPGF TCAEGECCES CQ???????? ?????????? EVCTGHSPRC
           PKNQFRVNGF PCKNAEGYCF MGKCPHRDDQ CSELFDDEAK GSHDICYKMN KKGNKFGYCK
           NKDKRFIPCE EKDVKCGKIY CAGGEHSSVF GEDKIAYLTV PKQNATVECK TFYLYHNSDD
           VGLVASGTKC GDGMVCSNGE CVNIKKLYNP TNCSSQCDEN AVDDRDLECQ CEEEQESLDW
           EEALNVTNIA ILVVVFVLIF VGVGIVTLLI RHKKCIKLKQ VQ???????? ??????????
           ?????????? ??????QPTA EPFESLPTGF SSPQYITLKP AGKDSRGITD PNQSAKX
Rattus     MFPTGIFLMS VLISQMQGRG IVGVEGQELV HPKKLSLLQK RDLERIHDSD TPEEYEEELL
           YEIKLGRKTL TLHLLKAREF LALNYSETYY NIKREMVTRH PQILDHCFYQ GSIIHEFDSA
           ASISTCNGLR GFFRVNDQRY LIEPVKYSDE GDHLVFKYNV KAPYATNYSC EGLNFTKKST
           LIDAKNIEEH KVEDYHKEKF IELFVVADEF VYRRNSKPQN KLRKRIWGMV NFVNMIYKAL
           NIRVTLTGME IWSAGDEIEI VSNLESTLLH FSTWQETVLK KRKDFDHVIL LSGKWLYTSM
           QGIAYPGGIC QTLRSCSVVK DLLPDVNIIG NRMAHQLGHS LGMRHDDFPC TCPLGKCVM-
           GAGSIPAIKF SKCSQTQYQQ FLKNQKPACI LNNPLPEEFN DYPFCGNKKV DEGEECDCGP
           VQECTNPCCD AHKCVLKPGF TCVEGECCES CQMKKEGVIC RPAKNECDIS EVCTGYSPEC
           PKDESQANGF PCKNGEGYCF MGLCPTRDDQ CAELFSGGAE ESHSLCYRMN QKGNRFGYCK
           NKDNTFVPCE EKDLKCGKIY CTGGRRSAHL GEDKTYNLKN VKQNISIKCK TMFLYHNSRD
           MGLVNSGTKC GEGMVCSNGE CIEMEKAYNS TICSSLCDEN DVDDNEPDCQ CEEGPIITEW
           GEALNLTSVS IMVVVLVMVI IGVGLVILLI RYQKCIKMKQ VQSSSREIRG IENKVYFPDE
           HQTRSEPIFT DIYPLH-NTA ESLERVPSTF SSPHYITLKS VSKDPRGIAD PKQNDNM
Dipodomys  MCPHHVLLMI LLTSLIKEKV ILGVEGQELV YPKRLPLVQK RDLGHIHDFN AQEIY--EIL
           YEIK?????? ????????DL LASNYSEAYY NVKGEVLTRH PQIMDHCFYQ GSIVHEYDSA
           ASISTCNGLR GFFRVNDQRY LIEPLKYSDG RQHLVFKYAT RMPYTANHSC EELNFTKEIV
           PQEENDKEDQ KAESARKESY VELFVVADDY VFRRNSKPHS KIRKRIWGMV NFVNMVYKTL
           NIHVTLVGIE VWTNGDQIEV DPNIETTLSH FSTWQETVLK KRKHYDHVLL LSGKWLQAHA
           QGISYPAGMC LPHYSCSVVK ?????????? ?????????? ?????????? ??????????
           ????IPALKF SKCSQAQYQQ YLKNAKPTCM LNIPFPDSFN DLPSCGDKKV DEGEECDCGS
           VQECTNPCCD AHRCLLKPGF DCAQGECCES CHIKKEGSPC RPAKDECDLP EVCSGHSPEC
           PPDQFQPSGT PCKNAEGYCS LGKCPTRDQQ CHALFSGGAK ESHDACYKMN KKGNKFGYCK
           NKENGFAPCE EKDVKCGKLF CTGRQLSPLR GEDKTYYLKL PQPNATCQCR TVFFYHNAED
           VGLVDSGTKC GDGMVCSNGE CVSLQKAYNS TSCSSQCDEN SMDGREPQCQ CAEEQTLTDW
           GESFNLSSIS IVVIVIAGLI AGVATVTLLI RYQKCIKLKQ VQ???????? ??????????
           ?????????? ??????QRAS ESLESLPSGF PSPHYITLKS ASQDPRGVTD PNQSAKX
Mus        MLTTGIFWMT VLISHIQERG IVGVEGQELV HPKKLPLLHK RDLERIHDSD IPEEYEEELL
           YEIKLGKKTL ILHLLKAREF LSSNYSETYY NVKREVFTKH PQILDHCFYQ GSIIHEFDSA
           ASISTCNGLR GFFRVNDQRY LIEPVKYSDD GEHLVYKYNV KAPYATNHSC VGLNFTKKSA
           LIDVENIEEH NAEDHHKEKF IELFVVADEY VYRRNNKPQN KLRKRIWGMV NFVNMIYKTL
           NIHVTLAGFE IWSAGDKIEI VSNLESTLLH FSTWQETVLK KRKDFDHVIL LSGKWLYTSM
           QGIAYPGGIC QILRSCSVVK DLLPDVNIIG NRMAHQLGHS LGMQHDGFPC TCPLGKCVM-
           GDGSIPAIKF SKCSQTQYQQ FLQDQKPACI LNNPFPEEFN DYPFCGNKKV DEGEECDCGP
           VQECTNPCCD AHKCVLKPGF TCVEGECCES CQMKKEGAVC RLAKNECDIS EVCTGYSPEC
           PKDEFQANGF PCRNGEGYCF MGLCPTRNEQ CSELFIGGAE ESHSLCYRMN KKGNRFGYCK
           NKGNTFVPCE EKDLKCGKIY CSGGRPSSRL GEDKAYNLKN VKQNVTIKCR TMFLHHNSRD
           MGLVNSGTKC GDGMVCSNGE CIEMEKAYNS TICSSPCDEN DVDDNEPECQ CEEGSIITEW
           GEALNLTSVS IMVIVLVMVI IGVGLVILLI RYQKCIKMKQ VQSSPREIRG VENKGYFPEE
           HQTRSEPILT DIHPLH-TTA ESLERVPSSF SSPHYITLKS VSKDSRGIAD PKQTDNV
Bos        ---------- ---------- ---------- ---------- ---------- ----------
           ---------- ---------- ---------V ERSG------ ---VDHSFLS FSIIS-----
           ---------- ---------- -LAP------ ---------- ---------- ----------
           ---------- ---------- ---------- -YRRNSQPHS RLRNRVWGMV NFVNMIYKTL
           NIHVTLVGLE IWTNGDKIEV DSNIETTLLR FSAWQEIILK KRKNFDHSML LSGKWLYTQA
           HGTSYPGGMC LPYYSSSVVK DLLPDLNAIA SRMAHQLGHN LGMSHDDYPC TCDLEKCVMN
           SGGSIPALKF SKCSKTQYQQ FLKDYSLTCM FNVPFSDNFS DYPYCGNNRL DDGEECDCGL
           LQDCTNPCCD AHKCMLKPGF TCAEGECCES CQMKKAGSIC RPARTECDFP ERCTGHSSGC
           PKDQFQVNGF PCKNAKGYCF MGNCPTRDDQ CSELFDHEAK ASSDICYKMN TIGNKFGYCK
           NKGRILIPCE EKDIKCGKIF CTGGHHSSVL GEEKIYHLKK HLKQNTSECK TFYLYHDSKD
           FGLVAPGTKC GDGMVCSNGE CVTIEKAYNS TDCSAQCNEN SVDDGELECQ CEGIQASTEW
           EETLNVTNLC ILVVVLFLVI FGVVVVILLI RYKKCIRLKQ VQSPPRETLG VENKAYFGDE
           QQTRNEPILP DIHPLHRFRG ES-------- ---------- ---------- -------
Monodelphi ---------- ---------- ---------- ---------- ---------- --EKYDVEVL
           YEMILHGKQM VLHLRKTEDL VSPNYSETHY SQGGEEITTN PKLMDHCYYQ GHILHEKDSA
           ASISTCDGLR GYFRQHDQRY LIEPLEHTDQ GEHAIFKYDH KAQDRTNGSC VVYNFSKTEA
           I-TQASRSTL KMQIYLKEKY IELFIVADHA LYRRHNHLQK WLRTRIFGMV NFVNMLYKTL
           NIQVILVGLE MWTNGDKIEV NSNLGTTLLS FGGWQETTLK KRKNYDHAQL LSGNWLSQTA
           QGTAYPWGMC VPFHSSSIVK DHLHDTNMVA DKMAHELAHN LGMQHDSYPC TCTYGRCVMD
           GGGSIPSQGF SKCNRNQYRQ YLLDYKPMCI LNVPLSKDII TFPKCGNQIL EVGEECDCGS
           LEDCTNICCE AKKCTLKPGS TCGGGKCCES CQIKKAGTLC RRAKDECDLP EVCDGFSPKC
           PVDRFQLNGF PCQNSEGYCF MGKCPTRDSQ CSEMFKDEAK GSHDICYERN KGGHKFGYCK
           RVDNKFIPCD EKDLKCGKIY CTGGQYFPTY GEDKNYHLKV PDENITVECK AFFPFQYTED
           IGLVALGTKC GDGKVCKNGE CVNIETVYDS TNCSSQCPGQ SVCDHELQCQ CEEGLTHPKC
           EDNTLITNVS IVAGVLTVVL ATIVIAVLFV RRKKASKQKQ VNSSPPPTTG ADNQGHSSEQ
           RQTRTAPLVC TQDVLQ-NAT DTFEDIPPGY SSPQYITMKS ANKETRRIPA YNQNVR-
Ornithorhy ---------- ---------- ---------- ---------- ---------- ----------
           ---------- ---------- ---------- ---------- ---------- ----------
           ---------- ---------- ---------- ---------- ---------- ----------
           ---------- ----LQQKKH IELFIVADNA MYHRSKRKQR SLRNRIFGMV NFVNMIYKTL
           DIQVVLVGLE IWTNGDEVEV NSDLGTTLLH FGSWQETVLK KRKNFDHAQL LSGKWLSQKV
           QGIAYPWGMC TPYHSTSVAK DHSYDANMVA DTIAHELAHS IGMQHDTYSC PCPYGRCVMD
           GGISIPSQGF SKCNHNQFHQ YLLDFRPKCI LNAPLSRDIV THPRCGNRIL EEGEECDCGS
           PQDCTNVCCE AKTCTRKPGF TCGEGECCEG CHLKKAGTMC RPAKDECDIP EMCDGLSFRC
           PQDRFQVNGF PCKTTEGYCF NGKCPTRDSQ CLEIFKGESE GGHDICYRRN SGGDKFGYCK
           KVNNRFIPCA EKDLKCGKIY CSGGMYLPSY GEDRIYYIKI KEENIIVECK AFFLLGHSED
           IGLVAPGTKC GDGKVCSNGE CVDIERAYKL TNCSSHCKGH VVCDHELHCQ CEERWAPSKC
           EDHMVTASFS IVAGVLVTAA VLTVVIALLV WHKISAKQKQ VQRQPSAISG IDNEGYAWPE
           PQMNGPQDLP HGLPTG-NPP SALEDSSTEY SSPHYITM-- ---------- -------
Pongo      MLPGCIFLMI LLIPQVKEKF ILGVEGQQLV HPKKLPLIQK RDTGHTHDDD IPKMYEEELL
           YEIKLNRKTL VLHLLRSREF LGSNYSETFY SMKGEAFTRH PQIMDHCFYQ GSIVHEYDSA
           ASISTCNGLR GFFRINDQRY LIEPVKYSDE GEHLVFKYNL RVPYVANYSC TELNFTRKTV
           PGDNESEEDS KMKEIHDEKY IELFIVADDT VYRRNGHPHN KLRNRIWGMV NFVNMIYKTL
           NIHVTLVGIE IWTHEDKIEL YSNIETTLLR FSFWQEKILK TRKDFDHVVL LSGKWLYSHV
           QGISYPGGMC LPYYSTSIIK DLLPDTNIIA NRMAHQLGHN LGMQHDEFPC TCPSGKCVMD
           SDGSIPALKF SKCSQNQYHQ YLKDYKPTCM LNIPFPYNFD DFQFCGNKKL DEGEECDCGP
           AQECTNPCCD AHTCVLKPGF TCAEGECCES CQIKKAGSIC RPAKDECDFP EMCTGHSPAC
           PKDQFRVNGF PCKNSEGYCF MGKCPTREDQ CSELFDDEAI ESHDICYKMN TKGNKFGYCK
           NEENGFLPCE EKDVRCGKIY CTGGELSSLL GEDKTYHLKD PQQNATVECK TIFLYRDSTD
           IGLVASGTKC GDGMVCNNGE CLNMEKVYIS TNCSSQCHEN PVDGHGLQCH CEEGQVPVAC
           EETLNVTNIT ILVVVLVVVI VGIGVLILLV RYRKCIKLKQ VQR-PIETLG VENKGYFGDE
           QQIRTEPILP EIHFLNQRTP ESLESLPTSF SSPHYITMKP ASKDSRGITD PNQSAKX
Homo       MLPGCIFLMI LLIPQVKEKF ILGVEGQQLV RPKKLPLIQK RDTGHTHDDD ILKTYEEELL
           YEIKLNRKTL VLHLLRSREF LGSNYSETFY SMKGEAFTRH PQIMDHCFYQ GSIVHEYDSA
           ASISTCNGLR GFFRINDQRY LIEPVKYSDE GEHLVFKYNL RVPYGANYSC TELNFTRKTV
           PGDNESEEDS KIKGIHDEKY VELFIVADDT VYRRNGHPHN KLRNRIWGMV NFVNMIYKTL
           NIHVTLVGIE IWTHEDKIEL YSNIETTLLR FSFWQEKILK TRKDFDHVVL LSGKWLYSHV
           QGISYPGGMC LPYYSTSIIK DLLPDTNIIA NRMAHQLGHN LGMQHDEFPC TCPSGKCVMD
           SDGSIPALKF SKCSQNQYHQ YLKDYKPTCM LNIPFPYNFH DFQFCGNKKL DEGEECDCGP
           AQECTNPCCD AHTCVLKPGF TCAEGECCES CQIKKAGSIC RPAKDECDFP EMCTGHSPAC
           PKDQFRVNGF PCKNSEGYCF MGKCPTREDQ CSELFDDEAI ESHDICYKMN TKGNKFGYCK
           NKENRFLPCE EKDVRCGKIY CTGGELSSLL GEDKTYHLKD PQKNATVKCK TIFLYHDSTD
           IGLVASGTKC GEGMVCNNGE CLNMEKVYIS TNCPSQCNEN PVDGHGLQCH CEEGQAPVAC
           EETLHVTNIT ILVVVLVLVI VGIGVLILLV RYRKCIKLKQ VQSPPTETLG VENKGYFGDE
           QQIRTEPILP EIHFLNQRTP ESLESLPTSF SSPHYITLKP ASKDSRGIAD PNQSAKX
Nomascus   MLPGCIFLMI LLIPQVKEKF VLGVEGQQLV HPKKLPLIQK RDTGHTHDDD IPKTYEEELL
           YEIKLNRKTL VLHLLRSREF LGSNYSETFY SMKGEAFTRH PQIMDHCFYQ GSIVHEYDSA
           ASISTCNGLR GFFRINDQRY LIEPVKYSDE GEHLVFRYNL RVPYVANYSC TELNFTRKTV
           SGDNESEEDS KMKEIHDEKY VELFIVADDT VYRRNG--LH KLRNRIWGMV NFVNMIYKTL
           NIHVTLVGIE IWTHEDKIEL YSNIETTLLH FSFWQEKILK TRKDFDHVVL LSGKWLYSHV
           QGISYPGGMC LPYYSTSIIK DLLPDTNIIA NRMAHQLAHN LGMQHDEFPC TCPSGKCVMD
           SDGSIPALKF SKCSQNQYHQ YLKDYKPTCM LNIPFLYNFD DFQFCGNKKL DEGEECDCGP
           AQECTNPCCD AHTCILKPGF TCAEGECCES CQIKKAGSIC RPAKDECDFP EMCTGHSPAC
           PKDQFRVNGF PCKNSEGYCF MGKCPTREDQ CSELFDDEAI ESQDICYKMN TKGNKFGYCK
           NKENRFLPCE EKDVRCGKIY CTGGELSSLL GEDKTYHLKD PLQNATVKCK TIFLYHDSTD
           IGLVASGTKC GDGMVCNNGE CLNTEKVYIS TNCPSQCHEN PVDGHGLQCH CEEGQPPVAC
           EETLNVTNIT ILVVVLVLVI VGIGVLILLV RYRKGIKLKQ VQSPPIETLG VENKGYFGDE
           QQIRTEPILP EIHFLN---- ---------- --------KP ASKDSRGTAD PNLNAKX
Macaca     MLPGCIFLMI LLILQVKEKV ILGVEGQQLV HPKKLPLMQK RDIGHTHDDD IEETYEEELM
           YEIKLNRKTL VLHLLRSREF LGSNYSETFY SMKGEAFTRH LQIMDHCFYQ GSIVHEYDSA
           ASISTCNGLR GFFRVNDQRY LIEPVKYSDE GEHLVFKYNP RVPYVANYSC TELNFTRKTV
           PGDTESEGDP KMKAIHNEKY IELFIVADDT VYRRNSHPHN KLRNRIWGMV NFVNMIYKTL
           NIHVTLVGIE IWTHEDKIEL HSNIETTLLR FSSWQERILK TRKDFDHVVL LSGKWIYTHV
           QGISYPAGMC LPYYSTSIIK DLLPDTNIIA NRMAHQLGHN LGMQHDEFPC TCPSGKCVMD
           SDGSIPALKF SKCSQNQYHQ YLKDYKPTCM LNIPFPCNFD DFQFCGNKKL DEGEECDCGP
           PQECTNPCCD AHTCVLKPGF TCAEGECCES CQIKKAGSIC RPAEDECDFP EMCTGHSPAC
           PKDQFRVNGF PCKNSEGYCF MGKCPTRRDQ CSELFDDDGL YFSVIALEIQ KKYNNFTFCT
           DSSQN-LDLE KEDVRCGKIY CTGGELSYLL GEDKTYHLKD PQQNATVKCK TIFLYHDSTD
           IGLVASGTKC GDGMVCNNGE CLNMEKVYNS TNCPSQCHEN PMDDHGLQCH CEEGQAPVAW
           EETLNVTNVA ILIVVLVLVI VGIGVLILLI RYQKCIKLKQ VQSPPMETLG VENKGYFGDE
           QQMRTEPILP EIHFLN---- ---------- --------KP ASKDSRGIAD PNQSAK-
Callithrix MLPGYIFLMI FLVPQVKEKV ILGVEGQQLV HPKKLPVIQK RDTEHTHDDD IPKTYEEELL
           YEIKLNRKTL ILHLLRSREF LGSNYSETFY SMKGEAFTRH PQIMDHCFYQ GSIVHEYDSA
           ASISTCNGLR GFFRVNDQRY LIEPVKYSDE GEHLVFKYNP KVPFVANYSC MEPNFTRKTV
           AEDTESKGDY KTKGIYNEKY VELFIVADDT TYHRNSHPHD KLRNRIWGMV NFVNMIYKTL
           NIHVTLVGVE IWTHGDKIEL HSNIETTLLH FSVWQERILK TRKHFDHVLL LSGKWLYTHV
           QGISYPGGMC LPYYSSSVIK DLLPDTNIVA NRMAHQLGHN LGMQHDEFPC TCPSGKCVMD
           SDGSIPALKF SKCSQDQYQQ YLKDYKPTCM LDIPFPYKFN DFQYCGNKKV DEGEECDCGT
           GQECTNPCCD AHTCVLKPGF TCAEGECCES CQIKKAGSIC RPAKDECDFP EMCTGHSPAC
           PTDQFRVNGF PCKNSEGYCF MGKCPTRGDQ CSELFDDEAI ESHDICYEMN TKGNKFGYCK
           NKENRFLPCE EKNIRCGKIY CTGGEHSSVL GEDKTYHLTD PQQNVTVKCK TIFLYRDSRD
           VGLVASGTKC GEGMVCSTGE CLNMEKVYNS INCPSQCHEI AMDDHGLHCH CEEGQAPEAL
           EELFNVTNVV FLAVVLALVI IGIGVVILLI RYQNSIKLNQ VQSPPTETLG VENKGYFGDE
           QRRKTESIPP EIHFLHQRTP ELLESLPPSF SSPHYITLQP ASKDSRGTAD PNQNAK-
Oryctolagu MFADYIFLMI LFISQIKEDV IPGAEGQELV YPKKLPLIQK RDVGHAHDYD ISELYEEELL
           YEIKLNRKSL LLHLLRSREF LASNYSETHY ITKGEAFMRQ VQIKEHCFYQ GSIIHELDSD
           ASISTCNGLR GFFRVHDQRY LIEPVKYSDE GEHLVFKYNP SVLYSTNYSC AELNSTAKNH
           LKNTSSKEDS QKENNHKEKY IELFIVADDT MYRRNSHPHD KLRHRIWGMV NFVNLIYKTL
           KIHVTLVGLE IWTKGDKIEP DSNIRTTLLR FSAWQETTLK KRKNFDHGIL LSGKWLYTNA
           QGISYPKGMC LPYSSSSVIK DLLPDLNIVA NRMAHQLGHN LGMDHDAFPC TCPLGKCVMD
           SSGSIPAFKF SKCSQIQYQQ YLKDYKPTCM LNSPLPDKPY DIPYCGNKKV DEGEECDCGL
           VQECTNPCCE AHKCILKQGY TCAEGECCAS CQLKTAGSVC RPAKDECDLP EVCSGHSPEC
           PKDQYQVNGF PCKNQEGYCF MGKCPTRGEQ CSELFDHGAK ESVDICYKMN KKGNKFGYCK
           REDNRLVPCE EKNIKCGKIY CMGGHHSNLI GEDKIYHLKD AKQNDTVECK SMFLYYDSKD
           VGLVFPGTKC GDGMVCSNGE CVKTEDVYNS TNCPSHCNEN PVNGGEPQCT CEEEQLLPDW
           EENLNLTSIS IMVAVLVLVI IGVGVVTLFI KYQKCIKLKQ VQSPPRDTLG VENKGYFGEE
           QQ-RIDPILP DIHPLH-RAE ESLENLPTSF SSPHYVTLKP AGQDLRGIKD PTQSARV
Cavia      PFSMCIFLMF LLISQIKENA AFGADGPELV LPKKLPLVHK RDVEDTHDSD IPETYEEEVL
           YELRLSRKTL ILRLLKSREF LGSNYSETFY TTQGEMFIRN PPIKDHCFYQ GSIMHELDS-
           VSISTCNGLR GFFRVNDQRY LIEPVKFSP- GEHLVFKYNP RVQYSVNYSC AELNLTMKPV
           PDDTQYKENH KVEGNYKEKY IELFIVADEY VYRRNNNPQS NLRRRIWGMV NFINMIYSTL
           NIRVTLVGIE VWTNGDKIAQ VSNTETTLLH FSNWQETVLK KRKNYDHAVL LSGKWLYTHT
           QGASYPGGMC LPIYSASVVK DLLPDINIIA NRMAHHLGHN LGMRHDEFPC TCPLGKCVMD
           SAGSIPAIKF SKCSHTQYQQ YLRDYKPACL LNIPFPDNIK DFSFCGNKKI DEGEECDCGP
           IQECTNLCCD AHTCMLKPGS TCAQGECCES CQIKKAGSIC RPGNDECDFP EVCTGHSSEC
           PKDRFRVNGF PCNNGEGYCF MGKCPTRQDQ CTELFDDDAK ESPPVCYMLN KKGNNFGYCK
           NKENRFVPCE EKDVKCGKIY CSGGHHSPLP REIKTFFLKD RKQNVVIECK TIFLYHNSKD
           IGLVDSGTKC GEEMVCMDGE CVNIEQIYNS SSCPSQCSEN SEDGHESECQ CEEGHILTDW
           EETINVTSIC IMVLVLLMIV VGIGVIVLLI RYQRCVKLKQ HQSPPGDMHG VENKGYLGDE
           QPRRFEPILP EIPPLQ-NTE ESLESLPPSY SSPHYISLKS ASKDPRGIMD SKPNANV
Vicugna    ---------- ---------- ---------- ---------- ---------- --ETYEEELL
           YEIRLNRKTL ILHLLKSREF LASNYSETYY SKKGEAITQH PQTTDHCFYQ GSIIHELDSA
           ASISTCKGLR GFFRVYDQRF LIEPVKYSDE GEHLVFRYDP KMLYAVNHSC TELNFTRTAV
           PEKAKSTEDS KMESIHKEKY IELFIVADNN VYHRNNHPLD KLRSRVWGMV NFVSMLYKTL
           DIHVMLVGLE IWTNEDKIEI DSNIETTLLR FSAWQKLILK KRKNFDHVML LSGKWLYTPV
           QGTSYLGGMC LPYYSSSVVK DLLPDLNVVA NRMAHQLGHN LGMQHDDDLC PCTLGKC---
           -DGHIPALKF STCSRTQYLQ HLEEHKPTCM FNVPFSEKLS DYPYCGNKNL DDGEECDCGP
           VQECANPCCD ALKCLLKPGF TCAEGECCDS CQMKKAGSIC RPAKDECDFP EVCTGHSSGC
           PKDQFQVNGF PCKKAKGYCF MGRCPTRDDQ CSELFDNDAK DSPGMEFH-H KKGNKFGYCK
           NKEQTLIPCE EKDVKCGKIF CTGGQHASVL GEEKIYHLKK PKQNGT-ECK TFFLYHNSKD
           FGLVAPGTKC GEGMVCSNGE CVEIEKVYSS TNCSSQCNEN AVDGGELECQ CEEEKAPVDW
           EETLNVTNIS ILVVVLILVF TSVVVVTLLI RYKKCIKSMH VQSPPGEMLG VENKGYF--E
           QQTRTEPILP DIHPLHQRTA EPLEGLPGRF SSPHYVTLKP ASKEPRGITD PNQSAK-
Ochotona   MFAGYIFLVI LF--QIKDDT ILGVEGQEFI YPKKLPLVQK RDVGLPHDYN IP????????
           ?????????? ????????EF LGSNYTETYY TSKGEAFARH VQIEEHCFYQ GSIIHELDSD
           ASISTCNGLR GFFRIHDQRY LIEPVKYSDE GEHLVFKYNP RVLYSTNYSC AELNFTTKII
           LNNTDSEEVY EKESSYKEKY VELFIVADQT MYRRNSHPHD KLRHRIWGMV NFINL?????
           ?????????? ?????????? ?????????? ?????????? ?????????? ??????????
           ?????????? ?????????? DLLPDMNIVA NRMAHQLGHN LGMSHDAFPC TCPLGKCVME
           MSGSIPAFKF SKCSQRQYKQ YLKDYKPMWM TNVP--SRYS QEPK-GNKEV ??????????
           ??ECSDPCCE AHTCLLKQGY TCAEGECCES CQLKKAGSLC RPAKDDCDLP EVCSGHSPEC
           PKDQFQVNGS PCKNQEGYCF MGKCPTRDEQ CSKLFDDGAK QSADICYKMN KKGNKFGYCK
           SEENKLVPCE DKDIKCGKIY CTGGHHSNMI GEYRIYHLTD AEHNDTAECK SRFLYYSSKD
           VGLVSSGTKC GDGMVCNNGE CINTEEAYNA TKCPSHCNDN SVNDSELQCP CEKGQALPDV
           DENLNLTSVS IMAVVLILVI IGVGVVILLV KYKKCIKMKQ NQ???????? ??????????
           ?????????? ?????E-RAE ESVENLPVSF SSPHYVTLKL ANKDPRRITD LNQRAKX
Erinaceus  ---------- -------EIA ILRVEAQELV YPQKLDQKQK REIFHTNDH- IQ????????
           ?????????? ????????DL LSSNYSEAHY LANGNIIIMH PQIV?????? ??????????
           ?????????? GFFRINEQRY LIEPVKYSDV GEHMIFKYDP HEQFYANHSC QQLNFTRGVQ
           --NTKSIRSS RMEDLPRENY IELFFVVDNS VYQRNKHSHN KLRNRIWGMV NYINMIYKLL
           DVHVTLVGFE IWTDRDKIEI NSNAETTLLN FSSWQEKILK ERNDFDYVVL LSGKWIYTNV
           QGTSFPGSMC LPYYSCSIVK ?????????? ?????????? ?????????? ??????????
           ?????????? ?????????? ?????????? ?????????? ?????????? ??????????
           ?????????? ?????????? ?????????? ??LKQAGTIC RPAKDECDFP EVCTGDFSGC
           PKDQFQVDGF PCKNSEGYCF MGKCPTRNDQ CSNLFGEGAK ESPDICYEMN MKGTKFGYCK
           NTGTGLMPCE ENDVKCGKLF CSRGHQSALP ADEVVYYIDN PKENATAECK ALYLHHNSED
           FGLVAPGTKC GDKMMCIHSE CVSIEKFQSS SNCSAQCINN DENDQKHDCQ CNEDQIPISW
           DENLNITNIS ILIILLVLLI TGILGLVFTI YHHRCNRSKQ VHCSPRETQG VENKGYFCDE
           QHSRTEY--- GSHHLHGRCM ESLEGLPTSF SSPHYITLKH ANADPRGVAD PHAGTKW
Procavia   MISRCILVMS VFLSQYK--- ---------- ---------- ---------- VPETYEEEVL
           YELSLNRKSL IFHLLRT??? ?????????? ?????????? ?????????? ??????????
           ?????????? GFFRIHDQRY LIEPVKYTDE GEHLVFKYNP KMNYAANYSC AELNFTGETA
           PNDIKSGKAS K-ESAHEEKH IELFVVADYS MYRRNSHPHD KLRNRILGMV NFVNMIYKTL
           NIHVTLAGLE VWTNGDQIKV DSNIETTLLS FSSWPETIPK KR???????? ??????????
           ?????????? ?????????? DLLPDINIIA NRMAHQLGHS LGMQHDEFPC TCTLGRCVMD
           KVGSIPALKF SKCNKNQYLK YLKDYKPTCM LNIAFSDMLS DFPYCGNKKL DEGEECDCGS
           VQECTNPCCD ARKCMLKPEF TCAEGECCES CQ???????? ?????????? ??????????
           ?????????? ?????????? ?????????? ?????????? ?????????? ??????????
           ?????????? ?????????? ?????????? ?????????? ?????????? ??????????
           ?????????? ????VCNNGE CVNSKTVYNS ISCSAQCNEN AVDGHEAECL CED-QGYLEW
           EETLNVTNIV ILVVVTVLIV IGIVVVTLLI RRQRCIKLKQ NQSSSGDTLG VENKAYFGDE
           PQIRNEPVLP DIHPLQQRVA GSSESLPFSF SGPHTIILKS ARKDSRGITD LNPSAKX
Canis      MFLRSLLFMI ILISQIKEKV IIGVEGQEVV YPKKLPLMQK REVWHIHDYD IQETYEEELL
           YELRLTRKTL ILHLLRSREF LGLNYSETYY STKGEMITSY PSTTDHCFYQ GSIIHEFDSA
           ASISTCNGLR GFFRVYDQRY LIEPVKYSDE GQHLVFRYNP KMQYAANYSC TELNFTRKND
           PKDIKIMEDL KIERIHKEKY VELFIVADNN VYRRNSSPLS NLRNRIWGMV NFVNMIYKIL
           DIHVTLVGLE IWTNEDKVHI DSNIENTLLR FSTWQEIILK KRNNFDHVLL LSGKWLYTHA
           QGTSFSEGIC LPYYSSSVVK DLLPDLNVVA SRIAHQLGHN FGMKHDDYPC TCNFERCVMD
           RGGSIPAIKF SKCNRIQYLQ HLKNYNPTCM FNIPFSDKLS DYPYCGNKKL DEGEECDCGS
           IQECTNPCCD ANKCVLKPGF TCAEGECCES CQMKKSGSIC RPAKDECDFP EVCTGHSTAC
           PQDKFQVNGF PCKNAKGYCF MGKCPTRDDQ CSEFFDNEVK DSSDLCYEMN KKGNRFGYCK
           NKENSLIPCE EKDVKCGKIH CSRGQHSSLL GKEKINHLKK SKQNVTAECK TFILYHNSKD
           LGLVAPGTKC GDGMVCSNGE CMKLEKVYNS TNCSSQCNEN AVDGHDLQCQ CKEEQEHVDW
           EENLNVTNIS ILAVMLVLVI FGVGVVILLI HYQKCIKLKQ IQSPPTDSLG VENKGYFGDD
           QQTRTEPILP NIHPLHQRTA ESLERLPTSF SSPHYITLKP ANKDPRGIAD PNQSSKM
Sus        MFPGSLFFTI LLISQIKEKV IFGVKGQELV YPKKLPLIQK RNVWHTHEDD IGEAYEEELL
           YELSLNRKTL ILHLLKSREF LASNYSETYY STKGEEVTTH PQIMDHCFYQ GSIIHEFDSA
           ASISTCSGLR GFFRVNDQRY LIEPVKYSDE GEHLVFRYNP KVQHAANYSC TELNFTRTAV
           LKNTKSMEDS KMESIEKEKH IELFIVADNN VYHRN--PNS KVRNRVWGMV NFVNMIYKTL
           DIHVTLVGLE TWTNGDKIEI DSNIETTLKR FSAWQEIILK KKKNFDHVVL LSGKWLYTSA
           QGTSYPGGMC LPYYSSSVVK DLLPDLNTIA SRMAHQLGHN LGMKHDDYPC TCTLGKCVMD
           SGGSIPALKF SKCSRTQYQQ YLKDFKPTCM FDIPFSDKLS DYPYCGNKKL DDGEECDCGP
           VQECTNPCCD ARKCMLKPEF TCAEGECCES CQVKKAGSLC RPAKDECDFP ETCTGHSPAC
           PKDQFQVNGF PCKDAKGYCF MGNCPTRDDQ CSELFDNEAK DSSDICYKMN KNGNKFGYCK
           NEEQTLIPCE EKDVKCGKIF CTGGKHASIL GEEKVYHLKK PTQNVT-ECK TFFLYHKSKD
           FGLVAPGTKC GEGKVCSNSE CVTIEKAYNS TDCPSPCNEN AVEDGDLGCQ CEGVQASVDW
           EETLNVTNIS ILVVVLILVI IGVLSAVLLI RYQKCIKLKQ VQRPPSEALG VENKGYTGDE
           QQTRTEPILP DIHPLHRRTA ESLARLPTSF SSPHYITLKP ASKEPRGTAD PNPSAKV
Ailuropoda MFLRSLLFII VLMSQIKEEI ILGVEGQEVV YPKRLPLMQK RDAWHIHDYD KQETYEEELL
           YELKLTRKTL ILHLLRSREF LASNYSETYY STKGEAITSY PSTMDHCFYQ GSIIHEFDSA
           ASISTCNGLR GFFRVYDQRY LIEPMKYSDE GQHFVFRYNP RMQYAANYSC TELNFTRTND
           LKDIKIMEDL KIENIHKEKY VELFIVADDN VYHRNNHPHS KLRNRIWGMV NFVNMIYKTL
           DIHVTLVGLE MWTNGDKIDI DSNIENTLLR FSTWQEMILR KRNNFDHVLL LSGKWLYKHA
           QGISYSEGIC LPYYSTSIVK DLLPDLNVVA SRIAHQLGHN LGMKHDDYPC TCNFQRCVMD
           RGGSIPALKF SKCNRIQYLQ HLKDYNPTCM SNIPFSDKLS NYPYCGNKQL DEGEECDCGS
           VQECTNPCCD ANKCVLKPGF SCAEGECCES CQMKTSGSIC RPAKDECDFP EVCTGYSSAC
           PKDKFQVNGF PCKNAKGYCF MGKCPTRDDQ CSQLLDNEVK DSSDLCYAMN KKGNRFGYCK
           NKENSLIPCE EKDVKCGKIH CSRRQHSFLP GKEKINHLKK SKQNVTTECK TFILYHNSKD
           LGLVDPGTKC GDGMVCSNGE CVKLEKVYNS TNCSSQCNES AVDGHELECQ CEEEQEHVDW
           GENLNVTNIS ILVVVLVLVI IGVGVVVLLI HYQKCIKLKQ IQSPPRDTLG VENRGYFGDE
           QQTRTEPILP DIHPLHQRTA ESLERLPTSF SSPHYITRKP ANKDPRGIAD PNQSAKM
Dasypus    ---------- ---------- ---------- ---------- ---------- ----------
           ---------- ---------- ---------- ---------- ---------- ----------
           ---------- ---------- ---------- ---------- ---------- ---NF-----
           ---------- --QSIHREKY VELFLVADDN VYRRNSHPHS KLRDRIWGMV NFVNMIYKTL
           NIHVTLVGLE LWTNGDKIEI DSDIETTLLH FSAWQETLLK KRKKFDHALL LSGKWLYTQA
           QGTSYPRAMC LPYYSSSVVK DLLPDINIVA NRMAHQLGHS LGMQHNNFPC TCTFERCVMD
           SSGSIPALKF SKCNRIQYFQ YLKDYKPTCL LNIPFSETLT DNPHCGDKNL DEGEECDCGS
           AQECTNYCCD ADKCMLKPGF TCAEGECCES CQMKKAGSMC RPAQNECD-P EVCSGHSPRC
           HKDQFQVNGF PCKNAEGYCF MGKCPTRDDQ CSELFDDEAK GSQDICYKLN KKGNKFGYCK
           NRENRFIPCE EKDVKCGKIY CAGGQHSSLF GEDKIIYLNV AKQNATVECK TFYLSHNSSD
           LGLVDPGTKC GDGMVCNNGE CVNIKRFYNT INCSSQCDEI AV---RFDCF LYCLANLTTW
           PRLVGVADIA ILVVVFVLIF FGIGAVTFLI RHKKCIKLKQ VQSSPEDTLG VENKGCLGDE
           QQTRNEPVLP DIHPLQ---- ---------- --------KS ANKDSRGITD PNQSTK-
Ictidomys  MLPRSIFLMI LLISQVKEKV ILGADLYQLV HVKRLSLMQK RDLDYAHDHD VPEAYEEELL
           YEIKLNRKTL ILHLLRSREF LSSNYSETFY TLKKKMLVHH PLITEHCFYQ GSIIHEFDSA
           ASISTCKGLR GFFRVRDQRY LIEPVKYSDE GEHLVFKYNA KGPYATNFTC AELNFTKNAA
           PTDASHKGNY KMESVHEQKY MELFVVADDF VYRRNGQPHY KLRNRIWGMV NFVNMIYKTL
           NIHVTLAGIE MWTAGDKIEI DSNIETTLTR FSVWQETILR KRENFDHVLL LSGKWLYAHE
           QGISYPEGMC QPYYSCSIVK DLLPDINTIA SRIAHQLGHN LGLQHDEFPC TCSLGKCVMD
           TSGSIPALKF SKCNQNEYQQ FLKDHNPTCM LNIPFPGPSN DFPACGNKKV DEGEECDCGP
           FEECTNPCCD AHKCTLKSGF TCSEGPCCES CQLKKAGSTC RPAKDECDYP EVCTGHSPEC
           PKDQFQVNGF PCKNSEGYCF MGECPTRNNQ CLELFSDGAK ESHSICYKMN KKGNKFGYCK
           SKDNTFVPCK EKDVRCGKIY CTGGQKSSLL GEDKIYHIKA AKQNITVKCK TIFLYHNSED
           IGLVNTGTKC GEGMVCSNGE CVNTEKAYNS TNCPSQCEEN SVDSNELECQ CEEGQILTDW
           EETLNITNIT IMVIVLVLVI IGAGIVMLFI RYQKCIKSKQ VQSPPGDTRG VENKGYFGDE
           QQMRTESVLP DIHPLHRRTA ETLESLPSTF SSPHYITLKS TNKDPKGVAD SNQSAKV
Sarcophilu ---------- ---------- ---------- ---------- ---------- --EKYDSEVL
           YEMILHGTQM VLHLKKTEDL VAPNYSETHY SQIGEEITTK PQLKDHCYYQ GHVLHEKDSA
           VSLSICDGLR GYIRKHDQRY LIEPLEHSDQ GEHAIFKYEH KIQDISNGSC VVYNFSKREA
           ITGSSNKKKN DKKKTKKKKY IELFIVADHA LYRRHNHLQK WLRTRIFGMV NFVNMLYKTL
           NIQVILVGLE MWTNGDKIEV NSNLGTTLLY FGGWQETTLK KRKNFDHAQL LSGNWLSQTA
           QGTAYPWGMC VPYHSSSIVK DHLHDTNMVA DKMAHELAHS LGMQHDTYPC ACTYGRCVMD
           GGGSIPSQGF SKCNRNQYRQ YLLDYKPMCI LNVPLSKDII TFPKCGNQIL EVGEECDCGS
           LEDCTNVCCE ANKCILKPGS ACGGGECCEA CKIKKAGILC RTAKDECDLP ELCDGFSPKC
           PVDRFRVNGF PCQNSEGYCF MGKCPTRDSQ CSEMFKDEAK GSHDICYERN KGGHKFGYCK
           KVDKRFIPCD DKDLKCGKIY CTGGQYFPSY GEDKTYHLKV PEQNITVECK AFFPFQYTED
           LGMVASGTKC GDGKVCKNGE CVNIETVYDS TNCSSHCPGN AVCDHELQCQ CEEGLTHPNC
           DDTTFTTNVS IVAGVLTMVL ATVVISVLFV HRQKASKQKQ VHSSPSSNTA VDNQGHSNEE
           QQTRTEPVVC TQN--EQNAS DTFEDIPAGY SSPQYITMKS TGKESRVVPV SNQNVRM
Pan        MLPGCIFLMI LLIPQVKEKF ILGVEGQQLV RPKKLPLIQK RDTGHTHDDD IPKTYEEELL
           YEIKLNRKTL VLHLLRSREF LGSNYSETFY SMKGEAFTRH PQIVDHCFYQ GSIVHEYDSA
           ASISTCNGLR GFFRINDQRY LIEPVKYSDE GEHLVFKYNL RMPYVANYSC TELNFTRKTV
           PGDNESEEDS KIKGIHDEKY VELFIVADDT VYRRNSHPHN KLRNRIWGMV NFVNMIYKTL
           NIHVTLVGIE IWTHEDKIEL YSNIETTLLH FSFWQEKMLK TRKDFDHVVL LSGKWLYSHV
           QGISYPGGMC LPYYSTSIIK DLLPDTNIIA NRMAHQLGHN LGMQHDEFPC TCPSGKCVMD
           SDGSIPALKF SKCSQNQYHQ YLKDYKPTCM LNIPFPYNFH DFQFCGNKKL DEGEECDCGP
           AQECTNPCCD AHTCVLKPGF TCAEGECCES CQIKKAGSIC RPAKDECDFP EMCTGHSPAC
           PKDQFRVNGF PCKNSEGYCF MGKCPTREDQ CSELFDDEAI ESHDICYKMN TKGNKFGYCK
           NKENRFLPCE EKDVRCGKIY CTGGELSSLL GEDKTYHLKD PQQNATVKCK TIFLYHDSTD
           IGLVASGTKC GEGMVCNNGE CLNMEKVYIS TNCPSQCREN PVDGHGLQCH CEEGQEPVAC
           EETLNVTNIT VLVVVLVLVI VGIGVLILLV RYRKCIKLKQ VQSPPTETLG VENKGYFGDE
           QQIRTEPILP EIHFRNQRTP ESLESLATSF SSPHYITLKP ASKDSRGIAD PNQSAKX
Gorilla    MLPGCIFLMI LLIPQVK--- ---------- ---------- ---------- --KMYEEELL
           YEIKLSRKTL VLHLLRSREF LGSNYSETFY SMKGEAFTRH PQIMDHCFYQ GSIVHEYDSA
           ASVSTCNGLR GFFRINDQRY LIEPVKYSDE GEHLVFKYNL RVPYVANYSC TELNFTRKTV
           PGDNESEADS KIKGIHDEKY VELFIVADDT VYRRNGHPHN KLRNRIWGMV NFVNMIYKTL
           NIHVTLVGIE IWTHEDKIEL YSNIETTLLH FSFWQEKILK TRKDFDHVVL LSGKWLYSHV
           QGISYPGGMC LPYYSTSIIK DLLPDTNIIA NRMAHQLGHN LGMQHDEFPC TCPSGKCVMD
           SDGSIPALKF SKCSQNQYHQ YLKDYKPTCM LNIPFPYNFD DFQFCGNKKL DEGEECDCGP
           AQECTNPCCD AHTCVLKPGF TCAEGECCES CQIKKAGSIC RPVKDECDFP EMCTGHSPAC
           PKDQFRVNGF PCKNSEGYCF MGKCPTREDQ CSELFDDEAI ESHDICYKMN TKGNKFGYCK
           NKENRFLPCE EKDVRCGKIY CTGGELSSLI GEDKTYHLKD PQQNATVKCK TIFLYHDSTD
           IGLVASGTKC GEGMVCNNGE CLNMERVYIS TNCPSQCHEN PVDDHGLQCH CEEGQAPVAC
           EETLNVTNTT ILVVVLVLVI VGIGVLILLV RYRKCIKLKQ VQSPPTETLG VENKGYFGDE
           QQIRTEPILP EIHFLNQRTP ESLESLPTSF SNPHYITLKP ASKDSRGIAD PNQSAKX
Equus      MLPGNLFFMI LLISQIKEKV ILGVEGQELV YPKRLPVIQK RDVWHSHDYD I-ETYEEELL
           YEISLNRKSL ILHLLKSRRF LASNYSETYY STKGEEITRH PQIMDHCFYQ GSVIHELDSA
           ASISTCNGLR GFFRVNDQRY LIEPIKYSDE GEHLVFKYNP KVQYAANYSC TQLNSTRTAV
           PKNAKSMEDS KMESTHKEKY VELFIVADDN VYRRNNHPPV KLRNRIWGMV NFVNMIYKTL
           DVHVTLVGLE TWTNGDKIEI DSNIKTTLLR FSAWQEIILK KRKNFDHVVL LSGKWIYTHG
           QGTSYPGGMC LPYYSSSIVK DLLPDLNVVA SRMAHQLGHN LGMQHDDYPC TCTLGRCVMD
           SSISIPALKF SKCSRTQYLQ YLKDYKPTCM FNSPPSVKLS DFPYCGNKKL EEGEECDCGP
           VQECTNPCCD ADKCVLKPGF SCAEEECCES CQMKKAGSIC RPAKDECDFP EFCTGHSSEC
           PKDQFQVNGF PCKNEKGYCF MGKCPTRDDQ CSELFDDEAK DSPDICYKMN KKGNKFGYCK
           NKKNKLIPCE EKDVKCGKLY CTGGKPSSLL GEEKIYHLKK PKQNFSIDCK TFFLYHNSKD
           FGLVCS-QKC GDEMVCSNGE CVNIEKAYNS TNCSSQCNEN AVDGHELECQ CEEEQTLVDW
           EETLNVTNIS ILVVVLVLVI ISVAVVTLLI RYQNCIKLKQ VQSTPGDTLG VENKGYLADE
           PETRTEAILT NIHPLH-RTA EPLERLPVSF SSPHYITLKP ASEDPREIAD PNQSAK-
Myotis     MLSGSLIFMI LFTSQFKEKA VHGVEGQELV YPKRLPVIQK RDVWHTHDYD LQETYDNELL
           YEISLSKKTF ILHLVRSREF LASNYSETYY SINGEEVTSH PQVKDHCFYQ GSIIHEYDSA
           ASISTCNGLR GFFRVYNQRY LIEPVKYSDE GEHLVFNYNP KMQYPTNYSC TELNFKRTTA
           PNHSKLMEGS NMEVTHIENY VELFVVADGN VYRRNNYPHN KLRNRIWGMV NFVNMIYKTF
           DIHVTLVGLE MWTSGDKIKI DSNMETTLSR FSVWQQEVLK KKKNYDHVLL LSGKWLYTHA
           QGISYPGGMC LPYYSCSVVK DLLPDLNVIA SRVAHQLGHN LGMQHDDYPC TCTLGTCVMD
           KGGSIPALKF SKCNRIQYEK FLNDHKPACM FNVPFTDNSN DSPSCGNKNL DEGEECDCGP
           AQECTNPCCD ANKCLLKPGF TCAEGECCES CQMKKAGSLC RPAKDECDFP EACTGHSSAC
           PQDQFQANGT PCKNAKGYCF LGRCPTRDDQ CSELFDHEAK GSPDICYIMN KKGDKFGYCK
           SKKSKLIPCE DKDIKCGKIY CTGGQHSSFL GEEKIYHMKV PKKNVTTDCK TFYLYHNPRD
           VGLVAPGTKC GDGMVCINGE CVNFEKFYNS TNCSFQCNEN AVDGSELQCQ CEEEEIIVEW
           EESLNVTNIS ILVVVLVLGI IGIGGIAFLI RYLNCIKLKQ VQSPPQDRLG VENKGYFGDE
           LQTRTEPILP DIHPLHNEEL KA-PRLSITH THTHFLKKKP ASRELRGLED SNPHAKM
Sorex      MFPGISFFMI LLISLTKEQA ILGEQSRELV VPKRLPLIHK RDVEYIHDND IQEIYEDELL
           YELRINKKIL ILHLIRSREF LSSNYSETLY SPNGEMITRH PEIMDHCFYQ GTIVHEHESS
           ASISTCDGLR GFFRIYDHRY LIKPVKYSEE GEHLVLRYNP RVKFSANYSC TEANFTTTSV
           LKNTKSSEDS KMTNINKEKF VELFIVADMN LYHRNNYPHS KLRNRVWGMV NFVNMIYKTL
           DIHVTLVGLE IWTNEDKIEI NQNIEKTLLQ FSTWQEIFLK KRKNFDHVLL LSGKWINTHT
           QGTSFPGGMC LPYYSSSIVK DFLPDLIIVA SKIAHQLGHN LGMLHDEYPC TCTLGRCVMD
           PEGSVPALKF SKCNRIQFME YLKDYKPACM FNIPFSSQLT NSPYCGNNQL DDGEECDCGS
           LEECTNPCCD AHKCMLTPGS ACAEGECCEF CQMKKAGSIC RPKKDECDFP EMCTGHYSGC
           PKDRFQVNGV PCNNAKGYCF MGKCPTRDDQ CLELFSDGAK DGPDSCYELN KKGNIFGYCK
           NKESGLIPCE EKNTKCGKIF CTGGKHPSSL GEEKIYHLKN RKQNTTTECR TFFLYHNSRD
           LGLVDPGTKC GDEMVCSNGE CVNMEKFYNF VNCSSQCKDN A--------- ----------
           ---------- ---------- ---------- ---------- ---------- ----------
           ---------- ---------- ---------- ---------- ---------- -------
Tupaia     -----ICLTL LLISQVKEKA ILGVEGQELA YLKRLPLLQK RDLGHPHDYD IPEAYEEEVL
           YELKLNRKIL ILHLLRTREF LASNYSETYY STRGDVITRH PQIMDHCFYQ GSIIHEFDSA
           ASISTCNGLS GFFRVRDQRY LIQPVKYSDE GEHLVFKYNP RVTYAANYSC VEPNFTQKTA
           PSNTRSKEDT KME??????? ?????????? ?YRRNSHPQS KLRNRIWGMV NFVNM?????
           ?????????? ?????????? ?????????? ?????????? ?????????? ??????????
           ?????????? ?????????? DLLPDINIVA NRMAHELGHN LGMLHDEFPC TCPSGKCVMD
           SSG??????? ?????????? ?????????? ?????????? ?????????? ??????????
           ??ECTNPCCD AHKCVLKPGF TCAEGECCEF CQMKKAGSMC RPARDECDLP EVCT-HSPGC
           PKDQFQVNGF P????????? ?????????? ?????????? ?????????? ??????????
           ?????????? ??DIKCGKIY CAGGQHSSLL GEDKTYHLRD SKQNATIKCK TLFLYHNSKD
           VGLVASGTKC GDGM?????? ?????????? ?????????? ?VDGHEPECP CEE-QAPGYW
           EETLNVTNIA ILVVVLILVI IGVVVVTLLI RYKKCIKLKQ VQSPPRDTLG VENKGYFGDE
           HQTRTEPVFP DIHPPHQRTA ESLENLPTSF SSPHYITLKP ASKDPRGLAD LNQSAKX
Macropus   MLLGFLLWIL LLISQI?--- ---------- ---------- ---------- ----------
           ---------- ---------- ---------- ----?????? ?????????? ??????????
           ?????????? GYFRKRDQRY LIEPLEHTDQ GEHAILKYDL K????????? ??????????
           ?????????? ?????????? ?????????? ?????????? ?????????? ?????LYKTL
           NIQVILVGLE MWTNGDKIEV SSNLGTTLLY FGGWQETTLK KRKNFDHAQL LSGNWLSQTT
           QGTAYLWGMC VPYHSSSIVK DHLHDTNMVA DKMAHELAHS LGMQHDTYPC TCTYGRCVMD
           GGGSIPSQGF SKCNRNQYRQ YLLDYKPMCI LNVPLSKDII TFPKCGNQIL EAGEECDCGS
           PEDCTNICCE AKKCILKPGS ACGGGECCES CKIKKAGVLC RTAKDDCDLP EVCDGFSPKC
           PVDRFRVNGS SCHNSQGYCF MGKCPTRDSQ CSEMFKYEAK SGHDICYERN KGGHKFGYCR
           KVDNRFVPCD EKDLKCGKIY CTGGQHFPTY GEDKTYHLKV PEENITVECK AFFPLQYTED
           LGMVASGTKC GDGK?????? ?????????? ?????????? ?????????? ??????????
           ?????????? ?????????? ?????????? ?????????? ?????????? ???????--?
           ?????????? ??????QNAL DTLEDIPAGY SSPQYITM-- ---------- -------
Tursiops   ---------- ---------- ---------- ---------- ---------- ----------
           ---------- ---------- ---------- ---------- ---------- ----------
           ---------- GFFRVSDRRY LIEPVKYSDE GEHVVFKYKP QMQQPANYSC TELNFTRTAV
           PNNTKSMEDS KME??????? ?????????? ?????????? ?????????? ??????????
           ?????????? ?????????? ?????????? ?????????? ?????????? ??GKWL-AHA
           QGTSYSGGIC LPYYSSSVVK D-LPDLNAIA SRMAHQLGHD LGMRHDDYPC TCTLGKCVMD
           SDGSIPALKF SKCSKTQYQQ YLKDYKPTCM FNIPFSDKLS DYPYCGNKRL DDGEECDCGP
           VQECTNPCCE AHKCMLKPGF SCAEGECCES RQLKKAASIC RPAKDECDFP EMCTGHSSGC
           PKDQFQINGF PCKNAKGYCF MGNCPTRDDQ CSEVFDKEAK DSSDICYKMN KIGNKFGYCK
           HTKHVLIPCE EKGIKCGKIF CTGGQHSSVL GEEKIYHLKK AKQNAT-ECK TFFLYHDSKD
           FGLVAPGTKC GDGLVCSNGE CVTTAQAYNS TNCSSQCNEN SVDDGELECQ CEAVQASAEW
           EETLNVTNIS ILVVGLILVI IGVVVVIVLI RYKKCIKLKQ VQSPPRETLG VENKGYFGDE
           QQTRTESILP GIHPLHPRTA ESSER-STSF LSPHCITLR- ---------- -------
Mustela    MFPRSLLFMI TLVSQIKEKA ILGVEGQEVV YPKRLPLRQK RDVWHIHDYD IQET-DEELL
           YELKLTRKTL ILHLLRSREF LASNYSETYY SARGEVITSY PSTMDHCFYQ GSIIHEFDSS
           ASISTCNGLR GFFRVYDQRY LIEPVKYSDE GQHLVFRYNP RMQYAANYSC TEFNFTRTND
           SKDIKIMEDF KRKNVHKEKY VELFIVADYN VYHRNNHPHS KLRNRIWGMA NFVNMIYKTL
           DIHVTLVGLE MWTNGDKIDI DSNIENTLLR FSTWQEIILK KRKNFDHVIL LSGKWLYIHA
           QGTSYSEGIC LPYYSSSVVK DLLPDLNVVA SRIAHQLGHN LGMKHDDYPC TCNFERCVMD
           RGGSIPALKF SKCNRIQYLR HLKDYNPTCM FNIPFSDKSN NHPHCGNKKL DEGEECDCGP
           VQECTNPCCD ANKCMLKPGF SCAEGECCEA CQMKKSGSIC RPAKDECDFP EVCTGYSSAC
           PNDKFQVNGF PCKNAKGYCF MGKCPTRDDQ CSQFFDNEKG ESSDLCYEMN KKGNRFGYCK
           NKENRLIPCE EKNIKCGKIH CSRGQHLSLP GKEKINHLKK SKLNVTTECK TFILYQNSKD
           LGLVAPGTKC GDGLVCSNGE CVELEKVYNS TNCSSQCDEK AVDNHELECQ CEEEQKHVDW
           GKNLNITYIS ILVVVLVLVI IGVGVVVLLI HHQKCIKLKR ILSPLRDTLG VENKGYFGDE
           QQTRTEPIFP DIHPLHQITA ESLEQLPTSF SSPHYITLKP ANKDPRGIAD PNQSAKM
Echinops   ---------- --------KI ILGVNGQELV YLKRLPLVHK RDVEHMHDSG IQEAYEEELM
           YELVLNRKTI ILHLVRTREL LSSNYSEIYS STKGEMI-RH PQITEHCFYQ GSITHVVDSA
           LSISTCNGLR GFFRLKEQRY LIEPVKYTDE GEHLVFRYNP KVHYAANYSC TELNFTKNAV
           P-NTKSMQN- KMENAYKEKY IELFIVADYS M????????? ?????????? ?????IYKTL
           NLYVTLVGFE VWTNEDKIKV DANIETTLSS FSSWQETVLK KRGTFDHVVL LSGKWLYTNA
           QGTSYPRGMC LPYYSSSVVK DLLPDLNIVA NRMAHQMGHS LGMQHDEFPC ICNSGKCVMD
           NSGSIPALKF SKCSKNQYLT YLKDHKPPCL MEVAFSDQFT DFPYCGNKKL DEGEECDCGS
           IQECANSCCD AEKCMLKPGF TCAEGECCKS CQ???????? ?????????? ??????????
           PKDQFQENGS PCKNSEGYCF MGKCPTRDEQ CSELFDDEAK GSHDICYEMN RNGNAYGYCK
           TTKSSFVSCK E????????? ?????????? ?????????? ?????????? ??????????
           ?????????? ?????????? ?????????? ?????????? ?????????? ??????????
           ?????????? ?????????? ?????????? ?????????? ?????????? ?????----?
           ?????????? ??????QRSA ESYESLP-GF SSPHYITLKP AGKDLRGIPD PNPSTKX
Otolemur   MLSGWIFSMI LLIFQIKEKV VPGIQGQEVV RPKRLPRIQK RDVGHMHTDE LPETYEEELL
           YEIRLNKKTL ILHLLRSREF LGSNYSETYY SQRGEALTRH PQIMDHCFYQ GAIVHEYDSA
           ASLSACDGLR GFFRVNDQRY LIEPVKYSNE GDHLVFKYNP RMPYAANFSC AEVNFTRKYV
           SGDTVSKEDA KTKNIRKKNY VELFIVADEN MYRRNSHPHN KLRSRIWGMV NFVNMIYKTL
           NIHVTLVGVE VWTNGDKLLQ HSNIETTLLR FSTWQETFLK PRKNFDHVFL LSGKWLYTNA
           QGISYQGGMC LPYHSSSVVK DLLPDINIVA NRMAHQLGHN LGMQHDEFPC TCPFGKCVMD
           TSGSVPALKF SKCSQNQYLQ YLKDYNPACM GNIPYPSKFP DFPYCGNKKL DEGEECDCGP
           VQECTNPCCD AHRCILKPGF TCAEGECCEF CQIKKAGSTC RPARNECDFP EVCTGHSHQC
           PKDQFRVNGF PCKNAEGYCF MGKCPTRDDQ CSELFDDGAK GSHDMCYKMN KKGNKFGYCK
           TQEDRFIPCE EKDVKCGKLY CAGGHHSFLH GEDKMYHLKT PKRNATIKCK TMFLYHNSED
           IGLVAVGTKC GDGMVCSNGE CVNNEMVYNS TNCHSQCDKN VEDDHELQCQ CEEEQTPVDW
           EETLNVTNIA IVVSVLVLVF IGVGIITLLI RYQKCIKLKH VQSPPREVLG VENKGYFGDE
           KETRMEPILP DIHPLSQKAT ESLEKLPTNF SSPHYITLKP SSKDSRGITD PNQSAD-
Felis      MFPGTLLFMI ILISQIKEKV ILGVEGQELV YPKRLPLMQK RDVWHIHDYD IQETYEEELL
           YELRLTRKTL ILHLLKSREF LASNYSETYY SIKGEAVTSY PSTTDHCFYQ GSIIHEFDSS
           ASISTCNGLR GFFRVYNQRY LIEPVKYSDE GQHFVFRYNP KAQFAANYSC TELNFTRTTD
           PKAIKIVEDL KTENTHKEKY VELFIVADDN VCRRNNHPHS KIRNRIWGMV NFVNMIYKTM
           DIHVTLVGLE MWTNGDKIDI DSNMENTLLR FSSWQEIFLK KRNNFDHVLL LSGKWLYTNA
           QGISYPGGIC LPYYSSSVVK DLLPDLNVVA SRIAHQLGHS LGMKHNDYPC TCTFERCVMD
           HGGSIPALKF SKCNRIRYLQ HVKDYNPTCL FNVPFSDKLS DYPYCGDKKL DEGEECDCGP
           VQECSNPCCD ANKCVLKPGF TCAEGECCES CQMKKSGSMC RPAKDECDFP EVCTGHSSAC
           PMDKFQVNGV PCKNAKGYCF MGKCPTRDDQ CSELFDNEVK DSSDLCYEMN KRGNRFGYCK
           NKENGLIPCE EKDVKCGKIH CSRGKHSSLP EEEKIYHLKK KKVNVTTECK TFSSYRNSKD
           LGLVASGTKC GDKMVCSNGE CVKLEKVYNS TNCLSLCSEN AVDGPELQCQ CEEEQEHVDW
           GRKLHVADIS ILVVVLVLVI IGVGVVALLI RYQKCIKLKQ IQSPPRETLG VENKGYFGDE
           QQTRTEPIFP DIHPLHQRTA ESLERLPTSF SSPHYITLKS ANKDPRGIAD PSQSAKE
Pteropus   LL-RSLFFMT LLISQITEKV ILGVEGQELV YPKKLPVVQK RDVWHTHDYD TQETYEEELL
           YEISLSRKSF ILHLLRSREF LALNYSETYY STKGGEITRH PQIM?????? ??????FDSA
           ASISTCNGLR GFFRVYDQRY LIEPVKYSDE GEHLVFKYNP KMQYAANHSC TELNFTRTTV
           PNNSKYIEDI KMGVIHYG?? ?????????? ?YHRNKH-HG KLRNRVWGMV NFVNMIYKTL
           DIHVTLVGLE MWTNGDKIEI DSNIETTLLR FSAWQETILR KRKNFDHALL LSGKWLYTNA
           QGTSYPEGMC LPYYSSSVVK DLLPDLNIVA SRMAHQLGHS LGMQHTDYPC TT--------
           -----PALKF SKCNRMRYMQ FLKDYRPTCM FNAPFFDKFS DSPYCGNKKL DDGEECDCGP
           VQECSNPCCD AKKCVLKPGF TCAEGGCCES CQMKKAGSIC RPAKDECDFP EVCTGHSSGC
           PKDRFQENGF PCKNAKGYCF MGRCPTRDDQ CSELFDNGAK DSSDICYLMN KKGNRFGYCK
           HKENRLIPCE KKDVKCGKIY CTGGQHSSVV GEEKTYYFKK PQQNVTAECK TFYLYHNSKD
           LGLVATGTKC GDGMVCSDGE CVTIENAYNS TSCSSQCNEN IVDGSELECL CKDEQVAVDW
           EESLNVTNLS ILVVVPILVV ISIGIITLLI RSQKCIKLKL VQSPPRETLG VENKGYFGDE
           QQTRTEPVLP NIHPLHRRTA ESSERLPTSF SSPHYITLKP ASRDSRGLTD PNQIAKX
Tarsius    MHPGCIFLVI VLISQIKEKI ILGVEGQERV RPKRLPLVQK RDVEHTHDDD IPEAYEEELW
           YEIKLNRKTL ILHLLRSREF LASNYSETYY YINGEMLTRH PQIM?????- ----------
           ---------- ---------- -????????? ?????????? ?VPYAANYSC AELNFTRKTA
           PGDTKSKEDL EMKSIHEEKY VELFIVADDN VHRRNSHPHD KLRNRIWGMV NFVNMIYKTL
           NIQVTLVGLE IWTNGDKIEQ HSNIETTLLR FAAWQEMILK MRKNFDHAIL LSGKWLYAHS
           QGMSYPAGMC LPYYSSSVIK ?????????? ?????????? ?????????? ????------
           ?????????F --CFRTQRKQ FLQNCKQICM LNTPSPHKFN DFQYCCHTNL DEGEECDCGL
           LQECTNPCCD AHRCVLKPGF TCAEGECCES CQIKKAGSIC RLATDECDFP EVCTGHSAAC
           PKDRFQVNGF PCKNAQGYCF MGKCPTRDDQ CSEFFDD??? ?????????? ??????????
           ?????????? ??NIRCGKIY CTGGQQSSFL GEGKTYHLKD SEQNITVQCK TIFLNHNSQD
           VGLVATGTKC GDGMVCSNGE CLNMENVYNS TNCPSQCSEN D????????? ??????????
           ???????NVV FLVVILVLIA IGIGVATLLI RYQKCIKLKQ VQSSPRETLG VENKGYFGDE
           QQTRTEPILP DIHPLHQRTA ESLESPPTSF SSPHYITL?? ????????VE FGHSAX-
Microcebus MFSGCMFLMI LLISQIEEKI ILGVQGQELV RPKKLPLIHK RDVGHTHGDD IQEKYEEELM
           YEIKLNRKTL ILHLLRSREF LASNYSETYY SIRGEALTRH PQIMEHCFYQ GTITHEYDSA
           ASISTCNGLR GFFRVSDQRY LIEPVKYSDE GEHLVFKYNP RVPYTANYSC SELNFTGKTV
           SSDTIHKEDS QTKNIHNEKY VELFIVADDN V????????? ?????????? ?????IYKTL
           NIQVTLVGLE IWTNGDKIQL DSNIETTLLR FSTWQETVLK TRKSFDHVVL LSGKWLYTHA
           QGISYPAGMC LPYHSCSVIK ?????????? ?????????? ?????????? ??????????
           TSGSIPALKF SKCSQNQYQQ YLKDYKPTCM FNIPFPAKFD DFQYCGNKKL DEGEECDCGP
           VQECTNPCCD AHKCVLKPGF TCAEGECCEF CQIKEAGSTC RPAKNECDFP EACTGHSPAC
           PKDQFQVNGF PC-NAEGYCF MG-CPTRDDQ CSELFADGAK KSHDMCYKMN KKGNKFGYCK
           KQENRFIPCE EKDVKCGKIY CTGGHHSSLF GEDKTYHLKY PKQNGTITCK TMFLYHDSKD
           VGLVAFGTKC GDGMVCSNGE CVNNEKVYSS TNCHSQCGES D????????? ??????????
           ????????IA ILVVVLGLVV TGIGVVTLLI RYQKCIKLKQ IQSPPRETLG VENKGYFADE
           QQTRTEPILP DIHPLHRRTA ESLENLPASF SSPHYITLKP ASKDSRGITD PNQSAKX
