   40   419
Dasypus    MIHSLFLINS SGDIFLEKHW KSVVSRSVCD YFFEAQERAT EAENVPPVIP TPHHYLLSVY
           RHKIFFVAVI QTEVPPLFVI EFLHRVVDTF QDYFGVCSEP VIKDNVVVVY EVLEEMLDNG
           FPLATESNIL KELIKPPTIL RTVVNTITGS TNVGDQLPTG QLSVVPWRRT GVKYTNNEAY
           FDVIEEIDAI IDKSGSTITA EIQGVIDACV KLTGMPDLTL SFMNPRLLDD VSFHPCVRFK
           RWESERILSF IPPDGNFRLL SYHVSAQNLV AIPVYVKHSI SFRDSSSLGR FEITVGPKQT
           MGKTIEGVIV TSQMPKGVLN MSLTPSQGTH TFDPVTKMLS WDVGKINPQK LPSLKGTMSL
           QAGASKPDEN PTINLQFKIQ QLAISGLKVN RLDMYGEKYK PFKGIKYMTK AGKFQVRTX
Echinops   ---------- ---------- ---------- ---------- ---------- ----------
           ---------- ---------- ---------- -DYFGVCSEP VIKDNVVVVY EVLEEMLDNG
           FPLATESNIL KELIKPPTIL RTVVNTITGS TNVGDQLPTG QLSVVPWRRT GVKYTNNEAY
           FDVIEEIDAI IDKSGSTITA EIQGVIDACV KLTGMPDLTL SFMNPRLLDD VSFHPCVRFK
           RWESERILSF IPPDGNFRLL SYHVSAQNLV AIPVYVKHNI SFRDSSSLGR FEITVGPKQT
           MGKAIEGVIV TSQMPKGVLN MSLTPSQGVH TFDPVTKMLS WDVGKINPQK LPSLKGTMSL
           QAGASKPDEN PTINLQFKIQ QLAISGLKVN RLDMYGEKYK PFKGIKYMTK AGKFQVRTX
Pongo      MIHSLFLINS SGDIFLEKHW KSVVSRSVCD YFFEAQERAT EAENVPPVIP TPHHYLLSVY
           RHKIFFVAVI QTEVPPLFVI EFLHRVVDTF QDYFGVCSEP VIKDNVVVVY EVLEEMLDNG
           FPLATESNIL KELIKPPTIL RTVVNTITGS TNVGDQLPTG QLSVVPWRRT GVKYTNNEAY
           FDVIEEIDAI IDKSGSTITA EIQGVIDSCV KLTGMPDLTL SFMNPRLLDD VSFHPCVRFK
           RWESERILSF IPPDGNFRLL SYHVSAQNLV AIPVYVKHNI SFRDSSSLGR FEITVGPKQT
           MGKTIEGVTV TSQMPKGVLN MSLTPSQGTH TFDPVTKMLS WDVGKINPQK LPSLKGTMSL
           QAGASKPDEN PTINLQFKIQ QLAISGLKVN RLDMYGEKYK PFKGIKYMTK AGKFQVRTX
Ictidomys  MIHSLFLINS SGDIFLEKHW KSVVSRSVCD YFFEAQERAT EAENVPPVIP TPHHYLLSVY
           RHKIFFVAVI QTEVPPLFVI EFLHRVVDTF QDYFGVCSEP VIKDNVVVVY EVLEEMLDNG
           FPLATESNIL KELIKPPTIL RTVVNTITGS TNVGDQLPTG QLSVVPWRRT GVKYTNNEAY
           FDVIEEIDAI IDKSGSTVTA EIQGVVDACV KLTGMPDLTL SFMNPRLLDD VSFHPCVRFK
           RWESERILSF IPPDGNFRLL SYHVSAQNLV AIPVYVKHNI SFRDSSSLGR FEITVGPKQT
           MGKTIEGVIV ISQMPKGVLN MSLTPSQGTH TFDPVTKMLS WDVGKINPQK LPSLKGTMSL
           QAGASKPDEN PTINLQFKIQ QLAISGLKVN RLDMYGEKYK PFKGIKYMTK AGKFQVRTX
Loxodonta  MIHSLFLINS SGDIFLEKHW KSVVSRSVCD YFFEAQERAT EAENVPPVIP TPHHYLLSVY
           RHKIFFVAVI QTEVPPLFVI EFLHRVVDTF QDYFGVCSEP VIKDNVVVVY EVLEEMLDNG
           FPLATESNIL KELIKPPTIL RTVVNTITGS TNVGDQLPTG QLSVVPWRRT GVKYTNNEAY
           FDVIEEIDAI IDKSGSTITA EIQGVIDACV KLTGMPDLTL SFMNPRLLDD VSFHPCVRFK
           RWESERILSF IPPDGNFRLL SYHVSAQNLV AIPVYVKHSI SFRDSSSLGR FEITVGPKQT
           MGKAIEGVTV TSQMPKGVLN MSLTPSQGTH TFDPVTKMLS WDVGKINPQK LPSLKGTMSL
           QAGASKPDEN PTINLQFKIQ QLAISGLKVN RLDMYGEKYK PFKGIKYMTK AGKFQVRTX
Canis      MIHSLFLINS SGDIFLEKHW KSVVSRSVCD YFFEAQERAT EAENVPPVIP TPHHYLLSVY
           RHKIFFVAVI QTEVPPLFVI EFLHRVVDTF QDYFGVCSEP VIKDNVVVVY EVLEEMLDNG
           FPLATESNIL KELIKPPTIL RTVVNTITGS TNVGDQLPTG QLSVVPWRRT GVKYTNNEAY
           FDVIEEIDAI IDKSGSTITA EIQGVIDACV KLTGMPDLTL SFMNPRLLDD VSFHPCVRFK
           RWESERILSF IPPDGNFRLL SYHVSAQNLV AIPVYVKHNI SFRDSSSLGR FEITVGPKQT
           MGKTIEGVIV TSQMPKGVLN MSLTPSQGTH TFDPVTKMLS WDVGKINPQK LPSLKGTMSL
           QAGASKPDEN PTINLHFKIQ QLAISGLKVN RLDMYGEKYK PFKGIKYMTK AGKFQVRTX
Macaca     MIHSLFLINS SGDIFLEKHW KSVVSRSVCD YFFEAQERAT EAENVPPVIP TPHHYLLSVY
           RHKIFFVAVI QTEVPPLFVI EFLHRVVDTF QDYFGVCSEP VIKDNVVVVY EVLEEMLDNG
           FPLATESNIL KELIKPPTIL RTVVNTITGS TNVGDQLPTG QLSVVPWRRT GVSLLRRTEK
           VSVICSF-CL IPVSGSTITA EIQGVIDACV KLTGMPDLTL SFMNPRLLDD VSFHPCVRFK
           RWESERILSF IPPDGNFRLL SYHVSAQNLV AIPVYVKHNI SFRDSSSLGR FEITVGPKQT
           MGKTIEGVTV TSQMPKGVLN MSLTPSQGTH TFDPVTKMLS WDVGKINPQK PPNLKGTMSL
           QAGASKPDEN PTINLQFKIQ QLAISGLKVN RLDMYGEKYK PFKGIKYMTK AGKFQVRTX
Myotis     MIHSLFLINS SGDIFLEKHW KSVVSRSVCD YFFEAQERAT EAENVPPVIP TPHHYLLSVY
           RHKIFFVAVI QTEVPPLFVI EFLHRVVDTF QDYFGVCSEP VIKDNVVVVY EVLEEMLDNG
           FPLATESNIL KELIKPPTIL RTVVNTITGS TNVGDQLPTG QLSVVPWRRT GVKYTNNEAY
           FDVIEEIDAI IDKSGSTITA EIQGVIDACV KLTGMPDLTL SFMNPRLLDD VSFHPCVRFK
           RWESERILSF IPPDGNFRLL SYHVSAQNLV AIPVYVKHNI SFRDSSSLGR FEITVGPKQT
           MGKTIEGVIV TSQMPKGVLN MSLTPSQGTH TFDPVTKMLS WDVGKINPQK LPSLKGTMSL
           QAGASKPDEN PTINLQFKIQ QLAISGLKVN RLDMYGEKYK PFKGIKYMTK AGKFQVRTX
Felis      MIHSLFLINS SGDIFLEKHW KSVVSRSVCD YFFEAQERAT EAENVPPVIP TPHHYLLSVY
           RHKIFFVAVI QTEVPPLFVI EFLHRVVDTF QDYFGVCSEP VIKDNVVVVY EVLEEMLDNG
           FPLATESNIL KELIKPPTIL RTVVNTITGS TNVGDQLPTG QLSVVPWRRT GVKYTNNEAY
           FDVIEEIDAI IDKSGSTITA EIQGVIDACV KLTGMPDLTL SFMNPRLLDD VSFHPCVRFK
           RWESERILSF IPPDGNFRLL SYHVSAQNLV AIPVYVKHNI SFRDSSSLGR FEITVGPKQT
           MGKTIEGVIV TSQMPKGVLN MSLTPSQGTH TFDPVTKMLS WDVGKINPQK LPSLKGTMSL
           QAGASKPDEN PTINLQFKIQ QLAISGLKVN RLDMYGEKYK PFKGIKYMTK AGKFQVRTX
Callithrix MIHSLFLINS SGDIFLEKHW KSVVSRSVCD YFFEAQERAT EAENVPPVIP TPHHYLLSVY
           RHKIFFVAVI QTEVPPLFVI EFLHRVVDTF QDYFGVCSEP VIKDNVVVVY EVLEEMLDNG
           FPLATESNIL KELIKPPTIL RTVVNTITGS TNVGDQLPTG QLSVVPWRRT GVKYTNNEAY
           FDVIEEIDAI IDKSGSTITA EIQGVIDACV KLTGMPDLTL SFMNPRLLDD VSFHPCVRFK
           RWESERILSF IPPDGNFRLL SYHVSAQNLV AIPVYVKHNI SFRDSSSFGR FEITVGPKQT
           MGKTIEGVTV TSQMPKGVLN MSLTPSQGTH TFDPVTKMLS WDVGKINPQK LPSLKGTMSL
           QAGASKPDEN PTINLQFKIQ QLAISGLKVN RLDMYGEKYK PFKGIKYMTK AGKFQVRTX
Macropus   MIHSLFLINS SGDIFLEKHW KSVVSRSVCD YFFEAQERAT EAENVPPVIP TPHHYLLSVY
           RHKIFFVAVI QTEVPPLFVI EFLHRVVDTF QDYFGVCSEL VIKDNVVVVY EVLEEMLDNG
           FPLATESNIL KELI-PPTIL RTVVNTIT?? ?????????? ?????????? ??????????
           ?????????? ?????STITA EIQGVIDACV KLTGMPDLTL SFMNPRLLDD VSFHPCVRFK
           RWESERILSF IPPDGNFRLL SYHVSAQNLV AIPVYVKHNI SFRDSSSLGR FEITVGPKQT
           MGKTIEGVIV TSQMPKGVLN MSLTPSQGTH TFDPVTKLLS WDVGKINPQK LPSLKGTMSL
           QAGASKPDEN PTINLQFKIQ QLAISGLKVN RLDMYGEKYK PFKGIKYMTK AGKFQVRTX
Erinaceus  ---------- ---------- ---------- ---------- ---------- ----------
           ---------- ---------- ---------- ---------- ---------- ----------
           ---------- ---------- ---------S TNVGDQLPTG QLSVVPWRRT GVKYTNNEAY
           FDVIEEIDAI IDKSGSTNTA EIQGVIDACV KLTGMPDLTL SFMNPRLLDD VSFHPCVRFK
           RWESERILSF IPPDGNFRLL SYHVSAQNLV AIPVYVKHSI SFRDSSSLGR FEITVGPKQT
           MGKTIEGVIV TSQMPKGVLN MSLTPSQGTH TFDPVTKMLS WDVGKINPQK LPSLKGTMSL
           QAGTSKPDEN PTINLQFKIQ QLAISGLKVN RLDMYGEKYK PFKGIKYMTK AGKFQVRTX
Sorex      MIHR-HLINS SGDIFWRKHR KSVISRSVCD YFFDAQERAT EAENVPPVIP TPHHYLLSVY
           RHKIFFVAVI QTEVPPLFVI EFLHRVVDTF Q????????? ?????????? ??????????
           ?????????? ?????????? ?????????S TNVGDQLPTG QLSVVPWRRT GVKYTNNEAY
           FDVIEEIDAI IDKSGSTITA EIQGVIDACV KLTGMPDLTL SFMNPRLLDD VSFHPCVRFK
           RWESERILSF IPPDGNFRLL SYHVSAQ??? ?????????? ?????????? ??????????
           ?????????? ?????????? ?????????? ???????MLT WDVRKINPPK VPSLKGTMSL
           QAGTSKPDEN PTINLQFKIQ QLAIS----- ---------- ---------- ---------
Choloepus  MIHSLFLINS SGDIFLEKHW KSVVSRSVCD YFFEAQERAT EAENVPPVIP TPHHYLLSVY
           RHKIFFVAVI QTEVPPLFVI EFLHRVVDTF QDYFGVCSEP VIKDNVVVVY EVLEEMLDNG
           FPLATESNIL KELIKPPTIL RTVVNTITGS TNVGDQLPTG QLSVVPWRRT GVKYTNNEAY
           FDVIEEIDAI IDKSGSTITA EIQGVIDACV KLTGMPDLTL SFMNPRLLDD VSFHPCVRFK
           RWESERILSF IPPDGNFRLL SYHVSAQNLV AIPVYVKHNI SFRDSSSLGR FEITVGPKQT
           MGKTIEGVTV TSQMPKGVLN MSLTPSQGTH TFDPVTKMLS WDVGKINPQK LPSLKGTVSL
           QAGASKPDEN PTINLQFKIQ QLAISGLKVN RLDMYGEKYK PFKGIKYMTK AGKFQVRTX
Nomascus   MIHSLFLINS SGDIFLEKHW KSVVSRSVCD YFFEAQERAT EAENVPPVIP TPHHYLLSVY
           RHKIFFVAVI QTEVPPLFVI EFLHRVVDTF QDYFGVCSEP VIKDNVVVVY EVLEEMLDNG
           FPLATESNIL KELIKPPTIL RTVVNTITGS TNVGDQLPTG QLSVVPWRRT GVKYTNNEAY
           FDVIEEIDAI IDKSGSTITA EIQGVIDACV KLTGMPDLTL SFMNPRLLDD VSFHPCVRFK
           RWESERILSF IPPDGNFRLL SYHVSAQNLV AIPVYVKHNI SFRDSSSLGR FEITVGPKQT
           MGKTIEGVTV TSQMPKGVLN MNLTPSQGTH TFDPVTKMLS WDVGKINPQK LPSLKGTMSL
           QAGASKPDEN PTINLQFKIQ QLAISGLKVN RLDMYGEKYK PFKGIKYMTK AGKFQVRTX
Ornithorhy MIHSLFLINS SGDIFLEKHW KSVVSRSVCD YFFEAQERAT EAENVPPVIP TPHHYLLSVY
           RHKIFFVAVI QTEVPPLFVI EFLHRVVDTF QDYFGVCSEV VIKDNVVVVY EVLEEMLDNG
           FPLATESNIL KELIKPPTIL RTVVNTITGS TNVGDQLPTG QLSVVPWRRT GVKYTNNEAY
           FDVIEEIDSI IDKSGSTITA EIQGVIDACV KLTGMPDLTL SFMNPRLLDD VSFHPCVRFK
           RWESERILSF IPPDGNFRLL SYHVSAQNLV AIPVYVKHNI SFRDSSSLGR FEITVGPKQT
           MGKTIEGVIV TSQMPKGVLN MSLTPSQGAH TFDPVTKLLS WDVGKINPQK LPSLKGTMSL
           QAGASKPDEN PTINLQFKIQ QLAISGLKVN RLDMYGEKYK PFKGIKYMTK AGKFQVRTX
Vicugna    ---------- ---------- ---------- ---------- ---------- ----------
           --KIFLVAVV HTEVPPLFVI EFLHRVVDTF QDYFGVCSEP VIKDNVVVVY EVLEEMLDNG
           FPLATESNIL KELIKPPTIL RTVVNTITGS TNVGDQLPTG QLSVVPWRRT GVKYTNNEAY
           FDVIEEIDAI IDKSGSTITA EIQGVIDACV KLTGMPDLTL SFMNPRLLDD VSFHPCVRFK
           RWESERILSF IPPDGNFRLL SYHVSAQNLV AIPVYVKHSI SFRDSSSLGR FEITVGPKQT
           MGKTIEGVTV TSQMPKG??? ?????????? ?????????? ?????????? ??????????
           ?????????? ?????????? ??????LIVN RLDMYGEKYK PFKGIKYMTK AGKFQVRTX
Monodelphi MIHSLFLINS SGDIFLEKHW KSVVSRSVCD YFFEAQERAT EAENVPPVIP TPHHYLLSVY
           RHKIFFVAVI QTEVPPLFVI EFLHRVVDTF QDYFGVCSEL VIKDNVVVVY EVLEEMLDNG
           FPLATESNIL KELIKPPTIL RTVVNTITGS TNVGDQLPTG QLSVVPWRRT GVKYTNNEAY
           FDVIEEIDAI IDKSGSTITA EIQGVIDACV KLTGMPDLTL SFMNPRLLDD VSFHPCVRFK
           RWESERILSF IPPDGNFRLL SYHVSAQNLV AIPVYVKHNI SFRDSSSLGR FEITVGPKQT
           MGKTIEGVIV TSQMPKGVLN MSLTPSQGTH TFDPVTKLLS WDVGKINPQK LPSLKGTMSL
           QAGASKPDEN PTINLQFKIQ QLAISGLKVN RLDMYGEKYK PFKGIKYMTK AGKFQVRTX
Cavia      MIHSLFLINS SGDIFLEKHW KSVVSRSVCD YFFEAQERAT EAENVPPVIP TPHHYLLSVY
           RHKIFFVAVI QTEVPPLFVI EFLHRVVDTF QDYFGVCSEP VIKDNVVVVY EVLEEMLDNG
           FPLATESNIL KELIKPPTIL RTVVNTITGS TNVGEQLPTG QLSVVPWRRT GVKYTNNEAY
           FDVIEEIDAI IDKSGSTVTA EIQGVIDACV KLTGMPDLTL SFMNPRLLDD VSFHPCVRFK
           RWESERILSF IPPDGNFRLL SYHVSAQNLV AIPVYVKHSI SFRDSSSLGR FEITVGPKQT
           MGKTIEGVTV LSQMPRGVLN MSLTPSQGTH TFDPVTKMLS WDVGKINPQK LPSLKGTMSL
           QAGASKPDEN PTINLQFKIQ QLAISGLKVN RLDMYGEKYK PFKGIKYMTK AGKFQVRTX
Sarcophilu MIHSLFLINS SGDIFLEKHW KSVVSRSVCD YFFEAQERAT EAENVPPVIP TPHHYLLSVY
           RHKIFFVAVI QTEVPPLFVI EFLHRVVDTF QDYFGVCSEL VIKDNVVVVY EVLEEMLDNG
           FPLATESNIL KELIKPPTIL RTVVNTITGS TNVGDQLPTG QLSVVPWRRT GVKYTNNEAY
           FDVIEEIDAI IDKSGSTITA EIQGVIDACV KLTGMPDLTL SFMNPRLLDD VSFHPCVRFK
           RWESERILSF IPPDGNFRLL SYHVSAQNLV AIPVYVKHNI SFRDSSSLGR FEITVGPKQT
           MGKTIEGVIV TSQMPKGVLN MSLTPSQGTH TFDPVTKLLS WDVGKINPQK LPSLKGTMSL
           QAGASKPDEN PTINLQFKIQ QLAISGLKVN RLDMYGEKYK PFKGIKYMTK AGKFQVRTX
Equus      MIHSLFLINS SGDIFLEKHW KSVVSRSVCD YFFEAQERAT EAENVPPVIP TPHHYLLSVY
           RHKIFFVAVI QTEVPPLFVI EFLHRVVDTF QDYFGVCSEP VIKDNVVVVY EVLEEMLDNG
           FPLATESNIL KELIKPPTIL RTVVNTITGS TNVGDQLPTG QLSVVPWRRT GVKYTNNEAY
           FDVVEEIDAI IDKSGSTITA EIQGVIDACV KLTGMPDLTL SFMNPRLLDD VSFHPCVRFK
           RWESERILSF IPPDGNFRLL SYHVSAQNLV AIPVYVKHNI SFRDSTSLGR FEITVGPKQT
           MGKTIEGVIV TSQMPKGVLN MSLSPSQGTH TFDPVTKMLS WDVGKINPQK LPSLKGTVSL
           QAGASRPDEN PTINLQFKIQ QLAISGLKVN RLDMYGEKYK PFKGIKYMTK AGKFQVRTX
Rattus     MIHSLFLINS AGDIFLEKHW KSVVSRSVCD YFFEAQERAT EAENVPPVIP TPHHYLLSVY
           RHKIFFVAVI QTEVPPLFVI EFLHRVVDTF QSYINVCSHP VAQASLSCVA QALSCVAQAS
           LSCVAQASLR RKVVRSKPAL NLPVLIVSGS TNVGDQLPTG QLSVVPWRRT GVKYTNNEAY
           FDVVEEIDAI IDKSGSTVTA EIQGVIDACV KLTGMPDLTL SFMNPRLLDD VSFHPCVRFK
           RWESERILSF IPPDGNFRLL SYHVSAQNLV AIPVYVKHSI SFRDSGSLGR FEITVGPKQT
           MGKTIEGVTV TSQMPKGVLN MSLTPSQGTH TFDPVTKMLS WDVGKINPQK LPSLKGTMGL
           QVGASKPDEN PTINLQFKIQ QLAISGLKVN RLDMYGEKYK PFKGIKYMTK AGKFQVRTX
Ochotona   MIHSLFLINS SGDIFLEKHW KSVVSRSVCD YFFEAQERAT EAENVPPVIP TPHHYLLSVY
           RHKIFFVAVI QTEVPPLFVI EFLHRVVDTF QDYFGVCSEP VIKDNVVVVY EVLEEMLDNG
           FPLATESNIL KELIKPPTIL RTVVNTIT?? ?????????? ?????????? ??????????
           ?????????? ?????????? ?????????? ?????????? ?????????? ??????????
           ?????????? ?????????? ????????LV AIPVYVKHSI SFRDSSSLGR FEITVGPKQT
           MGKTIEGVIV TSQMPKGVLN MSLTPSQGTH TFDPVTKMLS WDVGKINPQK LPSLKGTMNL
           QAGAPKPDEN PTINLQFKIQ QLAISGLKVN RLDMYGEKYK PFKGIKYMTK AGKFQVRTX
Gorilla    MIHSLFLINS SGDIFLEKHW KSVVSRSVCD YFFEAQERAT EAENVPPVIP TPHHYLLSVY
           RHKIFFVAVI QTEVPPLFVI EFLHRVVDTF QDYFGVCSEP VIKDNVVVVY EVLEEMLDNG
           FPLATESNIL KELIKPPTIL RTVVNTITGS TNVGDQLPTG QLSVVPWRRT GVKYTNNEAY
           FDVIEEIDAI IDKSGSTITA EIQGVIDACV KLTGMPDLTL SFMNPRLLDD VSFHPCVRFK
           RWESERILSF IPPDGNFRLL SYHVSAQNLV AIPVYVKHNI SFRDSSSHGR FEITVGPKQT
           MGKTIEGVTV TSQMPKGVLN MSLTPSQGTH TFDPVTKMLS WDVGKINPQK LPSLKGTMSL
           QAGASKPDEN PTINLQFKIQ QLAISGLKVN RLDMYGEKYK PFKGIKYMTK AGKFQVRTX
Procavia   MIHSLFLINS SGDIFLEKHW KSVVSRSVCD YFFEAQERAT EAENVPPVIP TPHHYLLSVY
           RHKIFFVAVI QTEVPPLFVI EFLHRVVDTF QDYFGVCSEP VIKDNVVVVY EVLEEMLDNG
           FPLATESNIL KELIKPPTIL RTVVNTITGS TNVGDQLPTG QLSVVPWRRT GVKYTNNEAY
           FDVIEEIDAI IEKSGSTITA EIQGVIDACV KLTGMPDLTL SFMNPRLLDD VSFHPCVRFK
           RWESERILSF IPPDGNFRLL SYHVSAQ??? ?????????? ?????????? ??????????
           ?????????? ?????????? ?????????? ???????MLS WDVGKINPQK LPSLKGTMSL
           QAGASKPDEN PTINLQFKIQ QLAISGLKVN RLDMYGEKYK PFKGIKYMTK AGKFQVRTX
Dipodomys  MIHSLFLINS SGDIFLEKHW KSVVSRSVCD YFFEAQERAT EAENVPPVIP TPHHYLLSVY
           RHKIFFVAVI QTEVPPLFVI EFLHRVVDTF QDYFGVCSEP VIKDNVVVVY EVLEEMLDNG
           FPLATESNIL KELIKPPTIL RTVVNTITGS TNVGDQLPTG QLSVVPWRRT GVKYTNNEAY
           FDVIEEIDAI IDKSGSTVAA EIQGVIDACV KLTGMPDLTL SFMNPRLLDD VSFHPCVRFK
           RWESERILSF IPPDGNFRLL SYHVSAQNLV AIPVYVKHNI SFRDSSSLGR FEITVGPKQT
           MGKTIEGVIV TSQMPRGVLN MSLTPSQGAH TFDPVTKMLS WDVGKINPQK LPSLKGTMSL
           QAGTSKPDEN PTINLQFKIQ QLAISGLKVN RLDMYGEKYK PFKGIKYMTK AGKFQVRTX
Otolemur   MIHSLFLINS SGDIFLEKHW KSVVSRSVCD YFFEAQERAT EAENVPPVIP TPHHYLLSVY
           RHKIFFVAVI QTEVPPLFVI EFLHRVVDTF QDYFGVCSEP VIKDNVVVVY EVLEEMLDNG
           FPLATESNIL KELIKPPTIL RTVVNTITGS TNVGDQLPTG QLSVVPWRRT GVKYTNNEAY
           FDVIEEIDAI IDKSGSTVTA EIQGVIDACV KLTGMPDLTL SFMNPRLLDD VSFHPCVRFK
           RWESERILSF IPPDGNFRLL SYHVSAQNLV AIPVYVKHSI SFRDSSSLGR FEITVGPKQT
           MGKAIEGVTV ASQMPRGVLN MSLTPSQGTH TFDPVTKMLS WDVGKINPQK LPSLKGTMSL
           QAGASKPDEN PTINLQFKIQ QLAISGLKVN RLDMYGEKYK PFKGIKYMTK AGRFQVRTX
Microcebus MIHSLFLINS SGDIFLEKHW KSVVSRSVCD YFFEAQERAT EAENVPPVIP TPHHYLLSVY
           RHKIFFVAVI QTEVPPLFVI EFLHRVVDTF Q????????? ?????????? ??????????
           ?????????? ?????????? ?????????S TNVGDQLPTG QLSVVPWRRT GVKYTNNEAY
           FDVIEEIDAI IDKS?????? ?????????? ?????????? ????????DD VSFHPCVRFK
           RWE-ERTLSF IPADGDFRLL SYHVSAQNLV AIPVYVRHNI SFRDSSSLGR FEITVGPKQT
           MGKTIEGVMV TSQMPKGVLN MSLTPSQGTH TFDPVTKMLS WDVGKINPQK LPSLKGTMSL
           QTGASKPDEN PTINLQFKIQ QLAIS----- ---------- ---------- ---------
Mus        MIHSLFLINS SGDIFLEKHW KSVVSRSVCD YFFEAQERAT EAENVPPVIP TPHHYLLSVY
           RHKIFFVAVI QTEVPPLFVI EFLHRVVDTF QDYFGVCSEP VIKDNVVVVY EVLEEMLDNG
           FPLATESNIL KELIKPPTIL RTVVNTITGS TNVGDQLPTG QLSVVPWRRT GVKYTNNEAY
           FDVVEEIDAI IDKSGSTVTA EIQGVIDACV KLTGMPDLTL SFMNPRLLDD VSFHPCVRFK
           RWESERILSF IPPDGNFRLL AYHVSAQNLV AIPVYVKHSI SFRDSSSLGR FEITVGPKQT
           MGKTIEGVIV TSQMPKGVLN MSLTPSQGTH TFDPVTKMLS WDVGKINPQK LPSLKGTMGL
           QVGASKPDEN PTINLQFKIQ QLAISGLKVN RLDMYGEKYK PFKGIKYMTK AGKFQVRTX
Pteropus   MIHSLFLINS SGDIFLEKHW KSVVSRSVCD YFFEAQERAT EAENVPPVIS TPHHYLLSVY
           RHKIFFVAVI QTEVPPLFVI EFLHRVVDTF QDYFGVCSEP VIKDNVVVVY EVLEEMLDNG
           FPLATESNIL KELIKPPTIL RTVVNTIT-S TNVGDQLPTG QLSVVPWRRT GVKYTNNEAY
           FDVIEEIDAI IDKSGSTITA EIQGVIDACV KLTGMPDLTL SFMNPRLLDD VSFHPCVRFK
           RWESERILSF IPPDGNFRLL SYHVSAQ??? ?????????? ?????????? ??????????
           ?????????? ?????????? ?????????? ???????MLS WDVGKINPQK LPSLKGTMSL
           QAGASKPDEN PTINLQFKIQ QLAISGLKVN RLDMYGEKYK PFKGIKYMTK AGKFQVRTX
Tursiops   MIHSLFLINS SGDIFLEKHW KSVVSRSVCD YFFEAQERAT EAENVPPVIS TPHHYLLSVY
           RHKIFFVAVI QTEVPPLFVI EFLHRVVDTF QDYFGVCSEP VIKDNVVVVY EVLEEMLDNG
           FPLATESNIL KELIKPPTIL RTVVNTITGS TNVGDQLPTG QLSVVPWRRT GVKYTNNEAY
           FDVIEEIDAI IDKS????TA EIQGVIDACV KLTGMPDLTL SFMNPRLLDD VSFHPCVRFK
           RWESERILSF IPPDGNFRLL SYHVSAQNLV AIPVYVKHNI SFRDSSSLGR FEITVGPKQT
           MGKSIEGVTV SSQMPRGVLS MNLTPSQGTH TFDPVTKMLS WDVGKINPQK LPSLKGTMSL
           QAGASKPDEN PTINLQFKIQ QLAISGLKVN RLDMYGEKYK PFKGIKYMTK AGKFQVRTX
Tarsius    MIHSLFLINS SGDIFLEKHW KSVVSRSVCD YFFEAQERAT EAENVPPVIP TPHHYLLSVY
           RHKIFFVAVI QTEVPPLFVI EFLHRVVDTF QDYFGVCSEP VIKDNVVVVY EVLEEMLDNG
           FPLATESNIL KELIKPPTIL RTVVNTITGS TNVGDQLPTG QLSVVPWRRT GVKYTNNEAY
           FDVIEEIDAI IDKSGSTITA EIQGVIDACV KLTGMPDLTL SFMNPRLLDD VSFHPCVRFK
           RWESERILSF IPPDGNFRLL SYHVSAQNLV AIPVYVKHNI SFRDSSSLGR FEITVGPKQT
           MGKTIEGVIV TSQMPKGVLN MSLTPSQGTH TFDPVTKMLS WDIGKINPQK LPSLKGTMSL
           QAGASKPDEN PTINLQFKIQ QLAISGLKVN RLDMYGEKYK PFKGIKYMTK AGKFQVRTX
Mustela    MIHSLFLINS SGDIFLEKHW KSVVSRSVCD YFFEAQERAT EAENVPPVIP TPHHYLLSVY
           RHKIFFVAVI QTEVPPLFVI EFLHRVVDTF QDYFGVCSEP VIKDNVVVVY EVLEEMLDNG
           FPLATESNIL KELIKPPTIL RTVVNTITGS TNVGDQLPTG QLSVVPWRRT GVKYTNNEAY
           FDVIEEIDAI IDKSGSTITA EIQGVIDACV KLTGMPDLTL SFMNPRLLDD VSFHPCVRFK
           RWESERILSF IPPDGNFRLL SYHVSAQNLV AIPVYVKHSI SFRDSSSLGR FEITVGPKQT
           MGKTIEGVMV TSQMPKGVLN MSLAPSQGTH TFDPVTKMLS WDVGKINPQK LPSLKGTMSL
           QAGASKPDEN PTINLQFKIQ QLAISGLKVN RLDMYGEKYK PFKGIKYMTK AGKFQVRTX
Tupaia     MIHSLFLINS SGDIFLEKHW KSVVSR???? ?????????? ?????????? ??????????
           ?????????? ?????????? ?????????? ?????????? ?????????Y EVLEEMLDNG
           FPLATESNIL KELIKPPTIL RTVVNTITGS TNVGDQLPTG QLSVVPWRRT GVKYTNNEAY
           FDVIEEIDAI IDKSGSTITA EIQGVIDACV KLTGMPDLTL SFMNPRLLDD VSFHPCVRFK
           RWESERILSF IPPDGNFRLL SYHVSAQ??? ?????????? ?????????? ??????????
           ?????????? ?????????? ?????????? ?????????? ?????????? ??????????
           ?????????? PTINLQFKIQ QLAISGLKVN RLDMYGEKYK PFKGIKYMTK AGKFQVRTX
Ailuropoda MIHSLFLINS SGDIFLEKHW KSVVSRSVCD YFFEAQERAT EAENVPPVIP TPHHYLLSVY
           RHKIFFVAVI QTEVPPLFVI EFLHRVVDTF QDYFGVCSEP VIKDNVVVVY EVLEEMLDNG
           FPLATESNIL KELIKPPTIL RTVVNTITGS TNVGDQLPTG QLSVVPWRRT GVKYTNNEAY
           FDVIEEIDAI IDKSGSTITA EIQGVIDACV KLTGMPDLTL SFMNPRLLDD VSFHPCVRFK
           RWESERILSF IPPDGNFRLL SYHVSAQNLV AIPVYVKHNI SFRDSSSLGR FEITVGPKQT
           MGKTIEGVIV TSQMPKGVLN MSLTPSQGTH TFDPVTKMLS WDVGKINPQK LPSLKGTMSL
           QAGASKPDEN PTINLQFKIQ QLAISGLKVN RLDMYGEKYK PFKGIKYMTK AGKFQVRTX
Bos        MIHSLFLINS SGDIFLEKHW KSVVSRSVCD YFFEAQERAT EAENVPPVIP TPHHYLLSVY
           RHKIFFVAVI QTEVPPLFVI EFLHRVVDTF QDYFGVCSEP VIKDNVVVVY EVLEEMLDNG
           FPLATESNIL KELIKPPTIL RTVVNTITGS TNVGDQLPTG QLSVVPWRRT GVKYTNNEAY
           FDVIEEIDAI IDKSGSTITA EIQGVIDACV KLTGMPDLTL SFMNPRLLDD VSFHPCVRFK
           RWESERILSF IPPDGNFRLL SYHVSAQNLV AIPVYVKHNI SFRDSSSLGR FEITVGPKQT
           MGKTIEGVTV TSQMPRGVLN MSLTPSQGTH TFDPVTKMLS WDVGKINPQK LPSLKGTMSL
           QAGASKPDEN PTINLQFKIQ QLAISGLKVN RLDMYGEKYK PFKGIKYMTK AGKFQVRTX
Pan        MIHSLFLINS SGDIFLEKHW KSVVSRSVCD YFFEAQERAT EAENVPPVIP TPHHYLLSVY
           RHKIFFVAVI QTEVPPLFVI EFLHRVVDTF QDYFGVCSEP VIKDNVVVVY EVLEEMLDNG
           FPLATESNIL KELIKPPTIL RTVVNTITGS TNVGDQLPTG QLSVVPWRRT GVKYTNNEAY
           FDVIEEIDAI IDKSGSTITA EIQGVIDACV KLTGMPDLTL SFMNPRLLDD VSFHPCVRFK
           RWESERILSF IPPDGNFRLL SYHVSAQNLV AIPVYVKHNI SFRDSSSLGR FEITVGPKQT
           MGKTIEGVTV TSQMPKGVLN MSLTPSQGTH TFDPVTKMLS WDVGKINPQK LPSLKGTMSL
           QAGASKPDEN PTINLQFKIQ QLAISGLKVN RLDMYGEKYK PFKGIKYMTK AGKFQVRTX
Homo       MIHSLFLINS SGDIFLEKHW KSVVSRSVCD YFFEAQERAT EAENVPPVIP TPHHYLLSVY
           RHKIFFVAVI QTEVPPLFVI EFLHRVVDTF QDYFGVCSEP VIKDNVVVVY EVLEEMLDNG
           FPLATESNIL KELIKPPTIL RTVVNTITGS TNVGDQLPTG QLSVVPWRRT GVKYTNNEAY
           FDVIEEIDAI IDKSGSTITA EIQGVIDACV KLTGMPDLTL SFMNPRLLDD VSFHPCVRFK
           RWESERILSF IPPDGNFRLL SYHVSAQNLV AIPVYVKHNI SFRDSSSLGR FEITVGPKQT
           MGKTIEGVTV TSQMPKGVLN MSLTPSQGTH TFDPVTKMLS WDVGKINPQK LPSLKGTMSL
           QAGASKPDEN PTINLQFKIQ QLAISGLKVN RLDMYGEKYK PFKGIKYMTK AGKFQVRTX
Sus        MIHSLFLINS SGDIFLEKHW KSVVSRSVCD YFFEAQERAT EAENVPPVIP TPHHYLLSVY
           RHKIFFVAVI QTEVPPLFVI EFLHRVVDTF QDYFGVCSEP VIKDNVVVVY EVLEEMLDNG
           FPLATESNIL KELIKPPTIL RTVVNTITGS TNVGDQLPTG QLSVVPWRRT RVKYTNNEAY
           FDVIEEIDAI IDKSGSTITA EIQGVIDACV KLTGMPDLTL SFMNPRLLDD VSFHPCVRFK
           RWESERILSF IPPDGNFRLL SYHVSAQNLV AIPVYVKHNI SFRDSSSLGR FEITVGPKQT
           MGKTIEGVTV ASQMPRGVLN MSLTPSQGTH TFDPVTKMLS WDVGKINPQK LPSLKGTMSL
           QAGASKPDEN PTINLQFKIQ QLAISGLKVN RLDMYGEKYK PFKGIKYMTK AGKFQVRTX
Oryctolagu MIHSLFLINS SGDIFLEKHW KSVVSRSVCD YFFEAQERAT EAENVPPVIP TPHHYLLSVY
           RHKIFFVAVI QTEVPPLFVI EFLHRVVDTF QDYFGVCSEP VIKDNVVVVY EVLEEMLDNG
           FPLATESNIL KELIKPPTIL RTVVNTITGS TNVGDQLPTG QLSVVPWRRT GVKYTNNEAY
           FDVIEEIDAI IDKSGSTITA EIQGVIDACV KLTGMPDLTL SFMNPRLLDD VSFHPCVRFK
           RWESERILSF IPPDGNFRLL SYHVSAQNLV AIPVYVKHSI SFRDSSALGR FEITVGPKQT
           MGKTIEGVLV SSQMPKGVLN MSLTPSQGTH TFDPVTKMLS WDVGKINPQK LPSLKGTMSL
           QAGAPKPDEN PTVNLQFKIQ QLAISGLKVN RLDMYGEKYK PFKGIKYMTK AGKFQVRTX
