   40   629
Gorilla    MAAAGAGPGQ EAGAGPGPGA AANATGAEEG EMKPVAAGAA APPGEGTSAA PTVEPSSGEA
           EGGEANLVDV SGGLETESSN GKDTLEGAGD TSEVMDTQAG SVDEENGRQL GEVELQCGIC
           TKWFTADTFG IDTSSCLPFM TNYSFHCNVC HHSGNTYFLR KQANLKEMCL SALANLTWQS
           RTQDEHPKTM FSKDKDIIPF IDKYWECMTT RQRPGKMTWP NNIVKTMSKE RDVFLVKEHP
           DPGSKDPEED YPKFGLLDQD LSNIGPAYDN QKQSSAVSTS GNLNGGIAAG SSGKGRGAKR
           KQQDGGTTGT TKKARSDPLF SAQRLPPHGY PLEHPFNKDG YRYILAEPDP HAPDPEKLEL
           DCWAGKPIPG DLYRACLYER VLLALHDRAP QLKISDDRLT VVGEKGYSMV RASHGVRKGA
           WYFEITVDEM PPDTAARLGW SQPLGNLQAP LGYDKFSYSW RSKKGTKFHQ SIGKHYSSGY
           GQGDVLGFYI NLPEDTETAK SLPDTYKDKN TMDFKSHIYT DYK-MVSNVV AKLKTQDSSE
           IIFYKNGVNQ GVAYKDIFEG VYFPAISLYK SCTVSINFGP CFKYPPKDLT YRPMSDMGWG
           AVVEHTLADV LYHVETEVDG RRSPPWEPX
Dasypus    MAAAGPGPGA GAVAGPGLAV AASTAAAEEG ETKPVVAAAA APAGEGTSAV PAAESGSGEA
           EGGDANLVDV SGGLETESSN GKDTLEGAGD TSEVMDTQAG SVDEENGRQL GEVELQCGIC
           TKWFTADTFG IDTSSCLPFM TNYSFHCNVC HHSGNTYFLR KQANLKEMCL SALANLTWQS
           RTQDEHPKTM FSKDKDIIPF IDKYWECMTT RQRPGKMTWP NNIVKTMSKE RDVFLVKEHP
           DPGSKDPEED YPKFGLLDQD LSNIGPAYDN QKQSSAVSTS GNLNGGIAAG SSGKGRGAKR
           KQQDGGTTGT TKKARSDPLF SAQRLPPHGY PLEHPFNKDG YRYILAEPDP HAPDPEKLEL
           DCWAGKPIPG DLYRACLYER VLLALHDRAP QLKISDDRLT VVGEKGYSMV RASHGVRKGA
           WYFEITVDEM PPDTAARLGW SQPLGNLQAP LGYDKFSYSW RSKKGTKFHQ SIGKHYSSGY
           GQGDVLGFYI NLPEDTETAK SLPDTYKDKA LIKFKSYLYF EEKDFVDKAE KSLKQTPHSE
           IIFYKNGVNQ GVAYKDIFEG VYFPAISLYK SCTVSINFGP CFKYPPKDLT YRPMSDMGWG
           AVVEHTLADV LYHVETEVDG RRSPPWEPX
Echinops   MAGVGTGPGP AAGAGPDEAG AAGAAAVEEG ESKAAVAAAA APTGDGTSAA PAAEPSSGEA
           ESGDANLVD- GGGLETESSN GKDTL????? ?????????? ?????????? ??????????
           ?????????? ????SCLPFM TNYSFHCNVC HHSGNTYFLR KQANLKEMCL SALANLTWQS
           RTQDEHPKTM FSKDKDIIPF IDKYWECMTT RQRPGKMTWP NNIVKTMSKE RDVFLVKEHP
           DPGSKDSEED YPKFGLLDQD LSNIGPAYDN QKQSGAVSTS GNLNGGIAAG SSGKGRGAKR
           KQQDGGTTGT TKKAR????? ?????????? ?????????? ?????????? ??????????
           ?????????? ?????????? ?????????? ?????????? ?????????? ??????????
           ?????????? ?????????? ?????NLQAP LGYDKFSYSW RSKKGTKFHQ SIGKHYSSGY
           GQGDVLGFYI SLPEDTETAK SLPDTYKDKA LIKFKSYLYF EEKDFVDKAE KSLKQTPHSE
           IIFYKNGVSQ GVAYKDIFEG VYFPAISLYK SCT?SINFGP CFKYPPKDLT YRPISDMGWG
           AVVEHTLADV LYHVETEVDG RRSPPWEPX
Pongo      MAAAGAGPGQ EAGAGPGPGA AANATGAEEG EMKPVAAGAA APPGEGTSAA PTAEPSSGEA
           EGGETNLVDV SGGLESESSK GKDTLEGAGD TSEVMDTQAG SVDEENGRQL GEVELQCGIC
           TKWFTADTFG IDTSSCLPFM TNYSFHCNVC HHSGNTYFLR KQANLKEMCL SALANLTWQS
           RTQDEHPKTM FSKDKDIIPF IDKYWECMTT RQRPGKMTWP NNIVKTMSKE RDVFLVKEHP
           DPGSKDPEEE YPKFGLLDQD LSNIGPAYDN QKQSSAVSTS GNLNGGIAAG SSGKGRGAKR
           KQQDGGTTGT TKKARSDPLF SAQRLPPHGY PLEHPFNKDG YRYILAEPDP HAPDPEKLEL
           DCWAGKPIPG DLYRACLYER VLLALHDRAP QLKISDDRLT VVGEKGYSMV RASHGVRKGA
           WYFEITVDEM PPDTAARLGW SQPLGNLQAP LGYDKFSYSW RSKKGTKFHQ SIGKHYSSGY
           GQGDVLGFYI NLPEDTETAK SLPDTYKDKA LIKFKSYLYF EEKDFVDKAE KSLKQTPHSG
           VIFYKNGVNQ GVAYKDIFEG VYFPAISLYK SCTVSINFGP CFKYPPKDLT YHPMSDMGWG
           AVVEHTLADV LYHVETEVDG RRSPPWEP-
Loxodonta  MAAAGTGPGS GAGAGPGPTA ASNAAAAEEG ETKPVAAVAA APAGEGTSAA PAAEPSSGEA
           DSGDANLVDV SGGLETESSN GKDTLEGAGD TSEAMDTQAG SVDEENGRQL GEVELQCGIC
           TKWFTADTFG IDTSSCLPFM TNYSFHCNVC HHSGNTYFLR KQANLKEMCL SALANLTWQS
           RTQDEHPKTM FSKDKDIIPF IDKYWECMTT RQRPGKMTWP NNIVKTMSKE RDVFLVKEHP
           DPGSKDPEED YPKFGLLDQD LSNIGPAYDN QKQSGAVSTS GNLNGGIAAG SSGKGRGAKR
           KQQDGGTTGT TKKARSDPLF SAQRLPPHGY PLEHPFNKDG YRYILAEPDP HAPDPEKLEL
           DCWAGKPIPG DLYRACLYER VLLALHDRAP QLKISDDRLT VVGEKGYSMV RASHGVRKGA
           WYFEITVDEM PPDTAARLGW SQPLGNLQAP LGYDKFSYSW RSKKGTKFHQ SIGKHYSSGY
           GQGDVLGFYI NLPEDTETAK SLPDTYKDKA LIKFKSYLYF EEKDFVDKAE KSLKQTPHSE
           IIFYKNGVNQ GVAYRDIFEG VYFPAISLYK SCAVSINFGP CFKCPPKDLS YRPMSDMGWG
           AVVEHTLADV LYHVETEVDG RRSPPWEPX
Canis      MAAAGTGPGP GVDAGPGPAA AANATTAEEG EIKPVVAVAT APAGEGASVA PTAEPSSGEA
           ESGDANSVDV GGGLETESSN GKDTLEGAGD TSEVMDTQAG SVDEENGRQL GEVELQCGIC
           TKWFTADTFG IDTSSCLPFM TNYSFHCNVC HHSGNTYFLR KQANLKEMCL SALANLTWQS
           RTQDEHPKTM FSKDKDIIPF IDKYWECMTT RQRPGKMTWP NNIVKTMSKE RDVFLVKEHP
           DPGSKDPEED YPKFGLLDQD LSNIGPAYDN QKQSSAVSTS GNLNGGIAAG SSGKGRGAKR
           KQQDGGTTGT TKKARSDPLF SAQRLPPHGY PLEHPFNKDG YRYILAEPDP HAPDPEKLEL
           DCWAGKPIPG DLYRACLYER VLLALHDRAP QLKISDDRLT VVGEKGYSMV RASHGVRKGS
           WYFEITVDEM PPDTAARLGW SQPLGNLQAP LGYDKFSYSW RSKKGTKFHQ SIGKHYSSGY
           GQGDVLGFYI NLPEDTETAK SLPDTYKDKA LIKFKSYLYF EEKDFVDKAE KSLKQTPHSE
           IIFYKNGVNQ GVAYKDIFEG VYFPAISLYK SCTVSINFGP CFKYPPKDLT YRPMSDMGWG
           AVVEHTLADV LYHVETEVDG RRSPPWEPX
Myotis     MAAAGTGPGP GVGAGPGPAA AANATVTEEG ETKPAVAVAA APAGEGTSAA PAAEPGSGEA
           ESGDANSVDV SGGLETESSN GKDTLEGAGD TSEAMDTQAG SVDEENGRQL GEIELQCGIC
           TKWFTADTFG IDTSSCLPFM TNYSFHCNVC HHSGNTYFLR KQANLKEMCL SALANLTWQS
           RTQDEHPKTM FSKDKDIIPF IDKYWECMTT RQRPGKMTWP NNIVKTMSKE RDVFLVKEHP
           DPGSKDPEED YPKFGLLDQD LSNIGPAYDN QKQSSAVNTS GNLNGGIAAG SSGKGRGAKR
           KQQDGGTTGT TKKARSDPLF SAQRLPPHGY PLEHPFNKDG YRYILAEPDP HAPDPEKLEL
           DCWAGKPIPG DLYRACLYER VLLALHDRAP QLKISDDRLT VVGEKGYSMV RASHGVRKGA
           WYFEITVDEM PPDTAARLGW SQPLGNLQAP LGYDKFSYSW RSKKGTKFHQ SIGKHYSSGY
           GQGDVLGFYI NLPEDTETAK SLPDTYKDKA LIKFKSYLYF EEKDFVDKAE KSLKQTPHSE
           IIFYKNGVNQ GVAYKDIFEG VYFPAISLYK SCTVSINFGP CFKYPPKDLT YRPMSDMGWG
           AVVEHTLADV LYHVETEVDG RRSPPWEPX
Felis      MAAAGTGPGP GVDAGPGPAA AANATVAEEG ETKPVVAVAT APAGEGTSVA PAAEPGSGEA
           ESGDANSVDV GGGLETESSN GKDTLEGAGD TSEVMDTQAG SVDEENGRQL GEVELQCGIC
           TKWFTADTFG IDTSSCLPFM TNYSFHCNVC HHSGNTYFLR KQANLKEMCL SALANLTWQS
           RTQDEHPKTM FSKDKDIIPF IDKYWECMTT RQRPGKMTWP NNIVKTMSKE RDVFLVKEHP
           DPGSKDPEED YPKFGLLDQD LSNIGPAYDN Q-QSSAVSTS GNLNGGIAAG SSGKGRGAKR
           KQQDGGTAGT TKKARSDPLF SAQRL-PHGY PLEHPFNKDG YRYILAEPDP HAPDPEKLEL
           DCWAGKPIPG DLYRACLYER VLLALHDRAP QLKISDDRLT VVGEKGYSMV RASHGVRKGA
           WYFEITVDEM PPDTAARLGW SQPLGNLQAP LGYDKFSYSW RSKKGTKFHQ SIGKHYSSGY
           GQGDVLGFYI NLPEDTETAK SLPDTYKDKA LIKFKSYLYF EEKDFVDKAE KSLKQTPHSE
           IIFYKNGVNQ GVAYKDIFEG VYFPAISLYK SCTVSINFGP CFKYPPKDLT YRPMSDMGWG
           AVVEHTLADV LYHVETEVDG RRSPPWEPX
Callithrix MAAAGAGPGP EAGAGPGPGA AANAAASEEG ETKPMAVGAA APGGEGASAA PTAEPSSGEA
           ESGDANLVDV SGGLETESSN GKDTIEGAGD TSEVMDTQAG SVDEENGRQL GEVELQCGIC
           TKWFTADTFG IDTSSCLPFM TNYSFHCNVC HHSGNTYFLR KQANLKEMCL SALANLTWQS
           RTQDEHPKTM FSKDKDIIPF IDKYWECMTT RQRPGKMTWP NNIVKTMSKE RDVFLVKEHP
           DPGSKDPEED YPKFGLLDQD LSNIGPAYDN QKQSSAVSTS GNLNGGIAAG SSGKGRGAKR
           KQQDGGTTGT TKKARSDPLF SAQRLPPHGY PLEHPFNKDG YRYILAEPDP HAPDPEKLEL
           DCWAGKPIPG DLYRACLYER VLLALHDRAP QLKISDDRLT VVGEKGYSMV RASHGVRKGA
           WYFEITVDEM PPDTAARLGW SQPLGNLQAP LGYDKFSYSW RSKKGTKFHQ SIGKHYSSGY
           GQGDVLGFYI NLPEDTETAK SLPDTYKDKA LIKFKSYLYF EEKDFVDKAE KSLKQTPHSE
           IIFYKNGVNQ GVAYKDIFEG VYFPAISLYK SCTVSINFGP CFKYPPKDLT YRPMSDMGWG
           AVVEHTLADV LYHVETEVDG RRSPPWEPX
Macropus   ---------- ---------- ---------- ---------- ---------- ----------
           ---DSTLVDV TAGLETESSN GKDTLEGAGD SSEVMDTQTG SVDEENGRQL GEVELQCGIC
           TKWFTADTFG IDT??????? ?????????? ?????????? ?????????? ??????????
           ?????????? ?????DIIPF IDKYWECMTT RQRPGKMTWP NNIVKTMSRE RDVFLVKEHP
           DPGSKDPEED YPKFGLLDQD LGNIGPAYDN QKQSSTVSTS GNLNGGIAAG SSGKGRGAKR
           KQQDGGTTGT TKKARSDPLF SAQRLPPHGY PLEHPFNKDG YRYILAEPDP HAPDPEKLEL
           DCWAGKPIPG DLYRACLYER VLLALHDRAP QLKISDDRLT VIGEKGYSMV RASHGVRKGA
           WYFEISVDEM PPDTAARLGW SQPLGNLQAP LGYDKFSYSW RSKKGTKFHQ SIGKRYSSGY
           GQGDILGFYI NLPEETETAK SLPDTYKDK? ?????????? ?????????? ??????????
           IIFYKNGVSQ GVAYKEIFEG VYFPAISLYK SCTVSINFGP CFKYPPRDLT YRPMSDMGWG
           AVVEHTLADV LYHVETEVDG RRSPPWEPX
Erinaceus  MAAAGTGPGP GVGAGSVPAA TANATASEEG ETKPAVAVAA APAGEG---- PAAEAGSGEP
           ESGDANMVDV SGGLETESSN GKDTSEGAGD TSEVMDTQAG SVDEENGRQL GEVELQCGIC
           TKWFTADTFG IDTSSCLPFM TNYSFHCNVC HHSGNTYFLR KQANLKEMCL SALANLTWQS
           RTQDEHPKTM FSKDKDIIPF IDKYWECMTT RQRPGKMTWP NNIVKTMSKE RDVFLVKEHP
           DPGSKDPEED YPKFGLLDQD LSNIGPAYDN QKQSSAVSTS GNLN??IAAG SSGKGRGAKR
           KQQDGGTTGT TKKARSDPLF SAQRLPPHGY PLEHPFNKDG YRYILAEPDP HAPDPEKLEL
           DCWAGKPIPG DLYRACLYER VLLALHDR?? ?????????? ?????????? ??????RKGT
           WYFEITVDDM PPDTAARLGW SQPLGNLQAP LGYDKFSYSW RSKKGTKFHQ SIGKHYSSGY
           GQGDVLGFYI NLPEDTETAK SLPDTYKDKA LIKFKSYLYF EEKDFVDKAE KSLKQTPHSE
           IIFYKNGVNQ GVAYRDIFEG VYFPAISLYK SCTVSINFGP CFKYPPKDLT YRPMSDMGWG
           AVVEHTLADV LYHVETEVDG RRSPPWEPX
Sorex      ---------- ---------- ---------- ---------- ---------- ----------
           ---------- ---------- ---------- ---------- ---------- ----------
           ---------- ----SCLPFM TNYSFHCNVC HHS-NTYFLP K-ANLKEMCL SALANLTWQS
           RTQDEHPKTM FSKDK????? ?????????? ?????????? ?????????? ??????????
           ?PGSKDPEED YPKLGLLDQD LSNIGPAYDN QKQSSAMSTG GNLNGGVTAG SSGKGRGAKR
           KQQDGGTTGT TKKARSDPLF SAQRLPPHGY PLEHPFNKDG YRYILAEPDP HAPDPEKLEL
           DCWAGKPIPG DLYRACLYER VLLALHDRAP QLKISDDRLT VVGEKGYSMV RASHGVRKGA
           WYFEITVDEM PPDTAARLGW SQPLGNLQAP LGYDKFSYSW RSKKGTKFHQ SIGKHYSSGY
           GQGDVLGFYI NLPEDTETAR SLPDTYKDKA LIKFKSYLYF EEKDFVDKAE KSLKQTPHSE
           IIFYKNGVNQ GVAYKDIFEG VYFPAISLYK SCTVSINFGP CFKFPPKDLT CRPMSDMGWG
           AVVEHTLADV LYHVETEVDG RRSPPWEPX
Choloepus  MATAGSGPGP GVVAGPGPVV AANAPFGEEG ETKPVVAVAT ?????????? ??????????
           ???DANLVDV SGGLETESSN GKDTLEGAGD TSEVMDTQAG SVDEENGRQL GEVELQCGIC
           TKWFTADTFG IDTSSCLPFM TNYSFHCNVC HHSGNTYFLR KQANLKEMCL SALANLTWQS
           RTQDEHPKTM FSKDKDIIPF IDKYWECMTT RQRPGKMTWP NNIVKTM??? ??????????
           ?????????? ?????????D LSNIGPAYDN QKQSSAVSTS GNLNGGIAAG SSGKGRGAKR
           KQQDGGTTGT TKKARSDPLF SAQRLPPHGY PLEHPFNKDG YRYILAEPDP HAPDPEKLEL
           DCWAGKPIPG DLYRACLYER VLLALHDRAP QLKISDDRLT VVGEKGYSMV RASHGVRKGT
           WYFEITVDEM PPAAAARLGW SQPL?????? ?????????? ?????????? ??????????
           ?????????? ?????????? ?????????? ?????????? ?????????? ??????????
           IIFYKNGVNQ GVAYKDIFEG VYFPAISLYK SCT??????? ?????????? ???MSDMGWG
           AVVEHTLADV LYHVETEVDG RRSPPWEPX
Nomascus   MAAAGAGPGQ EAGAGPGPGA AANATGAEDG EMKPVAAGAA APPGEGTSAA PTAEPSSGEA
           EGGEANLVDV SGGLETESSN GKDTLEGAGD TSEVMDTQAG SVDEENGRQL GEVELQCGIC
           TKWFTADTFG IDTSSCLPFM TNYSFHCNVC HHSGNTYFLR KQANLKEMCL SALANLTWQS
           RTQDEHPKTM FSKDKDIIPF IDKYWECMTT RQRPGKMTWP NNIVKTMSKE RDVFLVKEHP
           DPGSKDPEED YPKFGLLDQD LSNIGPAYDN QKQSSAVSTS GNLNGGIAAG SSGKGRGAKR
           KQQDGGTTGT TKKARSDPLF SAQRLPPHGY PLEHPFNKDG YRYILAEPDP HAPDPEKLEL
           DCWAGKPIPG DLYRACLYER VLLALHDRAP QLKISDDRLT VVGEKGYSMV RASHGVRKGA
           WYFEITVDEM PPDTAARLGW SQPLGNLQAP LGYDKFSYSW RSKKGTKFHQ SIGKHYSSGY
           GQGDVLGFYI NLPEDTETAK SLPDTYKDKA LIKFKSYLYF EEKDFVDKAE KSLKQTPHSE
           IIFYKNGVNQ GVAYKDIFEG VYFPAISLYK SCTVSINFGP CFKYPPKDLT YRPMSDMGWG
           AVVEHTLADV LYHVETEVDG RRSPPWEPX
Monodelphi ---------- ---------- ---------- --------VA APTGEGTSAA PAADPNSGEA
           ESGDSTLVDV TAGLETESSN GKDTLEGAGD SSEVMDTQTG SVDEENGRQL GEVELQCGIC
           TKWFTADTFG IDTTSCLPFM TNYSFHCNVC HHSGNTYFLR KQANLKEMCL SALANLTWQS
           RTQDEHPKTM FSKDKDIIPF IDKYWECMTT RQRPGKMTWP NNIVKTMSRE RDVFLVKEHP
           DPGSKDPEED YPKFGLLDQD LGNIGPAYDN QKQSSTVSTS GNLNGGIAAG SSGKGRGAKR
           KQQDGGTTGT TKKARSDPLF SAQRLPPHGY PLEHPFNKDG YRYILAEPDP HAPDPEKLEL
           DCWAGKPIPG DLYRACLYER VLLALHDRAP QLKISDDRLT VIGEKGYSMV RASHGVRKGA
           WYFEISVDEM PPDTAARLGW SQPLGNLQAP LGYDKFSYSW RSKKGTKFHQ SIGKRYSSGY
           GQGDILGFYI NLPEETETAK SLPDTYKDKA LIKFKSYLYF EEKDFVDKAE KSLKQTPHSQ
           IIFYKNGVSQ GVAYKEIFEG VYFPAISLYK SCTVSINFGP CFKYPPRDLT YRPMSDMGWG
           AVVEHTLADV LYHVETEVDG RRSPPWEPX
Cavia      ---------- ---------- ---------- ---------- ---------- ----------
           ---DANLVDV SGGLETESSN GKDTLEGAGD TSEVMDAQAG SVDEENGRQL GEVELQCGIC
           TKWFTADTFG IDTSSCLPFM TNYSFHCNVC HHSGNTYFLR KQANLKEMCL SALANLTWQS
           RTQDEHPKTM FSKDKDIIPF IDKYWECMTT RQRPGKMTWP NNIVKTMSKE RDVFLVKEHP
           DPGSKDPEED YPKFGLLDQD LSNIGPAYDN QKQSSAVSTS GNLNGGITAG SSGKGRGAKR
           KQQDGGTTGT TKKARSDPLF SAQRLPPHGY PLEHPFNKDG YRYILAEPDP HAPDPEKLEL
           DCWAGKPIPG DLYRACLYER VLLALHDRAP QLKISDDRLT VVGEKGYSMV RASHGVRKGA
           WYFEITVDEM PPDTAARLGW SQPLGNLQAP LGYDKFSYSW RSKKGTKFHQ SIGKHYSSGY
           GQGDVLGFYI SLPEDTETAK SLPDTYKDKA LIKFKSYLYF EEKDFVDKAE KSLKQTPHSE
           IIFYKNGVNQ GVAYKDIFEG VYFPAISLYK SCTVSINFGP CFKYPPKDLT YHPMSDMGWG
           AVVEHTLADV LYHVETEVDG RRSPPWEPX
Sarcophilu ---------- ----GPQRAA MAAAG?TEEG ETPPAAAIVA APAGEGTSAA PTTDPNSGEA
           ESGDSTLVDV TAGLESESSN GKDTLEGAGD SSEVMDTQTG SVDEENGRQL GEVELQCGIC
           TKWFTADTFG IDTTSCLPFM TNYSFHCNVC HHSGNTYFLR KQANLKEMCL SALANLTWQS
           RTQDEHPKTM FSKDKDIIPF IDKYWECMTT RQRPGKMTWP NNIVKTMSRE RDVFLVKEHP
           DPGSKDPEED YPKFGLLDQD LGNIGPAYDN QKQSSTVSTS GNLNGGIAAG SSGKGRGAKR
           KQQDGGTTGT TKKARSDPLF SAQRLPPHGY PLEHPFNKDG YRYILAEPDP HAPDPEKLEL
           DCWAGKPIPG DLYRACLYER VLLALHDRAP QLKISDDRLT VIGEKGYSMV RASHGVRKGA
           WYFEISVDEM PPDTAARLGW SQPLGNLQAP LGYDKFSYSW RSKKGTKFHQ SIGKRYSSGY
           GQGDILGFYI NLPEETETAK SLPDTYKDKA LIKFKSYLYF EEKDFVDKAE KSLKQTPHSQ
           IIFFKNGISQ GVAYKEIFEG VYFPAISLYK SCTVSINFGP CFKFPPRDLT YRPMSDMGWG
           AVVEHTLADV LYHVETEVDG RRSPPWEPX
Equus      MAAAGTGPGP GVGAGPGPAA AANATAAEEG ETKPVVAVAA ASVGEGTSAA PAAEPSSGEA
           ESGDANSVDV SGGLETESSN GKDTLEGAGD TSEVMDTQAG SVDEENGRQL GEVELQCGIC
           TKWFTADTFG IDTSSCLPFM TNYSFHCNVC HHSGNTYFLR KQANLKEMCL SALANLTWQS
           RTQDEHPKTM FSKDKDIIPF IDKYWECMTT RQRPGKMTWP NNIVKTMSKE RDVFLVKEHP
           DPGSKDPEED YPKFGLLDQD LSNIGPAYDN QKQSSAVSTS GNLNGGIAAG SSGKGRGAKR
           KQQDGGTTGT TKKARSDPLF SAQRLPPHGY PLEHPFNKDG YRYILAEPDP HAPDPEKLEL
           DCWAGKPIPG DLYRACLYER VLLALHDRAP QLKISDDRLT VVGEKGYSMV RASHGVRKGA
           WYFEITVDEM PPDTAARLGW SQPLGNLQAP LGYDKFSYSW RSKKGTKFHQ SIGKHYSSGY
           GQGDVLGFYI NLPEDTETAK SLPDTYKDKA LIKFKSYLYF EEKDFVDKAE KSLKQTPHSE
           IIFYKNGVNQ GVAYKDIFEG VYFPAISLYK SCTVSINFGP CFKYPPKDLT YHPMSDMGWG
           AVVEHTLADV LYHVETEVDG RRSPPWEPX
Ochotona   ---------- ---------- ---------- ---------- ---------- ----------
           ---------- ---------- ---------- ---------- ---------- ----------
           ---------- ----SCLPFM TNYSFHCNVC HHSGNTYFLR KQANLKEMCL SALANLTWQS
           RTQDEHPKTM FSKDKDIIPF IDKYWECMTT RQRPGKMTWP NNIVKTMSKE RDVFLVKEHP
           DPGSKDPEED YPKFGLLDQD LSNIGPAYDN QKQSSAVSTS GNLNGGIAAG SSGKGRGAKR
           KQQDGGTTGT TKKARSDPLF SAQRLPPHGY PLEHPFNKDG YRYILAEPDP HAPDPEKLEL
           DCWAGKPIPG DLYRACLYER VLLALHDRAP QLKISDDRLT VVGEKGYSMV RASHGVRKGA
           WYFEITVDEM PPDTASRLGW SQPLGNLQAP LGYDKFSYSW RSKKGTKFHQ SIGKHYSSGY
           GQGDVLGFYI NLPEDTDTAK SLPDTYKDKA LIKFKSYLYF EEKDFVDKAE KSLKQTPHSE
           ?????????? ?????????? ?????????? ???VSINFGP CFKYPPKDLA YRPMSDMGWG
           AVVEHTLADV LYHVETEVDG RRSPPWEPX
Procavia   MAAAGTGPGP GAGPGPGPTA AASAAAVEEG ETKQVTAAAA APTGEGTSAA PAAEPSSAEA
           ESGDANLVDV SGGLETESSN GKDTLEGAGD TSEAMDTQAG SVDEENGRQL GEVELQCGIC
           TKWFTADTFG IDTSSCLPFM TNYSFHCNVC HHSGNTYFLR KQANLKEMCL SALANLTWQS
           RTQDEHPKTM FSKDKDIIPF IDKYWECMTT RQRPGKMTWP NNIVKTMSKE RDVFLVKEHP
           DPGSKDPEED YPKFGLLDQD LSNIGPAYDN QKQSGAVSTS GNLNGGIAAG SSGKGRGAKR
           KQQDGGTTGT TKKARSDPLF SAQRLPPHGY PLEHPFNKDG YRYILAEPDP HAPDPEKLEL
           DCWAGKPIPG DLYRACLYER VLLALHDRAP QLKVSDDRLT VVGEKGYSMV RASHGVRKGA
           WYFEITVDEM PPDTAARLGW SPALGNLQAP LGYDKFSYSW RSKKGTKFHQ SIGKHYSSGY
           GQGDVLGFYI NLPEDTETAK SLPDTYKDKA LIKFKSYLYF EEKDFVDKAE KSLKQTPHSE
           IIFYKNGVNQ GVAYRDIFEG VYFPAISLYK SCTVSINFGP CFKYPPKDLT YRPMSDMGWG
           AVVEHTLADV LYHVETEVDG RRSPPWEPX
Dipodomys  MAAAGTGPGP GSGTGPGPGA AANANTTEEG ETKPVAAAAT APAGEGPSAA PATEPSSGEA
           ESGDANSVDV SGGVETESSN GKDTL????? ?????????? ?????????? ??????????
           ?????????? ????SCLPFM TNYSFHCNVC HHSGNTYFLR KQA??????? ??????????
           ?????????? ?????DIIPF IDKYWECMTT RQRPGKMTWP NNIVKTM--- ----------
           ---------- ---------D LSNIGPAYDN QKQSSTVTTS GNLNGGIAAG SSGKGRGAKR
           KQQDGGTTGT TKKAR????? ?????????? ?????????? ?????????? ??????????
           ?????????? ?????????? ?????????P QLKISDDRLT VVGEKGYSMV RASHGVRKGA
           WYFEITVDEM PPDTAARLGW SQPLGNLQA- LFYDKFSYSW RSKKGTKFHQ SIGKHYSSGY
           GQGDV????? ?????????? ?????????? ?????????? ?????????? ??????????
           IIFYKNGVNQ GVAYKDIFEG VYFPAISLYK SCT??????? ?????????? ??????????
           ?????????? ??HVETEVDG RRSPPWELD
Otolemur   MAAAGSGPGP GVVAGPGPGA TANASTAEEG ETKPVAAVAA AQAGEGTSAA SAAEPSSGEA
           ESGDANMVDV SGGLETESSN GKDTLEGAGD TSEVMDTQAG SVDEENSRQL GEVELQCGIC
           TKWFTADTFG IDTSSCLPFM TNYSFHCNVC HHSGNTYFLR KQAKSEDLCL IAGRSSSTQG
           NSLRLCLKTK TNKILDIIPF IDKYWECMTT RQRPGKMTWP NNIVKTMSKE RDVFLVKEHP
           DPGSKDPEED YPKFGLLDQD LSNIGPAYDN QKQSSAVSTS GNLNGGIAVG SSGKGRGAKR
           KQQDGGTTGT TKKARSDPLF SAQRLPPHGY PLEHPFNKDG YRYILAEPDP HAPDPEKLEL
           DCWAGKPIPG DLYRACLYER VLLALHDRGM YVRIRHTSLT TYSQKVEEII S---------
           --FSVSSCKM PCFMTSCISW T---GNLQAP LGYDKFSYSW RSKKGTKFHQ SIGKHYSSGY
           GQGDILGFYI NLPEETETAK SLPDTYKDKA LIKFKSYLYF EEKDFVDKAE KSLKQTPHSE
           IIFYKNGVNQ GVAYKDIFEG VYFPAISLYK SCTVSINFGP CFKYPPKDLT YRPMSDMGWG
           AVVEHTLADV LYHVETEVDG RRSPPWEPX
Pteropus   MAAAGTGPGP GVGAAPGPGA AANATATEEV ETKPVVAVAA ALAGEGTSAA PAAEPSSGEA
           ESGDANSVDV SGGLETESSN GKDTLEGTGD TSEVMDTQAG SVDEENGRQL GEVELQCGIC
           TKWFTADTFG IDTSSCLPFM TNYSFHCNVC HHSGNTYFLR KQANLKEMCL SALANLTWQS
           RTQDEHPKTM FSKDKDIIPF IDKYWECMTT RQRPGKMTWP NNIVKTMSKE RDVFLVKEHP
           DPGSKDPEED YPKFGLLDQD LSNIGPAYDN QKQSSAVSTS GNLNGGIAAG SSGKGRGAKR
           KQQDGGTTGT TKKARSDPLF SAQRLPPHGY PLEHPFNKDG YRYILAEPDP HAPDPEKLEL
           DCWAGKPIPG DLYRACLYER VLLALHDRAP QLKISDDRLT VVGEKGYSMV RASHGVRKGA
           WYFEITVDEM PPDTAARLGW SQPLGNLQAP LGYDKFSYSW RSKKGTKFHQ SIGKHYSSGY
           GQGDVLGFYI NLPEDTETAK SLPDTYKDKA LIKFKSYLYF EEKDFVDKAE KSLKQTPHSE
           IIFYKNGVNQ GVAYKDIFEG VYFPAISLYK SCTVSINFGP CFKYPPKDLT YHPMSDMGWG
           AVVEHTLADV LYHVETEVDG RRSPPWEPX
Tursiops   MAAAGTVPGP GVNAGPGPAV AANATPAEEG ETKPVVAVAA APAGEGTSAA PAAEPGSGEA
           ESGDANSVDV SGGLETESSN GKDTLEGAGD TSEVMDTQAG SVDEENGRQL GEVELQCGIC
           TKWFTADTFG IDTSSCLPFM TNYSFHCNVC HHSGNTYFLR KQANLKEMCL SALANLTWQS
           RTQDEHPKTM FSKDKDIIPF IDKYWECMTT RQRPGKMTWP NNIVKTMSKE RDVFLVKEHP
           DPGSKDPEED YPKFGLLDQD LSNIGPAYDN QKQSSAVSTS GNLNGGIAAG SSGKGRGAKR
           KQQDGGATGT TKKARSDPLF SAQRLPPHGY PLEHPFNKDG YRYILAEPDP HAPDPEKLEL
           DCWAGKPIPG DLYRACLYER VLLALHDRAP QLKISDDRLT VVGEKGYSMV RASHGVRKGA
           WYFEITVDEM PPDTAARLGW SQPLGNLQAP LGYDKFSYSW RSKKGTKFHQ SIGKHYSSGY
           GQGDVLGFYI SLPEDTETAK SLPDTYKDKA LIKFKSYLYF EEKDFVDKAE KSLKQTPHSE
           IIFYNNGVNQ GVAYKDIFEG VYFPAISLYK SCTVSINFGP CFKYPPKDLM YRPMSDMGWG
           AVVEHTLADV LYHVETEVDG RRSPPWEPX
Tarsius    MAAAGTGPGP GAGAGPGPGT AANATAAEEG ETKPVAAVTA APAAEGTSTT PAAEPSAGEA
           ESGDANLVDV SGGLETESSN GKDTLEGAGD TSEVMDTQVG SVDEENGRQL GEVELQCGIC
           TKWFTADTFG IDTSSCLPFM TNYSFHCNVC HHSGNTYFLR KQA??????? ??????????
           ?????????? ?????DIIPF IDKYWECMTT RQRPGKMTWP NNIVKTM??? ??????????
           ?????????? ?????????D LSNIGPAYDN QKQSSAVSTS GNLNGGIAAG SSGKGRGAKR
           KHQDGGTTGT TKKARSDPLF SAQRLPPHGY PLEHPFNKDG YRYILAEPDP HAPDPEKLEL
           DCWAGKPIPG DLYRACLYER VLLALHDRAP QLKISDDRLT VVGEKGYSMV RASHGVRKGA
           WYFEITVDEM PPDTAARLGW SQPLGNLQAP LGYDKFSYSW RSKKGTKFHQ SF-KHYSSGY
           GQ???????? ?????????? ?????????A LIKFKSYLYF EEKDFVDKAE KSLKQTPHSE
           IIFYKNGVNQ GVAYKDIFEG VYFPAISLYK SCTVSINFGP CFKYPPKDLT YRPMSDMGWG
           AVVEHTLADV LYHVETEVDG RRSPPWEPX
Mustela    MAAAGTGPGP GVDAGPGPAA AANATAAEEG ETKPVVAVAT APAGEGTSVA PVAEPGSGEA
           ESGDANSVDV GGGLETESSN GKDTLEGAGD TSEVMDTQAG SVDEENGRQL GEVELQCGIC
           TKWFTADTFG IDTSSCLPFM TNYSFHCNVC HHSGNTYFLR KQANLKEMCL SALANLTWQS
           RTQDEHPKTM FSKDKDIIPF IDKYWECMTT RQRPGKMTWP NNIVKTMSKE RDVFLVKEHP
           DPGSKDPEED YPKFGLLDQD LSNIGPAYDN QKQSSAVSTS GNLNGGIAAG SSGKGRGAKR
           KQQDGGTTGT TKKARSDPLF SAQRLPPHGY PLEHPFNKDG YRYILAEPDP HAPDPEKLEL
           DCWAGKPIPG DLYRACLYER VLLALHDRAP QLKISDDRLT VIGEKGYSMV RASHGVRKGA
           WYFEITVDEM PPDTAARLGW SQPLGNLQAP LGYDKFSYSW RSKKGTKFHQ SIGKHYSSGY
           GQGDVLGFYI NLPEDTETAK SLPDTYKDKA LIKFKSYLYF EEKDFVDKAE KSLKQTPHSE
           IIFYKNGVNQ GVAYKDIFEG VYFPAISLYK SCTVSINFGP CFKYPPKDLT YRPMSDMGWG
           AVVEHTLADV LYHVETEVDG RRSPPWEPX
Ailuropoda MAAAGTGPGP GVDAGPGPAA AANATPAEEG ETKPVVAVAT VPAGEGTSVA PTAEPGSGEV
           ENGDANSVDV GGALETESSN GKDTLEGAGD TAEVMDTQAG SVDEENGRQL GEVELQCGIC
           TKWFTADTFG IDTSSCLPFM TNYSFHCNVC HHSGNTYFLR KQANLKEMCL SALANLTWQS
           RTQDEHPKTM FSKDKDIIPF IDKYWECMTT RQRPGKMTWP NNIVKTMSKE RDVFLVKEHP
           DPGSKDPEED YPKFGLLDQD LSNIGPAYDN QKQSSAVSTS GNLNGGIAAG SSGKGRGAKR
           KQQDGGTTGT TKKARSDPLF SAQRLPPHGY PLEHPFNKDG YRYILAEPDP HAPDPEKLEL
           DCWAGKPIPG DLYRACLYER VLLALHDRAP QLKISDDRLT VVGEKGYSMV RASHGVRKGA
           WYFEITVDEM PPDTAARLGW SQPLGNLQAP LGYDKFSYSW RSKKGTKFHQ SIGKHYSSGY
           GQGDVLGFYI NLPDDTETAK SLPDTYKDKA LIKFKSYLYF EEKDFVDKAE KSLKQTPHSE
           IIFYKNGVNQ GVAYKDIFEG VYFPAISLYK SCTVSINFGP CFKYPPKDLT YRPMSDMGWG
           AVVEHTLADV LYHVETEVDG RRSPPWEPX
Bos        MAAAGSGPGL GVSAGPGPAA AANATPAEEG ETKQAAAVAA APAGEGTSAA PAAEPGSGEA
           ESGDANSVDV SGGLETESSN GKDTLEGAGD TSEVMDTQAG SVDEENGRQL GEVELQCGIC
           TKWFTADTFG IDTSSCLPFM TNYSFHCNVC HHSGNTYFLR KQANLKEMCL SALANLTWQS
           RTQDEHPKTM FSKDKDIIPF IDKYWECMTT RQRPGKMTWP NNIVKTMSKE RDVFLVKEHP
           DPGSKDPEED YPKFGLLDQD LSNIGPAYDN QKQSSAVSTS GNLNGGIAAG SSGKGRGAKR
           KQQDGSTAGT TKKARSDPLF SAQRLPPHGY PLEHPFNKDG YRYILAEPDP HAPDPEKLEL
           DCWAGKPIPG DLYRACLYER VLLALHDRAP QLKISDDRLT VVGEKGYSMV RASHGVRKGA
           WYFEITVDEM PPDTAARLGW SQPLGNLQAP LGYDKFSYSW RSKKGTKFHQ SIGKHYSSGY
           GQGDVLGFYI NLPEDTETAK SLPDTYKDKA LIKFKSYLYF EEKDFVDKAE KSLKQTPHSE
           IIFYKNGVNQ GVAYKDIFEG VYFPAISLYK SCTVSINFGP CFKYPPKDLT YRPMSDMGWG
           AVVEHTLADV LYHVETEVDG RRSPPWEPX
Pan        MAAAGAGPGQ EAGAGPGPGA AANATGAEEG EMKPVAAGAA APPGEGTSAA PTVEPSSGEA
           EGGEANLVDV SGGLETESSN GKDTLEGAGD TSEVMDTQAG SVDEENGRQL GEVELQCGIC
           TKWFTADTFG IDTSSCLPFM TNYSFHCNVC HHSGNTYFLR KQANLKEMCL SALANLTWQS
           RTQDEHPKTM FSKDKDIIPF IDKYWECMTT RQRPGKMTWP NNIVKTMSKE RDVFLVKEHP
           DPGSKDPEED YPKFGLLDQD LSNIGPAYDN QKQSSAVSTS GNLNGGIAAG SSGKGRGAKR
           KQQDGGTTGT TKKARSDPLF SAQRLPPHGY PLEHPFNKDG YRYILAEPDP HAPDPEKLEL
           DCWAGKPIPG DLYRACLYER VLLALHDRAP QLKISDDRLT VVGEKGYSMV RASHGVRKGA
           WYFEITVDEM PPDTAARLGW SQPLGNLQAP LGYDKFSYSW RSKKGTKFHQ SIGKHYSSGY
           GQGDVLGFYI NLPEDTETAK SLPDTYKDKA LIKFKSYLYF EEKDFVDKAE KSLKQTPHSE
           IIFYKNGVNQ GVAYKDIFEG VYFPAISLYK SCTVSINFGP CFKYPPKDLT YRPMSDMGWG
           AVVEHTLADV LYHVETEVDG RRSPPWEPX
Homo       MAAAGAGPGQ EAGAGPGPGA VANATGAEEG EMKPVAAGAA APPGEGISAA PTVEPSSGEA
           EGGEANLVDV SGGLETESSN GKDTLEGAGD TSEVMDTQAG SVDEENGRQL GEVELQCGIC
           TKWFTADTFG IDTSSCLPFM TNYSFHCNVC HHSGNTYFLR KQANLKEMCL SALANLTWQS
           RTQDEHPKTM FSKDKDIIPF IDKYWECMTT RQRPGKMTWP NNIVKTMSKE RDVFLVKEHP
           DPGSKDPEED YPKFGLLDQD LSNIGPAYDN QKQSSAVSTS GNLNGGIAAG SSGKGRGAKR
           KQQDGGTTGT TKKARSDPLF SAQRLPPHGY PLEHPFNKDG YRYILAEPDP HAPDPEKLEL
           DCWAGKPIPG DLYRACLYER VLLALHDRAP QLKISDDRLT VVGEKGYSMV RASHGVRKGA
           WYFEITVDEM PPDTAARLGW SQPLGNLQAP LGYDKFSYSW RSKKGTKFHQ SIGKHYSSGY
           GQGDVLGFYI NLPEDTETAK SLPDTYKDKA LIKFKSYLYF EEKDFVDKAE KSLKQTPHSE
           IIFYKNGVNQ GVAYKDIFEG VYFPAISLYK SCTVSINFGP CFKYPPKDLT YRPMSDMGWG
           AVVEHTLADV LYHVETEVDG RRSPPWEPX
Sus        -WRAGTGPGP GVGAETGPNS AVNATPAEEG ETKPVAAVA- APAGEGTSVT PAAEPVSGEA
           ESGDANSVDV SGGLETESSN GKDTLEGAGD TSEVMDTQAG SVDEENGRQL GEVELQCGIC
           TKWFTADTFG IDTSSCLPFM TNYSFHCNVC HHSGNTYFLR KQANLKEMCL SALANLTWQS
           RTQDEHPKTM FSKDKDIIPF IDKYWECMTT RQRPGKMTWP NNIVKTMSKE RDVFLVKEHP
           DPGSKDPEED YPKFGLLDQD LSNIGPAYDN QKQSSTVSTS GNLNGGIAAG SSGKGRGAKR
           KQQDGGTTGT TKKARSDPLF SAQRLPPHGY PLEHPFNKDG YRYILAEPDP HAPDPEKLEL
           DCWAGKPIPG DLYRACLYER VLLALHDRAP QLKISDDRLT VVGEKGYSMV RASHGVRKGA
           WYFEITVDEM PPDTAARLGW SQPLGNLQAP LGYDKFSYSW RSKKGTKFHQ SIGKHYSSGY
           GQGDVLGFYI NLPEDTETAK SLPDTYKDKA LIKFKSYLYF EEKDFVDKAE KSLKQTPHSE
           IIFYKNGVNQ GVAYKDIFEG VYFPAISLYK SCTVSINFGP C?QYPPKDLA YRPMSDM?WG
           AVV-HTLADV ---------- ---------
Oryctolagu ---------- ---------- ---------- ---------- ---------- ----------
           ---------- ---------- ---------- ---------- ---------- ----------
           ---------- ---------- ---------- ---------- ---------- ----------
           ---------- ---------- -------MTT RQRPGKMTWP NNIVKTMSKE RDVFLVKEHP
           DPGSKDPEED YPKFGLLDQD LSNIGPAYDN QKQSSAVSTS GNLNGGIAAG SSGKGRGAKR
           KQQDGGTTGT TKKARSDPLF SAQRLPPHGY PLEHPFNKDG YRYILAEPDP HAPDPEKLEL
           DCWAGKPIPG DLYRACLYER VLLALHDRAP QLKISDDRLT VVGEKGYSMV RASHGVRKGA
           WYFEITVDEM PPDTAARLGW SQPLGNLQAP LGYDKFSYSW RSKKGTKFHQ SIGKHYSSGY
           GQGDVLGFYI NLPEDTETAK SLPDTYKDKA LIKFKSYLYF EEKDFVDKAE KSLKQTPHSE
           IIFYKNGANQ GVAYKDIFEG VYFPAISLYK SCT------- ---------- YHPAX-----
           ---------- ---------- ---------
Rattus     MAATGVGPGP GVGAGSGPGA AASATTTEDR ETEPATAGA- ---GEGPSAA PGAEPSSGEA
           ESGDANLVDV S-GLETESSN GKDTLEGAGD TSEVMDTQAG SVDEENGRQL GEVELQCGIC
           TKWFTADTFG IDTSSCLPFM TNYSFHCNVC HHSGNTYFLR KQANLKEMCL SALANLTWQS
           RTQDEHPKTM FSKDKDIIPF IDKYWECMTT RQRPGKMTWP NNIVKTMSKE RDVFLVKEHP
           DPGSKDPEED YPKFGLLDQD LSNIGPAYDN QKQSSAVSAS GNLNGGIAAG SSGKGRGAKR
           KQQDGGTTGT TKKARSDPLF SAQRLPPHGY PLEHPFNKDG YRYILAEPDP HAPDPEKLEL
           DCWAGKPIPG DLYRACLYER VLLALHDRAP QLKISDDRLT VVGEKGYSMV RASHGVRKGA
           WYFEITVDEM PPDTAARLGW SQPLGNLQAP LGYDKFSYSW RSKKGTKFHQ SIGKHYSSGY
           GQGDVLGFYI NLPEDTETAK SLPDTYKDKA LIKFKSYLYF EEKDFVDKAE KSLKQTPHSE
           IIFYKNGVNQ GVAYKDIFEG VYFPAISLYK SCTVSINFGP SFKYPPKDVT YHPMSDMGWG
           AVVEHTLADV LYHVETEVDG RRSPPWEPX
Mus        MAAAGAGPGP GVSAGPGPGA AASATTAEDR ETEPVAAGA- ---GEGPSAA PGAEPSSGEA
           ESGDANLVDV S-GLETESSN GKDTLEGTGD TSEVMDTQAG SVDEENGRQL GEVELQCGIC
           TKWFTADTFG IDTSSCLPFM TNYSFHCNVC HHSGNTYFLR KQANLKEMCL SALANLTWQS
           RTQDEHPKTM FSKDKDIIPF IDKYWECMTT RQRPGKMTWP NNIVKTMSKE RDVFLVKEHP
           DPGSKDPEED YPKFGLLDQD LSNIGPAYDN QKQSSAVSAS GNLNGGIAAG SSGKGRGAKR
           KQQDGGTTGT TKKARSDPLF SAQRLPPHGY PLEHPFNKDG YRYILAEPDP HAPDPEKLEL
           DCWAGKPIPG DLYRACLYER VLLALHDRAP QLKISDDRLT VVGEKGYSMV RASHGVRKGA
           WYFEITVDEM PPDTAARLGW SQPLGNLQAP LGYDKFSYSW RSKKGTKFHQ SIGKHYSSGY
           GQGDVLGFYI NLPEDTETAK SLPDTYKDKA LIKFKSYLYF EEKDFVDKAE KSLKQTPHSE
           IIFYKNGVNQ GVAYRDIFEG VYFPAISLYK SCTVSINFGP SFKYPPKDLT YHPMSDMGWG
           AVVEHTLADV LYHVETEVDG RRSPPWEPX
Ornithorhy -TQAGGRPKT PLRTG----- ---------- ---------- --TGEGAPAA PAAEPSAGEA
           DSGDAALVDV TGGLETESSN GKETLEGAGD SSEVMDTQAG SVDEENGRQL GEVELQCGIC
           TKWFTADTFG IDTTSCLPFM TNYSFHCNIC HHSGNTYFLR KQANLKEMCL SALANLTWQS
           RTQDEHPKTM FSKDKDIIPF IDKYWECMTT RQRPGKMTWP NNIVKTMSKE RDVFLVKEHP
           DPGSKDPEED YPKFGLLDQD LGNIGPAYDN QKQSSAVSTS GNLNGGIAAG SSGKGRGAKR
           KQQDGGTTGT TKKARSDPLF SAQRLPPHGY PLEHPFNKDG YRYILAEPDP HAPDPEKLEL
           DCWAGKPIPG DLYRACLYER VLLALHDRAP QLKISDDRLT VIGEKGYSMV RASHGVRKGA
           WYFEISVDEM PPDTAARLGW SQPLGNLQAP LGYDKFSYSW RSKKGTKFHQ SIGKRYSSGY
           GQGDVLGFYI SLPEETETAK SLPDTYKDKA LIKFKSYLYF EEKDFVDKAE KSLKQTPKSQ
           IIFYKNGVSQ GVAYKEIFEG VYFPAISLYK SCTVSINFGP CFKYPPREIT YRPMSDMGWG
           AVVEHTLADV LYHVETEVDG RRSPPWEPX
Vicugna    M--AGT-PGQ ---SDP---T AANAHGEE-- ETKPVVAVVA APAGEGTSAA PAAEPGSGEA
           ESGDANSVDV SGGLETESSN GKDTLEGAGD TSEVMDTQAG SVDEENGRQL GEVELQCGIC
           TKWFTADAFG IDTSSCLPFM TNYSFHCNVC HHSGNTYFLR KQANLKEMCL SALANLTWQS
           RTQDEHPKTM FSKDKDIIPF IDKYWECMTT RQRPGKMTWP NNIVKTMSKE RDVFLVKEHP
           DPGSKDPEED YPKFGLLDQ? ?????????? ?????????? ?????GIAAG SSGKGRGAKR
           KQQDGGTTGT TKKARSDPLF SAQRLPPHGY PLEHPFNKDG YRYILAEPDP HAPDPEKLEL
           DCWAGKPIPG DLYRACLYER VLLALHDRAP QLKISDDRLT VVGEKGYSMV RASHGVRKGA
           WYFEITVDEM PPDTAARLGW SQPLGNLQAP LGYDKFSYSW RSKKGTKFHQ SIGKHYSSGY
           GQGDVLGFYI NLPEDTETAK SLPDTYKDKA LIKFKSYLYF EEKDFVDKAE KSLKQTPHSE
           IIFYKNGVNQ GVAYKDIFEG VYFPAISLYK SCTVSINFGP CFKYPPKDLT YRPMSDMGWG
           AVVEHTLADV LYHVETEVDG RRSPPWEPX
Macaca     MAAAGAGPGQ EAGAGPGPGA AANATAAEEG EMKPVAAGAA APPGEGTSAP PTAEPSSGEA
           EGGEANLVDV SGGLETESSN GKDTLEGAGD TSEVMDTQAG SVDEENGRQL GEVELQCGIC
           TKWFTADTFG IDTSSCLPFM TNYSFHCNVC HHSGNTYFLR KQANLKEMCL SALANLTWQS
           RTQDEHPKTM FSKDKDIIPF IDKYWECMTT RQRPGKMTWP NNIVKTMSKE RDVFLVKEHP
           DPGSKDPEED YPKFGLLDQD LSNIGPAYDN QKQSSAVSTS GNLNGGIAAG SSGKGRGAKR
           KQQDGGTTGT TKKARSDPLF SAQRLPPHGY PLEHPFNKDG YRYILAEPDP HAPDPEKLEL
           DCWAGKPIPG DLYRACLYER VLLALHDRAP QLKISDDRLT VVGEKGYSMV RASHGVRKGA
           WYFEITVDEM PPDTAARLGW SQPLDREDRP SGQGRLRGCW LLEKMCEFRH FYGYFY----
           -----CGVYV FILEVCNNSK SSKTELVFKA LIKFKSYLYF EEKDFVDKAE KSLKQTPHSE
           IIFYKNGVNQ GVAYKDIFEG VYFPAISLYK SCTVSINFGP CFKYPPKDLT YRPMSDMGWG
           AVVEHTLADV LYHVETEVDG RRSPPWEPX
Ictidomys  MAAAGTGPGP GAGSGPGPVA AANAITAEEG ETKPVTAVAA TPAGEGTSAA PATEPSSGEA
           ESGDANLVDV SGGLETESSN GKDTLEGTGD TSEVMDTQAG SVDEENGRQL GEVELQCGIC
           TKWFTADTFG IDTSSCLPFM TNYSFHCNVC HHSGNTYFLR KQANLKEMCL SALANLTWQS
           RTQDEHPKTM FSKDKDIIPF IDKYWECMTT RQRPGKMTWP NNIVKTMSKE RDVFLVKEHP
           DPGSKDPEED YPKFGLLDQD LSNIGPAYDN QKQSSTVSTS GNLNGGIAAG SSGKGRGAKR
           KQQDGGTTGT TKKARREPYF ---------- ----PLLKC- ---------- -------LML
           KTWQNNPRLG MLYEIVLKAS VLMSI-TAAP QLKISDDRLT VIGEKGYSMV RASHGVRKGA
           WYFEITVDEM PPDTAARLGW SQPLGNLQAP LGYDKFSYSW RSKKGTKFHQ SIGKHYSSGY
           GQGDVLGFYI NLPEDTETAK SLPDTYKDKA LIKFKSYLYF EEKDFVDKAE KSLKQTPHSE
           IIFYKNGVNQ GVAYKDIFEG VYFPAISLYK SCTVSINFGP CFKYPPKDLT YHPMSDMGWG
           AVVEHTLADV LYHVETEVDG RRSPPWEPX
Microcebus MAAAGSGPGP VAVAGPGPGA AANATAAEDG ETKPAAAVAT APAGEGTSAA PAAEPSSGEP
           ESGDANLVDV GGGLETESSN GKDTLEGAGD TSEVMDTQAG SVDEENGRQL GEVELQCGIC
           TKWFTADTFG IDTSSCLPFM TNYSFHCNVC HHSGNTYFLR KQANLKEMCL SALANLTWQS
           RTQDEHPKTM FSKDK????? ?????????? ?????????? ???????SKE RDVFLVKEHP
           DPGSKDPEED YPKFGLLDQD LSNIGPAYDN QKQSSTVSTG GNLN?????? ??????????
           ?QQDGGT-GT TKKARSDPLF SAQRLPPHGY PLEHPFNKDG YRYILAEPDP HAPDPEKLEL
           DCWAGKPIPG DLYRACLYER VLLALHDRAP QLKISDDRLT VVGEKGYSMV RASH-VRKGA
           WYFEITVD-M PPDTAARLGW SQP??????? ?????????? ?????????? ??????????
           ?????????? ?????????? ?????????A LIKFKSYLYF EEKDFVDKAE KSLKQTPHSE
           IIFYKNGVNQ GVAYKDIFEG VYFPAISLYK SCTVSINFGP CFKYPPKDLT YRPMSDMGWG
           AVVEHTLADV LYHVETEVDG RRSPPWEPX
Tupaia     MAAAGTGPSP GSGAAPGPGA TANATAAEEG EAKPVAAVVA APAGEGTSVA PAVEPSAGEA
           ES???????? ?????????? ?????????? ?????????? ?????????? ??????????
           ?????????? ????SCLPFM TNYSFHCNVC HHSGNTYFLR KQA??????? ??????????
           ?????????? ?????????? ?????????? ?????????? ?????????? ??????????
           ?????????? ?????????? ?????????? ?????????? ?????GNAAA SFGKGRGVKR
           NQQDGGTTGT TKKARSDPLF SAQRLPPHGY PLEHPFNKDG YRYILAEPDP HAPDPEKLEL
           DCWAGKPIPG DLYRACLYER VLLALHDRAP QLKISDDRLT VVGEKGYSMV RASHGVRKGA
           WYFEITVDEM PPDTAARLGW SQPL?????? ?????????? ?????????? ??????????
           ?????????? ?????????? ?????????? ?????????? ???-?????? ??????????
           IVFYKNGANQ GVAYKDIFEG VYFPAISLYK SCTVSINFGP CFKYPPKDLA YRPMSDMGWG
           ?VVEHTLADV LYHVETEVDG RRSPPWEPX
