   40   291
Dasypus    MADLSFIEDS VAFPEKEEDE EEEEEGVEWG YEEGVEWGLV FPDANGEYQS PINLNSREAR
           YDPSLLDIRL SPNYVVCRDC EVTNDGHTIQ VILKSKSVLS GGPLPQGHEF ELYEVRFHWG
           RENQRGSEHT VNFKAFPMEL HLIHWNSTLF GSIDEAVGKP HGIAIIALFV QIGKEHGGLK
           AVTEILQDIQ YKGKSKIIPC FNPNTLLPDP LLRDYWVYEG SLTIPPCSEG VTWILFRYPL
           TISQLQIEEF RRLRTHVKGA ELVEGCDGIL GDNFRPTQPL SDRVIRAAFQ X
Echinops   ---------- ---------- ---------- ----VEWGLV FPDANGEYQS PINSTPEKPR
           YDPSLLDVRL TPNYVVCRDC EVTNDGHTIQ VILKSKS??? ?????????? ??????????
           ?????????? ?????????? ?????????? ?????????? ?????????? ?IGKEHIGLK
           AVTEILQDIQ YKGKTKIIPC FNPNTLLP?? ??????VYEG SLTIPPCSER VTWVLFRYPL
           TISQLQIEEF RRLRTHVKGA ELVEGCDGIL GDNFRPTQPL SDRVIRAAFQ X
Pongo      MADLSFIEDT VAFPEKEEDE EEEDEGVEWG YEEGVEWGLV FPDANGEYQS PINLNSREAR
           YDPSLLDVRL SPNYVVCRDC EVTNDGHTIQ VILKSKSVLS GGPLPQGHEF ELYEVRFHWG
           RENQRGSEHT VNFKAFPMEL HLIHWNSTLF GSIDEAVGKP HGIAIIALFV QIGKEHVGLK
           AVTEILQDIQ YKGKSKTIPC FNPNTLLPDP LLRDYWVYEG SLTIPPCSEG VTWILFRYPL
           TISQLQIEEF RRLRTHVKGA ELVEGCDGIL GDNFRPTQPL SDRVIRAAFQ X
Ictidomys  ---------- ---------- ---------- ---------- ---------- ----------
           ---------- ---------- ---------- ---------- ---------- ----------
           ---------- -------MEL HLIHWNSTLF GSIDEAVGKP HGIAIIALFV QIGKEHVGLK
           AVTEILQDIQ YKGKSKTIPC FNPNTLLPDP LLRDYWVYEG SLTIPPCSEG VTWILFRYPL
           TISQLQIEEF RRLRTHVKGA ELVEGCDGIL GDNFRPTQPL SDRVIRAAFQ X
Loxodonta  MADLSFIEDS VAFPEKEEDE EEEEEGVEWG YEEGVEWGLV FPDANGEYQS PINLNSREAR
           YDPSLLDVRL SPNYVVCRDC EVTNDGHTIQ VILKSKSVLS GGPLPQGHEF ELHEVRFHWG
           RENQRGSEHT VNFKAFPMEL HLIHWNATLF GSIDEAVGKP HGIAIIALFV QIGKEHVGLK
           AVTEILQDIQ YKGKTKIIPC FNPNTLLPDP LLRDYWVYEG SLTIPPCSEG VTWILFRYPL
           TISQLQIEEF RRLRTHVKGA ELVEGCDGIL GDNFRPTQPL SDRVIRAAFQ -
Canis      MADLSFIEDS VAFPEKEEDE EEEEEGVEWG YEEGVEWGLV FPDANGEYQS PINLNSREAR
           YDPSLLDVRL SPNYVVCRDC EVTNDGHTIQ VILKSKSVLS GGPLPQGHEF ELYEVRFHWG
           RENQRGSEHT VNFKAFPMEL HLIHWNSTLF GSIDEAVGKP HGIAIIALFV QIGKEHVGLK
           AVTEILQDIQ YKGKSKTIPC FNPNTLLPDP LLRDYWVYEG SLTIPPCSEG VTWILFRYPL
           TISQLQIEEF RRLRTHVKGA ELVEGCDGIL GDNFRPTQPL SDRVIRAAFQ X
Macaca     MADLSFIEDT VAFPEKEEDE EEEEEGVEWG YEEGVEWGLV FPDANGEYQS PINLNSREAR
           YDPSLLDVRL SPNYVVCRDC EVTNDGHTIQ VILKSKSVLS GGPLPQGHEF ELYEVRFHWG
           RENQRGSEHT VNFKAFPMEL HLIHWNSTLF GSIDEAVGKP HGIAIIALFV QIGKEHVGLK
           AVTEILQDIQ YKGKSKTIPC FNPNTLLPDP LLRDYWVYEG SLTIPPCSEG VTWILFRYPL
           TISQLQIEEF RRLRTHVKGA ELVEGCDGIL GDNFRPTQPL SDRVIRAAFQ X
Myotis     MADLSFIEDA VAFPEKEEDE EEEEEGVEWG YEEGVEWGLV FPDANGEYQS PINLNSREAR
           YDPSLLDVRL SPNYVVCRDC EVTNDGHTIQ VILKSKSVLS GGPLPQGHEF ELYEVRFHWG
           RENQRGSEHT VNFKAFPMEL HLIHWNSTLF GSIDEAVGKP HGIAIIALFV QIGKEHVGLK
           AVTEILQDIQ YKGKSKIIPC FNPNTLLPDP LLRDYWVYEG SLTIPPCSEG VTWILFRYPL
           TISQLQIEEF RRLRTHVKGA ELVEGCDGIL GDNFRPTQPL SDRVIRAAFQ X
Felis      ---------- ---------- ---------- ----VEWGLV FPDANGEYQS PINLNSREAR
           YDPSLLDVRL SPNYVVCRDC EVTNDGHTIQ VILKSKSVLS GGPLPQGHEF ELYEVRFHWG
           RENQRGSEHT VNFKAFPMEL HLIHWNATLF GSIDEAVGKP HGIAIIALFV QIGKEHVGLK
           AVTEILQDIQ YKGKSKTIPC FNPNTLLPDP LLRDYWVYEG SLTIPPCSEG VTWILFRYPL
           TISQLQIEEF RRLRTHVKGA ELVEGCDGIL GDNFRPTQPL SDRVIRAAFQ X
Callithrix MADLSFIEDT VAFRGYEEVT DLERACEYFI LSLGVEWGLV FPDANGEYQS PINLNSREAR
           YDPSLLDVRL SPNYVVCRDC EVTNDGHTIQ VILKSKSVLS GGPLPQGHEF ELYEVRFHWG
           RENQRGSEHT VNFKAFPMEL HLIHWNSTLF GSIDEAVGKP HGIAIIALFV QIGKEHVGLK
           AVTEILQDIQ YKGKSKTIPC FNPNTLLPDP LLRDYWVYEG SLTIPPCSEG VTWILFRYPL
           TISQLQIEEF RRLRTHVKGA ELVEGCDGIL GDNFRPTQPL SDRVIRAAFQ X
Macropus   MADLSFIEDS EPYTGKEEDE EEEEEGVEWG YEEGVEWGLV FPDANGEYQS PINLNSREAR
           YDPSLLDVRL SPNYVVCRDC EVTNDGHTIQ IVLKSKSVLT GGPLPQGHEF ELYEVRFHWG
           RENQRGSEHT VNFKAFPME? ?????????? ?????????? ?????????? ?IGKEHIGLK
           AVTDVLQDIQ YKGKTKIIPC FNPNTLLPDP LLRDYWVYEG SLTIPPCSEG VTWILFRYPL
           TISQIQIEEF RRLRTHVKGA ELLEGCDGIL GDNFRPTQPL SDRVIRAAFQ X
Erinaceus  MADLSFIEDS VAFPEKEEDE EEEEEGVE-G YEEGVEWGLV FPDANGEYQS PINLNSREAR
           YDPSVRDVRL SPDYVGCTDC EVTNEGHT?? ????????LS GGPLPQGHEF ELYEVRFHWG
           RENQRGSEHT VNFKAFPME? ?????????? ?????????? ?????????? ?IGKEHVGLK
           AVTEILQDIQ YKGKSKTIPC FNPNTLLPDP LLRDYWVYEG SLTIPPCSEG VTWILFRYPL
           TISQLQIEEF RRLRTHVKGA ELVEGCDGIL GDNFRPTQPL SDRVIRAAFQ X
Sorex      ---------- ---------- ---------- ----LAWGLV FPDANGEY?? ??????????
           ?????????? ?????????? ?????????? ????????LS GGPFPQGHEY ELYEVRFHWG
           RENQRGSEHT VNFKAFPMEL HLIHWNSTLF GSIDEAVGKP HGIAIIALFV QIGKEHIGLK
           AVTEILQDIQ YKGKSKTIPC FNPNTLLPDP LLRDYWVYEG SLTIPPCSEG VTWILFRYPL
           TISQLQIEEF RRLRTHVKGA ELVEGCDGIL GDNFRPTQPL SDRVIRAAFQ X
Choloepus  ---------- ---------- ---------- ----VEWGLV FPDANGEYQS PINLNSREAR
           YDPSLLDVRL SPNYVVCRDC EVTNDGHTIQ VILKSKSVLS GGPLPQGHEF ELYEVRFHWG
           RENQRGSEHT VNFKAFPME? ?????????? ?????????? ?????????? ?IGKEHGGLK
           AVTEILQDIQ YKGKSKTIPC FNPNTLLPDP LLRDYWVYEG SLTIPPCSEG VTWILFRYPL
           TISQLQIEEF RRLRTHVKGA ELVEGCDGIL GDNFRPTQPL SDRVIRAAFQ X
Nomascus   MADLSFIEDT VAFPEKEEDE EEEEEGVEWG YEEGVEWGLV FPDANGEYQS PINLNSREAR
           YDPSLLDVRL SPNYVVCRDC EVTNDGHTIQ VILKSKSVLS GGPLPQGHEF ELYEVRFHWG
           RENQRGSEHT VNFKAFPMEL HLIHWNSTLF GSIDEAVGKP HGIAIIALFV QIGKEHVGLK
           AVTEILQDIQ YKGKSKTIPC FNPNTLLPDP LLRDYWVYEG SLTIPPCSEG VTWILFRYPL
           TISQLQIEEF RRLRTHVKGA ELVEGCDGIL GDNFRPTQPL SDRVIRAAFQ X
Ornithorhy ---------- ---------- ------LSWG FETGVEWGLV FPDANGEYQS PINLNSREAR
           YDPSLLEVRL SPNYVVCRDC EVTNDGHTIQ IIFKSKSVLA GGPLPRGHEF ELHEVRFHWG
           RENQRGSEHT VNFKAFPMEL HLIHWNSTLY SSIDEAVGKT HGVAIIALFV QIGKEHVGLK
           AVTDILQDIQ YKGKSKTIPC FNPNTLLPDP LLRDYWVYEG SLTIPPCSEG VTWILFRYPL
           TISQIQIEEF RRLRTHIKGA ELVEGCDGIL GDNFRPTQPL SDRVIRAAFQ X
Vicugna    MADLSFIEDS VAFPEKEEDE EEEEEGVEWG YEEGVEWGLV FPDANGEYQS PINLNSREAR
           YDPSLLDVRL SPNYVVCRDC EVTNDGHTIQ VILKSKSVLS GGPLPQGHEF ELYEVRFHWG
           RENQRGSEHT VNFKAFPMEL HLIHWNATCS VVIDE????? ?????????? ??????????
           ?????????? ??GKSKIIPC FNPNTLLPDP LLRDYWVYEG SLTVPPCSEG VTWILFRYPL
           TISQLQIEEF RRLRTHVKGA ELVEGCDGIL GDNFRPTQPL SDRVIRAAFQ X
Monodelphi MADLSFIEDS EPYTGKEEDE EEEEEGVEWG YEEGVEWGLV FPDANGEYQS PINLNSREAR
           YDPSLLDIRL SPNYVVCRDC EVTNDGHTIQ IVLKSKSVLT GGPLPQGHEF ELYEVRFHWG
           RENQRGSEHT VNFKAFPMEL HLIHWNSTLY SSIDEAVGKT HGIAIIALFV QIGKEHIGLK
           AVTDVLQDIQ YKGKTKIIPC FNPNTLLPDP LLRDYWVYEG SLTIPPCSEG VTWILFRYPL
           TISQIQIEEF RRLRTHVKGA ELLEGCDGIL GDNFRPTQPL SDRVIRAAFQ X
Cavia      ---------- ---------- ---------- ---GVEWGLV FPDANGEYQS PINLNSREAR
           YDPSLLDVRL SPNYVVCRDC EVTNDGHTIQ VILKSKSVLS GGPLPQGHEF ELYEVRFHWG
           RENQRGSEHT VNFKAFPMEL HLIHWNSTLF GSVDEAVG-P HGIAIIALFV QIGKEHVGLK
           AVTEILQDIQ YKGKSKTIPC FNPNTLLPDP LLRDYWVYDG SLTIPPCSEG VTWILFRYPL
           TISQLQIEEF RRLRTHVKGA ELVEGCDGIL GDNFRPTQPL SDRVIRAAFQ -
Sarcophilu ---------- ---------- ---------- ---------- ---------- ----------
           ---------- ---------- ---------- ---------- ---------- ----------
           ---------- -------MEL HLIHWNSTLY SSIDEAVGKT HGIAIIALFV QIGKEHIGLK
           AVTDVLQDIQ YKGKTKIIPC FNPNTLLPDP LLRDYWVYEG SLTIPPCSEG VTWILFRYPL
           TISQIQIEEF RRLRTHVKGA ELLEGCDGIL GDNFRPTQPL SDRVIRAAFQ X
Equus      MADLSFIEDS VAFPEKEEDE EEEEEGVEWG YEEGVEWGLV FPDANGEYQS PINLNSREAR
           YDPSLLDVRL SPNYVVCRDC EVTNDGHTIQ VILKSKSVLL GGPLPQGHEF ELYEVRFHWG
           RENQRGSEHT VNFKAFPMEL HLIHWNSTLF SSIDEAVGKP HGIAIIALFV QIGKEHAGLK
           AVTEILQDIQ YKGKSKTIPC FNPNTLLPDP LLRDYWVYEG SLTIPPCSEG VTWILFRYPL
           TISQLQIEEF RRLRTHVKGA ELVEGCDGIL GDNFRPTQPL SDRVIRAAFQ X
Rattus     MADLSFIEDA VAFPEKEEDE EEEEEGVEWG YEEGVEWGLV FPDANGEYQS PINLNSREAR
           YDPSLLDVRL SPNYVVCRDC EVTNDGHTIQ VILKSKSVLS GGPLPQGQEF ELYEVRFHWG
           RENQRGSEHT VNFKAFPMEL HLIHWNSTLF GSIDEAVGKP HGIVIIALFV QIGKEHVGLK
           AVTEILQDIQ YKGKSKTIPC FNPNTLLPDP LLRDYWVYEG SLTIPPCSEG VTWILFRYPL
           TISQLQIEEF RRLRTHVKGA ELVEGCDGIL GDNFRPTQPL SDRVIRAAFQ X
Ochotona   MADLSFIEDS VAFPEKEEDE EEEEEGVEWG YEEGVEWGLV FPDANGEYQS PINLNSREAR
           YDPSLLDVRL SPNYVVCRDC EVTNDGHTIQ VILKSKSVLS GGPLPQGHEF ELYEVRFHWG
           RENQRGSEHT VNFKAFPMEL HLIHWNSTLF GSIDEAVGKP HGIAIIALFV QIGKEHVGLK
           AVTEILQDIQ YKGKSKTIPC FNPNTLLPDP LLRDYWVYEG SLTIPPCSEG VTWILFRYPL
           TISQLQIEEF RRLRTHVKGA ELVEGCDGIL GDNFRPTQPL SDRVIRAAFQ X
Gorilla    MADLSFIEDT VAFPEKEEDE EEEEEGVEWG YEEGVEWGLV FPDANGEYQS PINLNSREAR
           YDPSLLDVRL SPNYVVCRDC EVTNDGHTIQ VILKSKSVLS GGPLPQGHEF ELYEVRFHWG
           RENQRGSEHT VNFKAFPMEL HLIHWNSTLF GSIDEAVGKP HGIAIIALFV QIGKEHVGLK
           TVTEILQDIQ YKGKSKTIPC FNPNTLLPDP LLRDYWVYEG SLTIPPCSEG VTWILFRYPL
           TISQLQIEEF RRLRTHVKGA ELVEGCDGIL GDNFRPTQPL SDRVIRAAFQ X
Procavia   MADLSFIEDS VAFPEKEEDE EEEEEGVEWG YEE??????? ?????????? ??????????
           ?????????? ?????????? ?????????? ????????LS GGPLPQGHEF ELYEVRFHWG
           RENQRGSEHT VNFKAFPME? ?????????? ?????????? ?????????? ?IGKEHVGLK
           AVTEILQDIQ YKGKTKIIPC FNPNTLLPDP LLRDYWVYEG SLTIPPCSEG VTWILFRYPL
           TISQLQIEEF RRLRTHVKGA ELVEGCDGIL GDNFRPTQPL SDRVIRAAFQ X
Dipodomys  ---------- ---------- ---------- ----VNGGLV FPDANGEYQS PINLNSREAR
           YDPSLLDVRL SPNYVVCRDC EVTNDGHTIQ VILKSKS??? ?????????? ??????????
           ?????????? ?????????L HLIHWNSTLF GSIDEAVGKP HGIAIIALFV QIGKEHVGLK
           AVTEILQDIQ YKGKSKTIPC FNPNTLLPDP LLRDYWVYEG SLTIPPCSEG VTWILFRYPL
           TISQLQIEEF RRLRTHVKGA ELVEGCDGIL GDNFRPTQPL SDRVIRAAFQ X
Otolemur   MADLSFIEDS VAFPEKEEDE EEEEEGVEWG YEEGVEWGLV FPDANGEYQS PINLNSREAR
           YDPSLLDVRL SPNYVVCRDC EVTNDGHTIQ VILKSKSVLS GGPLPQGHEF ELYEVRFHWG
           RENQRGSEHT VNFKAFPMEL HLIHWNSTLF GSIDEAVGKP HGIAIIALFV QIGKEHVGLK
           AVTEILQDIQ YKGKSKTIPC FNPNTLLPDP LLRDYWVYEG SLTIPPCSEG VTWILFRYPL
           TISQLQIEEF RRLRTHVKGA ELVEGCDGIL GDNFRPTQPL SDRVIRAAFQ X
Microcebus ---LSFIEDS VAF-EKEEDE EEEEEGVEWG YEEGVEWGLV FPDANGEYQS PINLNSREAR
           YDPSLLDIRL SPNYVVCRDC EVTNDGHTIQ VILKSKSVLS GGPLPQGHEF ELYEVRFHWG
           RENQRGSEHT VNFKAFPMEL HLIHWNSTLF GSIDEAVGKP HGIAIIALFV QIGKEHVGLK
           AVTEILQDIQ YKGKSKTIPC FNPNTLLPDP LLRDYWVYEG SLTIPPCSEG VTWILFRYPL
           TISQLQIEEF RRLRTHVKGA ELVEGCDGIL GDNFRPTQPL SDRVIRAAFQ X
Mus        MADLSFIEDA VAFPEKEEDE EEEEEGVEWG YEEGVEWGLV FPDANGEYQS PINLNSREAR
           YDPSLLDVRL SPNYVVCRDC EVTNDGHTIQ VILKSKSVLS GGPLPQGQEF ELYEVRFHWG
           RENQRGSEHT VNFKAFPMEL HLIHWNSTLF GSIDEAVGKP HGIAIIALFV QIGKEHVGLK
           AVTEILQDIQ YKGKSKTIPC FNPNTLLPDP LLRDYWVYEG SLTIPPCSEG VTWILFRYPL
           TISQMQIEEF RRLRTHVKGA ELVEGCDGIL GDNFRPTQPL SDRVIRAAFQ X
Pteropus   MADLSFIEDS VAFPEKEEDE EEEEEGVEWG YEEGVEWGLV FPDANGEYQS PINLNSREAR
           YDPSLLDVRL SPNYVVCRDC EVTNDGHSIQ VILKSKSVLS GGPLPQGHEF ELYEVRFHWG
           RENQRGSEHT VNFKAFPMEL HLIHWNSTLF GSIDEAVGKP HGIAIIALFV QIGKEHVGLK
           AVTEILQDIQ YKGKSKTIPC FNPNTLLPDP LLRDYWVYEG SLTIPPCSEG VTWILFRYPL
           TISQLQIEEF RRLRTHVKGA ELVEGCDGIL GDNFRPTQPL SDRVIRAAFQ X
Tursiops   ---------- ---------- ---------- ----VEWGLV FPDANGEYQS PINLNSREAR
           YDPSLLDVRL SPNYVVCRDC EVANDGHAIQ VILKSKSVLS GGPLPQGHEF ELYEVRFHWG
           RENQRGSEHT VNFKAFPMEL HLIHWNSTLF GSIDEAVGKP RGIAIIALFV QIGKEHVGLK
           AVTEILQDIQ YKGKSKTIPC FNPNTLLPDP LLRDYWVYEG SLTIPPCSEG VTWILFRYPL
           TISQLQIEEF RRLRTHAKGA ELVEGCDGIL GDNFRPTQPL SDRVIRAAFQ X
Tarsius    ---------- ---------- ---------- ----VEWGLV FPDANGEYQS PINLNSREAR
           YDPSLLDVRL SPNYVVCRDC EVTNDGHTIQ VILKSKSVLS GGPLPQGHEF ELYEVRFHWG
           RENQRGSEHT VNFKAFPMEL HLIHWNSTLF GSIDEAVGKP HGIAIIALFV QIGKEHVGLK
           AVTEILQDIQ YKGKSKTIPC FNPNTLLPDP LLRDYWVYEG SLTIPPCSEG VTWILFRYPL
           TISQLQIEEF RRLRTHVKGA ELVEGCDGIL GDNFRPTQPL SDRVIRAAFQ X
Mustela    MADLSFIEDS VAFPEKEEDE EEEEEGVEWG YEEGVEWGLV FPDANGEYQS PINLNSREAR
           YDPSLLDVRL SPNYVVCRDC EVTNDGHTIQ VILKSKSVLS GGPLPQGHEF ELYEVRFHWG
           RENQRGSEHT VNFKAFPMEL HLIHWNSTLF GSMDEAVGKP HGIAIIALFV QIGKEHVGLK
           AVTEILQDIQ YKGKSKTIPC FNPNTLLPDP LLRDYWVYEG SLTIPPCSEG VTWILFRYPL
           TISQLQIEEF RRLRTHVKGA ELVEGCDGIL GDNFRPTQPL SDRVIRAAFQ X
Tupaia     ---------- ---------- ---------- ----VEWGLV FPDANGEYQS PINLNSREAR
           YDPSLLDVRL SPNYVVCRDC EVTNDGHTIQ VILKSKSVLS -GPLPQ??EF ELYEVRFHWG
           RENQRGSEHT VNFKAFPMEL HLIHWNSTLF GSIDEAVGKP HGIAIIALFV QIGKEHVGLK
           AVTEILQDIQ YKGKSKIIPC FNPNTLLP?? ?????????? ?????????? ??????????
           ??????IEEF RRLRTHVKGA ELVEGCD--- ---------- ---------- -
Ailuropoda MADLSFIEDS VAFPEKEEDE EEEEEGVEWG YEEGVEWGLV FPDANGEYQS PINLNSREAR
           YDPSLLDVRL SPNYVVCRDC EVTNDGHTIQ VILKSKSVLS GGPLPQGHEF ELYEVRFHWG
           RENQRGSEHT VNFKAFPMEL HLIHWNSTLF GSIDEAVGKP HGIAIIALFV QIGKEHVGLK
           AVTEILQDIQ YKGKSKTIPC FNPNTLLPDP LLRDYWVYEG SLTIPPCSEG VTWILFRYPL
           TISQLQIEEF RRLRTHVKGA ELVEGCDGIL GDNFRPTQPL SDRVIRAAFQ X
Bos        MADLSFIEDS VAFPEKEEDE EEEEEGVEWG YEEGVEWGLV FPDANGEYQS PINLNSREAR
           YDPSLLDIRL SPNYVVCRDC EVANDGHTIQ VILKSKSVLS GGPLPQGHEF ELYEVRFHWG
           RENQRGSEHT VNFKAFPMEL HLIHWNSTLF GSIDEAVGKP HGIAIIALFV QIGKEHVGLK
           AVTEILQDIQ YKGKSKTIPC FNPNTLLPDP LLRDYWVYEG SLTIPPCSEG VTWILFRYPL
           TISQLQIEEF RRLRTHVKGA ELVEGCDGIL GDNFRPTQPL SDRVIRAAFQ X
Pan        MADLSFIEDT VAFPEKEEDE EEEEEGVEWG YEEGVEWGLV FPDANGEYQS PINLNSREAR
           YDPSLLDVRL SPNYVVCRDC EVTNDGHTIQ VILKSKSVLS GGPLPQGHEF ELYEVRFHWG
           RENQRGSEHT VNFKAFPMEL HLIHWNSTLF GSIDEAVGKP HGIAIIALFV QIGKEHVGLK
           AVTEILQDIQ YKGKSKTIPC FNPNTLLPDP LLRDYWVYEG SLTIPPCSEG VTWILFRYPL
           TISQLQIEEF RRLRTHVKGA ELVEGCDGIL GDNFRPTQPL SDRVIRAAFQ X
Homo       MADLSFIEDT VAFPEKEEDE EEEEEGVEWG YEEGVEWGLV FPDANGEYQS PINLNSREAR
           YDPSLLDVRL SPNYVVCRDC EVTNDGHTIQ VILKSKSVLS GGPLPQGHEF ELYEVRFHWG
           RENQRGSEHT VNFKAFPMEL HLIHWNSTLF GSIDEAVGKP HGIAIIALFV QIGKEHVGLK
           AVTEILQDIQ YKGKSKTIPC FNPNTLLPDP LLRDYWVYEG SLTIPPCSEG VTWILFRYPL
           TISQLQIEEF RRLRTHVKGA ELVEGCDGIL GDNFRPTQPL SDRVIRAAFQ X
Sus        MADLSFIEDS VAFPEKEEDE EEEEEGVEWG YEEGVEWGLV FPDANGEYQS PINLNSREAR
           YDPSLLDVRL SPNYVVCRDC EVTNDGHTIQ VILKSKSVLS GGPLPQGHEF ELYEVRFHWG
           RENQRGSEHT VNFKAFPMEL HLIHWNSTLF GSIDEAVGKP HGIAIIALFV QIGKEHVGLK
           AVTEILQDIQ YKGKSKTIPC FNPNTLLPVM LFSSYSKYLG MLTFSCCSRY HMWLLSNHPN
           VLSEFQIEEF RRLRTHVKGA ELVEGCDGIL GDNFRPTQPL SDRVIRAAFQ X
Oryctolagu MADLSFIEDS VAFR------ ------VEWG YEEGVEWGLV FPDANGEYQS PINLNSREAR
           YDPSLLDVRL SPNYVVCRDC EVTNDGHTIQ VILKSKSVLS GGPLPQGHEF ELYEVRFHWG
           RENQRGSEHT VNFKAFPMEV HLI-WSFSLF CNLNEIVGEQ HVIPIKILLI YLGRNHTALE
           LLSNVKQNLY IGGKSKTIPC FNPNTLLPDP LLRDYWVYEG SLTIPPCSEG VTWILFRYPL
           TISQLQIEEF RRLRTHVKGA ELVEGCDGIL GDNFRPTQPL SDRVIRAAFQ X
