   40   234
Dasypus    MSKLGKLFKR GGSSKSRAAP SPQEALARLR ETEEMLGKKQ EYLENRIQRE LTLAKKHGTQ
           NKRAALEALK RKKRLEKQLT QIDGTLSTIE FQREALENSY TNTEVLRNMG FAAKAMKTVH
           ENMDLNKIDD LMQDITEQQD IAQEISEAFS QRAGFGNDFD EDELMAELEE LEQEELNKKM
           TNIRLPNVPS SSLPAQPDRL PSMSSSAHRS RAASSRRT-E DDDDIKQLTA WATX
Echinops   MSKLGKFFKG GGSSKSRATA SPQEALARLR ETEEMLGKKQ EYLENRIQRE LTLAKRHGTQ
           NKRAALQALK RKKRFEKQLT QIDGTLSTIE FQREALENSH TNTEVLRNMG FAAKAMKAVH
           ENMDLNKIDD LMQDITEQQD IAQEISEAFS QRVGFGDGFD EDELLAELEE LEQEELNKKM
           TNIQLPNVPS TSLPAQPPRL PGLSSTAHRS RAASSRRTEE DDDDIKHLAA WATX
Pongo      MSKLGKFFKG GGSSKSRAAP SPQEALVRLR ETEEMLGKKQ EYLENRIQRE IALAKKHGTQ
           NKRAALQALK RKKRFEKQLT QIDGTLSTIE FQREALENSH TNTEVLRNMG FAAKAMKSVH
           ENMDLNKIDD LMQEITEQQD IAQEISEAFS QRVGFGDDFD EDELMAELEE LEQEELNKKM
           TNICLPNVPS SSLPAQPNRK PGMSSTARRS RAASSRRAQE EDDDIKQLAA WATX
Ictidomys  ---------- ---------- ---------- ----MLGKKQ EYLENRIQRE LSLAKKHGTQ
           NKRAALQALK RKKRFEKQLT QIDGTLSTIE FQREALENSH TNTEVLRNMG FAAKAMKAVH
           ENMDLNKIDD LMQDITEQQD IAQEISEAFS QRVGFNDGFD EDELMAELEE LEQEELNKKM
           TNIRLPNVPS SSLPAQPDRR PAASSFAHRS RAASSRRVED EDDGIKQLAA WATX
Loxodonta  MSKLGKFFKG GGSSKSRAAP SPQEALARLR ETEEMLGKKQ EYLENRIQRE LTLAKKHGTQ
           NKRAALQALK RKKRFEKQLT QIDGTLSTIE FQREALENSH TNTEVLRNMG LAAKAMKAVH
           ENMDVNKIDD LMQEITEQQD IAQEISEAFS QRVGFGDNFD EDELMAELEE LEQEELNKKM
           RNIRLPNVPS SSLPAQPDRL PAMSSTAHRS RAASSRRTKE EDDDIKHLAA WATX
Canis      MSKLGKFFGA GRSSKGRAAP SPQEALARLR ETEEMLSKKQ EYLEARVQRE LTLAKKHGTR
           NPRAALQALK RKKRFEKQLA QIDGTLSTIE FQREALENSH TNTEVLRNMG FAAKAMKAVH
           ENMDLNKIDD LMQEITEQQD IAQEISEAFS QRVGFGDDFD EDELMAELEE LEQEALNMKM
           TNIRLPNVPS SSLPAQPDRL PGVSSTAHRS RAASSKRT-E EVDDIKQLAA WAPX
Macaca     MSKLGKFFKG GGSSKSRAAP SPQEALARLR ETEEMLGKKQ EYLENRIQRE IALAKKHGTQ
           NKRAALQALK RKKRFEKQLT QIDGTLSTIE FQREALENSH TNTEVLRNMG FAAKAMKSVH
           ENMDLNKIDD LMQEITEQQD IAQEISEAFS QRVGFGDDFD EDELMAELEE LEQEELNKKM
           TNIRLPNVPS SSLPAQPDRK PGMSSTARRS RAASSRRAEE EDDDIKQLAA WATX
Myotis     MSKLGKFFKR GSSR--RAAP SPQEALARLR ETEEMLGKKQ EYLESRIHRE LSLARRHGTR
           NKPAALQALK RKKRLEKQLS QIDGTLSTVE FQREALENAH TNTEVLRSMG LAAKAMRAAH
           ENMDLNKIDD LMQEITEQQD VAQEISEAFS QRTGFGEDFD EDELMAELEE LEQEELNKKM
           TNIRLPNVPS SSLPAQPDRT PGSLGPAARP RAAPSRRAGG EDEDLQHLAA WASX
Felis      MSKLGKFFKG GSSSKSRAAP SPQEALARLR ETEEMLSKKQ EYLENRIQRE LALAKKHGTQ
           NKRAALQALK RKKRFEKQLT QIDGTLSTIE FQREALENSH TNTEVLRNMG FAAKAMKAVH
           ENMDLNKIDD LMQEITEQQD IAQEISEAFS QRAGFGDDFD EDELMAELEE LEQEELNKKM
           TNIRLPNVPS SSLPAQPARM LGMSSAAHRS RAASSRRAEE EDDDIKQLAA WATX
Callithrix MSKLGKFFKG GGSSKSRAAP SPQEALARLR ETEEMLGKKQ EYLENRIQRE IALAKKHGRQ
           NKRAALQALK RKKRFEKQLT QIDGTLSTIE FQREALENSH TNTEVLRNMG FAAKAMKSVH
           ENMDLNKIDD LMQEITEQQD IAQEISEAFS QRVGFGDDFD EDELMAELEE LEQEELNKKM
           TNIRLPNVPS SSLPAQPERK PGMSFTARRT RAASSRRAEE DDDDIKQLAA WATX
Macropus   MSKLGKFFKA GKSSKGKAAP SPQEALARLR ETEEMLGKKQ EYLESRIQRE LALAKKHGTR
           DKRVALQALK RKKRLEKQLT QIDGTLSTIE FQREALENSH TNTEVLRNMG MAAKAMKAVH
           ENMDVNKIDD LMQEITEQQD IAQEISEAFS QRVGFGDDFD EDELMAELEE LEQEELNKKM
           TNIRLPNVPS TSLPAHPGRL PSVPSTSHRS RAASSRRK-E DEDDIKHLAA WASX
Erinaceus  ---------- ---------- ---------- ---------- ---------- ----------
           ----ALQALK RKKRFEKQLT QIDGTLSTIE FQREALENSH TNTEVLRNMG FAAKAMKAAH
           EN???????? ?????????? ?????????? ?????????? ?DELMAELEE LEQEELNKKM
           TNIRLPSVPS TSLPAQPARV PSMSST-HRS RAASSRRSEE EEDDIKQLAA WATX
Nomascus   MSKLGKFFKG GGSSKSRAAP SPQEALVRLR ETEEMLGKKQ EYLENRIQRE IALAKKHGTQ
           NKRAALQALK RKKRFEKQLT QIDGTLSTIE FQREALENSH TNTEVLRNMG FAAKAMKSVH
           ENMDLNKIDD LMQEITEQQD IAQEISEAFS QRVGFGDDFD EDELMAELEE LEQEELNKKM
           TNIHLPNVPS SSLPAQPNRK PGMPSTARRS RAASSRKAEE EDDDIKQLAA WATX
Vicugna    MSKLGKFFKG GGSSKSRAAP SPQEALARLR ETEEMLGKKQ EYLENRIQRE LSLAKKHGTR
           DKRAALQALK RKKRYEKQLT QIDGTLSTIE FQREALENSH TNTEVLRNMG LAAKAMKAVH
           ENMDVNKIDD LMQEITEQQD IAQEISEAFS QRVGFGDDFD EDELMAELEE LEQEELNKKM
           TNIRLPSVPS SSLPAQPGRV PSVPSSAHRA RAASSRRAEE EDDDIKQLAA WATX
Monodelphi MSKLGKLFKG GNSSKSKAAP SAQEALARLR ETEEMLGKKQ EYLETRIQRE LALAKKHGTH
           NKRAALQALK RKKRFEKQLT QIDGTLSTIE FQREALENSH TNTEVLRNMG YAAKAMKAVH
           ENMDINKIDD LMQEITEQQD IAQEISEAFS QRVGFGDDFD EDELMAELEE LEQEELNKKM
           TNIRLPSVPS TSLPAHPGRQ PSLPSSSRPS RAASSRRK-E DEDDIKQLAA WASX
Cavia      MSKLAKFFQR GGSSKGRAAP SAQEALARLR ETEEMLGRKQ EYLESRIQRE LALARRLGTQ
           NKRAALQALK RKKRFEKQLS QIDGTLSTIE FQREALENAH TNTEVLRNMG LAAKVMRAVH
           ENMDLNKIDD LMQDITEQQD IAQEISEAFS QRVGFGDGFD EDELMAELEE LEQEELNKKM
           TNIRLPTVPS SSLPAQPDRK P----SAHRS RAASSKRK-E EEDDFNELAA WAS-
Sarcophilu MSKLGRFFKR GDSSKGKAVP TPQEALARLR ETEEILGKKQ EYLETRIQKE LALAKKHGTQ
           NKRAALQALK RKKRLEKHLT QIDGTLSTIE FQREALENSH TNTEVLRNMG FAAKAMKAVH
           ENMDINKIDD LMQEITEQQD IAQEISEAFS QRVGFGDDFD EDELMAELEE LEQEELNKKM
           TNVRLPNVPS TSLPSHPGRL PNVPSTSHRS RAASSRRK-E DEDDIKQLAA WASX
Equus      MSKLGKFFKG AGSSKSRAAP SPQEALARLR ETEEMLGKKQ EYLESRIQRE LSLARKHGTQ
           NKRAALQALK RKKRFEKQLA QIDGTLSTIE FQREALENSH TNTEVLRNMG LAAKAMKAVH
           ENMDLNKIDD LMQEITEQQD IAQEISEAFS QRVGFADGFD EDELMAELEE LEQEELNKKM
           TNIRLPSVPS SSLPAQPERM PRMPS---RM PGRMPMRAEE DDDDIKKLSA WATX
Rattus     MSKLGKFFKG SRSSRARAAP SAQEALARLR ETEEMMAKKQ EYLENRIQRE LALAKKHGSQ
           NKRAALQALK RKKRFEKQLT QIDGTLSTIE FQREALENSH TNTEVLRNMG FAAKAMKAVH
           ENMDLNKIDD LMQDITEQQD IAQEISEAFS QRVQFADGFD EDELLAELEE LEQEELNKKM
           TSMELPNVPS SSLPAQPSRK AGVPSSVHRS RAASSRRA-E EDDDFKQLAA WATX
Ochotona   MSKLGKFFKG GGSSKSRAAP SPQEALARLR ETEEMLGKKQ EYLENRIQRE LSLAKKHGTQ
           NKRAALQALK RKKRFEKQLT QIDGTLSTIE FQREALENSH TNAEVLRNMG FAARAMKAAH
           ENMDLNKIDD LMQEITEQQD IAQEISEAFS QRVGFADGFD EDELLAELEE LEQEELNKKM
           TNMRLPNVPS SSLPAQPERK TSRVPTAHRS RAASSRRTGE EDDDIKQLAA WATX
Gorilla    MSKLGKFFKG GGSSKSRAAP SPQEALVRLR ETEEMLGKKQ EYLENRIQRE IAMAKKHGTQ
           NKRAALQALK RKKRFEKQLT QIDGTLSTIE FQREALENSH TNTEVLRNMG FAAKAMKSVH
           ENMDLNKIDD LMQEITEQQD IAQEISEAFS QRVGFGDDFD EDELMAELEE LEQEELNKKM
           TNIHLPNVPS SSLPAQPKRK PGMSSTARRS RAASSRRAEE EDDDIKQLAA WATX
Procavia   MSKLGKFFKG GGSSKGRAAP SAQEALARLR ETEEMLGKKQ EYLENRIQRE LSLAKRHGTQ
           NKRAALQALK RKKRFEKQLT QIDGTLSTIE FQREALENSH TNTEVLRNMG FAAKAMKAVH
           ENMDVNKIDD LMQEITEQQD IAQEISEAFS QRVAFGDDFD EDELLAELEE LEQEELNKKM
           TSIRLPNVPS SSLPAQPERQ PDMSSTAHRA RAASSRRT-E EDDDFKHLAA WATX
Dipodomys  MSKLGKLFKG RGSSKSRTAL SPQEALARLR ETEEMLGKKQ EYLETRIQRE LALAKKHGTK
           DKRAALQALK RKKRFEKQLT QLDGTLSTIE FQREALENSH TNTEVLRNMS YAAKAMKAVH
           ENMDLNKIDD LMQDITEQQD IAQEISEAFS ERVQFGDDFD EDELMAEFEE LEQEELNQKM
           TNIQLPNVPS SSLPAQPARK HSMPSSAHSS RAASSRRAEE DDDEFKQLAA WATX
Otolemur   MSKLGKFFKG GGSSKSRAAP NPQEALARLR ETEEMLGKKQ EYLESRIQRE VALAKKHGTQ
           NKRAALQALK RKKRFEKQLT QIDGTLSTIE FQREALENSH TNTEVLKNMG FAAKAMRAAH
           ENMDLNKIDD LMQEITEQQD IAQEISEAFS QRVGLGDDFD EDELMAELEE LEQEELNKKM
           TNIRLPNVPS SSLPAQPERR PSRPSPAHRS RAASSRRAEE EDDDFKQLAA WATX
Microcebus MSKLGKFFKG GGSSKS-AAP SPQEALARLR ETEEMLGKKQ EYLENRIQKE LALAKKHGKQ
           NKRAALQALK RKKRFEKQLT QIDGTLSTIE FQREALENSH TNTEVLRNMG FAAKAMKTVH
           EN???????? ?????????? ?????????? ?????????? ?DELMAELEE LEQEELNKKM
           TNTRLPNVPP SSLPAQPDRK PSMPSTARRS RAASSRRAEE DDDDFKQLAA WATX
Mus        MSKLGKFFKG TRSSRARAAP SAQEALARLR ETEEMLAKKQ EYLENRIQRE LALAKKHGSQ
           NKRAALQALK RKKRFEKQLT QVDGTLSTIE FQREALENSH TNTEVLRNMG FAAKAMKAVH
           DNMDLNKIDD LMQDITEQQD IAQEISEAFS QRVQFADGFD EAELLAELEE LEQEELNKKM
           TSLELPNVPS SSLPAQPSRK ASMPSSVHRS RAASSRRA-E EDDDFKQLAA WATX
Pteropus   MSKLGRFFKG GGSSKSRGAP SPQEALARLR ETEEMLGKKQ DYLENRIQRE LALAKKHGRQ
           NKR--????? ?????????? ?????????? ?????????? ?????????? ??????????
           ????LNK??? ?????????? ?????????? ??????DG-D EDELMAELEE LEQEELNKKM
           TNVRLPNVPS TSLPAQPDRT PGMPATAQRP RPASSRRAEE DDDAIKQLEA WAIX
Tursiops   MSKLGKFFKG GGSSKSRAAP SSQEALVRLR ETEEMLSKKQ EYLENRIQRE LSLAKKHGTK
           NKRAALQALK RKKRFEKQLT QIDGTLSTIE FQREALENSH TNTEVLRNMG IAAKAMKALH
           ENMDLNKIDD LMQEIAEQQD VAQEISEAFS QRVGFDDNFD EDELMAELEE LEQEELNKKM
           ANIRLPNVPS SSLPAQPDRV PSTSSSAHRS RA???????? ?????????A WATX
Tarsius    MSKLGKFFKG GGSSKSRAAP SPQEALARLR ETEEMLGKKQ EYLENRIQRE LALAKKHGTR
           NKRAALQALK RKKRFEKQLT QIDGTLSTIE FQREALENSH TNTEVLRNMG FAAKAMKAVH
           ENIDLNKIDD LMQDITEQQD IAQEISEAFS QRVVFGDDFD EDELMAELEE LEQEELNKKM
           TNIRLPKVPS SALPAQPERK PTMSSTAHRS RGASSRRA-E EDDDIKQLAA WATX
Mustela    MSKLGKFFKG GGSSKSRAAP SPQEALARLR ETEEMLSKKQ EYLENRIQRE LTLAKKHGTQ
           NKRAALQALK RKKRFEKQLT QIDGTLSTIE FQREALENSH TNTEVLRNMG FAAKAMKAVH
           ENMDLNKIDD LMQEITEQQD IAQEISEAFS QRVGFGDDFD EDELMAELEE LEQEELNKKM
           TNIRLPNVPS SSLPAQPERM PATSSTAHRS RAASSRRAED EDDDIKQLAA WATX
Tupaia     ---------- ---------- ---------- ---------- ---------- ----------
           ----ALQALK RKKRFEKQLT QIDGTLSTIE FQREALENSH TNTEVLRNMG FAAKAMKAAH
           ENMDLNKIDD LMQEITEQQD IAQEISEAFS QRVGFGDDFD EDELMAELEE LEQEELNKKM
           TNIRLPNVPS SSLPAQPDRK PSLPSTARRS QPASSRRAEE EDDDIKQLAT WATX
Ailuropoda MSKLGKFFKG GGSSKSRAAP SPQEALARLR ETEEMLSKKQ EYLENRIQRE LTLAKKHGTQ
           NKRAALQALK RKKRFEKQLT QIDGTLSTIE FQREALENSH TNTEVLRNMG FAAKAMKAVH
           ENMDLNKIDD LMQEITEQQD IAQEISEAFS QRVGFGDDLD EDELMAELEE LEQEELNKKM
           TNIRLPNVPS SSLPAQPDRM PGTSSTAHRS RAASSRRAEE EDDDIKHLAA WATX
Pan        MSKLGKFFKG GGSSKSRAAP SPQEALVRLR ETEEMLGKKQ EYLENRIQRE IALAKKHGTQ
           NKRAALQALK RKKRFEKQLT QIDGTLSTIE FQREALENSH TNTEVLRNMG FAAKAMKSVH
           ENMDLNKIDD LMQEITEQQD IAQEISEAFS QRVGFGDDFD EDELMAELEE LEQEELNKKM
           TNIRLPNVPS SSLPAQPNRK PGMSSTARRS RAASSRRAEE EDDDIKQLAA WATX
Homo       MSKLGKFFKG GGSSKSRAAP SPQEALVRLR ETEEMLGKKQ EYLENRIQRE IALAKKHGTQ
           NKRAALQALK RKKRFEKQLT QIDGTLSTIE FQREALENSH TNTEVLRNMG FAAKAMKSVH
           ENMDLNKIDD LMQEITEQQD IAQEISEAFS QRVGFGDDFD EDELMAELEE LEQEELNKKM
           TNIRLPNVPS SSLPAQPNRK PGMSSTARRS RAASSQRAEE EDDDIKQLAA WATX
Sus        MWLL------ ---------- ---------- ---------- PYL------- ----------
           ---AALQALK RKKRFEKQLT QIDGTLSTIE FQREALENSH TNTEVLKNMG MAAKAMKAVH
           ENMDLNKIDD LMQEITEQQD IAQEISEAFS QRVGFGADFD EDELMAELEE LEQEELNKKM
           TNIRLPNVPS SSLPAPPERV PNMPSSTPRT RAASSRRAEE EEDDIKQLAA WATX
Oryctolagu MSKLGKFFKG GGSSKSRAAP SPQEALARLR ETEEMLSKKQ EYLENRIQRE LSLAKKHGTQ
           NKRAALQALK RKKRFEKQLT QIDGTLSTIE FQREALENSH TNTEVLRNMG FAARAMKAAH
           ENMDLNKIDD LMQEITEQQD IAHEISEAFS QRVGFVDGFD EDELLAELEE LEQEELNKKM
           TNIRLPNVPS SSLPAQPERK ASRVPAAHRS RAASSRRTGE EDDDIKQLAA WATX
Ornithorhy MAAQPRGGEG PGAGLSRGAP DPRQVVARLG DSERELRQRQ AALEARIEAE LARAKDRGTG
           DRRAALQALK RKKRFEKQLS QIDGILSTVE FQREALENAH TNTEVLRNLD FAAKVVKAVH
           KPMDLNKIDD LMQEVTEQQD RAQEMSDAFS QRVGFGDDFD EDELMAELLE LEQEEM-KKT
           KSIRLPSVPS PSLPA-PSRL PSRPSTSHQF RGASSKRT-E DDGDGHQLTA WASX
Choloepus  MSKLGKFFKA RGSTKSRAAP SPQEALARLR ETEEMLGKKQ EYLENRIQRE LTLAKEHGT-
           HKR??????? ?????????? ?????????? ?????????? ?????????? ??????????
           ???DLNKIDD LMQDITEQQD IAQEISEAFS QRVGFGDGFD EDELMAELAE LEQEELNKKM
           TNIRLPNV-S SSLPAQPQRL PSTSSTAHRS RAASSRRT-E DDDDIKQLAA WATX
Sorex      MSKLGKFFKG GGSSKSRAAP SAPEALARLR ETEEMLGKKQ EYLENRIQRE LSLARKHGTQ
           NKRAALQALK RKKRFEKQLS QIDGTLSTIE FQREALENSH TNTEVLRNMG LAAKAMKSIH
           QNMDLNKIDD LMQEITEQQD IAQEISEAFS QRTGFGDEFD EDELMAELEE LEQEELNKKM
           TNIRLPNVPS SSLPSQPART PSAAS-ARQP RAASSRRAED DDDDIKQLAA WATX
Bos        MSKLGKFFKG GGSSKSRAAP SAQEALARLR ETEEMLGKKQ EYLEGRIQRE LSLARKHGTQ
           NKRAALQALK RKKRLEKQLT QIDGTLSTIE FQREALENSY TNTEVLKNMG LAAKAMKAVH
           ENMDLNKIDD LMQEITEQQD IAQEISEAFS QRVGFGDDFD EDELMAELEE LEQEELNKKM
           TNIRLPNAPS SSLPAQPDRM PGAPS-ARRS RAASSRRTEG EDDDIQHLAA WATX
