   40   252
Dasypus    MSDIGDWFRS IPPITRYWFA ATVAVPLVGR LSLISPAYFF LWPEAFIYRF QVWRPVTATF
           YFPVGPGTGF LYLVNLYFLY QYSTRLETGA FDGRPADYLF MLLFNWICIV ITGLAMDMQL
           LMIPLIMSVL YVWAQLNRDM IVSFWFGTRF KVCKVPWYDV -LNLFICNSV ISELIGNLVG
           HLYFFLMFRY PMDLGGRNFL STPQFLYRWL PSRRGGVSGF GMPPASMRRA ADQNGGGGRH
           NWGQGFRLGD QX
Echinops   MSDIGDWFRS IPAITRYWFA ASVAVPLVGK LGLISPAYLF LWPEAFLYRF Q?????????
           ?????????? ?????????? ?????????A FDGRPADYLF MLLFNWICIV ITGLAMDMQL
           LMIPLIMSVL YVWAQLNRDM IVSFWFGTRF KACYLPWVIL GFNYIIGGSV INEFIENLVG
           HLYFFIMFRY PMNWGGRNFL STPQFLYRWL PSRRGGVSGF GAPPASVRRA ADLNGGGGRH
           NWGQGFRLGD QX
Pongo      ---------- ---------- ---------- ---------- ---------- QIWRPITATF
           YFPVGPGTGF LYLVNLYFLY HYSTRLETGA FDGRPADYLF MLLFNWICIV ITGLAMDMQL
           LMIPLIMSVL YVWAQLNRDM IVSFWFGTRF KACYLPWVIL GFNYIIGGSV INELIGNLVG
           HLYFFLMFRY PMDLGGRNFL STPQFLYRWL PSRRGGVSGF GVPPASMRRA ADQNGGGGRH
           NWGQGFRLGD QX
Ictidomys  MSDIGDWFRS IPIITRYWFA ATVAVPLVGK LGLISPAYFF LWPEAFLYRF QIWRPITATF
           YFPVGPGTGF LYLVNLYFLY QYSTRLETGA FDGRPADYLF MLLFNWICIV ITGLAMDMQL
           LMIPLIMSVL YVWAQLNRDM IVSFWFGTRF KACYLPWVIL GFNYIIGGSV INELIGNLVG
           HLYFFLMFRY PMDLGGRNFL STPQFLYRWL PSRRGGVSGF GVPPASMRRA ADQNGGGGRH
           NWGQGFRLGD QX
Loxodonta  MSDIGDWFRS IPAITRYWFA ATVAVPLIGK LGLISPAYLF LWPEAFLYRF QIWRPITATF
           YFPVGPGTGF LYLVNLYFLY QYSTRLETGA FDGRPADYLF MLLFNWICIV ITGLAMDMQL
           LMIPLIMSVL YVWAQLNRDM IVSFWFGTRF KACYLPWVIL GFNYIIGGSV INELIGNLVG
           HLYFFLMFRY PMDLGGRNFL STPQFLYRWL PSRRGGVSGF GVPPASMRRA ADQNGGGGRH
           NWGQGFRLGD QX
Canis      MSDIGDWFRS IPAITRYWFA ATVAVPLVGK LGLISPAYFF LWPEAFLYRF QVWRPITATF
           YFPVGPGTGF LYLVNLYFLY QYSTRLETGA FDGRPADYLF MLLFNWICIV ITGLAMDMQL
           LMIPLIMSVL YVWAQLNRDM IVSFWFGTRF KACYLPWVIL GFNYIIGGSV INELIGNLVG
           HLYFFLMFRY PMDLGGRNFL STPQFLYRWL PSRRGGVSGF GVPPASMRRA ADQNGGGGRH
           NWGQGFRLGD QX
Macaca     MSDIGDWFRS IPAITRYWFA ATVAVPLVGK LGLISPAYLF LWPEAFLYRF QIWRPITATF
           YFPVGPGTGF LYLVNLYFLY QYSTRLETGA FDGRPADYLF MLLFNWICIV ITGLTMDMQL
           LMIPLIMSVL YVWAQLNRDM IVSFWFGTRF KACYLPWVIL GFNYIIGGSV INELIGNLVG
           HLYFFLMFRY PMDLGGRNFL STPQFLYRWL PSRRGGVSGF GVPPASMRRA ADQNGGGGRH
           NWGQGFRLGD QX
Myotis     MSDIGDWFRS IPAITRYWFA ATVAVPLIGK LGLISPAYFV LWPEAFLYRF QIWRPITATF
           FFPVGPGTGF LYLVNLYFLY QYSTRLETGA FDGRPADYLF MLLFNWICIV ITGLAMDMQL
           LMIPLIMSVL YVWAQLNRDM IVSFWFGTRF KACYLPWVIL GFNYIIGGSV INELIGNLVG
           HLYFFLMFRY PMDLGGRNFL STPQFLYRWL PSRRGGVSGF GMPPASVRRA ADQNGGGGRH
           NWGQGFRLGD QX
Felis      MSDIGDWFRS IPAITRYWFA ATVAVPLVGK LGLISPAYFF LWPEAFLYRF QIWRPVTATF
           YFPVGPGTGF LYLVNLYFLY QYSTRLETGA FDGRPADYLF MLLFNWICIV ITGLAMDMQL
           LMIPLIMSVL YVWAQLNRDM IVSFWFGTRF KACYLPWVIL GFNYIIGGSV INELIGNLVG
           HLYFFLMFRY PMDLGGRNFL STPQFLYRWL PSRRGGVSGF GVPPASMRRA ADQNGGGGRH
           NWGQGFRLGD QX
Callithrix MSDIGDWFRS IPAITRYWFA ASVAVPLVSK LGLISPAYLV LWPEAFLYRF QVWRPITATF
           YFPVGPGTGF LYLVNLYFLY QYSTRLETGA FDGRPADYLF MLLFNWICIV ITGLTMDMQL
           LMIPLIMSVL YVWAQLNRDM IVSFWFGTRF KACYLPWVIL GFNYIIGGSV VNELIGNLVG
           HLYFFLMFRY PMDLGGRNFL STPQFLYHWL PSRRGGVSGF GVPPASMRRA ADPNGGGGRH
           NWGQGFRLGD QX
Macropus   MSDLGDWFRS IPIITRYWFA GAIVVPFVGK LGLINPSYFL LWPDAFLYHF QIWRPITATF
           FFPVGPGTGF LYLVNLYFLY QYSTRLETGA FDGRPADYMF MLLFNWVCIV ITGLIMDMQL
           LMIPLIMSVL YVWAQLNREM IVSFWFGTRF KACYLPWVIL VFNYIIGGSV INELIGNLVG
           HLYYFLMFKY PMDLGGRTFL STPQC----- ---------- ---------- ----------
           ---------- --
Erinaceus  MSDIGDWFRS IPAITRYWFA ATVAVPLVGK LGLISPAYFF LWPEAFLYRF Q?????????
           ?????????? ?????????? ?????????? ?????????? ?????????? ITGLAMDMQ?
           ?????????? ?????????? ?????????? ?????????? ?????????V INELIGNLVG
           HLYFFLMFRY PMDLGGRNFL STPQFLYRWL PSRRGGVSGF GVPPASMRRA ADQNGGGGRH
           NWGQGFRLGD QX
Sorex      MSDIGDWFRS IPSITRYWFA ATVAVPLVGK LGLISPAYFF LWPEAFIYRF QIWRPITATF
           YFPVGPGTGF LYLVNLYFLY QYSTRLET?? ?????????? ?????????V ITGLAMDMQL
           LMIPLIMSVL YVWAQLNRDM IVSFWFGTRF KACYLPWVIL GFNYIIGG?? ??????????
           ?????????? ?????????? ??????YRWL PSRRGGVSGF GVLPASMRRA ADQNGGGGRH
           NWGQGFRLGD QX
Nomascus   MSDIGDWFRS IPAITRYWFA ATVAVPLVGK LGLISPAYLF LWPEAFLYRF QIWRPITATF
           YFPVGPGTGF LYLVNLYFLY QYSTRLETGA FDGRPADYLF MLLFNWICIV ITGLAMDMQL
           LMIPLIMSVL YVWAQLNRDM IVSFWFGTRF KACYLPWVIL GFNYIIGGSV INELIGNLVG
           HLYFFLMFRY PMDLGGRNFL STPQFLYRWL PSRRGGVSGF GVPPASMRRA ADQNGGGGRH
           NWGQGFRLGD QX
Ornithorhy VSGIVFWARP VPSLRPFFFC SPLGVPLTPT LESVTLTAMF V---SFWFG- QIWRPITATF
           YFPVGPKTGF LYLVNLYFLY QYSTRLETGA FDGRPADYMF MLLFNWICIV ITGLIMDMQL
           LMIPLIMSVL YVWAQLNRDM IVSFWFGTRF KACYLPWVIL GFNYIIGGSV INELVGNLVG
           HLYFFLMFKY PMDLGGRNFL STPQFLYRWL PSRRGGISGF GVPPASMRRA AEDQGGGGRH
           NWGQGFRLGD QX
Vicugna    ---------- ---------- ---------- ---------- ---------- -IWRPITATF
           YFPVGPGTGF LYLVNLYFLY QYSTRLETGA FDGRPADYLF MLLFNWICIV ITGLAMDMQL
           LMIPLIMSVL YVWAQLNRDM IVSFWFGTRF KACYLPWVIL GFNYIIGGSV INELIGNLVG
           HLYFFLMFRY PMDLGGRNFL STPQFLYRWL PSRRGGVSGF GVPPASMRRA AD-NGGGGRH
           NWGQGFRLGD QX
Monodelphi MSDLGDWFRS IPVITRYWFA GAIVVPLVGK LGLINASYFL LWPDAFLYHF QIWRPVTATF
           FFPVGPGTGF LYLVNLYFLY QYSTRLETGA FDGRPADYMF MLLFNWICIV ITGLVMDMQL
           LMIPLIMSVL YVWAQLNRDM IVSFWFGTRF KACYLPWVIL GFNYIIGGSV INELIGNLVG
           HLYYFLMFKY PMDLGGRTFL STPQFLYRWL PSRRGGVSGF GVPPASMRRA AEHQGGGGRH
           NWGQGFRLGD QX
Cavia      MSDIGDWFRS IPAITRYWFA ASIAVPLVGK LGLISPAYLF LWPEAFLYRF QIWRPITATF
           YFPVGPGTGF LYLVNLYFLY QYSTRLETGA FDGRPADYLF MLLFNWICIV ITGLAMDMQL
           LMIPLIMSVL YVWAQLNRDM MVSFWFGTRF KACYLPWVIL GFNYIIGGSV INELIGNLVG
           HLYFFLMFRY PMDLGGRNFL STPQFLYRWL PSRRGGVSGF GVPPASVRRA ADQNGGGGRH
           NWGQGFRLGD QX
Sarcophilu -TNLGDWFRS IPIITRYWFA GAIVVPFVGK LGLINPSYFL LWPDAFLYHF QIWRPITATF
           FFPVGPGTGF LYLVNLYFLY QYSTRLETGA FDGRPADYMF MLLFNWVCIV ITGLIMDMQL
           LMIPLIMSVL YVWAQLNREM IVSFWFGTRF KFFFFFFFFF FFSFFFSPPV INELIGNLVG
           HLYYFLMFKY PMDLGGRTFL CTPQCLYRWL PSRRGNVSGF GVPPASMRRA AEHQGGGGRH
           NWGQGFRLGD QX
Equus      MSDIGDWFRS IPAITRYWFA ATVAVPLVGK LGLISPTYLI LSPEAFLYRF QIWRPITATF
           YFPVGPGTGF LYLVNLYFLY QYSTRLETGA FDGRPADYLF MLLFNWICIV ITGLAMDMQL
           LMIPLIMSVL YVWAQLNRDM IVSFWFGTRF KACYLPWVIL GFNYIIGGSV INELIGNLVG
           HLYFFLMFRY PMDLGGRNFL STPQFLYHWL PNRRGGVSGF GVPPANMRRA ADQNGGGGRH
           NWGQGFRLGD QX
Rattus     MSDIGDWFRS IPAITRYWFA ATVAVPLIGK LAIISPAYFF LWPEAFLYRF QIWRPFTATF
           YFPVGPGTGF LYLVNLYFLY QYSTRLEAGA FDGRPADYLF MLLFNWICIV ITGLAMDMQL
           LMIPLIMSVL YVWAQLNRDL IVSFWFGTRF KACYLPWVIL GFNYIIGGSV INELIGNLVG
           HLYFFLMFRY PMDLGGRNFL STPQFLYRWL PSRRGGVSGF GVPPASMRRA ADQNGGGGRH
           NWGQGFRLGD QX
Ochotona   MSDIGDWFRS IPAITRYWFA ATVAVPLVGK LGLISPAYFL LWPEAFLYRF QIWRPVTATF
           YFPVGPGTGF LYLVNLYFLY QYSTRLETAA FDGRPADYLF MLLFNWICIV ITGIAMDMQL
           LMIPLIMSVL YVWAQLNRDM IVSFWFGTRF KACYLPWVIL GFNYIIGG-- ----------
           ---------- ---------- ---------- ---------- ---------- ----------
           ---------- --
Gorilla    MSDIGDWFRS IPAITRYWFA ATVAVPLVGK LGLISPAYLF LWPEAFLYRF QIWRPITATF
           YFPVGPGTGF LYLVNLYFLY QYSTRLETGA FDGRPADYLF MLLFNWICIV ITGLAMDMQL
           LMIPLIMSVL YVWAQLNRDM IVSFWFGTRF KACYLPWVIL GFNYIIGGSV INELIGNLVG
           HLYFFLMFRY PMDLGGRNFL STPQFLYRWL PSRRGGVSGF GVPPASMRRA ADQNGGGGRH
           NWGQGFRLGD QX
Procavia   MSD-GDWFRS IPAITRYWFA ATVAVPLVGK LGLISPAYFF LWPEAFLYRF QIWRPITATF
           YFPVGPGTGF LYLVNLYFLY QYSTRLET?? ?????????? ?????????? ??????????
           ?????????? ?????????? ?????????? ?????????? ?????????? ??????????
           ?????????? ?????????? ??????YRWL PSRRGGVSGF GVPPASMRRA ADQNGGGGRH
           NWGQGFRLGD QX
Dipodomys  MSDIGDWFRS IPAITRYWFA ATVAVPLVGK LGLISPAYFF LWPEAFLYRF QIWRPLTATF
           YFPVGPGTGF LYLVNLYFLY QYSTRLESGA FDGRPADYLF MLLFNWICIV ITGLAMDMQL
           LMIPLIMSVL YVWAQLNRDM IVSFWFGTRF KACYLPWVIL GFNYIIGGSV INELIGNLVG
           HLYFFLMFRY PMDLGGRNFL ST????YRWL PSRRGGVSGF GVPPASMRRA ADQD-GGRRH
           NWGQGFRLGD QX
Otolemur   MSDIGDWFRS IPAITRYWFA ATVAVPLVGK LGLISPAYLF LWPEAFLYRF QIWRPITATF
           YFPVGPGTGF LYLVNLYFLY QYSTRLETGA FDGRPADYIF MLLFNWICIV ITGLAMDMQL
           LMIPLIMSVL YVWAQLNRDM IVSFWFGTRF KACYLPWVIL GFNYIIGGSV INELIGNLVG
           HLYFFLMFRY PMDLGGRNFL STPQFLYRWL PSRRGGVSGF GVPPASMRRA ADQNGGGGRH
           NWGQGFRLGD QX
Microcebus ---------- ---------- ---------- ---------- ---------- -IWRPITATF
           YFPVGPGTGF LYLVNLYFLY QYSTRLETGA FDGRPADYLF MLLFNWICIV ITGLAMDMQL
           LMIPLIMSVL YVWAQLNRDM IVSFWFGTRF KACYLPWVIL GFNYIIGGSV INELIGNLVG
           HLYFFLMFRY PMDLGGRNFL STPQFLYRWL PSRRGGVSGF GVPPASMRRA ADQNGGGGRH
           NWGQGFRLGD QX
Mus        MSDIGDWFRS IPAITRYWFA ATVAVPLIGK LGIISPAYFF LWPEAFLYRF QIWRPFTATF
           YFPVGPGTGF LYLVNLYFLY QYSTRLEAGA FDGRPADYLF MLLFNWICIV ITGLAMDMQL
           LMIPLIMSVL YVWAQLNRDL IVSFWFGTRF KACYLPWVIL GFNYIIGGSV INELIGNLVG
           HLYFFLMFRY PMDLGGRNFL STPQFLYRWL PSRRGGVSGF GVPPASMRRA ADQNGGGGRH
           NWGQGFRLGD QX
Tursiops   MSDIGDWFRS IPAITRYWFA ATVAVPLVGK LGLISPAYFF LWPEAFLYRF QIWRPITATF
           YFPVGPGTGF LYLVNLYFLY QYSTRLET?? ?????????? ?????????? ITGLAMDMQL
           LMIPLIMSVL YVWAQLNRDM IVSFWFGTRF KACYLPWVIL GFNYIIGGSV INELIGNLVG
           HLYFFLMFRY PMDLGGRNFL STPQFLYRWL PSRRGGVSGF GVPPASMRRA ADQNGGGGRH
           NWGQGFRLGD QX
Tarsius    MSDFGDWSRS IPAI-RHWLA ARVAVPPVGK LGLFSPAYLF LW-EAFLSRF Q?????????
           ?????????? ?????????? ?????????? ?????????? ?????????? ITGLAMDMQL
           LMIPLIMSVL YVWAQLNRDM VVSFWFGTRF KACYLPWVIL GFNYIIGGSV INELIGNLVG
           HLYFFLMFRY PMDLGGRNFL STPQFLYRWL PSRRGGVSGF GA-PASMRRA ADQIGGGGRH
           HWGQG----- --
Mustela    MSDIGDWFRS IPAITRYWFA ATVAVPLVGK LGLISPAYFF LWPEAFLYRF QVWRPITATF
           YFPVGPGTGF LYLVNLYFLY QYSTRLETGA FDGRPADYLF MLLFNWICIV ITGLAMDMQL
           LMIPLIMSVL YVWAQLNRDM IVSFWFGTRF KACYLPWVIL GFNYIIGGSV INELIGNLVG
           HLYFFLMFRY PMDLGGRNFL STPQFLYRWL PSRRGGVSGF GVPPASMRRA ADQNGGGGRH
           NWGQGFRLGD QX
Tupaia     MSDIGDWFRS IPALTRYWFA ATVAVPLVGK LGLISPAYFF LWPEAFLYRF QIWRPITATF
           YFPVGPGTGF LYLVNLYFLY QYSTRLET?? ?????????? ?????????? ITGLAMDMQ-
           LMIPLIMSVL YVWAQLNRDM IVSF???T-- -ACYLPWVIL GFNYIIGGSV INELIGNLVG
           HLYFFLMFRY PMDLGGRNFL STPQFLYRWL PSRRGGVSGF GVPPASMRRA ADQNGGGGRH
           NWGQGFRLGD QX
Ailuropoda MSDIGDWFRS IPAITRYWFA ATVAVPLVGK LGLISPAYFF LWPEAFLYRF QIWRPITATF
           YFPVGPGTGF LYLVNLYFLY QYSTRLETGA FDGRPADYLF MLLFNWICIV ITGLAMDMQL
           LMIPLIMSVL YVWAQLNRDM IVSFWFGTRF KACYLPWVIL GFNYIIGGSV INELIGNLVG
           HLYFFLMFRY PMDLGGRNFL STPQFLYRWL PSRRGGVSGF GVPPASMRRA ADQNGGGGRH
           NWGQGFRLGD Q-
Bos        MSDIGDWFRS IPTITRYWFA ATVAVPLVGK LGLISPAYFF LWPEAFLYRF QIWRPITATF
           YFPVGPGTGF LYLVNLYFLY QYSTRLETGA FDGRPADYLF MLLFNWICIV ITGLAMDMQV
           ICFRFIVNVL RQKIQSNREI RPVLYLKTMS KACYLPWVIL GFNYIIGGSV INELIGNLVG
           HLYFFLMFRY PMDLGGRNFL STPQFLYRWL PSRRGGVSGF GVPPASMRRA ADQNGGGGRH
           NWGQGFRLGD QX
Pan        MSDIGDWFRS IPAITRYWFA ATVAVPLVGK LGLISPAYLF LWPEAFLYRF QIWRPITATF
           YFPVGPGTGF LYLVNLYFLY QYSTRLETGA FDGRPADYLF MLLFNWICIV ITGLAMDMQL
           LMIPLIMSVL YVWAQLNRDM IVSFWFGTRF KACYLPWVIL GFNYIIGGSV INELIGNLVG
           HLYFFLMFRY PMDLGGRNFL STPQFLYRWL PSRRGGVSGF GVPPASMRRA ADQNGGGGRH
           NWGQGFRLGD QX
Homo       MSDIGDWFRS IPAITRYWFA ATVAVPLVGK LGLISPAYLF LWPEAFLYRF QIWRPITATF
           YFPVGPGTGF LYLVNLYFLY QYSTRLETGA FDGRPADYLF MLLFNWICIV ITGLAMDMQL
           LMIPLIMSVL YVWAQLNRDM IVSFWFGTRF KACYLPWVIL GFNYIIGGSV INELIGNLVG
           HLYFFLMFRY PMDLGGRNFL STPQFLYRWL PSRRGGVSGF GVPPASMRRA ADQNGGGGRH
           NWGQGFRLGD QX
Sus        ---------- ---------- ---------- ---------- ---------- -IWRPITATF
           YFPVGPGTGF LYLVNLYFLY QYSTRLETGA FDGRPADYLF MLLFNWICIV ITGLAMDMQL
           LMIPLIMSVL YVWAQLNRDM IVSFWFGTRF KACYLPWVIL GFNYIIGGSV INELIGNLVG
           HLYFFLMFRY PMDLGGRNFL STPQFLYRWL PSRRGGVSGF GVPPASMRRA ADQNGGGGRH
           NWGQGFRLGD QX
Oryctolagu MSDIGDWFRS IPAITRYWFA ATVAVPLVGK LGLISPAYFF LWPEAFLYRF QIWRPITATF
           YFPVGPGTGF LYLVNLYFLY QYSTRLETAA FDGRPADYLF MLLFNWICIV ITGLAMDMQL
           LMIPLIMSVL YVWAQLNRDM IVSFWFGTRF KACYLPWVIL GFNYIIGGSV INELIGNLVG
           HLYFFLMFRY PMDLGGRNFL STPQFLYRWL PSRRGGVSGF GVPPASMRRA ADQNGGGGRH
           NWGQGFRLGD QX
Pteropus   MSDIGDWFRS IPAITRYWFA ATVAVPLVGK LGLISPAYFF LWPEAFLYRF QIWRPITATF
           YFPVGPGTGF LYLVNLYFLY QYSTRLETGA FDGRPADYLF MLLFNWICIV ITGLAMDMQL
           LMIPLIMSVL YVWAQLNRDM IVSFWFGTRF K--YY-WVII N----ILEPV INELIGNLVG
           HLYFFLMFRY PMDLGGRNFL STPQFLYRWL PSRRGGVSGF GVPPASMRRA ADQNGGGGRH
           NWGQGFRLGD QX
Choloepus  MSDIGDWFRS IPAITRYWFA ATVAVPLVGK LGLISPAYFF LWPEAFLYRF QVWRPITATF
           YFPVGPGTGF LYLVNLYFLY QYSTRLETGA FDGRPADYLF MLLFNWICIV ITGLAMDMQL
           LMIPLIMSVL YVWAQLNRDM IVSFWFGTRF KACYLPWVIL GFNYIIGGSI INEIIGNPI-
           HL-LLLMFRY PRDLGGRNFV STRQFLYRWL PSRRGGVSGF GV-PASVRRA ADQNGGGGRH
           N-GQGFRLGD QX
