   40   329
Ictidomys  ---------- ---------- ---------- ---------- ---------- -------KQA
           ADTLAVRQKR RIYDITNVLE GIDLIEKKSK NSIQWKGVGA GCNTKEVIDR LRFLKAEIED
           LELKERELDQ QKLWLQQSIK NVMDDSINNR TFSYVTHEDI CNCFNGDTLL AIQAPSGTQL
           EVPIPEMGQN GQKKYQINLK SHSGPIHVLL INKESSSSKP VVFPVPPPDD LTQPSSQSST
           PVTPQKPNIA AQNLPEQLVS ERSQNLQQIP ATEISS-GSL SGDIIDELMS SDVFPLLRLS
           PTPADDYNFN LDDNEGVCDL FDVQILNYX
Canis      ---------- ---------- ---------- ---------- ---------- -------KQA
           ADTLAVRQKR RIYDITNVLE GIDLIEKKSK NSIQWKGVGA GCNTKEVIDR LRYLKAEIED
           LELKERELDQ QKLWLQQSIK NVMDDSINNR TFSYVTHEDI CNCFNGDTLL AIQAPSGTQL
           EVPIPEMGQN GQKKYQINLK SHSGPIHVLL INKESSSSKP VVFPVPPPDD LTQPSSQPST
           PVTAQKSNIA TQNLPE-HVS ERSQNLQQTP ATDLSSAGSI SGDIIDELMS SDVFPLLRLS
           PTPADDYNFN LDDNEGVCDL FDVQILNYX
Macaca     AAAEPASSGQ QAGQGQPPPQ QLGGAGGGSS RHEKSLGLLT TKFVSLLQEA KDGVLDLKAA
           ADTLAVRQKR RIYDITNVLE GIDLIEKKSK NSIQWKGVGA GCNTKEVIDR LRYLKAEIED
           LELKERELDQ QKLWLQQSIK NVMDDSINNR TFSYVTHEDI CNCFNGDTLL AIQAPSGTQL
           EVPIPEMGQN GQKKYQINLK SHSGPIHVLL INKESSSSKP VVFPVPPPDD LTQPSSQSLT
           PATPQKSSMA TENLPEQHVS ERSQTLQQTS ATEISSAGSI SGDIIDELMS SDVFPLLRLS
           PTPADDYNFN LDDNEGVCDL FDVQILNYX
Felis      ---------- ---------- -VPTPRGGSS RHEKSLGLLT TKFVSLLQEA KDGVLDLKAA
           ADTLAVRQKR RIYDITNVLE GIDLIEKKSK NSIQWKGVGA GCNTKEVIDR LRYLKAEIED
           LELKERELDQ QKLWLQQSIK NVMDDSINNR TFSYVTHEDI CNCFNGDTLL AIQAPSGTQL
           EVPIPEMGQN GQKKYQINLK SHSGPIHVLL INKESNSSKP VVFPVPPPDD LTQPSSQPST
           PVTPQKSNIA TQNLPEQHVS ERSQNLQQTP ATDLSSTGSI SGDIIDELMS SDVFPLLRLS
           PTPADDYNFN LDDNEGVCDL FDVQILNYX
Nomascus   AAAEPASSGQ QAGQGQPPPP QLGGAGGGSS RHEKSLGLLT TNFVSLLQEA KDGVLDLKAA
           ADTLAVRQKR RIYDITNVLE GIDLIEKKSK NSIQWKGVGA GCNTKEVIDR LRYLKAEIED
           LELKERELDQ QKLWLQQSIK NVMDDSINNR -FSYVTHEDI CNCFNGDTLL AIQAPSGTQL
           EVPIPEMGQN GQKKYQINLK SHSGPIHVLL INKESSSSKP VVFPVPPPDD LTQPSSQSLT
           PVTPQKSSMA TQNLPEQHVS ERSQALQQTS ATDISSAGSI SGDIIDELMS SDVFPLLRLS
           PTPADDYNFN LDDNEGVCDL FDVQILNYX
Vicugna    ---------- ---------- ---------- ---------- ---------- ---------A
           ADTLAVRQKR RIYDITNVLE GIDLIEKKSK NSIQWKGVGA GCNTKEVIDR LRYLKAEIED
           LELKERELDQ QKLWLQQSIK NVMDDSINN? ?????????? ??????DTLL AIQAPSGTQL
           EVPIPEMGQN GQKKYQINLK SHSGPIHVLL INKESSSSKP VVFPVPPPDD LTQPSSQPST
           PVTPQKSSPA TQNLPEQHVP ERSQNVQQTP ATDLSSAGSI SGDIIDELMS SDVFPLLRLS
           PTPADDYNFN LDDNEGVCDL FDVQILNYX
Cavia      ---------- ---------- ---------- ---------- ---------- ---------A
           ADTLAVRQKR RIYDITNVLE GIDLI----- -SIQWKGVGA GCNTKEVIDR LRFLKAEIED
           LELKERELDQ QKLWLQQSIK NVMDDSINNS TFSYVTHEDV RNCFN--ALI GVLVTNGTQK
           STPIPFLGQN GQKKYQINLK SHSGPIHVLL INKESSSSKP VVFPVPPPDD LTQPSSQSST
           PVTPQKPSML PQNPPEQHVS ERSQNLQQIP TTEIGSAGSI SGDIIDELMS SDVFPLLRLS
           PTPADDYNFN LDDNEGVCDL FDVQILNYX
Equus      ---------- ---------- ---------- ---------- ---------- ------FKQA
           ADTLAVRQKR RIYDITNVLE GIDLIEKKSK NSIQWKGVGA GCNTKEVIDR LRYLKAEIED
           LELKERELDQ QKLWLQQSIK NVMDDSINNR TFSYVTHEDI CNCFNGDTLL AIQAPSGTQL
           EVPIPEMGQN GQKKYQINLK SHSGPIHVLL INKESSSSKP VVFPVPPPDD LTQPSSQSST
           PVTPQKSSTA TQNLPEQHVS ERSQNLQQTP ATDLSSVGSI SGDIIDELMS SDVFPLLRLS
           PTPADDYNFN LDDNEGVCDL FDVQILNYX
Gorilla    AAAEPASSGQ QAGQGQPPPP PLGGAGGGSS RHEKSLGLLT TKFVSLLQEA KDGVLDLKAA
           ADTLAVRQKR RIYDITNVLE GIDLIEKKSK NSIQWKGVGA GCNTKEVIDR LRYLKAEIED
           LELKERELDQ QKLWLQQSIK NVMDDSINNS TFSYVTHEDI CNCFNGDTLL AIQAPSGTQL
           EVPIPEMGQN GQKKYQINLK SHSGPIHVLL INKESSSSKP VVFPVPPPDD LTQPSSQSLT
           PVTPQKSSMA TQNLPEQHVS ERSQALQQTS ATDISSAGSI SGDIIDELMS SDVFPLLRLS
           PTPADDYNFN LDDNEGVCDL FDVQILNYX
Procavia   AAAEPASSGQ QAGHGHASPQ PLGGGGSGSS RHEKSLGLLT TKFVSLLQEA KDGVLDLKAA
           ADTLAVRQKR RIYDITNVLE GIDLIEKKSK NSIQW????? ?????????? ??????????
           ?????????? ?????????? ?????????? TFSYVTHEDI CNCFSGDTLL AIQAPSGTQL
           EVPIPEMGQN GQKKYQINLK SHSGPIHVLL INKESSSSKR VVFPIPPRDD LTQPSSQPST
           PVTPQRPDPA TQNLPEQHVS EGSQNLQQIP ATDLSS---- ---------- ----------
           ---------- ---------- ---------
Dipodomys  ---------- ---------- ---------- ---------- ---------- ---------A
           ADTLAVRQKR RIYDITNVLE GIDLIEKKSK NSIQWKGVGA GCNTKEVIDR LKFLKAEIED
           LELKERELDQ QKLWLQQSIK NVMDDSINNS TFSYVTHEDI CNCFNGDTLL AIQAPSGTQL
           EVPIPEMGQN GQKKYQINLK SHSGPIHVLL INKESSSSKP VVFPVPPPDD LTQPSSQSSP
           PAMPQKPNMA AQDLPEQPVS ERSQNLQQTP TTEIASAGSI SGDIIDELMS SDVFPLLRLS
           PTPADDYNFN LDDNEGVCDL FDVQILNYX
Otolemur   AAAEPASSGQ QAGQGQPPPQ QLGNSGSGSS RHEKSLGLLT TKFVSLLQEA KDGVLDLKAA
           ADTLAVRQKR RIYDITNVLE GIDLIEKKSK NSIQWKGVGA GCNTKEVIDR LRYLKAEIED
           LELKERELDQ QKLWLQQSIK NVMDDSVNNS TFSYVTHEDV CNCFNGDTLL AIRAPSGTQL
           EVPIPEMNLN GQKKYQINLK SCSGPIHVLL INKESSSSKP VVFPVPPPDD LTQSSSQSST
           PVTPQKSNTE PQNLPEQHVS ERGQNFQQTP ATDISSAGSI SGDIIDELMS SDVFPLLRLS
           PTPADDYNFN LDDNEGVCDL FDVQILNY-
Microcebus ---------- ---------- ---------- ---------- ---------- ---------A
           ADTLAVRQKR RIYDITNVLE GIDLIEKKSK NSIQWKGVGA GCNTKEVIDK LRYLKAEIED
           LDLKERELDQ QKLWLQQSIK NVMDDSINNR TFSYVTHEDI CNCFN????? ??????????
           ???????GQN GQKKYQINLK SHSGPIHVLL INKESSSSKP VVFPVPPPDD LTQSSSQSST
           PVTPQKSNTA TQNQPEQHVS ERSQNLQQTP ATDISS???? ?????????? ???FPLLRLS
           PTPADDYNFN LDDNEGVCDL FDVQILNYX
Tarsius    ---------- ---------- ---------- ---------- ---------- ---------A
           ADTLAVRQKR RIYDITNVLE GIDLIEKKSK NSIQWKGVGA GCNTKEVIDR LRYLKTEIDD
           LELKERELDQ QKLWLQQSIK NVMDDSINNS TFSYVTHEDI CNCFNGDTLL AIQAPSGTQL
           EVPIPEMGQN GQKKYQINLK SHSGPIHVLL INKESSSSKP VVFPVPPPDD LTQPSSQSLT
           PMTPQKSNTA TQNLPEQHVS ERSQNLQQTP ATDISSAGSI SGDIIDELMS SDVFPLLRLS
           PTPADDYNFN LDDNEGVCDL FDVQILNYX
Mustela    ---------- ---------- ---------- ---------- ---------- ---------A
           ADTLAVRQKR RIYDITNVLE GIDLIEKKSK NSIQWKGVGA GCNTKEVIDR LRYLKAEIED
           LELKERELDQ QKLWLQQSIK NVMDDSINNR TFSYVTHEDI CNCFNGDTLL AIQAPSGTQL
           EVPIPEMGQN GQKKYQINLK SHSGPIHVLL INKESSSSKP VVFPVPPPDD LTQPSSQPST
           PVTPQKSNTA TQNLPEQHAS ERSQNLQQTP ATDLSSSGTI SGDIIDELMS SDVFPLLRLS
           PTPADDYNFN LDDNEGVCDL FDVQILNYX
Ailuropoda ---------- ---------- -LNSGAAEAG AHEKSLGLLT TKFVSLLQEA KDGVLDLKAA
           ADTLAVRQKR RIYDITNVLE GIDLIEKKSK NSIQWKGVGA GCNTKEVIDR LRYLKAEIED
           LELKERELDQ QKLWLQQSIK NVMDDSINNR TFSYVTHEDI CNCFNGDTLL AIQAPSGTQL
           EVPIPEMGQN GQKKYQINLK SHSGPIHVLL INKESNSSKP VVFPVPPPDD LTQPSSQPPT
           PATPQKSSIA TQNLSEHHVS ERSQNLQQTP ATDLSSSGSI SGDIIDELMS SDVFPLLRLS
           PTPADDYNFN LDDNEGVCDL FDVQILNYX
Bos        ---------- ---------- ---------- ---------- ---------- -------KQA
           ADTLAVRQKR RIYDITNVLE GIDLIEKKSK NSIQWKGVGA GCNTKEVIDR LKYLKAEIED
           LELKERELDQ QKLWLQQSIK NVMDDSINNS TFSYVTHEDI CNCFNGDTLL AIQAPSGTQL
           EVPIPEMGQN GQKKYQINLK SHSGPIHVLL INKESSSSKP VVFPVPPPDD LAQPPSQPPT
           PVPPHKPSSA VQSLPEPPVS ERSQPLQHTP ATDLSSAGSI SGDIIDELMS SDVFPLLRLS
           PTPADDYNFN LDDNEGVCDL FDVQILNYX
Pan        AAAEPASSGQ QAGQGQPPPP QLGGAGGGSS RHEKSLGLLT TKFVSLLQEA KDGVLDLKAA
           ADTLAVRQKR RIYDITNVLE GIDLIEKKSK NSIQWKGVGA GCNTKEVIDR LRYLKAEIED
           LELKERELDQ QKLWLQQSIK NVMDDSINNR -FSYVTHEDI CNCFNGDTLL AIQAPSGTQL
           EVPIPEMGQN GQKKYQINLK SHSGPIHVLL INKESSSSKP VVFPVPPPDD LTQPSSQSLT
           PVTPQKSSMA TQNLPEQHVS ERSQALQQTS ATDISSAGSI SGDIIDELMS SDVFPLLRLS
           PTPADDYNFN LDDNEGVCDL FDVQILNYX
Homo       AAAEPASSGQ QAGQGQPPPP QLGGAGGGSS RHEKSLGLLT TKFVSLLQEA KDGVLDLKAA
           ADTLAVRQKR RIYDITNVLE GIDLIEKKSK NSIQWKGVGA GCNTKEVIDR LRYLKAEIED
           LELKERELDQ QKLWLQQSIK NVMDDSINNR -FSYVTHEDI CNCFNGDTLL AIQAPSGTQL
           EVPIPEMGQN GQKKYQINLK SHSGPIHVLL INKESSSSKP VVFPVPPPDD LTQPSSQSLT
           PVTPQKSSMA TQNLPEQHVS ERSQALQQTS ATDISSAGSI SGDIIDELMS SDVFPLLRLS
           PTPADDYNFN LDDNEGVCDL FDVQILNYX
Dasypus    AAAEPASSGQ QAGQGQPP-Q QFGGGGGGSS RHEKSLGLLT TKFVSLLQEA KDGVLDLKAA
           ADTLAVRQKR RIYDITNVLE GIDLIEKKSK NSIQWKGVGA GCNTKEVIDR LRYLKAEIED
           LEMKERELDQ QKLWLQQSIK NVMDDSINNR TFSYVTHEDI CNCFNGDTLL AIQAPSGTQL
           EVPIPEMGQN GQKKYQINLK SHSGPIHVLL INKESSSSKP VVFPVPPPDD LTQPSSQPST
           PVTPQKPNLA TQNLPEPPAS ERSETLQHTP ATDISSAGSI SGDIIDELMS SDVFPLLRLS
           PTPADDYNFN LDDNEGVCDL FDVQILNYX
Monodelphi AAAELGSSGQ QQGQGQ-PPA PPGNGGGGSS RHEKSLGLLT TKFVSLLQEA KDGVLDLKAA
           ADTLAVRQKR RIYDITNVLE GIDLIEKKSK NSIQWKGVGA GCNTKEVIDR LRYLKAEIED
           LELKERELDQ QKLWLQQSIK NVMDDSINNR TFSYVTHEDI CNSFNGDTLL AIRAPSGTQL
           EVPIPEMGQN GQKKYQINLK SHTGPIHVLL INKDSSSSKP VVFPVPPPDD LTQPPSQVST
           PVSPQKPNTE TQNLPEQHTL TIGQHLQQTP VSDTPS-GSI SGDIIDELMS SDVFPLLRLS
           PTPADDYNFN LDENEGVCDL FDVQILNYX
Pongo      AAAEPASSGK QAGQG??AP- RSSGRRGGSS RHEKP-GLLT TKFVSLLQEA KDGVWISKRA
           ADTLAVRQKR RIYDITNVLE GIDLIEKKSK NSIQWKGVGA GCNTKEVIDR LRYLKAEIED
           LELKERELDQ QKLWLQQSIK NVMDDSINNS TFSYVTHEDI CNCFNGDTLL AIQAPSGTQL
           EVPIPEMGQN GQKKYQINLK SHSGPIHVLL INKESSSSKP VVFPVPPPDD LTQPSSQSLT
           PVTPQKSSMA TQNLPEQHVS ERSQALQQTS ATDISSAGSI SGDIIDELMS SDVFPLLRLS
           PTPADDYNFN LDDNEGVCDL FDVQILNY-
Loxodonta  AAAEPASSGQ QAGQGQPPPQ QLGGGGGGSS RHEKSLGLLT TKFVSLLQEA KDGVLDLKAA
           ADTLAVRQKR RIYDITNVLE GIDLIEKKSK NSIQWKGVGA GCNTKEVIGR LRCLKAEIED
           LELKERELDQ QKLWLQQSIK NVMDDSINNR TFSYVTYEDI CNCFNGDTLL AIQAPSGTQL
           EVPIPEMGQN GQKKYQINLK SHSGPIHVLL INKESSSSKP VVFPVPPPDD LTQPSSQPAT
           PVTPQKPNTA THNLPEQHVS ERSQNLQQIA ATDLSS-GSI SGDIIDELMS SDVFPLLRLS
           PTPADDYNFN LDDNEGVCDL FDVQILNYX
Sus        AAAEPASSGQ PAGQGQPPPQ PLGGGGGGSS RHEKSLGLLT TKFVSLLQEA KDGVLDLKAA
           ADTLAVRQKR RIYDITNVLE GIDLIEKKSK NSIQWKGVGA GCNTKEVIDR LRYLKAEIED
           LELKERELDQ QKLWLQQSIK NVMDDSINNS TFSYVTHEDI CNCFNGDTLL AIQAPSGTQL
           EVPIPEMGQN GQKKYQINLK SHSGPIHVLL INKESSSSKP VVFPVPPPDD LTQPSSQPST
           PVTPQKSTTA TQNLPEQHIS ERSQNLQQTA ATDVSSAGSI SGDIIDELMS SDVFPLLRLS
           PTPADDYNFN LDDNEGVCDL FDVQILNYX
Tursiops   -----AGSGQ PAGRGQPPPT PIWGGGGGSS RHEKSLGLLT TKFVSLLQEA KDGVLDLKAA
           ADTLAVRQKR RIYDITNVLE GIDLIEKKSK NSIQW????? ?????????? ??????????
           ???KERELDQ QKLWLQQSIK NVMDDSINNS TFSYVTHEDI CNCFNGDTLL AIQAPSGTQL
           EVPIPEMGQN GQKKYQINLK SHSGPIHVLL INKESSSSKP VVFPVPPPDD LTQPSSQPST
           PVPPQKSNMA TQNLPEQHVS ERSQNLQQTP ATDLSSAGSI SGDIIDELMS SDVFPLLRLS
           PTPADDYNFN LDDNEGVCDL FDVQILNYX
Pteropus   AAAPPQA--- --GRGRPARP QLGAAAGGSS RHEKSLGLLT TRFVSLLQEA EDGVLDLKAA
           ADTLAVRQKR RIYDITNVLE GIDLIEKKSK NSIQWKGVGA GCNTTEVVDR LRCLKAEIKD
           LELKERELDQ HKLWLQQSIR NVMSDAINNS TFSYVTHEDI CDCFNGDTLL AIQAPSGTQL
           EVPIPEMGQN GQKKYQINLK SHSGPIHVLL INKEASSSKP VAFPVPPPDD LTQPPAPTPT
           PTPPQKPHAA TPSPPGPPAC ERSQSLQQTV ATELPSAGSV SADIIDELMS SDVFPLLRLS
           PTPADDYSFN LDENEGVCDL FDVQILNYX
Tupaia     AAAEPASSGQ QAGQGQPPPQ QL--AGGGSS RHEKSLGLLT TKFVSLLQEA KDGVLDLK-A
           ADTLV--QKR RIYDITNVLE GIDLNEKKSK NSIQ-KGVGA GCNTKEVIDR LRYLKAEIED
           LELKERELDQ QKLWLQQSIK NVMDDSINNR TFSYVTHEDI CNCFNGDTLL GI????????
           ???????GQN GQKKYQINLK SHSGPIHVLL INKESGSSKP VVFPVPPPDD LTQPSSQSSA
           PLTPQKPNTA TQNLPEQHVS ERSQNLEQTP ATDISSAGSI SGDIIDELMS SDVFPLLRLS
           PTPADDYNFN LDDNEGVCDL FDVQILNYX
Choloepus  AAAEPASSGQ QAG??????? ?????????? ?????????? ?????LLQEA KDGVLDLKAA
           ADTLAVRQKR RIYDITNVLE GIDLIEKKSK NSIQWKGVGA GCNTKEVIDR LRYLKAEIED
           LEMKERELDQ QKLWLQQSIK NVMDDSTNNS TFSYVTHEDI CNCFN????? ??????GTQL
           EV-IPEMGQN GQKKYQINLK SHSGPIHVLL INKESSSSKP VVFPVPPPDD LTQPSSQPST
           PLTPQKPNLA NQNVPEHPVS DRSQNLQHT- TTDVSSAGSI SGDIIDELMS SDVFPLLRLS
           PTPADDYNFN LDDNEGVCDL FDVQILNYX
Myotis     AAAEPASSGQ SAGQAQAAPP QLGARGGARG RRRGCGPRCT RLFIRQLQGA GMGVPDAGEA
           ADTLAVRQKR RIYDITNVLE GIDLIEKKSK NSIQWKGVGA GCNTKEVLER LRDLRAEVED
           LDLKERELDQ QKSWLQQSIR NVMDDTINSR TFSYVTHEDI CNCFHGDTLL AIQAPAGTQL
           EVPLPEMGQN GQKKYQINLK SHSGPIHVLL INKESSSSQP VVFPVPPPDD LTQPPSQPST
           PQTPHKPSPT PPSPPGPPAS ERSPSLQHIP ATDSAS-GSV TGDLIDELMS SDVFPLLRLS
           PTPADDYNFN LDDSEGVCDL FDVQILNYX
Ochotona   AAAEPASSGQ QAGQGQPPPH PGSAGGGGSS RHEKSLGLLT TKFVSLLQEA KDGVLDLKAA
           ADTLAVRQKR RIYDITNVLE GIDLIEKKSK NSIQWKGVGA GCNTKEVID? ??????????
           ?????????? ?????????? ?????????? ?????????? ??????DTLL AIQAPSGTQL
           EVPIPEMGQN GQKKYQINLK SHSGPIHVLL INKESSSSKP VVFPIPPPDD LTQPSSSSST
           PVTPQKPPGA AQHVPEQPAS ERSPHLQQTP ATDIPSVGSI SGDIIDELMS SDVFPLLRLS
           PTPADDYNFN LDDNEGVCDL FDVQILNYX
Ornithorhy ---------- ---------- ---------- ---------- ---------- ----------
           ---------- ---------- ---------- --VSLRGVGA GCNTKEVIDR LRYLKAEIED
           LDLKERELDQ QKSWLQQSIK NVMDDSTNNR -FSYVTHEDI CNCFNGDTLL TIQAPSGTQL
           EVPIPEMGQN GQKKYQINLK SHSGPIHVLL INKESSSSKP VVFPVPPPDD LTQPPSQPQT
           PATPQTPN-A APSAPEHNLS REDCNLQQNS ATPTSPSGAI SGDIIDELMS SDVFPLLRLS
           PTPADDYNFN LDDNEGVCDL FDVQILNYX
Sarcophilu ---------- ---------- ---------- ---------- ---------- -------KQA
           ADTLAVRQKR RIYDITNVLE GIDLIEKKSK NSIQWKGVGA GCNTKEVIDR LRYLKAEIED
           LELKERELDQ QKLWLQQSIK NVMDDSINNR -YPFITHEDI CNCFNGDTLL AIQAPSGTQL
           EVPIPEMGQN GQKKYQINLK SHSGPIHVLL INKESSSSKP VVFPVPPPDD LTQPP-QVST
           PVTPQKPNTE TQNLPEQHTL TRSQHLQQTP VSDTPS-GSI SGDIIDELMS SDVFPLLRLS
           PTPADDYNFN LDENEGVCDL FDVQILNYX
Callithrix ---------- ---------- ---------- ---------- ---------- -------KQA
           ADTLAVRQKR RIYDITNVLE GIDLIEKKSK NSIQWKGICT FQNSTKILNK LFQSKVTLTV
           FRQRRQALPA HLSWPNSSLK GVGLD-INDS TFSYVTHEDI CNCFNGDTLL AIQAPSGTQL
           EVPIPEMGQN GQKKYQINLK SHSGPIHVLL INKESSSSKP VVFPVPPPDD LTQPSSQSLT
           PVTPQKSSTA TQNLPEQHVS ERSQTLQQTS ATDISSKRSI TGDIIDELMS SDVFPLLRLS
           PTPADDYNFN LDDNEGVCDL FDVQILNYX
Sorex      ---------- ---------- ---------- ---------- ---------- ---------A
           ADTLAVRQKR RIYDITNVLE GIDLIEKKSK NSIQW----- ---------- ----------
           ---------- -----????? ?????SINNR TFSYVTHEDI CN-FHGDTLL AIQAPSGTQL
           EVPIPEMGQN GQKKYQINLK SHSGPYGVLL INKESSSSKP VVFPVPPPDD LTQPSPQPTT
           PVTPPKTGTA TQDLPEQRVS EKSQSLQQTP APDLPS???? ?????????? ???FPLLRLS
           PTPADDYNFN LDDNEGVCDL FDVQILNYX
Macropus   ---------- ---------- ---------- ---------- ---------- ----------
           --------RR RIYDITNVLV GIYLI-KKS- -SIQW----- -----DVI-M LRHLIAETED
           LKLKERKPDQ LKLGLQQSIQ NVLENS-NSK -FSPITHENI CNWFNGGTLL TIQAPSGTYL
           DIPIPEMSQN G-KKYQINLK SPSGPVQ--F INKESSSQSV VVFPVPPPDH LTQPPSQVLP
           PVTPQKP--- --NLPEHSLT RGA--FQHT- --------SV SGT------- ----PLL--S
           PTFVDDYNFN LYKNE-VFNF FDIQIKNYX
Rattus     AAAEPTSSAQ PTAQAQPPSH QSAALAGGSS RHEKSLGLLT TKFVSLLQEA QDGVLDLKEA
           ADTLAVRQKR RIYDITNVLE GIDLIEKKSK NSIQWKGVGA GCNTKEVIDR LRCLKAEIED
           LELKERELDQ QKLWLQQSIK NVMEDSINNS TFSYVTHEDI CSCFNGDTLL AIQAPSGTQL
           EVPIPEMGQN GQKKYQINLK SHSGPIHVLL INKESNSSKP VVFPVPPPDD LTQPSSQSST
           SVTPPKSTMA AQNLPEQHVS ERSQNFQQTP ATEISS-GSI SGDIIDELMS SDVFPLLRLS
           PTPADDYNFN LDDNEGVCDL FDVQILNYX
Erinaceus  ---------- ---------- ---------- ---------- ---------- ---------A
           ADTLAVRQKR RIYDITNVLE GIDLIEKKSK NSIQWKGVGA GCNTKEVIDR LRYLKAEIED
           LEHKERELDQ QKLWLQQSIK NVMDDSMNNR TFSYVTHEDI CNCFNGDTLL AIQAPSGTQL
           EVPIPEMGQN GQKKYQINLK SHSGPIHVLL INKESSSSKP VVFPVPPPDD LTQPSSQPTT
           PVAPQKSSTV TQNLLEQHVS -RSQNLHQIP ATDLSSAGSI SGDIIDELMS SD???????S
           PT-ADDY-LN LDDNEGVCDL FDVQILNYX
Mus        AAAEPTSSAQ PTAQAQPPSQ PSAALAGGSS RHEKSLGLLT TKFVSLLQEA QDGVLDLKAA
           ADTLAVRQKR RIYDITNVLE GIDLIEKKSK NSIQWKGVGA GCNTKEVIDR LRCLKAEIED
           LELKERELDQ QKLWLQQSIK NVMEDSINNS TFSYVTHEDI CNCFHGDTLL AIQAPSGTQL
           EVPIPEMGQN GQKKYQINLK SHSGPIHVLL INKESSSSKP VVFPVPPPDD LTQPSSQSST
           SVTPQKSTMA AQNLPEQHVS ERSQTFQQTP AAEVSS-GSI SGDIIDELMS SDVFPLLRLS
           PTPADDYNFN LDDNEGVCDL FDVQILNYX
Oryctolagu AAAAAANSGA RV-------- -----AGGSS RHEKSLGLLT TKFVSLLQEA KDGVLDLKAA
           ADTLAVRQKR RIYDITNVLE GIDLIEKKSK NSIQWKGVGA GCNTKEVIDR LRFLKAEIED
           LELKERELDQ QKLWLQQSIK NVMDDSINNR -FSYVTHEDI CNCFNGDTLL AIQAPSGTQL
           EVPIPEMGQN GQKKYQINLK SHSGPIHVLL INKESNSSKP VVFPIPP-DD LTQPSSQSST
           PVTPQKSTVA AQHPPEQPAS ERSQSLQQTP ATDIAS-GSI SGDIIDELMS SDVFPLLRLS
           PTPADDYNFN LDDNEGVCDL FDVQILNY-
Echinops   AAAEPASSGQ QAAQGHPPQQ PLGAGGGGSS RHEKSLGLLT TKFVSLLQEA QDGVLDLKAA
           ADTLAVRQKR RIYDITNVLE GIDLIEKKSK NSIQW????? ?????????? ??????????
           ?????????? ?????????? ?????????? ?????????? ??????DTLL AIQAPSGTQL
           EVPIPEMGQN GQKKYQINLK SLSGPIHVLL INKESSSSKP VVFPVPPPDN LTQP-SQPST
           PVTPQKLDIA AQELPELPVL ERSPGLQQIP ATDLTSAGSI SGDIIDELMS SDVFPLLRLS
           PTPADDYNFN LDDNEGVCDL FDVQILNYX
