   40   340
Dasypus    MAQLGAVVAV AASFFCASLF SAVHKIEEGH IGVYYRGGAL LTSTSGPGFH LMLPFITSYK
           SVQTTLQTDE VKNVPCGTSG GVMIYFDRIE VVNFLVPNAV YDIVKNYTAD YDKALIFNKI
           HHELNQFCSV HTLQEVYIEL FDQIDENLKL ALQQDLTSMA PGLVIQAVRV TKPNIPESIR
           RNYELMESEK TKLLIAAQKQ KVVEKEAETE RKKALIEAEK VAQVAEITYG QKVMEKETEK
           KISEIEDAAF LAREKAKADA ECYTAMKIAE ANKLKLTPEY LQLMKYKAIA SNSKIYFGKD
           IPNMFMDSAG GLGKQFEGLA DKLSLGLEEE PLEAATEGNX 
Echinops   MAQLGAVVAL AAGFFCSSLF SAVHKIEEGH IGVYYRGGAL LTSTSGPGFH LMLPFITSYK
           SVQTTLQTDE VKNVPCGTSG GVMIYFDRIE VVNFLVPNAV YDIVKNYTAD YDKALIFNKI
           HHELNQFCSV HTLQEVYIEL FDQIDENLKL ALQQDLTSMA PGLVIQAVRV TKPNIPEAIR
           RNYELMESEK TKLLIAAQKQ KVVEKEAETE RKKALIEAEK VAQVAEITYG QKVMEKETEK
           KISEIEDAAF LAREKAKADA ECYTAMKIAE ANKLKLTPEY LQLMKYKAIA SNSKIYFGKD
           IPNMFVDSAG SLGKQFEGLA DKLNLGLEEE PVEAATEGNX 
Pongo      MAQLGAVVAV ASSFFCASLF SAVHKIEEGH IGVYYRGGAL LTSTSGPGFH LMLPFITSYK
           SVQTTLQTDE VKNVPCGTSG GVMIYFDRIE VVNFLVPNAV YDIVKNYTAD YDKALIFNKI
           HHELNQFCSV HTLQEVYIEL FDQIDENLKL ALQQDLTSMA PGLVIQAVRV TKPNIPEAIR
           RNYELMESEK TKLLIAAQKQ KVVEKEAETE RKKALIEAEK VAQVAEITYG QKVMEKETEK
           KISEIEDAAF LAREKAKADA ECYTAMKIAE ANKLKLTPEY LQLMKYKAIA SNSKIYFGKD
           IPNMFMDSAG SVSKQFEGLA DKLSFGLEDE PLETATKENX 
Ictidomys  MAQLGAVVAV ASSFFCASLF SAVHKIEEGH IGVYYRGGAL LTSTSGPGFH LMLPFITSYK
           SVQTTLQTDE VKNVPCGTSG GVMIYFDRIE VVNFLVPNAV YDIVKNYTAD YDKALIFNKI
           HHELNQFCSV HTLQEVYIEL FDQIDENLKL ALQQDLTSMA PGLVIQAVRV TKPNIPEAIR
           RNYELMESEK TKLLIAAQKQ KVVEKEAETE RKKALIEAEK VAQVAEITYG QKVMEKETEK
           RISEIEDAAF LAREKAKADA ECYTALKTAE ANKLKLTPEY LQLMKYKAIA SNSKIYFGKD
           IPNMFMDSAG GISKQYEGLG DKLSFGEEDE PLEATTPENX 
Loxodonta  MAQLGAVVAV AASFFCASLF SAVHKIEEGH IGVYYRGGAL LTSTSGPGFH LMLPFITSYK
           SVQTTLQTDE VKNVPCGTSG GVMIYFDRIE VVNFLVPNAV YDIVKNYTAD YDKALIFNKI
           HHELNQFCSV HTLQEVYIEL FDQIDENLKL ALQQDLTSMA PGLVIQAVRV TKPNIPEAIR
           RNYELMESEK TKLLIAAQKQ KVVEKEAETE RKKALIEAEK VAQVAEITYG QKVMEKETEK
           KISEIEDAAF LAREKAKADA ECYTAVKIAE ANKLKLTPEY LQLMKYKAIA SNSKIYFGKD
           IPNMFVDSAG SLGKQFEKLA DKLSFGLEEE PSEAATEGNX 
Macaca     MAQLGAVVAV ASSFLCASLF SAVHKIEEGH IGVYYRGGAL LTSTSGPGFH LMLPFITSYK
           SVQTTLQTDE VKNVPCGTSG GVMIYFDRIE VVNFLVPNAV YDIVKNYTAD YDKALIFNKI
           HHELNQFCSV HTLQEVYIEL FDQIDENLKL ALQQDLTSMA PGLVIQAVRV TKPNIPEAIR
           RNYELMESEK TKLLIAAQKQ KVVEKEAETE RKKALIEAEK VAQVAEITYG QKVMEKETEK
           KISEIEDAAF LAREKAKADA ECYTAMKIAE ANKLKLTPEY LQLMKYKAIA SNSKIYFGKD
           IPNMFMDSAG SVSKQFEGLA DKLSFGLEDE PLETATKENX 
Myotis     MAQLGAVVAV ATSFFCAALF SAVHKIEEGH IGVYYRGGAL LTSTSGPGFH LMLPFITSYK
           SVQTTLQTDE VKNVPCGTSG GVMIYFDRIE VVNFLVPSAV YDIVKNYTAD YDKALIFNKI
           HHELNQFCSV HTLQEVYIEL FDQIDENLKL ALQQDLTSMA PGLVIQAVRV TKPNIPEAIR
           RNYELMESEK TKLLIAAQKQ KVVEKEAETE RKKALIEAEK VAQVAEITYG QKVMEKETEK
           KISEIEDAAF LAREKAKADA ECYTAMKMAE ANKLKLTPEY LQLMKYKAIA SNSKIYFGKD
           IPNMFMDSAG SLGKQFESLA DKLSFGLEDE PLEADPEENX 
Felis      MAQLGAVVAV ASSFFCASLF SAVHKIEEGH IGVYYRGGAL LTSTSGPGFH LMLPFITSYK
           SVQTTLQTDE VKNVPCGTSG GVMIYFDRIE VVNFLVPNAV YDIVKNYTAD YDKALIFNKI
           HHELNQFCSV HTLQEVYIEL FDQIDENLKL ALQQDLTSMA PGLVIQAVRV TKPNIPEAIR
           RNYELMESEK TKLLIAAQKQ KVVEKEAETE RKKALIEAEK VAQVAEITYG QKVMEKETEK
           KISEIEGAIF ISREKAKADA ECYTAMKIAE ANKLKLTPEY LQLMKYKAIA SNSKIYFGKD
           IPNMFMDSAG GLGKQFEGLA DKLSF--DDD PLEADPEENX 
Callithrix MAQLGAVVAV VSSFFCASLF SAVHKIEEGH IGVYYRGGAL LTSTSGPGFH LMLPFITSYK
           SVQTTLQTDE VKNVPCGTSG GVMIYFDRIE VVNFLVPNAV YDIVKNYTAD YDKALIFNKI
           HHELNQFCSV HTLQEVYIEL FDQIDENLKL ALQQDLTSMA PGLVIQAVRV TKPNIPEAIR
           RNYELMESEK TKLLIAAQKQ KVVEKEAETE RKKALIEAEK VAQVAEITYG QKVMEKETEK
           KISEIEDAAF LAREKAKADA ECYTAMKIAE ANKLKLTPEY LQLMKYKAIA SNSKIYFGKD
           IPDMFMDSVG SANKQSEGLA DKLTFGLEDE PLETATKENX 
Erinaceus  MAQLGAVVAV AASFLCASLF SSVHKIEEGH IGVYYRGGAL LTSTSGPGFH LMLPFITSYK
           SVQTTLQTDE VKNVPCGTSG GVMIYFDRIE VVNFLVPNAV YDIVKNYTAD YDKALIFNKI
           HHELNQFCSV HTLQEVYIEL F????????? ?????????? ??????AVRV TKPNIPEAIR
           RNYELMESEK TKLLIAAQKQ KVVEKEAETE RKKALIEAEK VAQVAEITYG QKVMEKETEK
           KISEIE???? ?????????? ?????????? ???LKLTPEY LQLMKYKAIA SNSKIYFGKD
           IPNMFMDSAS GLGKQFEGLA GKLRLDLEDE PLEAGTEENX 
Sorex      MAQLGAIVAV AVSFCCASIF SSVHKIEEGH IGVYYRGGAL LTSTSGPGFH LMLPFITSYK
           SVQTTLQTDE VKNVPCGTSG GVMIYFDRIE VVNFLVPNAV YDIVKNYTAD YDKALIFNKI
           HHELNQFCSV HTLQEVYIEL FDQIDENLKL ALQQDLTSMA PGLVIQAVRV TKPNIPEAIR
           RNYELMESEK TKLLIAAQKQ KVVEKEAETE RKKALIEAEK VAQVAEITYG QKVMEKETEK
           KISEIEDAAF LAREKAKADA ECYTAMKIAE ANKLKLTPEY LQLMKYKAIA SNSKIYFGKD
           IPNMFVDSAG ALGKEFEGLT DKLGFALEDE PLETDAGENX 
Choloepus  MAQLGAVVAV AASFFCASLF SAVHKIEEGH IGVYYRGGAL LTSTSGPGFH LMLPFITSYK
           SVQTTLQTDE VKNVPCGTSG GVMIYFDRIE VVNFLVPNAV YDIVKNYTAD YDKALIFNKI
           HHELNQFCSV HTLQEVYIEL FDQIDENLKL ALQQDLTSMA PGLVIQAVRV TKPNIPEAIR
           RNYELMESEK TKLLIAAQKQ KVVEKEAETE RKKALIEAEK VAQVAEITYG QKVMEKETEK
           KISEIEDAAF LAREKAKADA ECYTAMKIAE ANKLKLTPEY LQLMKFKAIA SNSKIYFGKD
           IPNMFVDSAG SLGKQFEGLA DKLSFGLKEE PLEAATEGNX 
Ornithorhy MAQLGAVVAV ATSFFCAALF SAVHKIEEGH IGVYYRGGAL LTSTSGPGFH LMLPFITSYK
           SVQTTLQTDE VKNVPCGTSG GVMIYFDRIE VVNFLVPNAV YDIVKNYTAD YDKALIFNKI
           HHELNQFCSV HTLQEVYIEL FDQIDENLKL ALQQDLTSMA PGLVIQAVRV TKPNIPEAIR
           RNYELMESEK TKLLIAAQKQ KVVEKEAETE RKKALIEAEK VAQVAEITYG QKVMEKETEK
           KISEIEDAAF LAREKAKADA ECYTALKIAE ANKLKLTPEY LQLMKYKAIA SNSKIYFGKD
           IPDMFMDSAN TLDKQLEGLA DELNSSPEER TEKMELNSSS 
Vicugna    MAQLGAVVAV AASFFCASLF SAVHKIEEGH IGVYY????? ?????????? ??????????
           ?????????? ?????????G GVMIYFDRIE VVNFLVPHAV YDIVKNYTAD YDKALIFNKI
           HHELNQFCSV HTLQEVYIEL F????????? ?????????? ?????????? ??????????
           ?????????? ?????????? ?????????? ???????AEK VAQVAEITYG QKVMEKETEK
           KISEIEDAAF LAREKAKADA ECYTAMKIAE ANKLKLTPEY LQLMKYKAIA SNSKIYFGKD
           IPNMFMDSVG GLGKQFEGLA DKLNFGLEGE PSEADAEENX 
Cavia      MAQLGAVVAL ASGFLCASLF SAVHKIEEGH IGVYYRGGAL LTSTSGPGFH LMLPFITSYK
           SVQTTLQTDE VKNVPCGTSG GVMIYFDRIE VVNFLVPNAV YDIVKNYTAD YDKALIFNKI
           HHELNQFCSV HTLQEVYIEL FDQIDENLKL ALQQDLTSMA PGLVIQAVRV TKPNIPEAIR
           RNYELMESEK TKLLIAAQKQ KVVEKEAETE RKKALIEAEK VAQVAEITYG QKVMEKETEK
           RISEIEDAAF LAREKAKADA ECYTALKIAE ANKLKLTPEY LQLMKYKAIA SNSKIYFGKD
           IPNMFMDHAG SPGGQLEGLA ETLGSDVEEE PVETPRKEN- 
Equus      MAQLGAIVAV ATSFFCASLF SAVHKIEEGH IGVYYRGGAL LTSTSGPGFH LMLPFITSYK
           SVQTTLQTDE VKNVPCGTSG GVMIYFDRIE VVNFLVPNAV YDIVKNYTAD YDKALIFNKI
           HHELNQFCSV HTLQEVYIEL FDQIDENLKL ALQQDLTSMA PGLVIQAVRV TKPNIPEAIR
           RNYELMESEK TKLLIAAQKQ KVVEKEAETE RKKALIEAEK VAQVAEITYG QKVMEKETEK
           KISEIEDAAF LAREKAKADA ECYTAMKIAE ANKLKLTPEY LQLMKYKAIA SNSKIYFGKD
           IPNMFVDSAG GLGKQFEGLA DKLGFGLEDE PLEADPEENX 
Rattus     MAQLGAVVAV ASSFFCASLF SAVHKIEEGH IGVYYRGGAL LTSTSGPGFH LMLPFITSYK
           SVQTTLQTDE VKNVPCGTSG GVMIYFDRIE VVNFLVPHAV YDIVKNYTAD YDKALIFNKI
           HHELNQFCSV HTLQEVYIEL FDQIDENLKL ALQQDLTSMA PGLVIQAVRV TKPNIPEAIR
           RNYELMESEK TKLLIAAQKQ KVVEKEAETE RKKALIEAEK VAQVAEITYG QKVMEKETEK
           KISEIEDAAF LAREKAKADA ECYTALKIAE ANKLKLTPEY LQLMKYKAIA SNSKIYFGKD
           IPNMFMDSAG GLGKQSEGLS DKLGFGLEDE PLETATKDNX 
Ochotona   MAQLGAVVAV VSSFFCASLF SAVHKIEEGH IGVYYRGGAL LTSTSGPGFH LMLPFITSYK
           SVQTTLQTDE VKNVPCGTSG GVMIYFDRIE VVNFLIPNAV YDIVKNYTAD YDKALIFNKI
           HHELNQFCSV HTLQEVYIEL F????????? ?????????? ??????AVRV TKPNIPEAIR
           RNYELMESEK TKLLIAAQKQ KVVEKEAETE RKKALIEAEK VAQVAEITYG QKVMEKETEK
           RISEIEDAAF LAREKAKADA ECYTALKIAE ANKLKLTPEY LQLMKYKAIA SNSKIYFGKD
           IPNMFMDSAG SLGKQFEGLA DKLSLGLEDE PVEVGVKEDX 
Gorilla    MAQLGAVVAV ASSFFCASLF SAVHKIEEGH IGVYYRGGAL LTSTSGPGFH LMLPFITSYK
           SVQTTLQTDE VKNVPCGTSG GVMIYFDRIE VVNFLVPNAV YDIVKNYTAD YDKALIFNKI
           HHELNQFCSV HTLQEVYIEL FDQIDENLKL ALQQDLTSMA PGLVIQAVRV TKPNIPEAIR
           RNYELMESEK TKLLIAAQKQ KVVEKEAETE RKKALIEAEK VAQVAEITYG QKVMEKETEK
           KISEIEDAAF LAREKAKADA ECYTAMKIAE ANKLKLTPEY LQLMKYKAIA SNSKIYFGKD
           IPNMFMDSAG SVSKQFEGLA DKLSFGLEDE PLETATKENX 
Procavia   MAQLGAVVAV AASFFCASLF SSVHKIEEGH IGVYYRGGAL LTSTSGPGFH LMLPFITSYK
           SVQTTLQTDE VKNVPCGTSG GVMIYFDRIE VVNFLVPNAV YDIVKNYTAD YDKALIFNKI
           HHELNQFCSV HTLQEVYIEL FDQIDENLKL ALQQDLTTMA PGLVIQAVRV TKPNIPEAIR
           RNYELMESEK TKLLIAAQKQ KVVEKEAETE RKKALIEAEK VAQVAEITYG QKVMEKETEK
           KISEIEDAAF LAREKAKADA ECYTAMKIAE ANKLKLTPEY LQLMKYKAIA SNSKVYFGKD
           IPNMFVDSAG SLGRRFEGLA DKMGFGLEEE PLEAATEGNX 
Dipodomys  MAQLGAVVAV ASSFFCASLF SAVHKIEEGH IGVYYRGGAL LTSTSGPGFH LMLPFITSYK
           SVQTTLQTDE VKNVPCGTSG GVMIYFDRIE VVNFLVPNAV YDIVKNYTAD YDKALIFNKI
           HHELNQFCSV HTLQEVYIEL FDQIDENLKL ALQQDLTSMA PGLVIQAVRV TKPNIPEAIR
           RNYELMESEK TKLLIAAQKQ KVVEKEAETE RKKALIEAEK VAQVAEITYG QKVMEKETEK
           KISEIEDAAF LAREKAKADA ECYTALKIAE ANKLKLTPEY LQLMKYKAIA SNSKIYFGKD
           IPHMFMDSAS SLGKQFEGLA DNLGFGLEDE PLEATMKENX 
Otolemur   MAQLGAIVAL TSSFLCAALF SAVHKIEEGH IGVYYRGGAL LTSTSGPGFH LMLPFITSYK
           SVQTTLQTDE VKNVPCGTSG GVMIYFDRIE VVNFLVPNAV YDIVKNYTAD YDKALIFNKI
           HHELNQFCSV HTLQEVYIEL FDQIDENLKL ALQQDLTSMA PGLVIQAVRV TKPNIPEAIR
           RNYELMESEK TKLLIAAQKQ KVVEKEAETE RKKALIEAEK VAQVAEITYG QKVMEKETEK
           KISEIEDAAF LAREKAKADA ECYTAMKVAE ANKLKLTPEY LQLMRYKAIA SNSKIYFGKD
           IPNMFMDSAS NLGKRFEGLT DKLSFGLEDE PLEAATTENX 
Microcebus MAQLGAVVAV ASSFFCASLF SAVHKIEEGH IGVYYRGGAL LTSTSGPGFH LMLPFITSYK
           SVQTTLQTDE VKNVPCGTSG GVMIYFDRIE VVNFLVPNAV YDIVKNYTAD YDKALIFNKI
           HHELNQFCSV HTLQEVYIEL FDQIDENLKL ALQQDLTSMA PGLVIQAVRV TKPNIPEAIR
           RNYELMESEK TKLLIAAQKQ KVVEKEAETE RKKALIEAEK VAQVAEITYG QKVMEKETEK
           KISEIEDAA? ?????????? ?????????? ???LKLTPEY LQLMKYKAIA SNSKIYFGKD
           IPDMFMDSVG SLGKQSEGLA EKLSFGLEDE PLEAATAENX 
Mus        MAQLGAVVAV ASSFFCASLF SAVHKIEEGH IGVYYRGGAL LTSTSGPGFH LMLPFITSYK
           SVQTTLQTDE VKNVPCGTSG GVMIYFDRIE VVNFLVPNAV YDIVKNYTAD YDKALIFNKI
           HHELNQFCSV HTLQEVYIEL FDQIDENLKL ALQQDLTSMA PGLVIQAVRV TKPNIPEAIR
           RNYELMESEK TKLLIAAQKQ KVVEKEAETE RKKALIEAEK VAQVAEITYG QKVMEKETEK
           KISEIEDAAF LAREKAKADA ECYTALKIAE ANKLKLTPEY LQLMKYKAIA SNSKIYFGKD
           IPNMFMDSAG GLGKQFEGLS DKLGFGLEDE PLEAPTKENX 
Pteropus   MAQLGAVVAV AASFFCASLF SAVHKIEEGH IGVYYRGGAL LTSTSGPGFH LMLPFITSYK
           SVQ-TLQTDE -KNVPCGTSG GVMIYFDRIE VVNFLVPNAV YDIVKNYTAD YDKALIFNKI
           HHELNQFCSV HTLQEVYIEL FDQIDENLKL ALQQDLTSMA PGLVIQAVRV TKPNIPEAIR
           RNYELMESEK TKLLIAAQKQ KVVEKEAETE RKKALIEAEK VAQVAEITYG QKVMEKETEK
           KISEIEDAAF LAREKAKADA ECYTAMKIAE ANKLKLTPEY LQLMKFKAIA SNSKIYFGKD
           IPNMFVDSAG NLGKQFEGLA DKLSFGLEDE ALEADTEENX 
Tursiops   MAQLGAVLAV AASFLCASLF SAVHKIEEGH IGVYYRGGAL LTSTSGPGFH LMLPFITSYK
           SVQTTLQTDE VKNVPCGTSG GVMIYFDRIE VVNFLVPHAV YDIVKNYTAD YDKALIFNKI
           HHELNQFCSV HTLQEVYIEL FDQIDENLKL ALQQDLTSMA PGLVIQAVRV TKPNIPEAIR
           RNYELMESEK TKLLIAAQKQ KVVEKEAETE RKKALIEAEK VAQVAEITYG QKVMEKETEK
           RISEIEDAAF LAREKAKADA ECYTAMKIAE ANKLKLTPEY LQLMKYKAIA SNSKIYFGKD
           IPDMFVDAAG SLGKHLEALA DKPSFGLEEE PSEADAEENX 
Tarsius    MAQLGAVVAV ASSFFCASLF SAVHKIEEGH IGVYYRGGAL LTSTSGPGFH LMLPFITSYK
           SVQTTLQTDE VKNVPCGTSG GVMIYFDRIE VVNFLVPNAV YDIVKNYTAD YDKALIFNKI
           HHELNQFCSV HTLQEVYIEL FDQIDENLKL ALQQDLTSMA PGLVIQAVRV TKPNIPEAIR
           RNYELMESEK TKLLIAAQKQ KVVEKEAETE RKKALIEAEK VAQVAEITYG QKVMEKETEK
           KISEIEDAAF LAREKAKADA ECYTAMKIAE ANKLKLTPEY LQLMKYKAIA SNSKIYFGKD
           IPNMFMDSAG NLGKQFEGLA DKLSFSLEDE PLEAATKENX 
Mustela    MAQLGAVVAV ATSFFCASLF SAVHKIEEGH IGVYYRGGAL LTSTSGPGFH LMLPFITSYK
           SVQTTLQTDE VKNVPCGTSG GVMIYFDRIE VVNFLVPNAV YDIVKNYTAD YDKALIFNKI
           HHELNQFCSV HTLQEVYIEL FDQIDENLKL ALQQDLTSMA PGLVIQAVRV TKPNIPEAIR
           RNYELMESEK TKLLIAAQKQ KVVEKEAETE RKKALIEAEK VAQVAEITYG QKVMEKETEK
           KISEIEDAAF LAREKAKADA ECYTAMKLAE ANKLKLTPEY LQLMKYRAIA SNSKIYFGKD
           IPNMFVDSAG GLGKQFEGLA DKLSF--DDE PLDVDPEENX 
Tupaia     MAQLGAVVAV ASSFFCASLF SAVHKIEEGH IGVYYRGGAL LTSTSGPGFH LMLPFITSYK
           SVQTTLQTDE VKNVPCGTSG GVMIYFDRIE VVNFLVPNAV YDIVKNYTAD YDKALIFNKI
           HHELNQFCSV HTLQEVYIEL FDQIDENLKL ALQQDLTSMA PGLVIQAVRV TKPNIPEAIR
           RNYELMESEK TKLLIAAQKQ KVVEKEAETE RKKALIEAEK VAQVAEITYG QKVMEKETEK
           KISEIEDAAF LAREKARADA ECYTAMKIAE ANK------- ---------- ----------
           ---------- ---------- ---------- ---------- 
Ailuropoda MAQLGAVVAV ATSFFCASLF SAVHKIEEGH IGVYYRGGAL LTSTSGPGFH LMLPFITSYK
           SVQTTLQTDE VKNVPCGTSG GVMIYFDRIE VVNFLVPNAV YDIVKNYTAD YDKALIFNKI
           HHELNQFCSV HTLQEVYIEL FDQIDENLKL ALQQDLTSMA PGLVIQAVRV TKPNIPEAIR
           RNYELMESEK TKLLIAAQKQ KVVEKEAETE RKKALIEAEK VAQVAEITYG QKVMEKETEK
           KISEIEEEAF LAREKAKADA ECYTAMKLAE ANKLKLTPEY LQLMKYKAIA SNSKIYFGKD
           IPDMFVDSAG GLGKQFEGLA DKLTF--DDE PLDVDPEENX 
Pan        MAQLGAVVAV ASSFFCASLF SAVHKIEEGH IGVYYRGGAL LTSTSGPGFH LMLPFITSYK
           SVQTTLQTDE VKNVPCGTSG GVMIYFDRIE VVNFLVPNAV YDIVKNYTAD YDKALIFNKI
           HHELNQFCSV HTLQEVYIEL FDQIDENLKL ALQQDLTSMA PGLVIQAVRV TKPNIPEAIR
           RNYELMESEK TKLLIAAQKQ KVVEKEAETE RKKALIEAEK VAQVAEITYG QKVMEKETEK
           KISEIEDAAF LAREKAKADA ECYTAMKIAE ANKLKLTPEY LQLMKYKAIA SNSKIYFGKD
           IPNMFMDSAG SVSKQFEGLA DKLSFGLEDE PLETATKENX 
Homo       MAQLGAVVAV ASSFFCASLF SAVHKIEEGH IGVYYRGGAL LTSTSGPGFH LMLPFITSYK
           SVQTTLQTDE VKNVPCGTSG GVMIYFDRIE VVNFLVPNAV YDIVKNYTAD YDKALIFNKI
           HHELNQFCSV HTLQEVYIEL FDQIDENLKL ALQQDLTSMA PGLVIQAVRV TKPNIPEAIR
           RNYELMESEK TKLLIAAQKQ KVVEKEAETE RKKALIEAEK VAQVAEITYG QKVMEKETEK
           KISEIEDAAF LAREKAKADA ECYTAMKIAE ANKLKLTPEY LQLMKYKAIA SNSKIYFGKD
           IPNMFMDSAG SVSKQFEGLA DKLSFGLEDE PLETATKENX 
Sus        MAQLGAVVAV AASFFCASLF SAVHKIEEGH IGVYYRGGAL LTSTSGPGFH LMLPFITSYK
           SVQTTLQTDE VKNVPCGTSG GVMIYFDRIE VVNFLVPHAV YDIVKNYTAD YDKALIFNKI
           HHELNQFCSV HTLQEVYIEL FDQIDENLKL ALQQDLTSMA PGLVIQAVRV TKPNIPEAIR
           RNYELMESEK TKLLIAAQKQ KVVEKEAETE RKKALIEAEK VAQVAEITYG QKVMEKETEK
           KISEIEDAAF LAREKAKADA ECYTAMKIAE ANKLKLTPEY LQLMKYKAIA SNSKIYFGKD
           IPNMFMDSAG SLGKQFEGLT DKLSFGLEDE PLEAGTEENX 
Oryctolagu MAQLGAVVAV ASSFLCASLF SAVHKIEEGH IGVYYRGGAL LTSTSGPGFH LMLPFITSYK
           SVQTTLQTDE VKNVPCGTSG GVMIYFDRIE VVNFLVPNAV YDIVKNYTAD YDKALIFNKI
           HHELNQFCSV HTLQEVYIEL FDQIDENLKL ALQQDLTSMA PGLVIQAVRV TKPNIPEAIR
           RNYELMESEK TKLLIAAQKQ KVVEKEAETE RKKALIEAEK VAQVAEITYG QKVMEKETEK
           RISEIEDAAF LAREKAKADA ECYTALKIAE ANKLKLTPEY LQLMKYKAIA SNSKIYFGKD
           IPNMFVDSAG SLSKQFEGLA DKLSFSLEDE PLETATKENX 
Monodelphi MAQVGAVVAV ATSFFCAALF SAVHKIEEGH IGVYYRGGAL LTSTSGPGFH LMLPFITSYK
           SVQTTLQTDE VKNVPCGTSG GVMIYFDRIE VVNFLISNAV YDIVKNYTAD YDKALIFNKI
           HHELNQFCSV HTLQEVYIEL FDQIDENLKL ALQQDLTSMA PGLVIQAVRV TKPNIPEAIR
           RNYELMESEK TKLLIAAQKQ KVVEKEAETE RKKALIEAEK VAQVAEITYG QKVMEKETEK
           KISEIEDAAF LAREKAKADA ECYTALKIAE ANKLKLTPEY LQLMKYKAIA SNSKIYFGKD
           IPNMFMDTAG NLAKQFEGQA EDLGSNIEDN -WGVATEEQX 
Sarcophilu MAQVGAVVAV ATSFFCAALF SAVHKIEEGH IGVYYRGGAL LTSTSGPGFH LMLPFITSYK
           SVQTTLQTDE VKNVPCGTSG GVMIYFDRIE VVNFLIPNAV YDIVKNYTAD YDKALIFNKI
           HHELNQFCSV HTLQEVYIEL FDQIDENLKL ALQQDLTSMA PGLVIQAVRV TKPNIPEAIR
           RNYELMESEK TKLLIAAQKQ KVVEKEAETE RKKALIEAEK VAQVAEITYG QKVMEKETEK
           KISEIEDAAF LAREKAKADA ECYTALKIAE ANKLKLTPEY LQLMKYKAIA SNSKIYFGKD
           IPNMFMDTAG NLAKQFEGQA EDLGSELEDS -WRAATEEQX 
Nomascus   MAQLGAVVAV ASSFFCASLF SAVHKIEEGH IGVYYRGGAL LTSTSGPGFH LMLPFITSYK
           SVQTTLQTDE VKNVPCGTG- -------KVP KIKLLSPNKL SGWLQEETVK REAPFLEGSG
           GARMLYFCSV HTLQEVYIEL FDQIDENFKL ALQQDLTSMA PGLVIQAVRV TKPNIPEAIR
           RNYELMESEK TKLLIAAQKQ KVVEKEAETE RKKALIEAEK VAQVAEITYG QKVMEKETEK
           KISEIEDAAF LAREKAKADA ECYTAMKIAE ANKLKLTPEY LQLMKYKAIA SNSKIYFGKD
           IPNMFMDSAG SVSKQFEGLV DKLSFGLEDE PLETATKENX 
Macropus   MAQVGAVVAV ATSFFCAALF SAVHKIEEGH IGVYYRGGAL LTSTSGPGFH LMLPFITSYK
           SVQTTLQTDE VKNVPCGT?? ?????????? ?????????? YDIVKNYTAD YDKALIFNKI
           HHELNQFCSV HTLQEVYIEL FDQIDENLKL ALQQDLTSMA PGLVIQAVRV TKPNIPEAIR
           RNYELMESEK TKLLIAAQKQ KVVEKEAETE RKKALI???? ?????????? ??????????
           ???????AAF LAR-KAKADA ?????????? ???LKLTPEY LQLMKYKAIA SNSKIYFGKD
           IPNMFMDTAG NLAKQFEGQA EDLGSDLEDS -WGATTEEQX 
Bos        MAQLGAVVAV AASFFCASLF SAVHKIEEGH IGVYYRGGAL LTSTSGPGFH LMLPFITSYK
           SVQTTLQTDE VKNVPCGTSG GVMIYFDRIE VVNFLVPHAV YDIVKNYTAD YDKALIFNKI
           HHELNQFCSV HTLQEVYIEL FDQIDENLKL ALQQDLTSMA PGLVIQAVRV TKPNIPEAIR
           RNYELMESEK TKLLIAAQKQ KVVEKEAETE RKKALIEAEK VAQVAEITFG QKVMEKETEK
           RISEIEDAAF LAREKAKADA ECYTAMKIAE ANKLKLTPEY LQLMKYKAIA SNSKIYFGKD
           IPNMFMDSAG GVGKQFEGLA DKLSFVLEDE PMEADS-ENX 
Canis      MAQLGAVVAV ATSFFCASLF SAVHKIEEGH IGVYYRGGAL LTSTSGPGFH LMLPFITSYK
           SVQTTLQTDE VKNVPCGTSG GVMIYFDRIE VVNFLVPNAV YDIVKNYTAD YDKALIFNKI
           HHELNQFCSV HTLQEVYIEL FDQIDENLKL ALQQDLTSMA PGLVIQAVRV TKPNIPEAIR
           RNYELMESEK TKLLIAAQKQ KVVEKEAETE RKKALIEAEK VAQVAEITYG QKVMEKETEK
           KISEIEDAAF LAREKAKADA ECYTAMKLAE ANKLKLTPEY LQLMKYRAIA SNSKIYFGKD
           IPNMFVDSAG SLGKQFEGLA DKLI--LDDE SLDADPEENX 
