   40   707
Dasypus    MAVFIFLLTC IFLPLVRGHS LFTCEPIAIP RCMNMAYNMT FFPNLMGHHD QDTAAVEMKL
           FLPLANLECS PNVATFLCKA FVPTCTEQSN VIPPCRKFCE KVYSDCKTLI DTFGIRWPEE
           LECDRLQYCD ETVPVTYDPP TKFLGPQKKT EQVQRDFGLW CPRHLKMPGG QGYKFLGIDQ
           CAPPCPNMYF KSDELEFAKS FIGIVSIFCL CATLFTFLTF LIDVKRFRYP ERPIIYYSVC
           YSIVSLMYFI GFLLGNSTAC NKADEKLEVG DTVVLGSQNK ACTVSFMFLY FFTMAGTVWW
           VILTITWFLA AGRKWSCEAI EQKAVWFHAV AWGSPGFLTV MLLAMNKVEG DNISGVCFVG
           LYDLDASRYF VLLPLCLCVF VGLSLLLAGI ISLNHVRQVI QHDGRNQEKL KKFMIRIGVF
           SGLYLVPLVT LLGCYIYELM SRITWEITWV SDHCQQYHIP CPYQAKTEAR PDLALFMIKY
           LMTLIVGISA VFWVGSKKTC TEWAGFFKRN RKRDPISESR RVLQESCEFF LKHNTKVKHK
           KKHYKPSSHK LKVISKSMGT STGAAVNHGT SAVAITNHDY LGQETLTEIQ TSPETSVREV
           GANGANAPKL REQDCGEPSS PAASSSKLSG EQTDRKSKGG SVSESVRSEG RISPKSDLTE
           TGPVQSNDLQ IPSSSQPSSL KDST-LLVHS VSGVRKEQGA SNHSPTX
Echinops   ---------- ---------- ---------- ---------- ---------- ---------D
           FLTLANVECS LDVETFLCNA FVPSCTEPLQ VTLPCRELCE KVYSDCKKVI DTFGIQWPEE
           LECNRLQYCD GMSPVTFDLP IKLPGPEKKN EQAPRDIGFW CPRHLKTSVG QGYKFLGLDH
           CAPPCPNMYF QSAELEFARS FIGTVSIVCL CATLFTFLTF LIDVTRFRYP ERPIIYYSVC
           YSIVSLMYFV GFLLGH-TAC NKADEKLTLG DTVV-GSQSK ACSVLML--- FFTMAGV--W
           VL--ITWSAA AE---SCAMT E--AVWFHAV A-GIPGFLTV MLLAMNKVEG DNISGVCFVG
           LYDLDASHYF VLLPLCICVF LGLSLLLAGI ISLNHVRQVI QRNGRNQQKL KKFMIRIGVF
           SGLYLVPLVS LLGCYIYEQV NRATWEITWV SDHCQEYHIP CPYQAKREAR PDLALFLMKY
           LMTLIVGISA VFWVGSKKTC TEWAGFCKRN RERDSIAESR KVLQESCEYF LKHNSKVKRK
           RRHCRPASHR LKVISKSMGT STGATANHGT SAIAITSQDY LGQETIRE-- TSAESTLKGA
           DTDGNSTPKL SKGDCGQPSS AAAPSSKGPG EQADQTGQTG SPSGSEQSER RLSPQSEHAG
           TGPGPSGSLQ VPGASQPSSL QGSTTLLAHP APGAGTEQGP GSPSRAX
Pongo      MEMFTFLLTC IFLPFVRGHS LFTCEPITVP RCMKMAYNMT FFPNLMGHYD QSIAAVEMEH
           FLPLANLECS PNIETFLCKA FVPTCTEQIH VVPPCRKLCE KVYSDCKKLI DTFGIRWPEE
           LECDRLQYCD ETVPVTFDPH TEFLGPQKKT EQVQRDIGFW CPRHLKTSGG QGYKFLGIDQ
           CAPPCPNMYF KSDELEFAKS FIGTVSIFCL CATLFTFLTF LIDVRRFRYP ERPIIYYSVC
           YSIVSLMYFI GFLLGDSTAC NKADEKLELG DTVVLGSQNK ACTVLFMLLY FFTMAGTVWW
           VILTITWFLA AGRKWSCEAI EQKAVWFHAV AWGTPGFLTV MLLAMNKVEG DNISGVCFVG
           LYDLDASRYF VLLPLCLCVF VGLSLLLAGI ISLNHVRQVI QHDGRNQEKL KKFMIRIGVF
           SGLYLVPLVT LLGCYVYEQV NRITWEITWV SDHCRQYHIP CPYQAKAKAR PELALFMIKY
           LMTLIVGISA VFWVGSKKTC TEWAGFFKRN RKRDPISESR RVLQESCEFF LKHNSKVKHK
           KKHYKPSSHK LKVISKSMGT STGATANHGT SAVAITSHDY LGQETLTEIQ TSPETSMREV
           KADGASTPRL REQDCGEPVS PAASISRLSG EQVDRKGQAG SVSESARSEG RISPKSDITD
           TGLAQSNNLQ VPSSSEPSSL KGSTSLLVHP VSGVRKEQGG GCHSDTX
Ictidomys  MELFPFLLMC VFLPLIRGHS LFTCEPITVP RCMKMAYNMT FFPNLMGHYD QGIAAVEMEH
           FLPLANLECS PNVETFLCKA FVPTCTDQIH VVPPCRKFCE KVYSDCKKLI DTFGIRWPEE
           LECDRLKYCD ETVPITLDPP TEFLGPQK-T EDIPRDIGIW CPRHLKTSVG QGYKFLGIDQ
           CAPPCPNMYF KNDELEFAKS FIGIVSIFCL CATLFTFLTF LIDVKRFRYP ERPIIYYSVC
           YSIVSLMYFV GFLLGNSTAC NKADEKLEVG DTVVLGSQNK ACTILFMLLY FFTMAGTVWW
           VILTITWFLA AGRKWSCEAI EQKAVWFHAV AWGIPGFLTV MLLAMNKVEG DNISGVCFVG
           LYDLDASRYF VLSPLCLCVF VGLSLLLAGI ISLNHVRQVI QHDGRNQEKL KKFMIRIGVF
           SGLYLVPLVT LLGCYVYEQV NRVTWEITWV SDHCRQYHIP CPYQAKAEAR PELALFMIKY
           LMTLIVGISA VFWVGSKKTC TEWAGFFKRN RKRDPISESR RVLQESCEFF LKHNSKVKHK
           KKHYKPSSHK LKVISKSMGT STGATTNHGT SAVAITDHDY LGQETLTEVQ TSPETSVREG
           KADRASTPKL REQDSGEPAS PAASTCKLSG EQANRKGQAG NVSEGSRSAG RVSPRSDITE
           TAPVQSNNSQ APSSSEPSSL KASTSLLVHS ASEDRKEQSA GGHSDTX
Loxodonta  MEMFTFLL-C IFLPLIRGHS LFTCEPITVP RCVKMAYNMT FFPNLMGHYD QGTAAKVMEH
           FLPLANLECS PNVETFLCKA FVPSCTEQIH VVPPCRKFCE KVYSDCKKII DTFDIQWPEE
           LECDRLQYCD ETVPTTSDPP TKFLDPQKKT EEVQRDIGFW CPRHLKTSGG QGYKFLGLDQ
           CAPPCPNMYF KSDELEFAKS FIGIVSIFCL CATLFTFLTF LIDVKRFRYP ERPIIYYSVC
           YSIVSLMYFI GFLLGNSTAC NKADEKLELG DTVILGSQNK ACTVLFMFLY FFTMAGTVWW
           VILTITWFLA AGRKWSCEAI EQKAVWFHAV AWGVPGFLTV MLLAMNKVEG DNISGVCFVG
           LYDLDASRYF VLLPLCLCVF VGLSLLLAGI ISLNHVRQVI QHDGRNQEKL KKFMIRIGVF
           SGLYLVPLVT LLGCYVYEQV NRITWEITWV SDHCRQYHIP CPYQAKTTAR PELALFMIKY
           LMTLIVGISA VFWVGSKKTC TEWAGFFKRN RKRDPISESR RVLQESCEFF LKHNSKVKHK
           KKHYKPSSHK LKVISKSMGT STGATANHGA SAVAITNHDY LGQETLTEIQ TSPETSVRDM
           GADGASTPKL REQDCGDPSS PAASSSKLSG EQANRKGRAA SVSESVRSEG RVNPKNDFTE
           TVPVQSNNLQ MPSSSQPSSL KGSTSLLVHS VSGVRKEQDA GSHSDAX
Canis      MEMFTFLWTC VFLPFVRGHS LFTCEPITVP RCMKMAYNMT FFPNLMRHYD QSTAAVKMEP
           FLPLANLECS PNIETFLCKA FVPACTDQIN VVPPCRKFCE KVYSDCKKLI DTFGMRWPEE
           LECDRLQYCD ETVPVTFDPH TQFLGPQKNT EQVQRDIGFW CPRHLKTSGG QGYKFLGIDQ
           CAPPCPNMYF KSDELEFAKS FIGIVSIFCL CATLFTFLTF LIDVKRFRYP ERPIIYYSVC
           YSIVSLMYFI GFLLGDRTAC NKADEKLELG DTVVLGSQNK ACTVLFMFLY FFTMAGTVWW
           VILTITWFLA AGRKWSCEAI EQKAVWFHAV AWGIPGFLTV MLLAMNKVEG DNISGVCFVG
           LYDLDASRYF VLLPLCLCVF VGLSLLLAGI ISLNHVRQVI QHDGRNQEKL KKFMIRIGVF
           SGLYLVPLVT LLGCYVYEQV NRITWEITWV SDHCRQYHIP CPYQAKTETR PELALFMIKY
           LMTLIVGISA VFWVGSKKTC TEWAGFFKRN RKRDPISESR RVLQESCEFF LKHNSKVKHK
           KKHYKPSSHK LKVISKSMGT STGATANHGT SAVAITNHDY LGQETLTEIQ TSPETSVREV
           RADGASTPRS REQDCGEPAS PAASSSRLCE EQADRKGRAG SISESTRSEG RVTPKSDVTE
           TGPMQSSSLQ VPGSSEPGSL KGSTSLLVHS ASGGRKEHGT GSHSDTX
Macaca     MEMFTFLLTC IFLPLIRGHS LFTCEPITVP RCMKMAYNMT FFPNLMGHYD QSIAAVEMEH
           FLPLANLECS PNIETFLCKA FVPTCTEQIH VVPPCRKLCE KVYSDCKKLI DTFGIRWPEE
           LECDRLQYCD ETVPVTFDPH TEFLGPQKKT EQVQRDIGFW CPRHLKTSGG QGYKFLGIDQ
           CAPPCPNMYF QSDELEFAKS FIGIVSIFCL CATLFTFLTF LIDVRRFRYP ERPIIYYSVC
           YSIVSLMYFI GFLLGDSTAC NKADEKLELG DTVVLGSQNK ACTILFMLLY FFTMAGTVWW
           VILTITWFLA AGRKWSCEAI EQKAVWFHAV AWGTPGFLTV MLLAMNKVEG DNISGVCFVG
           LYDLDASRYF VLLPLCLCVF VGLSLLLAGI ISLNHVRQVI QHDGRNQEKL KKFMIRIGVF
           SGLYLVPLVT LLGCYVYEQV NRITWEITWV SDHCRQYHIP CPYQAKAKAR PELALFMIKY
           LMTLIVGISA VFWVGSKKTC TEWAGFFKRN RKRDPISESR RVLQESCEFF LKHNSKVKHK
           KKHYKPSSHK LKVISKSMGT STGATANHGT SAVAITSHDY LGQETLTEIQ TSPETSMREV
           RADGASTPRL REQDCGEPAS PAASSSRLSG EQVNKKGQAG SVSEGARSEG RISPKSDITD
           TGLAQSNSLQ VPSSSEPSSL KGSTSLLVHP VSGVRKEQGG GCHSDTX
Felis      MEMFPFLWTC IFLPFTRGHS LFTCEPITVP RCMKMAYNMT FFPNLMGHYD QSTAAVKMEL
           FLPLANLECS PNVETFLCKA FVPTCTEQIR VVPPCRKSCE KVYSDCKKLI DTFGIRWPEE
           LECDRLQYCD ETVPVTFDPH TQFLGPQKKT EQVQRDIGFW CPRHLKTSGG QGYKFLGIDQ
           CAPPCPNMYF KSDELEFAKS FIGIVSIFCL CATLFTFLTF LIDVKRFRYP ERPIIYYSVC
           YSIVSLMYFI GFLLGNRTAC NKADEKLELG DTVVLGSQNK ACTVLFMFLY FFTMAGTVWW
           VILTITWFLA AGRKWSCEAI EQKAVWFHAV AWGIPGFLTV MLLAMNKVEG DNISGVCFVG
           LYDLDASRYF VLLPLCFCVF VGLSLLLAGI ISLNHVRQVI QHDGRNQEKL KKFMIRIGVF
           SGLYLVPLVT LLGCYVYEQV NRMTWEITWV SDHCRQYHIP CPYQAKTETR PELALFMIKY
           LMTLIVGISA VFWVGSKKTC TEWAGFFRRN RKRDPISESR RVLQESCEFF LKHNSKVKHK
           KKHYKPSSHK LKVISKSMGT STGATANHGT SAVAITDHDY LGQETLTEIQ TSPETSVREV
           RADGASTPRS REHDCGDPAS PAASSSKLCG EQADGKGRAG SVSESTRSEG RVTPKSDVPE
           TGPVQSSGLQ VPGSSEPGSL KGSTSLLVHS ASGGGKEQAA GGHSDTX
Callithrix MEMFTFWLTC IFLPLVRGHS LFTCEPITVP RCMEMAYNMT FFPNLLGHYD QSIAAVEMKH
           FLPLAKLKCS PNVETFLCKA FVPTCTEQIH VVPPCRKLCE KVYSDCKKLI DTFGIRWPEE
           LECDRLQYCD ETVPVTFDPH TEFLGPQKKT EQVQRDIGFW CPRHLKTSGG QGYKFLGIDQ
           CAPPCPNMYF KSNELEFAKS FIGIVSIFCL CATLFTFLTF LIDVKRFRYP ERPIIYYSVC
           YSIVSLMYFI GFLLGDSTAC NKADEKLELG DTVVLGSQNK ACTILFMLLY FFTMAGTVWW
           VILTITWFLA AGRKWSCEAI EQKAVWFHAV AWGTPGFLTV MLLAMNKVEG DNISGVCFVG
           LYDLDASRYF VLLPLCLCVF VGLSLLLAGI ISLNHVRQVI QHDGRNQEKL KKFMIRIGVF
           SGLYLVPLVA LLGCYIYEQV NRITWEITWV SDHCRQYHIP CPYQAKAKAR PELALFMIKY
           LMTLIVGISA VFWVGSKKTC TEWAGFFKRN RKRDPISESR RVLQESCEFF LKHNSKVKHK
           KKHYKPSSHK LKVISKSMGT STGATANHGT SAVAITSHDY LGQETLTEIQ TSPETSVREM
           RGDGASTPRL REQDCGEPAS PAASSSRLSG EQVERKGQAG SVSEGARSEG RISPKSDITD
           TDRAQSNNLQ VPSSSEPSSL KGSTSLLVHP VSGVRREQGG GCHSDTX
Erinaceus  ---------- ---------- ----EPITIP RCMKMAYNMT FFPNLMGHYD QNTAAVEMKH
           FLPLTKLECS PNVETFLCKA FVPACTEQIH VAPPCRRSCE RVYSDCKEIM DTFEIRWPEE
           LECDRLQFCD ETVPVTSDPH TDFLSPQEET EQVQRDIGFW CPRHLKTSGG QGYKFLGIDQ
           CAPPCPNMYF KTDELEFAKS FIGIVSIFCL CATLFTFLTF LIDVKRFRYP ERPIIYYSVC
           YSIVSLMYFV GFLLGNSTAC NKADEKQELG DTVVLGSQNK ACTILFMFLY FFTMAGTVWW
           VILTITWFLA AGRKWSCEAI EQKAVWFHAV AWGVPGFLTI MLLAMNKVEG DNISGVCFVG
           LYDLDASRYF VLLPLCLCVF VGLSLLLAGI ISLNHVRQVI QHDGRNQEKL KKFMIRIGVF
           SGLYLVPLVT LLGCYVYEQV NRFTWEVTWV SDHCRQYHIP CPYQAEAKTR PELALFMIKY
           LMTLIVGISA VFWVGSKKTC TEWAGFFKRN RKRDPISESR RVLQESCEFF LKHNSKVKHK
           KKPYKPSSHK LKVISKSMGT STGATANPST SAVAITSHDF LGQETLTDIQ TSPETSVREV
           RADGASTPRL RAQDCEVPAS PAASSSKFSR EHNNKKSPAG SVSGSVRSEG RTTPKSDVTG
           TCPVQNSNLQ VHSCSEPSSL QGSVPLLIRS TSEVREEQGT GGHSETX
Choloepus  MEVLFFLVTH ILLPVVRGHS LFTCDPVAVP RCMKMAYNMT VFPNLMGHYD QDTAAMEMK?
           ?????????? ?????????? ?????????? ?????????? ?????????? ??????????
           ?????LQYCD ETVPVTFDPP IKSLGPQKKA EQVHRDIGFW CPRHLKTSGG QGYKFLGVEQ
           CAPPCPNMYF KSDELEFAKS FIGIVSIFCL CATLFTFLTF LIDVKRFRYP ERPIIYYSVC
           YSIVSLMYFI GFLLGNSTAC NRADEKLEFG DTVVLGSQNK ACTVLFMFLY FFTMAGTVWW
           VILTITWFLA AGRKWSCEAI EQKAVWFHAV AWGTPGFLTV MLLAMNKVEG DNISGVCFVG
           LYDMDASRYF VLLPLCLCVF VGLSLLLAGI ISLNHVRQVI QHDGRNQEKL KKFMIRIGVF
           SGLYLVPLVT LLGCYVYEQV SRSSWEITWV SDHCRQYHIP CPYQAKTEAR PELALFMLKY
           LMTLIVGISA VFWVGSKKTC TEWAGFFKRN HKR??????? ?????????? ??????????
           ?????????? ??????SMGT STGATANHGT SAVAITNHDY LGQETLTEIQ TSPETSVREG
           GADGATISKL REQDCGEPSS PVASSSKLSG EQTDRKSKGG SLSESVRREG RVSPKSDFIE
           TGPGQSNNLQ ISNSSQPSSL KGSTSLLVHS VSGSRKEQGA GSHSDTX
Nomascus   ---------- ---------- ---------- --MKMAYNMT FFPNLMGHYD QSIAAVEMEH
           FLPLANLECS PNIETFLCKA FVPTCTEQIH VVPPCRKLCE KVYSDCKKLI DTFGIRWPEE
           LECDRLQYCD ETIPVTFDPH TEFLGPQKKT EQVQRDIGFW CPRHLKTSGG QGYKFLGIDQ
           CAPPCPNMYF KSDELEFAKS FIGTVSIFCL CATLFTFLTF LIDVRRFRYP ERPIIYYSVC
           YSIVSLMYFI GFLLGDSTAC NKADEKLELG DTVVLGSQNK ACTVLFMLLY FFTMAGTVWW
           VILTITWFLA AGRKWSCEAI EQKAVWFHAV AWGTPGFLTV MLLAMNKVEG DNISGVCFVG
           LYDLDASRYF VLLPLCLCVF VGLSLLLAGI ISLNHVRQVI QHDGRNQEKL KKFMIRIGVF
           SGLYLVPLVT LLGCYVYEQV NRITWEITWV SDHCRQYHIP CPYQAKAKAR PELALFMMKY
           LMTLIVGISA VFWVGSKKTC TEWAGFFKRN RKRDPISESR RVLQESCEFF LKHNSKVKHK
           KKHYKPSSHK LKVISKSMGT STGATANHGT SAVAITSHDY LGQETLTEIQ TSPETSMREV
           KADGASTPRL REQDCGEPAS PAASISRLSG EQVDRKGQAG SVSKSARSDG RISPKSDITD
           TGLAQSNNLQ VPSSSEPSSL KGSTSLLVHP VSGVRKEQGG GCHSDTX
Ornithorhy ---------- ---------- ---------- ---------- ---------- ----------
           ---------- ---------- ---------- ---------- --------MM DTFGITWPEE
           LECSRLRYCD ETVSDTSVLP TKPHDPQTSP EEVSRDYGFW CPRHLKTSGG QGYKFLGIDQ
           CAPPCPNMYF KNDELEFAKS FIGIVSIFCL CATLFTFLTF LIDVKRFRYP ERPIIYYSVC
           YSIVSLMYFI GFLLGNRTAC NKADEKLDLG ETVVLGSQNK ACTVLFMLLY FFTMAGTVWW
           VILTITWFLA AGRKWSCEAI EQKAVWFHAV AWGMPGFLTV MLLAMNKVEG DNISGVCFVG
           LYDLDASRYF VLLPLCLCVF VGLSLLLAGI ISLNHVRQVI QHDGRNQEKL KKFMIRIGVF
           SGLYLGPLVT LLGCYVYEQV YRITWETTWM ADHCHRYHIP CPYQAKTLAR PELTLFMIKY
           LMTLIVGISA VFWVGSKKTC TEWASFFNRN RKRDPISESR RVLQESCEFF LKHNSKVKHK
           KKHYKSSSHK LKVISKSMGT STGATANHGT SAIAITNHDF LGQETFTEIK TSPEPSVREL
           GADGTSPQKP REDDKGERAS TIASSSKLSV EHGEKRSKTD SVAGSVRSEG RAASKNDFTE
           TYPLQGSLLH TSSPSQPSSP KGSISLLVHS ASNTKKDQDA GNGX---
Vicugna    MEMFTFLWTY IFLPLVRGHS LFTCEPITVP RCMKMAYNMT FFPNLMGHYD QRTAALEMEL
           FLPLANLECS PNVETFLCKA FVPTCTDQID VVPPCRKFCE KVYSDCKKLM DTFEIQWPEE
           LECDRLQYCD ETVPEIFDPH TEFLDPQKET EQVQRDIGFW CPRHLKTSGG QGYKFLGIEQ
           CAPPCPNMYF KSDELEFAKS FIGIVSIFCL CATLFTFLTF LIDVRRFRYP ERPIIYYSVC
           YSIVSLMYFI GFLLGNSTAC NKADEKLELG NTVVLGSQNK ACTILFMFLY FFTMAGTVWW
           VILTITWFLA AGRKWSCEAI EQKAVWFHAV AWGIPGFLTI MLLAMNKVEG DNISGVCFVG
           LYDLDASRYF VLLPLCLCVF VGLSLLLAGI ISLNHVRQVI QHDGRNQEKL KKFMIRIGVF
           SGLYLVPLVT LLGCYVYEQV NRITWEITWV SDHCRQYHIP CPYQAKTETR PELALFMIKY
           LMTLIVGISA VFWVGSKKTC TEWAGFFKRN RKKDPISESR RVLQESCEFF LKHNSKVKHK
           KKHHKPSSHK LKVISKSMGT STGATANHGT SAVAITNHDY LGQETLTEIQ TSPETSVREV
           RADGASTPKL REQDHEEPAS PAASSCRPCG EQTDRKGRAG SVSGSARSEG RLTPKSDVLE
           TGPVQSNSLQ VPSPSEPGSL KGSTSLLVHS ASGVRKEQGT GRHSDTX
Monodelphi MEAFIFFVMC IMLPLVRGHS YFTCEPITVP KCVKMTYNMT FFPNLMGHYD QSMAAMEMEP
           FLPLANLRCS PDVDTFLCKA FVPACTEQIH VVPPCRKFCE RVYSDCKQLI DTFGITWPEE
           LECSRLQNCD ESVPVASDLT TKFHDPPKTP EQVPRDYGFW CPRHLKTSGG QGYKFLGIDQ
           CAPPCPNMYF KNDELEFAKS FIGIVSIFCL CATLFTFLTF LIDVKRFRYP ERPIIYYSVC
           YSIVSLMYFI GFLLGNSTAC NKADEKLELG ETVVLGSQNK ACTVLFMLLY FFTMAGTVWW
           VILTITWFLA AGRKWSCEAI EQKAVWFHAV AWGMPGFLTV MLLAMNKVEG DNISGVCFVG
           LYDLYASRYF VLLPLCLCVF VGLSLLLAGI ISLNHVRQVI QHDGRNQEKL KKFMIRIGVF
           SGLYLVPLVT LLGCYAYEQI YRITWETTWV SDHCHRYHIP CPHQAKTLAR PELALFMIKY
           LMTLIVGISA VFWVGSKKTC TEWASFFNRN RKRDPISESR RVLQESCEFF LKHNSKVKHK
           KKHYKSSSHK LKVISKSMGT STGATTNHGT SAVAIANHDY LGQETLTEIK TSPETSVRDT
           GADGPSIQKT KENNVVEHVT PAESSSKLSV EQMEKKCKTG SISGSVRSEG RVTPKGNFTD
           THPLQSSNLQ IPSISQPDSP KGSTSLLIHS ALDIGKEQGS GNNSDTX
Sarcophilu MEAFLFFVLC IMLPFIRGHS FFTCEPITVP KCVKMTYNMT FFPNLMGHYD QSIAAVEMEP
           FLPLANLHCS PEVDIFLCNA FVPACTEQIH VVPPCRKFCE RVYSDCKQLI DTFGITWPEE
           LECSRLQYCD ETAPVASDLT TKFHDPPKTP EQVQRDYGFW CPRHLKTSGG QGYKFLGIDH
           CAPPCPNMYF KNDELEFAKS FIGIVSIFCL CATLFTFLTF LIDVKRFRYP ERPIIYYSVC
           YSIVSLMYFI GFLLGNSTAC NKADEKLELG ETVVLGSQNK ACTVLFMLLY FFTMAGTVWW
           VILTITWFLA AGRKWSCEAI EQKAVWFHAV AWGMPGFLTV MLLAMNKVEG DNISGVCFVG
           LYDLYASRYF VLLPLCLCVF VGLSLLLAGI ISLNHVRQVI QHDGRNQEKL KKFMIRIGVF
           SGLYLVPLVT LLGCYVYEQI YRITWETTWV SDHCHRYHIP CPHQAKALAR PELALFMIKY
           LMTLIVGISA VFWVGSKKTC TEWASFFNRN RKRDPISESR RVLQESCEFF LKHNSKVKHK
           KKHYKSSSHK LKVISKSMGT STGASANHGI SAVAIANHDY LGQETLTEIK TSPETSVRET
           GADESCSQKT RENNVAEHVS PADSTSKLSV EQIERRCKSG SISGSVQSEG RVTPKASFTE
           THLLQSSNLQ ISSTSQPGSP KGSTSLLIHS ALDIGKEQNS GNNSDTX
Equus      MEMFPFLLTC IFLPLIRGHS LFTCEPITVP RCMKMAYNMT FFPNLMGHYD QSTAAVEMEL
           FLPLANLECS PNVETFLCKA FVPTCTEQIH VVPPCRKFCE KVYSDCKKLI DTFGIQWPEE
           LECDRLQYCD ETVPVTFDPH SEFLNPQKKT EQVQRDIGFW CPRHLKTSGG QGYKFLGIDQ
           CAPPCPNMYF KSDELEFAKS FIGIVSIFCL CATLFTFLTF LIDVKRFRYP ERPIIYYSVC
           YSIVSLMYFI GFLLGNSTAC NKADEKLELG DTVVLGSQNK ACTVLFMFLY FFTMAGTVWW
           VILTITWFLA AGRKWSCEAI EQKAVWFHAV AWGIPGFLTV MLLAMNKVEG DNISGVCFVG
           LYDLDASRYF VLLPLCLCVF VGLSLLLAGI ISLNHVRQVI QHDGRNQEKL KKFMIRIGVF
           SGLYLVPLVT LLGCYVYEQV NRITWEITWV SDHCRQYHIP CPYQAKTETR PELALFMIKY
           LMTLIVGISA VFWVGSKKTC TEWAGFFKRN RKKDPISESR RVLQESCEFF LKHNSKVKHK
           KKHYKPSSHK LKVISKSMGT STGATANHGT SAVAITNHDF LGQDTLTEIQ TSPEMSVREV
           RADGASTPKS REQDCGEPAS PAASTSKLCG EQADRKGRAG SVSESARSEG RLTPKSDVTE
           TGPVQSSNLQ VPSSPERSSL KGSTSLLVHS ASGVRKEQGA GSHSDAX
Ochotona   METFAFLLIC VCLPLVRGHS LFTCEPITVP RCMKMTYNMT FFPNLMGHYD QEIAAVEMKH
           FLPLANLKCS PNVETFLCKA FIPTCTEQIH VIPPCRKFCE KVYSDCRKLI DTFGIRWPEE
           LECNRLQYCD ENVPVTFDPH TEFLGPQKKT EQVQRDIGFW CPRHLKTSGG QGYK??????
           ?????????? ?????????? ?????????? ?????????? ?????????? ??????????
           ?????????? ?????????? ?????????? ?????????? ?????????? ??????TVWW
           VILTITWFLA AGRKWSCEAI EQKAVWFHAV AWGAPGFLTV LLLAMNKVEG DNISGVCFVG
           LYDLDASRYF VLLPLCVCVF VGLSLLLAGI ISLNHVRQVI QHDGRNQEKL KKFMIRIGVF
           SGLYLVPLVT LLGCYVYEQV NRVTWEITWV SDHCHQYHIP CPYQAKTKAR PELALFMIKY
           LMTLIVGILP VFWVGSKKTC TEFSWFFKRN RKRDPISESR RVLQESCEFF LKHNSKVKHK
           KKHYKPSSHK LKVISKSMGT STGATANHGT SAVAITDHDF LGQETLTEVQ TSPETSVREV
           RADGASTPKV REQDCGDPIS VVATSSKLCG EQADGKGLAG SVSEGMQSE- RVSPKSDVTE
           TGPGPSHGVQ MSSSPDADSP KGSTSLLVRS APAVRKEQGA GKPPDTX
Gorilla    MEMFTFLLTC IFLPLVRGHS LFTCEPITVP RCMKMAYNMT FFPNLMGHYD QSIAAVEMEH
           FLPLANLECS PNIETFLCKA FVPTCTEQIH VVPPCRKLCE KVYSDCKKLI DTFGIRWPEE
           LECDRLQYCD ETVPVTFDPH TEFLGPQKKT EQVQRDIGFW CPRHLKTSGG QGYKFLGIDQ
           CAPPCPNMYF KSDELEFAKS FIGTVSIFCL CATLFTFLTF LIDVRRFRYP ERPIIYYSVC
           YSIVSLMYFI GFLLGDSTAC NKADEKLELG DTVVLGSQNK ACTVLFMLLY FFTMAGTVWW
           VILTITWFLA AGRKWSCEAI EQKAVWFHAV AWGTPGFLTV MLLAMNKVEG DNISGVCFVG
           LYDLDASRYF VLLPLCLCVF VGLSLLLAGI ISLNHVRQVI QHDGRNQEKL KKFMIRIGVF
           SGLYLVPLVT LLGCYVYEQV NRITWEITWV SDHCRQYHIP CPYQAKAKAR PELALFMIKY
           LMTLIVGISA VFWVGSKKTC TEWAGFFKRN RKRDPISESR RVLQESCEFF LKHNSKVKHK
           KKHYKPSSHK LKVISKSMGT STGATANHGT SAVAITSHDY LGQETLTEIQ TSPETSMREV
           KADGASTPRL RKQDCGEPAS PAASISRLSG EQVDRKGQAG CVSESARSEG RISPKSDITD
           TGLAQSNNLQ VPSSSEPSSL KGSTSLLVHP VSGVRKEQGG GCHSDTX
Dipodomys  MEMLTFLLTC VSLPLIRGHS LFTCEPITVP RCMKMTYNMT FFPNLMGHYD QGIAAVEMEH
           FLPLANLDCS PNVETFLCEA FVPTCTEQIH VVPPCRKFCE KVYSDCKNLI DTFGIRWPEE
           LECDKLQYCD DTVPVTSDPH TEVLGPQKKT EQVQRDIGFW CPRHLKTSGG QGYKFLGIEQ
           CAPPCPNMYF QSDELDFAKS FIGIVSIFCL CATLFTFLTF LIDVRRFRYP ERPIIYYSVC
           YSIVSLMYFI GFLLGNSTAC NRADEKLDLG DTVVLGSQNK ACSVLFMFLY FFTMAGTVWW
           VILTITWFLA AGRKWSCEAI EQKAVWFHAV AWGIPGFLTV MLLAMNKVEG DNISGVCFIG
           LYDLDASRYF VLLPLCLCVF VGLSLLLAGI ISLNHVRQVI QHDGRNQEKL KKFMIRIGVF
           SGLYLVPLVT LLGCYIYELV NRFTWEITWV SDHCRQYHIP CPYQAKTKAR PDLALFMIKY
           LMTLIVGISA VFWVGSKKTC AEWAGFFKRN RKRDPISESR RVLQESCEFF LKHNSKVKHK
           KKHYKPSSHK LKVISKSMGT STGATANHGT SSVAITDHDY LGQETLTEIQ TSPEASMRDL
           RTDRACTPKL REQDHGEPAS PAASSSKLSG EQVDKKSRAG SVCEGAQSEG ----------
           ---------- ---------- ---------- ---------- -------
Otolemur   MEMFTFLLTC IFIPLIRGHS LFTCEPVTVP RCVKMAYNMT FFPNLMGHYD QSIAAVEMEH
           FLPLANLECS ANVETFLCKA FVPTCTEQID VVPPCRKFCE KVYSDCKKII DTFGIRWPEE
           LECDRLQYCD ETVPVTFDPH TEFLGPQKKT EQVQRDIGFW CPRHLKTSGG QGYKFLGIDQ
           CAPPCPNMYF KSDELEFAKS FIGIVSIFCL CATLFTFLTF LIDVKRFRYP ERPIIYYSVC
           YSIVSLMYFI GFLLGNSTAC NKADDKLELG DTVVLGSQNK ACTVLFMFLY FFTMAGTVWW
           VILTITWFLA AGRKWSCEAI EQKAVWFHAV AWGIPGFLTV MLLAMNKVEG DNISGVCFVG
           LYDLDASRYF VLLPLCLCVF VGLSLLLAGI ISLNHVRQVI QHDGRNQEKL KKFMIRIGVF
           SGLYLVPLVI LLGCYIYEQV NRITWEITWV SDHCRQYHIP CPYQAKTNSR PELALFMIKY
           LMTLIVGISA VFWVGSKKTC TEWAGFFKRN RKRDPISESR RVLQESCEFF LKHNSKVKHK
           KKHYKPSSHK LKVISKSMGT STGATTNHGT SAVAITDHDY LGQETLTEIQ TSPETSVREG
           RADRASTSKS REQDCSEPTS PAASSSQLCG EQADKKGQAG SVSDSARSEG RVSPKSGIAE
           TGLMQNNNLQ VPSSSEPNSL KGSTSLLVHP VSGVRKEQGA GSHSDTX
Microcebus MELFSFLLTC IFLPLI-GHS LFTCEP-TVP RCMK--Y-MT -FPNLMGHYD QG???????H
           FLPLANLECS PNVETFLCKA FVPTCTEQIH VVQPCRKFCE KVYSDCKEIV DTFGIQWPEE
           LECD?????? ?????????? ?????????? ?????????? ?????????? ??????????
           ?????????? ?????????? ?????????? ?????????? ?????????? ??????????
           ?????????? ?????????? ?????????? ?????????? ?????????? ??????????
           ?????????? ?????????? ?????????? ?WGIPGFLTV MLLAMNKVEG DNLSAVCFAG
           LYDLDASRYF VLLPLCLCVF VGLSLLLAGI ISLNHVRQVI QHDGRNQEKL KKFMIRIGVF
           SGLYLVPLVI LLGCYVYEQV NRITWEITWV SDHCRQYHIP CPYQ?????? ??????????
           ?????????? ?????????? ?????????? ????PISESR RVLQESCEFF LKHNSKVKHK
           KKHYKPSSHK LKVISKSMGT STGATTNHGT SAVAITNHDY LGQETMTEIQ TSPETSVREV
           RADRASTPKL REQDCGEPAF PAASSSKLSG EQADRKGQAG SVSESARSEG RVSPKSNIAE
           TGLVQNNNLQ VPSSSEPSSL KGSTSLLVHS VSGVRKEQGG GSHSDTX
Pteropus   MEMFIFLWTY V-LP-IRGHS LFTCEPIIVP RCMKMAYNMT FFPNLMGH-D QNTAAVEMEL
           FLPLANLECS PNVETFLCKA FVPTCTEQIH VVPPCRKFCE KVYSDCKKLI DTFGIQWPEE
           LKCDRLQYCD ETVPVTFDPH TEFLGPQKKT EQIQRDIGIW CPRHLKTSGA QGYKFLGIDQ
           CAPPCPNMYF KSDELEFAKS FIGIVSIFCL CATLFTFLTF LIDVKRFRYP ERPIIYYSVC
           YSIVSLMYFI GFLLGNSTAC SKADEKLEVG DTVVLGSQNK ACTVLFMFLY FFTMAGTVWW
           VILTITWFLA AGRKWSCEAI EQKAVWFHAI AWGIPGFLTV MLLAMNKVEG DNISGVCFVG
           LYDLDASRYF VLLPLCLCVF VGLSLLLAGI ISLNHVRQVI QHDGRNQEKL KKFMIRIGVF
           SGLYLVPLVT LLGCYVYEQV NRITWEITWV SDHCRQYHIP CPYQAKTETR PELALFMIKY
           LMTLIVGISP VFWVGSKKTC TEWAGFFKRN RKRDPISESR RVLQESCEFF LKHNSKVKHK
           KKHYKPSSHK LKVISKSMGT STGASANHGT STVAITSHDY LGQETFTEIQ TSPETSVREV
           REDRVSAPTS REQDYGEPAS PAVSSSKLCG EQADRKGRAG SVSERARGEG RVTPKSDVTE
           TGLVQSNNLQ VPSSSEPSSL KGSTSLLVHS ASGVRKEQGA GSHSDTX
Tursiops   METFTFLWTC IFLPLVRGHS LFTCEPITVP RCMKMAYNMT FFPNLMGHYD QSIAAVEMEL
           FLPLANLECS PNVETFLCKA FVPTCTEQID VVPPCRKFCE KVYSDCKKLM DTFGIRWPEE
           LECDRLQYCD ESVPVTFDQH TEFLSPHKKT EQVQRDIGFW CPRHLKTSGG QGYKFLGIDQ
           CAPPCPNMYF KSDELEFAKS FIGIVSIFCL CATLFTFLTF LIDVRRFRYP ERPIIYYSVC
           YSIVSLMYFI GFLLGNSTAC NKADEKLELG DTVVLGSQNK ACTVLFMFLY FFTMAGTVWW
           VILTITWFLA AGRKWSCEAI EQKAVWFHAV AWGIPGFLTV MLLAMNKVEG DNISGVCFVG
           LYDLDASRYF VLLPLCLCVF VGLSLLLAGI ISLNHVRQVI QHDGRNQEKL KKFMIRIGVF
           SGLYLVPLVT LLGCYVYEQV NRITWEITWV SDHCRQYHIP CPYQ?????? ??????????
           ?????????? ?????????? ?????????? ????PISESR RVLQESCEFF LKHNSKVKHK
           KKHYKPSSHK LKVISKSMGT STGATANHGT SAVAITNHDY LGQETLTEIQ TSPETSVREV
           RADGASTSKL REQDCEEPAS PAASSSKLCG EQTDGKGRAG SVSESARSEG RVTPKSDVTE
           TGPVQSNSLH VPRSSEPSSL KGCTSLLVHS ASGVGKEQGT GGHSDTX
Mustela    MEMLAFLWIC VFPPFIRGHS LFTCEPITVP RCMKMAYNMT FFPNLMRHYD QSTAAVKMEP
           FLPLANLECS PNIETFLCKA FVPACTEQIN VVPPCRNFCE KVYSDCKKLI DTFGMRWPEE
           LECDRLQYCD ETVPVTFDPH TQYLGPQKKT EEVQRDIGFW CPRHLKTSGG QGYKFLGIDQ
           CAPPCPNMYF KSDELEFAKS FIGIVSIFCL CATLFTFLTF LIDVKRFRYP ERPIIYYSVC
           YSIVSLMYFI GFLLGDRTAC NKADEKLELG DTVVLGSQNK ACTVLFMFLY FFTMAGTVWW
           VILTITWFLA AGRKWSCEAI EQKAVWFHAV AWGIPGFLTV MLLAMNKVEG DNISGVCFVG
           LYDLDASRYF VLLPLCLCVF VGLSLLLAGI ISLNHVRQVI QHDGRNQEKL KKFMIRIGVF
           SGLYLVPLVI LLGCYVYEQV NRVTWEITWV SDHCRQYHIP CPYQAKTETR PELALFMIKY
           LMTLIVGISA VFWVGSKKTC TEWAGFFKRN RKRDPISESR RVLQESCEFF LKHNSKVKHK
           KKHYKPSSHK LKVISKSMGT STGATANHGT SSVAITNHDY LGQETLTEIP TSPETSVREV
           RADGASTPGS REHDCGEPAS PAASSSKLCG EQADRKGRAG SVSESTRSEG RLSPKSDVPE
           PGPVQNSSSQ APGSSEPGSP RGSASLLVHS ASGGRKEQGR GSHSDTX
Ailuropoda MEMLTFLWTC VFLPLIRGHS LFTCEPITVP RCMKMAYNMT FFPNLMRHYD QSTAAVKMEP
           FLPLANLECS PNIETFLCKA FVPACTEQIN VVPPCRNFCE KVYSDCKKLI DTFGMRWPEE
           LECDRLQYCD ETVPVTFDPH TQFLGPQKKA EEVQRDIGFW CPRHLKTSGG QGYKFLGIDQ
           CAPPCPNMYF KSDELEFAKS FIGIVSIFCL CATLFTFLTF LIDVKRFRYP ERPIIYYSVC
           YSIVSLMYFI GFLLGDRTAC NKADEKLELG DTVVLGSQNK ACTVLFMFLY FFTMAGTVWW
           VILTITWFLA AGRKWSCEAI EQKAVWFHAV AWGIPGFLTV MLLAMNKVEG DNISGVCFVG
           LYDLDASRYF VLLPLCLCVF VGLSLLLAGI ISLNHVRQVI QHDGRNQEKL KKFMIRIGVF
           SGLYLVPLVT LLGCYVYEQV NRITWEITWV SDHCRQYHIP CPYQAKTETR PELALFMIKY
           LMTLIVGISA VFWVGSKKTC TEWAGFFKRN RKRDPISESR RVLQESCEFF LKHNSKVKHK
           KKHYKPSSHK LKVISKSMGT STGAATHHGA SSVAITNHDY LGQETLTEIP TSPETSVREV
           RADGASTPRS REQDCGEPAS PAASSSKLCG EQADRRGRAG SVSESMRSEA RLTPKSDVTE
           MGPAQSSSLQ APGSLEPGSP RGSTSLLIHS ASGGSKEQGP GAPSDT-
Bos        METFTFLWTC IFLPLVRGHS LFTCEPITVP RCMKMAYNMT FFPNLMGHYD QSIAAVEMEI
           FLPLANLECS PNVETFLCKA FVPTCTEQIH VVPPCRKFCE KVYSDCKKLM DTFGIRWPEE
           LECDRLQYCD ESVPATFNPH TELLGPHKKS EQIRRDIGFW CPRHLKTSGG QGYKFLGIDQ
           CAPPCPNMYF KSDELEFAKS FIGIVSIFCL CATLFTFLTF LIDVRRFRYP ERPIIYYSVC
           YSIVSLMYFI GFLLGNSTAC NKADEKLELG DTVVLGSQNK ACTILFMFLY FFTMAGTVWW
           VMLTITWFLA AGRKWSCEAI EQNAVWFHAV AWGIPGFLTI MLLAMSKVEG DNISGVCFVG
           LYDLDASRYF VLLPLCLCVF VGLSLLLAGI ISLNHVRQVI QHDGRNQEKL KKFMIRIGVF
           SGLYLVPLVT LLGCYVYEQV NRITWEITWV SDHCRQYHIP CPYQANTETR PELALFMIKY
           LMTLIVGISA VFWVGSKKTC TEWAGFFKRN RKKDPISESR RVLQESCEFF LKHNSKVKHK
           KKHYKPSSHK LKVISKSMGT STGATANHGT SAVAITNHDY LGQETLTEIQ TSPETSVREV
           RGDGASTPKL RERDCEEPAS SAAPSSKLCR EQMDGHGRAG SVSESARSEG RVTPKSDVPE
           SGPVQSNSMQ ASSSPEPSSL KGSTSLLVHS ASGVGKEQGA GGRSDTX
Pan        MEMFTFLLTC IFLPLVRGHS LFTCEPITVP RCMKMAYNMT FFPNLMGHYD QSIAAVEMEH
           FLPLANLECS PNIETFLCKA FVPTCTEQIH VVPPCRKLCE KVYSDCKKLI DTFGIRWPEE
           LECDRLQYCD ETVPVTFDPH TEFLGPQKKT EQVQRDIGFW CPRHLKTSGG QGYKFLGIDQ
           CAPPCPNMYF KSDELEFAKS FIGTVSIFCL CATLFTFLTF LIDVRRFRYP ERPIIYYSVC
           YSIVSLMYFI GFLLGDSTAC NKADEKLELG DTVVLGSQNK ACTVLFMLLY FFTMAGTVWW
           VILTITWFLA AGRKWSCEAI EQKAVWFHAV AWGTPGFLTV MLLAMNKVEG DNISGVCFVG
           LYDLDASRYF VLLPLCLCVF VGLSLLLAGI ISLNHVRQVI QHDGRNQEKL KKFMIRIGVF
           SGLYLVPLVT LLGCYVYEQV NRITWEITWV SDHCRQYHIP CPYQAKAKAR PELALFMIKY
           LMTLIVGISA VFWVGSKKTC TEWAGFFKRN RKRDPISESR RVLQESCEFF LKHNSKVKHK
           KKHYKPSSHK LKVISKSMGT STGATANHGT SAVAITSHDY LGQETLTEIQ TSPETSMREV
           KADGASTPRL REQDCGEPAS PAASISRLSG EQVDRKGQAG SVSENVRSEG RISPKSDITD
           TGLAQSNNLQ VPSSSEPSSL KGSTSLLVHP VSGVRKEQGG GCHSDTX
Homo       MEMFTFLLTC IFLPLLRGHS LFTCEPITVP RCMKMAYNMT FFPNLMGHYD QSIAAVEMEH
           FLPLANLECS PNIETFLCKA FVPTCIEQIH VVPPCRKLCE KVYSDCKKLI DTFGIRWPEE
           LECDRLQYCD ETVPVTFDPH TEFLGPQKKT EQVQRDIGFW CPRHLKTSGG QGYKFLGIDQ
           CAPPCPNMYF KSDELEFAKS FIGTVSIFCL CATLFTFLTF LIDVRRFRYP ERPIIYYSVC
           YSIVSLMYFI GFLLGDSTAC NKADEKLELG DTVVLGSQNK ACTVLFMLLY FFTMAGTVWW
           VILTITWFLA AGRKWSCEAI EQKAVWFHAV AWGTPGFLTV MLLAMNKVEG DNISGVCFVG
           LYDLDASRYF VLLPLCLCVF VGLSLLLAGI ISLNHVRQVI QHDGRNQEKL KKFMIRIGVF
           SGLYLVPLVT LLGCYVYEQV NRITWEITWV SDHCRQYHIP CPYQAKAKAR PELALFMIKY
           LMTLIVGISA VFWVGSKKTC TEWAGFFKRN RKRDPISESR RVLQESCEFF LKHNSKVKHK
           KKHYKPSSHK LKVISKSMGT STGATANHGT SAVAITSHDY LGQETLTEIQ TSPETSMREV
           KADGASTPRL REQDCGEPAS PAASISRLSG EQVDGKGQAG SVSESARSEG RISPKSDITD
           TGLAQSNNLQ VPSSSEPSSL KGSTSLLVHP VSGVRKEQGG GCHSDTX
Sus        MEMFTFLWTC IFLPLIRGHS LFTCEPITVP RCMKMAYNMT FFPNLMGHYD QSIAAVEMEP
           FLPLANLECS PNVETFLCKA FVPTCTEQID VVPPCRKFCE KVYSDCKKLM DTFGIRWPEE
           LECNRLQYCD EPVPATFDPH TDFLSPQKKI EPVQRDIGFW CPRHLKTSGG QGYKFLGIDQ
           CAPPCPNMYF KNDELEFAKS FIGIVSIFCL CATLFTFLTF LIDVRRFRYP ERPIIYYSVC
           YSIVSLMYFI GFLLGNSTAC NKADEKLELG DTVVLGSQNK ACTVLFMFLY FFTMAGTVWW
           VILTITWFLA AGRKWSCEAI EQKAVWFHAV AWGIPGFLTV MLLAMNKVEG DNISGVCFVG
           LYDLDASRYF VLLPLCFCVF VGLSLLLAGI ISLNHVRQVI QHDGRNQEKL KKFMIRIGVF
           SGLYLVPLVM LLGCYVYEQV NRITWEITWV SDHCRQYHIP CPYQAKTETR PELALFMMKY
           LMTLIVGISA VFWVGSKKTC TEWAGFFKRN RKKDPISESR RVLQESCEFF LKHNSKVKHK
           KKHYKPSSHK LKVISKSMGT STGATANHGT SAVAITNHDY LGQETLTEIQ TSPETSVREV
           RADRASPPKA REQDGEDPAS SAASSSRLCG EQTDRKGRAG RVPASARSEG RVTPKNDGTE
           TSPAPSNSLQ APSSSEPGSL KGSTSLLVHS ASGVRKEQGT GSHSDTX
Oryctolagu MDMFAFLLTC MFLPLIRGHS LFTCEPITVP RCMKMAYNMT FFPNLMGHYD QGIAAVEMEH
           FLPLANLECS PNVETFLCKA FIPTCTEQIH VIPPCRKFCE KVYSDCRKLI DTFGIRWPEE
           LECNRLQYCD ETAPVTFDPH TEFLGPQKKT EQVQRDIGFW CPRHLKTSGG QGYKFLGIDQ
           CAPPCPNMYF KSDELEFAKS FIGIVSIFCL CATLFTFLTF LIDVKRFRYP ERPIIYYSVC
           YSIVSLIYFI GFLLGNNTAC NKADEKLELG DTVVLGSQNK ACTVLFMFLY FFTMAGTVWW
           VILTITWFLA AGRKWSCEAI EQKAVWFHAV AWGIPGFLTV MLLAMNKVEG DNISGVCFVG
           LYDLDASRYF VLLPLCLCVF VGLSLLLAGI ISLNHVRQVI QHDGRNQEKL KKFMIRIGVF
           SGLYLVPLVT LLGCYVYEQV NRITWEITWV SDHCRQYHIP CPYQAKTKAR PELALFMIKY
           LMTLIVGISP VFWVGSKKTC TEWAGFFKRN RKRDPISESR RVLQESCEFF LKHNSKVKHK
           KKHYKPSSHK LKVISKSMGT STGATANHGT SAVAITDHDF LGQETLTEIQ TSPEASVREV
           RADGASTPKV REQDCGEPAS PTAASAKVSG EQADKKSRAG SVSEGVRSEG RVSPKSDDTD
           TGPVQSNNVQ LASSSEPGSL KGSTSLLVHS VPGVRKEQGA GSHSDTX
Myotis     MGMGTMLWLC VFLPLVRGHS LFTCEPVTVP RCTKMAYNMT FFPNLMGHYD QSTAAVKMEH
           FLPLANLNCS PNVETFLCKA FVPTCTDQIH VDPPCRKFCE KVYSDCKNLI DTFGIQWPEE
           LKCDRLQYCD ETFPVTLDPH TEILGRQKKT EQVQRDIGIW CPRHLKTSGG QGYKFLGIDQ
           CAPPCPNMYF KSEELEFAKS FIGIVSIFCL CATLFTFLTF LIDVKRFRYP ERPIIYYSVC
           YSIVSLMYFI GFLLGNSTAC NKADEKLEVG ETVVLGSQNK ACTIVFMFLY FFTMAGTVWW
           VILTITWFLA AGRKWSCEAI EQKAVWFHAV AWGTPGFLTV MLLAMNKVEG DNISGVCFVG
           LYDLDASRYF VLLPLCLCVF VGLSLLLAGI ISLNHVRQVI QHDGRNQEKL KKFMIRIGVF
           SGLYLVPLVT LLGCYVYEQV NRITWEITWV SDHCRQYHIP CPYQAKAETR PELALFMIKY
           LMTLIVGISA VFWVGSKKTC TEWAGFFKRN RKRDPISESR RVLQESCEFF LKHNSKVKHK
           K-HYKPSSHK LKVISKSMGT STGTSANHGT SAVAIANHDY LGQETLTEIQ TSPETSVREV
           REDGVNTPKP REQDCGEPAS PAVSSSKLCG EQADRKGRAG SVSESAQSEG RVAPKTDVTE
           TGLAPSNNLQ VPCPSEPSSL KGSTSLLSHS ASGVRKEQGA GSHSDTX
Sorex      MGNCAFLWAC ALLPLVREHS LFTCEPITVP RCMKMPYNMT FFPNLMGHYD QNTAAVEMKH
           FLPLANLECS PNVETFLCKA FVPTCTEQIQ VVPPCRKFCE KVYSDCKKLI DTFGIRWPKE
           LKCDRLQYCD GTAPVTFDPQ TQLLDPQKKT EQVQRDIGFW CPRHLKTSGG HGYKFLGIDQ
           CAPPCPNMYF TSDELEFAKS FIGIVSIFCL CATLFTFLTF LIDVKRFRYP ERPIIYYSVC
           YSIVSLMYFI GFLLGNRTAC NKADEKLEIG DTVVLGSQNK ACTILFMFLY FFTMAGTVWW
           VILTITWFLA AGRKWSCEAI EQKAVWFHAV AWGTPGFLTI MLLAMNKVEG DNISGVCFVG
           LYDLDASRYF VLLPLCLCVF VGLSLLLAGI ISLNHVRQVI QHDGRNQEKL KKFMIRIGVF
           SGLYLVPLVT LLGCYVYEQV NRITWEITWV LDHCRQYHIP CPYQAKT-TR PELALFMIKY
           LMTLIVGISA VFWVGSKKTC TEWAGFFKRN RKRDPISESR RVLQESCEFF LKHNSKVRHK
           KKHYKPSSHK LKVISKSMGT STAATANHGT SAIAITSHDY LGQETATEMQ TSPDTSARDM
           RTEGVSTPKL REQEGVEPAS PAASSVRLCG DQADRPGRAG SLSGSARSEG RATPRSEVAD
           SGPAPGNLLQ VPSSSKPSSL KGSASLLPQS ASEAREEQGA G----TX
Mus        MERSPFLLAC ILLPLVRGHS LFTCEPITVP RCMKMTYNMT FFPNLMGHYD QGIAAVEMGH
           FLHLANLECS PNIEMFLCQA FIPTCTEQIH VVLPCRKLCE KIVSDCKKLM DTFGIRWPEE
           LECNRLPHCD DTVPVTSHPH TELSGPQKKS DQVPRDIGFW CPKHLRTSGD QGYRFLGIEQ
           CAPPCPNMYF KSDELDFAKS FIGIVSIFCL CATLFTFLTF LIDVRRFRYP ERPIIYYSVC
           YSIVSLMYFV GFLLGNSTAC NKADEKLELG DTVVLGSKNK ACSVVFMFLY FFTMAGTVWW
           VILTITWFLA AGRKWSCEAI EQKAVWFHAV AWGAPGFLTV MLLAMNKVEG DNISGVCFVG
           LYDLDASRYF VLLPLCLCVF VGLSLLLAGI ISLNHVRQVI QHDGRNQEKL KKFMIRIGVF
           SGLYLVPLVT LLGCYVYELV NRITWEMTWF SDHCHQYRIP CPYQANPKAR PELALFMIKY
           LMTLIVGISA VFWVGSKKTC TEWAGFFKRN RKRDPISESR RVLQESCEFF LKHNSKVKHK
           KKHGAPGPHR LKVISKSMGT STGATTNHGT SAMAIADHDY LGQETSTEVH TSPEASVKEG
           RADRANTPSA KDRDCGESAG P---SSKLSG NRNGRESRAG NGSEGAPSEG RVSPKSSVPE
           TGLIDCSTSQ AASSPEPTSL KGSTSLPVHS ASRARKEQGA GSHSDAX
Rattus     MEASPFLSAC ILLPLIRGHS LFTCEPITVP RCMKMAYNMT FFPNLMGHYD QGIAAVEMEH
           FLPLANLECS PNIEMFLCQA FVPTCTEQID VVSPCRKLCE KILSDCQKLM DTFGIRWPEE
           LECHRLPYCD GAVPVTSDPH TELFGPQKKT DQVPRDIGFW CPKHLRTSGD QGYRFLGIDQ
           CAPPCPNMYF KSDELDFAKS FIGIVSIFCL CATLFTFLTF LIDVRRFRYP ERPIIYYSVC
           YSIVSLMYFV GFLLGNSTAC NKADEKLELG NTVVLGSKNK ACSVVFMFLY FFTMAGTVWW
           VILTITWFLA AGRKWSCEAI EQKAVWFHAV AWGMPGFLTV MLLAMNKVEG DNISGVCFVG
           LYDLDASRYF VLLPLCLCVF VGLSLLLAGI ISLNHVRQVI QHDGRNQEKL KKFMIRIGVF
           SGLYLVPLVT LLGCYVYELV NRVTWEMTWF SDHCHQYRIP CPYQANPKAR PELALFMIKY
           LMTLIVGISA VFWVGSKKTC TEWAGFCKRN RKRDPISESR RVLQESCEFF LKHNSKVRHK
           KKHGKPGSHK LKVISKSMGT STGVTTDHGT SAVAIADHDY LGQETSAEVQ TSPEASLKEG
           RADRANTPRA KGPDCGEPAS TAASNSKFSG DQIDRKSRAG SVSEGAPSEG RVSPKG-VPG
           TGLMEC-TLQ IPSSPEPNSL KGSTSLLVRS ASGTRKEQGA GGHSDTX
Procavia   MEMLTFLLSS IFLPLIRGHS LFTCEPITVP RCMKMAYNMT FFPNLMGHYD QSTAAKVMEH
           FLPLANLECS PDVETFLCKA FVPRCTEQID VVPPCRKFCE RVYTDCKKIM DTFDIQWPEE
           LECNRLQYCD DTVPATSNPP TGFLDPQKKP EQVQRDIGFW CPRHLKTSGG QGYKFLGLDQ
           CAPPCPNMYF KSDELEFAKN FIGTVSIFCL CATLFTFLTF LIDVKRFRYP ERPIIYYSVC
           YSIVSLMYFI GFLLGNSTAC NKADEKLELG DTVILGSQNK ACTVLFMFLY FFTMAGTVWW
           VILTITWFLA AGRKWSCEAI EQKAMWFHAV AWGIPGFLTV MLLAMNKVEG DNISGVCFVG
           LYDLDASRYF VLLPLCLCVF VGLSLLLAGI ISLNHVRQVI QHDGRNQEKL KKFMIRIGVF
           SGLYLVPLVT LLGCYVYEQV NRITWMRTWV SDHCRQYHIP CPLQTNT-AR PELALFMIKY
           LMTLIVGISA VFWVGSKKTC TEWAGFLKRN RKR??????? ?????????? ??????????
           ?????????? ?????????? ?????????? ?????????? ?????????? ??????????
           ?????????? ?????????? ?????????? ?????????- ?????????? ?VSPKSDFTE
           TVPVQSSSLQ IPSSSQPSSL KGSTSLLVHP VSGVRKEQKA SSRSDAG
Tupaia     METFTFLLVC IFLPLIRGHS LFTCEPITVP RCMKMAYNMT FFPNLMDHYD QSTAAVEME?
           ?????????? ?????????? ?????????? ?????????? ?????????? ??????????
           ?????LQYCD ENVPVTLDPH TEFLGPQKKT EQVQRDIGFW CPRHLKTSGG QGYKFLGIDQ
           CAPPCPNMYF KSDELEFAKS FIGIISIFCL CATLFTFLTF LIDVKRFRYP ERPIIYYSVC
           YSIVSLMYFI GFLLGNSTAC NKAEEKPELG DTVVLGSQNK ACTVLFMFLY FFTMAGTVWW
           VILTT---LA AGRKWSCEAI EQKAVWFHAV AWGIPGFLTV MLLAMNKVEG DNISGVCFVG
           LYDLDASRYF VLLPLCLCVF VGLSLLLAGI ISLNHVRQVI QHDGRNQEKL KKFMIRIGVF
           SGLYLVPLVT LLGCYVYEQV NRITWEITWV SDHCRQFHIP CPYQAKTNAR PELALFMIKY
           LMTLIVGISA VFWVGSKKTC TEWAGFFKRN RKR??????? ?????????? ??????????
           ?????????? ?????????? ?????????? ?????????? ?????????? ??????????
           ?????????? ?????GELAT ---ASSKL-G EQ-DGKGQTN SVCGSARREG RLSPKSDTTE
           TSPGRSNNLQ VPSSSNPSSL KGSTALLVHS VSEVQKEQGA GSHSDTX
Macropus   MEALLFLVMC ITLPLIRGHS FFTCEPITVP KCVKMTYNMT FFPNLMGHYD QSIAALEMEP
           FLPLANLHCS PDVDTFLCNA FVPACTEQIH VVPPCRKFCE RVYSDCKQLI DTFGITWPEE
           LECSRLQYCD ETAPVASDLT TKFHDPPKTP EQVQRDYGFW CPRHLKTSGG QGYKFLGIDQ
           CAPPCPNMYF KNDELEFAKS FIGIVSIFCL CATLFTFLTF LIDVKRFRYP ERPIIYYSVC
           YSIVSLMYFI GFLLGNSTAC NKADEKLEIG ETVVLGSQNK ACTVLFMFLY FFTMAGTVWW
           VILTITWFLA AGRKWSCEAI EQKAVWFHAV AWGMPGFLTV MLLAMNKVEG DNISGVCFVG
           LYDLYASRYF VLLPLCLCVF VGLSLLLAGI ISLNHVRQVI QHDGRNQEKL KKFMIRIGVF
           SGLYLVPLVT LLGCYVYEQI YRIIWETTWV SDHCHRYHIP CPHQ?????? ??????????
           ?????????? ?????????? ?????????? ?????????? ?????????? ??????????
           ?????????? ?????????? ?????????? ?????????? ?????????? ??????????
           ?????????? ?????????? ?????????? ?????????? ?????????? ?ATPKANFTE
           TQLLQSSDLQ IPSTSQPGSP KGSTSLLIHS ALDVGKEQSS GNNSDSX
Tarsius    MEMFTFLLMC IFLPIIRGHS LFTCEPITVP RCMKMAYNMT FFPNLMGHYD QGIAAVEMEH
           FLPLANLECS PNVETFLCKA FVPTCTEQIH VVPPCRKFCE KVYSDCKKLI DTFGIRWPEE
           LECN?????? ?????????? ?????????? ?????????? ?????????? ??????????
           ?????????? ?????????? ?????????? ?????????? ?????????? ??????????
           ?????????? ?FLLGDRTAC KKEDEKLELG DTVVLGSQNK ACTVLFMFLY FFTMAGTVWW
           VILTITWFLA AGRKWSCEAI EQKAVWFHAV AWGIPGFLTV MLLAMNKVEG DNISGVCFVG
           LYDLDASRYF VLLPLCLCVF VGLSLLLAGI ISLNHVRQVI QHDGRNQEKL KKFMIRIGVF
           SGLYLVPLVT LLGCYVYEQV NRFTWEVTWV SDHCRQYHIP CPYQAKTKAR PELALFMIKY
           LMTLIVGISA VFWVGSKKTC TEWAGFFKRN RKR??????? ?????????? ??????????
           ?????????? ?????????? ??????SHGI -AVAITNHDY LGQETVTEIQ ISPEASVR--
           -ADGESTSKL GEQDCGEPVS PAASNCKRSG EQASRKGQAG SVSGSARGEG ??????????
           ??????NNLQ APSSSEPSSL RGSTSLLVHS ASGERKEQRA GSHSDAX
Cavia      WPPLSHLITA HFLPWPGGHS LFTCEPVTVP RCLKMAYNLT FFPNLMGHYD QGIAAVEMEH
           FLPLANLECS PNVETFLCQA FIPTCTEQIH VVPPCRKFCE KVYSDCRNIM DTFGIRWPEE
           LECDRLRYCN ETAPEVHGRH GGALGPQKKT EQVQRDIGIW CPRHLKTSGG QGYKFLGIEQ
           CAPPCPNMYF KSDELEFAKS FIGIVSIFCL CATLFTFLTF LIDVRRFRYP ERPIIYYSVC
           YSIVSLMYFI GFLLGNSTAC NRADEKLELG DTVVLGSQNK ACSVLFMFLY FFTMAGTVWW
           VILTITWFLA AGRKWSCEAI EQKAVWFHAV AWGIPGFLTV MLLAMNKVEG DNISGVCFVG
           LYDLAASRYF VLLPLCLCVF VGLSLLLAGI VSLNHVRQVI QHDGRNQEKL KKFMIRIGVF
           SGLYLVPLVT LLGCYVYEQV NRVTWEITWV SDHCRQYHIP CPYQVKTTAR PELALFMIKY
           LMTLIVGISA VFWVGSKKTC TEWAGFFKRN RKRDPISESR RVLQESCEFF LKHNSKVKHK
           KKPCKPGSHK LKVISKSMGT STGVTAYHGT SAVAIADQDF LGQETATDIQ TSPEVSVRK-
           ----AGT--A REQDLGEPTS PTAS-SRFVG DMGDRKSQAT SVSDSVRSEG RLSPRSDTAA
           AGPGQGMVPQ GPSSPEPGHL EDPTPPVGHA ASGAGQAQEP ASPG-PP
