   40   319
Dasypus    MASLGRLLGL LGLILCGVAS FRLPPSPTPG TKKPIIGVLM QECLSKNMRN LGKYYIAASY
           VKYLESAGAR VVPVRLDLPN ADYEKLFKSI NGILFPGGGV SIKNSGYARV AKLFYNFAIQ
           SFNDGSYFPV WGTCLGFEEL SFLVSGEILL THTDTVGTTL ALNFTSAIMH SRMFRNFPGD
           LLLALAVEPL TANFHMWSLS LTNFTANENL KTFFNILSTN TVNNIEFIST MEAYEYPIYG
           VQWHPEKAPY EWERKKGISH SPNAVKTAFY LADFFVGEAR KNNHHFDSQE EEKKALIYQF
           RPIYTGNISS FQQSYMFDX
Echinops   MASALRLLC- --LLLCGAAC LVLSAPFGGT TKKPIIGVLM QKTQNK-MRS FGKYYIAASY
           VKYLESASAR IVPIRLNLTD NEYEKLFRSI NGILFPGGGA HLNNSYYAKV AKLFYDFALQ
           SFNNGDYFPV WGTCLGFEEL TILASEENLL TLTKTEHVSL PLNFTG???? ??????????
           ?????????? ?????????? ?????????? ?????????? ?????????? ???YKYPVYG
           VQWHPEKPTF EWGE-EAISH SPNAVKTAFY LAEFFVSEAR KNNHHFRSEA EEEESLIYQF
           RPIYSGHFSS FQQSYFFEX
Canis      MASLGRLLCV LGLLLWAAAG PGSCSPRASS SSKPIIGVLM QKCRNKELKS LGKYYIAASY
           VKYLESAGAR VVPIRPDLTN EEYKKLFQSI NGILFPGGSV DLKKSGYALA AKTFYNFAKQ
           SFDDGDYFPV WGTCLGFEEL SYLISGQCLL TLTHTDGITM PLNFTKDASQ SRMFQNFPPD
           LLKSLSVEPL TANFHKWSLS VTNFTKNENL KEFFNVLTTN TDGKTEFIST MEGYKYPVYG
           VQWHPEKAPY EWGQLKGISH APNAVKAAFY LAEFFVAEAR KNSHHFESAV EENEALIYQF
           RPVYTGNISS FQQSYIFDX
Myotis     MANPGHLLYA LGLLLCAAVT LRLSAAPAST -QKPIIGILM QKCYTKAMKN LGKYYIAASY
           VKYLESAGAR VVPIRVDLTD EEYVKLFQSI NGVLFPGGGA DLKKSGYAHT AEIFFSLATQ
           SFDDGDYFPV WGTCLGFEEL SYLVSGKLLL THTDTKGITM PLNFTKGILQ SRMFRNFPAD
           LLLSLELEPL TANFHQWSLS KMNFTKNEKL KAFFNVLTTN NDGKIEFIST VEGYKYPVYG
           VQWHPEKPPY EWGSFKGISH APNAVKTAFY LAEFFVSEAR KNGHHFQSDV EEKEALIYQF
           HPVYTGNISL FQQSYIFNX
Felis      MASLERLLCV LSLLLCWAAS PGLCAPRAST SEKPIIGVLM QTC-SKDMKS LGKYYIAASY
           VKYLESAGAR VVPIRPDLTK AEYERLFRSI NGILFPGGSA NLKKSGYALA AKKFYDLAIQ
           SFDDGDYFPV WGTCLGFEEL SYLISGECLL TLTKTEGVTM PLNFTKGAFQ SRMFQNFPAD
           LLMSLSLEPL TANFHKWSLS MTNFTMNEKL KKFFNVLTTN TDGKTEFIST MEGYKYPVYG
           VQWHPEKAPY EWGKLEGISH APNAVMAAFY LAEFFVAEAR KNSHHFESDV EENKALIYQF
           RPVYTGNISS FQQSYIFDX
Callithrix ---------- ---------- ---------- ---------- ---------- ----------
           ---------- ----RPDLTE KEYEILFKSI NGVLFPGGSV DLERSDYAEV AKIFYNFSIQ
           SFDAGDYFPV WGTL--HLRL SVLVSGEYLL TVTDTDDLAM PLNFTGGHLQ SRMFQNFPTD
           LLMSLAVEPL TANFHKWSLS MKNFTKNENL KKFFNVLTTN TDGDIEFIST MEGYKYPVYG
           VQWHPEKAPY EWKKLDGISH APKAVKTAFY LAEFFVNEAR KNNHHFRSES EEEKSLIYQF
           SPIYTGNISS FQQCYIFDX
Erinaceus  MASLGRLLCV LGLLLCGLAN FQLTTSRSLS SKKPIIGVLM QKCHNKLMRN MGKYYIAASY
           VKYLESAGAR VVPVRLDLTD KEYEKLFQSI NGILFPGGSV NLRKSGYSHV AKIFYNSPKE
           SFDEGDYFPV WGTCLGFEEL SYLVSGEFLL THTKTVGIKM PLNFTADALQ SRMFENFPAE
           LLLSLAVEHL TANFHRWSLS LKNFTANTKL KKFFTVLTTN TDGETEFIST ME????????
           ?????????? ?????????? ?????????? ?????????R RNSHHFQSET EEDKALIYHF
           NPVYTGNISS FQQCYIFEX
Sorex      MRTWGRLPCL LSLVRIRGPS LELLLPFNYL SQKPTSGILM QRCHHKTMKK LGNYYIAASY
           VKYLESAGAR VVPI?????? ?????????? ??ILFPGGGA NIKRSNYSHV SKIFYKLAIE
           SFDDGDYFPV WGTCLGFEEL SFLTSGEFLL TPTNTTGLKL PLNFTEAILQ SRMFENFPAE
           LLLSLAVEPL TANFHKWSLS LKNFSKNEKL SKFYNVLTTN SDGKVQFVST MEAFHYPIYG
           VQWHPEKPPY EWKKLEGISH APNAVKAAFY LAEFFVAE-- ---------- ----------
           ---------- ---------
Ornithorhy ---------- ---------- ---------- ---------M QECDFKAFQS LGKYYIAASY
           VKYLESAGAR VVPVSLTLSE EEYETLFQSI NGVLFPGGSV DLQTSQYARV AKLLYNKALK
           ANDQGDYFPV WGTCLGFEEL TFLASGEKLL TLTNTHGLAL PLNFTSAAKE SRLFQNFPSD
           LLEAFASEPL TSNFHYWSVS TQNFTRNKGL HDFYKILTTN VHGQFEFVST MEAYAYPIYG
           VQWHPEKNAF EWKNVTGIPH SPLAMRTAYY MADFLVNEAR KSQHRFASEE TELKALIYNY
           APVFTGNISG FQQCYFFDX
Vicugna    ---------- ---------- ---------- -------ILM QKCHSKDMKI LGKYYIAASY
           VKYLESAGAR VVPIRLDLKA EEYQKLFQSI NGVLFPGGSV NLKKSGYAQV ARIFYKLAIQ
           SFDDGDYFPV WGTCLGFEEL AYLISGECLL TLTDTVGVKM ALNFTAGILH SRMFQNFPAN
           LLLSLAKEPL TANFHKWSLS VKNFTMNEKL KKFFNVLTTN TDGKIEFVST MEGYQYPVYG
           VQWHPEKSPY EWGKFRGISH TSNAVKAAFY LAEFFVAEAR KNNHHFESDV EEGKALIYQF
           SPVYTGNISS FQQTYIFDX
Cavia      MRILGRLLCV LGLLIFGAPS LGLPSRGKPI NEKPIIGVLM QKINNEEMKK LGQYYIAASY
           VKYLESAGAR VVPIRLNLTY LEYEELFQSI NGILFPGGGS NIVTSNYANI SKIFYELSKQ
           SFDDGDYFPV WGTCLGFEEL SYLVSGKNLL TKTKTGNITL PLNFTKDATK SRMFKNFPLD
           LLQSLAAEPL TANFHKWSLS VKNFTTNEKL KNFFNVLTTN TDGTTEFVSS MEAYKYPIYG
           VQWHPEKPPY EWKNLRGISR APDAVKTAFY LADFFVSEAR KSKHHFKSQS TEAKSLIYQF
           PVYYTGNISL FQQCYIFPX
Equus      MASLGRLLCV LGLFLCGAAS FRLSAPRAGT SEKPIIGILM QKCRDKDMKK LGKYYIAASY
           VKYLESAGAR VVPIRLDLTS KEYEKLFHSI NGILFPGGGA DLKKSGYAKV AKIFYDFSIQ
           SFNAGDYFPV WGTCLGFEEL SYLVSNKSLL TSTNTDGCAL PLNFTNGTLQ SRMFRNFPSD
           LLLSLSVEPL TANFHKWSLS MKNFTTNEKL KKFFNVLSTN TDGKTEFIST MEGYKYPVYG
           VQWHPEKGPY EWKIEKGISH SPNAVKAAFY LAEFFAAEAR KNNHHFESDV EEDKALIYQF
           RPVYTGNISM FQQAYIFDX
Rattus     MASLGRLLCA WVLLLCGLAS PGLSGSYERG SKRPIIGIIM QECYGN-MTK LGRFYIAASY
           VKFIESAGAR VVPIRLDLND AQYETLFRSI NGVLLPGGGA NLTHSGYSRV AKIFFTKALE
           SFDNGDYFPV WGTCLGLEEL SVLVSNDNLL TLTNTSSVKL PLNFTRDSKQ SRMFRNLPEE
           LLNSLASENL TANFHKWSLS VKNFTENEKL KKFFNILTVN TDGKTEFISS MEGYKYPIYA
           VQWHPEKAPF EWKKLRGISH APNAVKTSFY LAKFFISEAL KNDHHFENEL EETESLIYQF
           CPVYTGNISS FQQAYMFNX
Ochotona   ---------- ---------- ---------- -------ILM QKCHSKGMKS LGKYYIAASY
           VKYLESAGAR VVPIRLD-KK EEYEQLFKSI NGVLFPGGSV NLMHSGYAHV AKIFYNLAIQ
           SFDDGDYFPV WGTCLGFEEL TCLVSGECLL TLTDTVATKL PLNFTE???? ??????????
           ?????????? ?????????? ?????????? ?????????? ?????????? ???YTYPIYG
           VQWHPEKAPY EWVKVKGVSH VPNAVKAAFY LAEFFVNEAR KNHHHFDSEP EERGALIYQY
           RPVYTGSVSS FQQCYMFDX
Dipodomys  MASLGRLLCV V-VVFCWALS LGLPKHHKRA AKKPIIGIVM QKCQSKEMQN LGKYYLAASY
           VKYIESAGGR VMPVRTDLTF AEYSHIFRSI NGLLLPGGSV SLVHSEYAHV AKIFYKMAIQ
           SFDDGDYFPL WGTCLGFEEL SYLISGECLL TLTDTFSKAL PLNFTKGAIQ SRMFHNFPPD
           LLLSLAIEPL TANFHKWSLS MQNFTMNSRL MKFFNVLTTN TDGNLEFVSS MEGYKYPVYG
           VQWHPEKAPY EWDS-KGISN APNAVKTAFY LAEFFVSEPR KNNHHFESPS EEKESLIYQF
           SPVYTKNFSS FQQCYMFDX
Otolemur   MASCGRLLCV LGLLFCGWAS PGQSSPFRDP TEKPIIGVLM QKCRTKSMKN LGKYYIAASY
           VKYLESAGAR VMPVRYALFL FFSDLIFKYK NKILFPGGSV DIQRSDYARV ADIFYKLAIQ
           SFDKGDYFPV WGTCLGFEEL SFLVSREYLL TLTNTTKNKL PLNFTGGSLH SRMFRKFPTE
           LLISLSVEPL TANFHKWSLS MKNFTKNEKL KKFFNVLTTN TDGNTEFIST VEGYKYPVYG
           VQWHPEKAPY EWKELKGISH APNSVKTAFY LADFFVSEAR KNNHHFVSKS EEEKVLIYQF
           QPVYTGNISS FQQCYIFNX
Microcebus ---------- ---------- ---------- -------ILM QKCRNKVMRN LGRYYIAASY
           VKYLESAGAR VVPVRLDLTN NEYETLFKSI NGVLFPGGSV DLKRSDYAKV AKIFYKLAIQ
           ?????????? ?????????? ?????????? ?????????? ?????????? ??????????
           ?????????? ?????????? ?????????? ?????????? ?????????? ???YKYPVYG
           VQWHPEKAPY EWKKLKGISH APNAVKTAFY LAEFFVNEAR KNNHHFPSAS EEQKALIYQF
           HPVFTGNISS FQQCYIFDX
Mus        MANLGYLLCL LGLLLCGLSS PGMSRPYNHG SERPIIGVVM QECFGK-MAK LGNYYIAASY
           VKYIESAGAR VVPIRPDLSD AEYEELFRSI NGVLLPGGGA NLTDSGYSRV AKIFFSKALE
           SFDNGDHFPV WGTCLGFEEL SVLVSGENLL TSTDTKSKKL PLNFTEGARK SRMFKHFPTE
           LLDSLALENL TANFHKWSLS VKNFTENEKL KKFFNILTTN TDGKTEFISS MEGFKYPVYA
           VQWHPEKAAF EWKNLGGISH APNAVKTSFY LAEFLVSEAR KNSHHFENVV KETASLIYKF
           NPIYTGNISS FQQAYMFDX
Pteropus   MANLGRLLCL L-VLLSGAAN LGLSAHNAAK LKKPIIGILM QKCHNK-MKT LGKYYIAASY
           VKYLESAGAR VVPVRLDLTK KEYKKLFQSL NGVLFPGGSV NLKRSGYAHV AKIFYNFARQ
           SYDDGDYFPV WGTCLGFEEL SYLVSGEYLL SQTNTTKITM PLNFTEGTLQ SRMFQNFPAE
           LLLSLAIEPL TANFHKWSLS MMNFTKNAKL KEFFNVLTTN TDGTIEFIST VEGYKYPVYG
           VQWHPEKAPY EWGKFPGISH APNAVRAAFY LADFFVSEAR KNSHHFESDV EEDEALIYQF
           HPVYTANISS FQQSYVFNX
Tursiops   MASLGLLLRV LGLVLCGAAS LGLSASPAPT SKKPIIGILM QTCHSENMKI LGKYYIAASY
           VKYLESAGAR VVPIRLDLKD EEYEKLFKSI NGILFPGGSV DLINSGYAHV AKIFYKLAIQ
           GFGNGDYFPT WGTCLGFEEL TYLVSGESLL TLTDTVGIKM PLNFTRGPLQ SRMFKNFPAD
           LLLSLAIEPL TANFHKWSLS VKNFTMNEKL KAFFNILTTN TDGSIEFIST MEGYQYPVYG
           VQWHPEKAPY EWGKLKGISH APNAVRAAFY LAEFFVAEAR KNNHHFESDV EEGKALIYQY
           RPVYTGNISS FQQSYIFDX
Tarsius    ---------- ---------- ---------- ---------- ---------- ----------
           ---------- -----LDLSE EEYKILFKSI NGILFPGGSV DLIHSDYAAV AEIFYNLAKQ
           SFDGGDYFPV WGTCLGFEEL SVLVSGEHLL TLTNTTEVAM PLNFTQGSLQ SRMFQNFPND
           LLLSLAVEPM TANFHKWSLS MKNFTMNEKL KKFFNVLTTN TKDGIEFIST MEGYKYPIYG
           VQWHPEKAPY EWKKLEGISH APNAVKTAFY LAEFFVNEAQ KNNHHFKSES EEEKAMIYQF
           HPVYTGNISS FQQCYIFDX
Mustela    MARLERLLCV LGLVLCGAAS PGLCASLA-- SKNPIIGVLM QTSRNKDMRS LGKYYIAASY
           VKYLESAGAR VVPIRPDLTA EKYEKLFQSI NGILFPGGSV NLEKSGYALT AKKFYDFAKQ
           SFDDGDYFPV WGTCLGFEEL SYLVSGKSLL TLTHTDGITM PLNFTKGASQ SRMFQNFPVD
           LLKSLSTEPL TANFHKWSLS VTNFTMNEEL KNFFNVLTTN TDGKTEFIST MEGYKYPVYG
           VQWHPEKAPY EWGNLEGISH APHAVKAAFY LAEFFVAEAR KNSHQFESEV EENEALIYQF
           RPVYTGNISS FQQSYIFDX
Tupaia     ---------- ---------- ---------- -------VLM QKCRFKNLKQ LGKYYIAASY
           VKYLESAGAR VVPVRLDLKR SEYEKLFKSI NGILFPGGGV NIMHSDYAHV AKIFYNLAIQ
           SFDDGDYFPV WGTCLGFEEL SFLISGEYLL TPTETEGKAM PLNFTKGTLE SKMFQNFPAD
           LLVSLAVEPL TANFHKWSLS VTNFTENEKL KTFLNVLTTN TDGKTEFIST VE???????G
           CRRHPGKAPA EWETRKGTSH APDS-KTALY ---FFIVNRQ EGPHEPQA-- -EKEAPISQS
           RPVCTGT-SS CPQRYTFGG
Ailuropoda MARLERLLCV LVLVLCGAPS PGLCVPLAST SKKPIIGVLM QKCRNKDMRS LGKYYIAASY
           VKYLESAGAR VVPVRPDLTN EEYEKLFQSI NGILFPGGSV DLKKSGYALT ARKFYNFAKQ
           SFDDGDYFPV WGTCLGFEEL SYLISGKSLL TLTHTDGITM PLNFTKGASQ SRMFQNFPAD
           LLKSLSTEPL TANFHKWSLS MMNFTMNEEL KKFFNVLTTN TDGKTEFIST MEG-------
           ---------- ---------- ---------- ---------- ---------- ----------
           ---------- ---------
Bos        MARLGRLLSV LGLVLCGATG LGLSAPPAPT PKKPIIGILM QKCHNKNMRA LGKYYIAASY
           VKFLESAGAR VVPVRLDLKN EEYEKLFKSI NGVLFPGGSV NLMRSGYARV AKMFYNLSIK
           SFGEGDYFPV WGTCLGFEEL IYLVSGESLL TLTDTVGIKL PLNFSRGTLQ SRMFQNFPAD
           LLLSLAVEPL TAHFHKWSLS VMNFTKNEKL KAFFSILTTN TDGNIDFIST MEGYRYPIYG
           VQWHPEKAPY EWGQLRGISH APNAVKAAFY LAEFFVAEAR KSNHHFESDV EETKALIYQY
           RPTYTGNVSS FQQSYIFDX
Sus        MASLGLLLSV LGLVLCGATS LRLSALGAST SKKPIIGVLM QRCHGKDMKA LGKYYIAASY
           VKFLESAGAR VVPIRVDLKD EEYQKLFQSI NGILFPGGSV NIKKSGYAHV AKIFYTLAIQ
           SFGAGDYFPV WGTCLGFEEL TYLVSGESLL TLTNTIGIKM PLNFTKGTLH SRMFQNFPAD
           LLLSLAIEPL TANYHKWSLS MKNFTMNENL KKFFNVLTTN TDGNIEFIST MEGYQHPVYG
           VQWHPEKAPY EWGTLKGISH APNAVKAAFY LAEFFVSEAR KNSHHFESDV EESKALIYQF
           RPVYTGNISS FQQSYVFDX
Oryctolagu MASLGRLLCV QGLLFFWAAS LGLSRPHGSA DKKPIIGILM QKCHNKDMKS LGKYYIAASY
           VKYLESAGAR VVPIRLDLKH KEYEKLFKSI NGVLFPGGSV NLVRSDYAHV AKIFYKLAIQ
           SFDDGGYFPV WGTCLGFEEL SYLVSGECLL TLTDTISRKL PLNFTEGALQ SRMFQNFPAE
           LLLSLAIEPL TANFHKWSLS VKNFTSNEKL KKFFNVLTTN TDGKTEFIST LEGYKYPVYG
           VQWHPEKAPY EWAKLKGISH APNAVKAAFY LAEFFVSEAQ KNHHRFDSPS EEKEALIYHY
           RPIYTGSISS FQQCYMFDX
Loxodonta  MASAGRLLCV LSLLLCGMVS LVLSAPSRGT TEKPIIGILM QRCHNK-MKN LGKYYIAASY
           VKYLESAGAR VVPVRLNLTD QEYEKLFKSI NGILFPGGSV DLRTSGYAKV ARIFYNFALK
           SFDDGDYFPV WGTCLGFEEL TFLVSKKKLL TLTKTENESL PLNFTGATLQ GRMFRNFPAD
           LLLSLSTEPL TANFHKWSLS MKNFTRDTNL KTFFNVITTN TVGKIEFISS MEGYKYPVYG
           VQWHPEKPPY EWGN-DNISH SHNAVKAAFY LAEFFVSEAR KNNHHFESED EERAALIYQF
           HPIYTGNFSS FQQSYIFDX
Pongo      MASPGRLLCV LGLLLCGAAS LELSRPQGDT AKKPIIGILM QKCRNKVMKN YGRYYIAASY
           VKYLESAGAR VVPVRLDLPE KDYEILFKSI NGILFPGGSV DLRRSDYAKV AKIFYNLSIQ
           SFDDGDYFPV WGTCLGFEEL SLLISGECLL TATDTVDVAM PLNFTGGQLH SRMFQNFPTE
           LLLSLAVEPL TANFHKWSLS MKNFTMNEKL KKFFSVLTTN TDGEIEFIST MEGYKYPIYG
           VQWHPEKAPY EWKNLDGISH APNAVKTAFY LAEFFVNEAR KNNHHFKSES EEEKALIYQF
           SPIYTGNISS FQQCYIFDX
Pan        MASPGRLLCV LGLLLCGAAS LELSRPHGDT AKKPIIGILM QKCRNKVMKN YGRYYIAASY
           VKYLESAGAR VVPVRLDLTE KDYEILFKSI NGILFPGGSV DLRRSDYAKV AKIFYNLSIQ
           SFDDGDYFPV WGTCLGFEEL SLLISGECLL TATDTVDVAM PLNFTGGQLH SRMFQNFPTE
           LLLSLAVEPL TANFHKWSLS VKNFTMNEKL KKFFNVLTTN TDGKIEFIST MEGYKYPVYG
           VQWHPEKAPY EWKNLDGISH APNAVKTAFY LAEFFVNEAR KNNHHFKSES EEEKALIYQF
           SPIYTGNISS FQQCYIFDX
Homo       MASPGCLLCV LGLLLCGAAS LELSRPHGDT AKKPIIGILM QKCRNKVMKN YGRYYIAASY
           VKYLESAGAR VVPVRLDLTE KDYEILFKSI NGILFPGGSV DLRRSDYAKV AKIFYNLSIQ
           SFDDGDYFPV WGTCLGFEEL SLLISGECLL TATDTVDVAM PLNFTGGQLH SRMFQNFPTE
           LLLSLAVEPL TANFHKWSLS VKNFTMNEKL KKFFNVLTTN TDGKIEFIST MEGYKYPVYG
           VQWHPEKAPY EWKNLDGISH APNAVKTAFY LAEFFVNEAR KNNHHFKSES EEEKALIYQF
           SPIYTGNISS FQQCYIFDX
Macaca     MASPGRLLCV LGLLLCGAAS LRLSRPHGDT AKKPIIGILM QKCRNKVMKN YGRYYIAASY
           VKYLESAGAR VVPVRLDLTE KDYEILFKSI NGILFPGGSV DLRRSDYAKV AKIFYDLSIQ
           SFHDGDYFPV WGTCLGFEEL SLLISGEFLL TVTNTVDVAM PLNFTGGQLH SRMFQNFPTE
           LLLSLAVEPL TANFHKWSLS MKNFTMNEKL KKFFSVLTTN TDGEIEFISS MEGYKYPIYG
           VQWHPEKAPY EWKNLDGISH APNAVKTAFY LAEFFVNEAR KNNHHFQSES EEEKALIYQF
           SPVYTGNISS FQQCYIFDX
Gorilla    ---------- -------?AS LELSRPQGDT AKKPIIGILM QKCRNKVMKN YGRYYIAASY
           VKYLESAGAR VVPVRLDLTE KDYEILFKSI NGILFPGGSV DLRHSDYAKV AKIFYNLSIQ
           SFDDGDYFPV WGTCLGFEEL SLLISGECLL TATDTVDVAM PLNFTGGQLH SRMFQNFPTE
           LLLSLAVEPL TANFHKWSLS VKNFTMSEKL KKFFNVLTTN TDGKIEFIST MEGYKYPVYG
           VQWHPEKAPY EWKNLDGISH APNAVKTAFY LAEFFVNEAR KNNHHFKSES EEEKALIYQF
           SPIYTGNISS FQQCYIFDX
Nomascus   MASPGRLLCV LGLLLCGVAS LELSRPHGDT AKKPIIGILM QKCRNKVMKN YGRYYIAASY
           VKYLESAGAR VVPVRLDLTE KDYEMLFKSI NGILFPGGSV DLRRSDYAEV AKIFYNLSIQ
           SFDDGDYFPV WGTCLGFEEL SLLISGECLL TVTDTVDVAM PLNFTGGQLH SRMFQNFPTE
           LLLSLAVEPL TANFHKWSLS MKNFTMNEKL KKFFNVLTTN TDGEIEFIST MEGYKYPIYG
           VQWHPEKAPY EWKNLDGISH APNAVKTAFY LAEFFVNEGN MRVHNF---- ----------
           --VILGX--- ---------
Ictidomys  MASLGRLLCV VGLLLCGAAS LGLCKSHTTA AKNPIIGILM QKCH-KEMKN FGRYYIAASY
           VKYLESAGAR VIPIRLDLTH AEYEKLFKSI NGILFPGGSV DLKRSDYAQV AKIFYDLAIQ
           SYDDGDYFPV WGTCLGFEEL TYLVSGECLL THTETVAVTL PLNFTGATLQ SRMFQNFPAD
           LLLSLATEPL TANFHKWSLS IKNFTLNEKL SKFFSVLTTN RDDKIEFISS MEGYKYPVYG
           VQWHPEKAPY EWEKLQGISH EPNAVKTAFY LAEFFVSEAR KNDHHFESQS EEEKALIYQF
           RPIYTGNFSS FQQCYMFD-
Monodelphi MGSSWQRLCA LGVLLCFVRG ---DVPREDI NERPIIGILA QS-HKEDLQG LGKYYIAASY
           VKYLESAGAR VVPIRTTLSD EEYDNLFNSI NGILFPGGGV DLQTSKYSYV ARLFYDKAKQ
           AFKRGDYFAI WGTCLGFEEL TVLTSGKQLL TPTNTSGIAL PLNFTKAINE SRMFQNFPKD
           LLVALATEPI TSNFHKWSLS LKTFMENKKL SEFYTVLSTN TYKGIEFIST MEAKEYPIYG
           VQWHPEKNAF EWKKLKGLVH SPVGIRMSFY MADFFVNEAR KSHHRFASKE EEEKALIYNY
           EPVFTGNYSS FQQCYFFDX
Sarcophilu MGSPWLRICA LGVLLCCAVG ---ELPGEGI NERPIIGILA QANHMKNLKH HGKYYIAASY
           IKYLESAGAR IVPIRLTQSD EEYDNLFHSI NGILFPGGAV NLQTSKYSHV AQLFYEKALK
           ANKEGDYFPI WGTCLGFEEL TVLTSGELLL TLTNTSGIAL PLNFTKAVAD SRLFQNISKD
           LLEALATEPL TSNFHKWSLS LKNFTMNKKL NEFYKVLSTN TYDGIEFIST MEAYNYPIYA
           VQWHPEKSAF EWKNLTGIVH SPPAIRSSFH MAYFFVNEAR KSHHHFASEA EEAKALIYNY
           TPVFTGNTSL FQQCYFFDX
Macropus   ---------- ---------- ---------- -------ILA QANHMKSFQN YGKYYIAASY
           VKYLESAGAR VVPV?????? ?????????? ??ILFPGGGV NF-RSDYSYV ARLFYNKALQ
           ANKKGDYFPI WGTCLGFEEL TVLTSGKLLL TVTDTKGIAL PLNFTEAL-- SRMFQNIPKD
           VLEALATEPI TSNFHTWSLS LKNFTTNKKL SEFYKVLSTN TYKDIEFIST VEANDYPIYG
           VQWHPEKSIF EWKNLTGLVH SPMAIKSSFY MAYFFVNEAR KSHHHFASEE EAAEELIYNY
           TPVFTGNKTL FEQCYFFDX
Choloepus  ---------- -----CGAAS LQL-----PP SDRPVIGVLM QKCYSKGLQN LGKYYIAASY
           VKYLESAGAR VVPI?????? ?????????? ??ILFPGGGV DLRNSDYARV AKTFYNLAIQ
           ?????????? ?????????? ?????????? ?????????? ???????AKH SRMFQNFPGD
           LLQALAVEPL TSNFHKWSLS MTNFTANEKL RKFFNVLTTN TVNNVKFIST MEGYEYPIYG
           VQWHPEKAPY EWKKKKGIPH SPNAVKTAFY LAEFFVSEAR KNNHCFDSQE EEQKALIYQF
           HPTYTGNISS FQQCYMFDX
Procavia   MANAGGLLCM LTLLLGEAAS LALFTPSRDT TEKPIIGVLM QKCRGK-MKN LGKYYIAASY
           IKYLESAGAR VVPV?????? ?????????? ?????????? ?????????? ??????????
           ?????????? ?????????? ?????????? ?????????? ???????TLQ GRMFQNFPAD
           LLLALSAEPL TANFHKWSLS TKNFTANEKL KTFFNVLTTN TFGNTEFVST MEGYKYPVYG
           VQWHPEKSPY EWDL--NISH SPHAVKAAFY LAEFFVSE-- ---------- ----------
           ---------- ---------
