   40   626
Dasypus    MSQESDNSKR VVALVPMPSD PPFNTRRAYT SEDEAWKSYL ENPLTAATKA MMSINGDEDS
           AAALGLLYDY YKVPRDKRLL SVSKASDSQE DQDKRNCLGA SEAPSNLSGG ENRVQVLKTV
           PVNLSLNQDH LENSKREQYS TNVPESPAVV PVSGITVVKA EEFTPVFMAP PVHYARGDSE
           EHRVVIFEQT QYDVPSMAAH STYLKDDQRS TPDSTYSENF KDGATEKFRS ASVGAEEYMY
           DQTSSGTFQY TLEATKSLRQ KQGEGPMTYL NKGQFYAITL SETGDNKCFR HPISKVRSVV
           MVVFSEDKNR DEQLKYWKYW HSRQHTAKQR VLDIADYKES FNTIGNIEEI AYNAVSFTWD
           VNEEAKIFIT VNCLSTDFSS QKGVKGLPLM IQIDTYSYNN RSNKPIHRAY CQIKVFCDKG
           AERKIRDEER KQNRKKGKGQ ATQTQCNNSS DGKLAAIPLQ KKSDITYFKT MPDLHSQPVL
           FIPDVHFANL QRTGQVYYNT DDEREG-SVL VKRMFRPMEE EFGPAPSKQM KEEGMKRVLL
           YVRKETDDVF DALMLKSPTV KGLMEAISEK YGLPVEKIAK LYKKSKKGIL VNMDDNIIEH
           YSNEDTFILN MESMMEGFKI TLMEIX
Echinops   MSQESDNNKR PVALVPMPND PSFNTRRAYT SEDEAWKSYL ENPLTAATKA MMSINGDEDS
           AAALGLLYDY YKVPRDKRML SVSKTSDNQE DQDKRNCLGS GEAQSNVSGG ENRVQVLKTV
           PMNLSLNQDH LENSKREQYS TSIPEGPVVV SVSGVTVVKA EEFTPVFMAP PGHYPRGDGE
           EHRVVVYEQS QFDVPPIATH STYLKEDQRS TPDSTYSESF KDGPTEKFRS ASVGAEEYMY
           DQTS?GTFQY TLEATKSLRQ KQGEGPMTYL NKGQFYAVTL SETGDNKCFR HPISKVRSVV
           MVVFSEDKNR DEQLKYWKYW HSRQHTAKQR VLDIADYKES FNTIGNIEEI AYNAVSFTWD
           VNEEAKIFIT VNCLSTDFSS QKGVKGLPLM IQIDTYSYNN RSNKPIHRAY CQIKVFCDK?
           ?????????? ?????????? ?????????S DGKLAAIPLQ KKSDITFFKT MPDLHSQPVL
           FIPDVHFANL QRTGQ????? ??????SSVL VKRMFRPMEE EFGPAPSKQM KEEGIKRVLL
           YVRKETDDVF DALMLKSPTV KGLMEAISEK YGLPVEKITK LYKKSKKGIL VNMDDNIIEH
           YSNEDTFILN MESMVEGFKI TLMEIX
Pongo      MSQESDNNKR LVALVPMPSD PPFNTRRAYT SEDEAWKSYL ENPLTAATKA MMSINGDEDS
           AAALGLLYDY YKVPRDKRLL SVSKASDSQE DQEK------ ---------- ----------
           ---------- ---------- ---------- ---------- ---------- ----------
           ---------- ---------- ---------- ---------- ------KFRS ASVGAEEYMY
           DQTSSGTFQY TLEATKSLRQ KQGEGPMTYL NKGQFYAITL SETGDNKCFR HPISKVRSVV
           MVVFSEDKNR DEQLKYWKYW HSRQHTAKQR VLDIADYKES FNTIGNIEEI AYNAVSFTWD
           VNEEAKIFIT VNCLSTDFSS QKGVKGLPLM IQIDTYSYNN RSNKPIHRAY CQIKVFCDKG
           AERKIRDEER KQNRKKGKGQ ASQTQCNSSS DGKLAAIPLQ KKSDITYFKT MPDLHSQPVL
           FIPDVHFANL QRTGQVYYNT DDEREGGSVL VKRMFRPMEE EFGPVPSKQM KEEGTKRVLL
           YVRKETDDVF DALMLKSPTV KGLMEAISEK YGLPVEKIAK LYKKSKKGIL VNMDDNIIEH
           YSNEDTFILN MESMVEGFKV TLMEIX
Ictidomys  MSQESDNNKR LVALVPMPSD PPFNTRRAYT SEDEAWKSYL ENPLTAATKA MMSINGDEDS
           AAALGLLYDY YKVPRDKRLL SVNKASDNQE DQDKRNCLGA SEAQSNLSGG ENRVQVLKTV
           PVNLSLNQEH LENSKREQYS VNLTESPAII PVSGITVVKA EDFTPVFMTQ PGHYTRGDGE
           EQRVVIFEQT QYDLPSIASH STYLKDDQRS TPDSTYSEGF KEGTAEKFRS ASVGAEEYMY
           DQTSSGTFQY TLEATKSLRQ KQGEGPMTYL NKGQFYAITL SETGDNKCFR HPISKVRSVV
           MVVFSEDKNR DEQLKYWKYW HSRQHTAKQR VLDIADYKES FNTIGNIEEI AYNAVSFTWD
           VNEEAKIFIT VNCLSTDFSS QKGVKGLPLM IQIDTYSYNN RSNKPIHRAY CQIKVFCDKG
           AERKIRDEER KQNRKKGKGQ APQTQCNNSS DGKLAAIPLQ KKSDITYFKT MPDLHSQPVL
           FIPDVHFANL QRTGQVYYNT DDEREG-SVL VKRMFRPMEE EFGPAPSKQM KEEGIKRVLL
           YVRKETDDVF DALMLKSPTV KGLMDAISEK YGLPVEKIAK LYKKSKKGIL VNMDDNIIEH
           YSNEDTFILN MESMVEGFKI TLMEIX
Loxodonta  HSVRSTNNKR LVALVPMPSD PPFNTRRAYT SEDEAWKSYL ENPLTAATKA MMSINGDEDS
           AAALGLLYDY YKVPRDKRLL PISKASDNQE DQDKRNCLGT SEAQSNLSGG ENRVQVLKTV
           PVNLSLNQDH LENPKREQYS TNVPESPAVI PVSGVTVVKA EEFTPVFMVP PVHYSRGDGE
           EHRVVIYEQS QYDVPSMATH STYLKDDQRS TPDSTYSESF KDGPTEKFRS ASVGAEEYIY
           DQTSSGTFQY TLEATKSLRQ KQGEGPMTYL NKGQFYAITL SETGDNKCFR HPISKVRSVV
           MVVFSEDKNR DEQLKYWKYW HSRQHTAKQR VLDIADYKES FNTIGNIEEI AYNAVSFTWD
           VNEEAKIFIT VNCLSTDFSS QKGVKGLPLM IQIDTYSYNN RSNKPIHRAY CQIKVFCDKG
           AERKIRDEER KQNRKKGKGQ APQPQCNNSS DGKLAAIPLQ KKSDITYFKT MPDLHSQPVL
           FIPDVHFANL QRTGQVYYNT DDEREGSSVF VKRMFRPMEE EFGPAPSKQM KEEGMKRVLL
           YVRKETDDVF DALMLKSPTV KGLMEAISEK YGLPVEKIAK LYKKSKKGIL VNMDDNIIEH
           YSNEDTFILN MESVVEGFKI TLMEIX
Canis      KLDESFCNKR LVALVPMPSD PPFNTRRAYT SEDEAWKSYL ENPLTAATKA MMSINGDEDS
           AAALGLLYDY YKVPRDKRLL SVSKASDSQE EQDKRNCLGT SEAQGNLSGG ENRVQVLKTV
           PVNLSLNQDH LENSKREQYS TNISESPAII PVSGITVVKA EDFTPVFMAP PVHYPRGDGE
           EQRVVIFEQT QYGVPSMASH STYLKDDQRS TPDSTYSESF KDGNTEKFRS ASVGAEEYLY
           DQTSGGTFQY TLEATKSLRQ KQGEGPMTYL NKGQFYAITL SETGDNKCFR HPISKVRSVV
           MVVFSEDKNR DEQLKYWKYW HSRQHTAKQR VLDIADYKES FNTIGNIEEI AYNAVSFTWD
           VNEEAKIFIT VNCLSTDFSS QKGVKGLPLM IQIDTYSYNN RSNKPIHRAY CQIKVFCDKG
           AERKIRDEER KQNRKKGKGQ ASQTQCNSSS DGKLAAIPLQ KKSDITYFKT MPDLHSQPVL
           FIPDVHFANL QRTGQMYYNT DDEREGSSVL VKRMFRPMEE EFGPAPSKQM KEEGMKRVLL
           YVRKETDDVF DALMLKSPTV KGLMEAISEK YGLPVEKITK LYKKSKKGIL VNMDDNIIEH
           YSNEDTFILN MESMVEGFKI TLMEIX
Macaca     -------NKR LVALVPMPSD PPFNTRRAYT SEDEAWKSYL ENPLTAATKA MMSINGDEDS
           AAALGLLYDY YKVPRDKRLL SVSKASDSQE DQEKRS-LAS SESKLHFCGG ENRVQVLKTV
           PVNLSLNQDH LENSKREQYS ISFPESSAII PVSGITVVKA EDFTPVFMAP PVHYPRGDGE
           EQRVVIFEQT QYDVPSLATH SAYLKDDQRS TPDSTYSESF KDAATEKFRS ASAGAEEYMY
           DQTSSGTFQY TLEATKSLRQ KQGEGPMTYL NKGQFYAITL SETGDNKCFR HPISKVRSVV
           MVVFSEDKNR DEQLKYWKYW HSRQHTAKQR VLDIADYKES FNTIGNIEEI AYNAVSFTWD
           VNEEAKIFIT VNCLSTDFSS QKGVKGLPLM IQIDTYSYNN RSNKPIHRAY CQIKVFCDKG
           AERKIRDEER KQNRKKGKGQ ASQTQCNSSS DGKLAAIPLQ KKSDITYFKT MPDLHSQPVL
           FIPDVHFANL QRTGQVYYNA DDEREGGSVL VKRMFRPMEE EFGPVPSKQM KEEGTKRVLL
           YVRKETDDVF DALMLKSPTV KGLMEAISEK YGLPVEKIAK LYKKSKKGIL VNMDDNIIEH
           YSNEDTFILN MESMVEGFKV TLMEIX
Myotis     LDMENQVNKR LVALVPMPTD PPFNTRRAYT SEDEAWKSYL ENPLTAATKA MMSINGDEDS
           AAALGLLYDY YKVPRDKRLL SVSKASDNQE DQDKRNCLGS GEAQSNLSGG ENRVQVLKTV
           PVNLSLNQDH LENSKREQYS ASVPESPAII PVSGITVVKA EDFTPVFMAP PVHYPRGDGE
           EQRVVIFEQT QYGAPAMASH GTYLKDDQRS TPDSTYSESF KDGTSEKFRS ASVGAEEYMY
           DQTSSGTFQY TLEATKSLRQ KQGEGPMTYL NKGQFYAITL SETGDNKCFR HPISKVRSVV
           MVVFSEDKNR DEQLKYWKYW HSRQHTAKQR VLDIADYKES FNTIGNIEEI AYNAVSFTWD
           VNEEAKIFIT VNCLSTDFSS QKGVKGLPLM IQIDTYSYNN RSNKPIHRAY CQIKVFCDKG
           AERKIRDEER KQNRKKGKGQ ASQTQCNNSS DGKLAAIPLQ KKSDITYFKT MPDLHSQPVL
           FIPDVHFANL QRTGQVYYNT DDEREGSSVL VKRMFRPMEE DFGPTPSKQI KEEGMKRVLL
           YVRKETDDVF DALMLKSPTV KGLMEAISEK YGLPVEKITK LYKKSKKGIL VNMDDNIIEH
           YSNEDTFILN MESMVEGFKI TLMEIX
Felis      LNKEQSSTKR LVALVPMPSD PPFNTRRAYT SEDEAWKSYL ENPLTAATKA MMSINGDEDS
           AAALGLLYDY YKVPRDKRLL SVSKASDSQE EPDKRNCLGT TEAQNNLTGG ENRVQVLKTV
           PVNLSLNQDH LENSKREQYS TNISESPAII PVSGITVVKA EDFTPVFMAP PVHCPRGDGE
           EQRVLIFEQT QYGVPSMASH STYLKDDQRS TPDSTYSESF KDGTAEKFRS ASVGAEEYMY
           DQASSGTFQY TLEATKSLRQ KQGEGPMTYL NKGQFYAITL SETGDNKCFR HPISKVRSVV
           MVVFSEDKNR DEQLKYWKYW HSRQHTAKQR VLDIADYKES FNTIGNIEEI AYNAVSFTWD
           VNEEAKIFIT VNCLSTDFSS QKGVKGLPLM IQIDTYSYNN RSNKPIHRAY CQIKVFCDKG
           AERKIRDEER KQNRKKGKGQ PSQTQCNNSS DGKLAAIPLQ KKSDITYFKT MPDLHSQPVL
           FIPDVHFANL QRTGQVYYNT DDEREGSSVL VKRMFRPMEE EFGPAPSKQM KEEGMKRVLL
           YVRKETDDVF DALMLKSPTV KGLMEAISEK YGLPVEKIAK LYKKSKKGIL VNMDDNIIEH
           YSNEDTFILN MESMVEGFKI TLMEIX
Callithrix LSLKRTNNKR LVALVPMPSD PPFNTRRAYT SEDEAWKSYL ENPLTAATKA MMSINGDEDS
           AAALGLLYDY YKVPRDKRLL SVSKASDSQE DPEKRNCLGT SEAQSNLSGG ENRVQVLKTV
           PVNLSLNQDH LENSKREQYS ISVPESSAII PVSGITVVKA EDFTPVFMTP PMHYPRGDGE
           EQRVVIFEQT QYDLPSLAAH SAYLKDDQRS TPDSTYSESF KDAATEKFRS ASVGAEEYMY
           DQTSSGTFQY TLEATKSLRQ KQGEGPMTYL NKGQFYAITL SETGDNKCFR HPISKVRSVV
           MVVFSEDKNR DEQLKYWKYW HSRQHTAKQR VLDIADYKES FNTIGNIEEI AYNAVSFTWD
           VNEEAKIFIT VNCLSTDFSS QKGVKGLPLM IQIDTYSYNN RSNKPIHRAY CQIKVFCDKG
           AERKIRDEER KQNRKKGKGQ TSQTQCNSSS DGKLAAIPLQ KKSDITYFKT MPDLHSQPVL
           FIPDVHFANL QRTGQVYYNT DDEREGSSVL VKRMFRPMEE EFGPVPSKQM KEEGTKRVLL
           YVRKETDDVF DALMLKSPTV KGLMEAISEK YGLPVEKIAK LYKKSKKGIL VNMDDNIIEH
           YSNEDTFILN MESMVEGFKV TLMEIX
Macropus   ------SNKR LVALVPMPND TPFHTRRAYT SEDEAWKSYL ENPLTAATKA MMSINGDEDS
           AAALGLLYDY YK???????? ?????????? ?????NCLGT SEAQSNLSGG ENRVQVLKTV
           PVNLSLNQDH LETLKREQYS ANVSEGSAGC -VAGVVVVKA EEFTPVFMAP SVQYPRGESE
           ENRGVIFEQN QYEVPSMAPH ANYLKDDQRS TPDSTYSETF KDGATE???? ??????????
           ?????STFQY TLEATKSLRQ KQGEGPMTYL NKGQFYAITL SETGDNKCFR HPISKVR???
           ?????????? ?????????? ?????????? ?????????? ?????????? ??????????
           ??????IFIT VNCLSTDFSS QKGVKGLPLM IQIDTYSYNN RSNKPIHRAY CQIKVFCDKG
           AERKIRDEER KQNRKKGKGQ AAQTQCNNST DGKLTAIPLQ KKSDITYFKT MTDLDSQPVL
           FIPDVHFGNL QRTGQAYYNT DDEREGSSVL VKRMFRPMEE EFGPPPSKQM KEEGMKRVLL
           YVRKETDDVF DALMLKSPTV KGLMEAISEK YGLPVEKISK LYKKSKKGIL VNMDDNIIEH
           YSNEDTFILN MESMVDGFKI TLMEIX
Sorex      -------NKR PVALVPMPGD PPFNTRRAYT SEDEAWKSYL ENPLTAATKA MMSINGDEDS
           AAALGLLYDY YKVPRDKRLL SVTKASDSQE DPEKRNCLGP GEAQSNLSGG ENRVQVLKTV
           PVNLSLNPDH LENSKREQYS ASVPESPAGV AVSGIAVVKA EEFTPVFMAP PVHYPRGDGD
           EQR-VIFEQT QYGV?????? ?????????? ?????????? ??????KFRS ASVGAEEYMY
           DQTSSDTFQY TLEATKSLRQ KQGEGPMTYL NKGQFYAITL SETGDNKCFR HPISKVR???
           ?????????? ?????????? ?????????? ?????DYKES FNTIGNIEEI AYNAVSFTWD
           VNEEAKIFIT VNCLSTDFSS QKGVKGLPLM IQIDTYSYNN RSNKPIHRAY CQIKVFCDKG
           AERKIRDEER KQNRKKGKGQ ASQTQCNNSA DGKLAAIPLQ KKSDITYFKT MPDLHSQPVL
           FIPDVHFANL QRTGQVYYNT DDEREGSSVL VKRMFRPMEE EFGPAPAKQM KEEGMKR???
           ?????????? ?????????? ??????ISEK YGLPVEKIAK LYKKSKKGIL VNMDDNIIEH
           YSNEDTFILS MESVLEGFKI TLMEIX
Choloepus  ------SNKR LVALVPMPGD PPFNTRRAYT SEDEAWKSYL ENPLTAATKA MMSINGDEDS
           AAALGLLYDY YKVPRDKRLL SVSKASDNQE DQDKRNCLGA SETQSNLSG- ENRVQVLKTV
           PVNLSLNQDH LVNPKREQYS TSVPESPAVV PVSGITVVKA EEFTPVFMAP PVHYARGDGE
           ENRVVVFEQT QYDVPAMAAH STYLKDDQRS TPDSTYSENF KDGTTE---- ---???????
           ?????????? ?LEATKSLRQ KQGEGPMTYL NKGQFYAITL SETGDNKCFR HPISKVRSVV
           MVVF-EDK?? ?????????? ?????????? ?????DYKES FNTIGNIEEI AYNAVSFTWD
           VNEEAKIFIT VNCLSTDFSS QKGVKGLPLM IQIDTYSYNN RSNKPIHRAY CQIKVFCDKG
           AERKIRDEER KQNRKKGKGQ ASQTQCNNSS DGKLAAIPLQ KKSDITYFKT MPDLHSQPVL
           FIPDVHFANL QRTGQVYYNT DDERE????? ?????????? ?????????? ??????????
           ?????????? ?????????? ??????ISEK YGLPVEKIAK LYKKSKK--- ----------
           ---------- ---------- ------
Nomascus   MSQESDNNKR LVALVPMPSD PPFNTRRAYT SEDEAWKSYL ENPLTAATKA MMSINGDEDS
           AAALGLLYDY YKVPRDKRLL SVSKASDSQE DQEKRNCLGT SEAQSNLSGG ENRVQVLKTV
           PVNLSLNQDH LENSKREQYS ISFPESSAII PVSGITVVKA EDFTPVFMAP PVHYPRGDGE
           EQRVVIFEQT QYDVPSLATH SAYLKDDQRS TPDSTYSENF KDAATEKFRS ASVGAEEYMY
           DQTSSGTFQY TLEATKSLRQ KQGEGPMTYL NKGQFYAITL SETGDNKCFR HPISKVRSVV
           MVVFSEDKNR DEQLKYWKYW HSRQHTAKQR VLDIADYKES FNTIGNIEEI AYNAVSFTWD
           VNEEAKIFIT VNCLSTDFSS QKGVKGLPLM IQIDTYSYNN RSNKPIHRAY CQIKVFCDKG
           AERKIRDEER KQNRKKGKGQ ASQTQCNSSS DGKLAAIPLQ KKSDITYFKT MPDLHSQPVL
           FIPDVHFANL QRTGQVYYNT DDEREGGSVL VKRMFRPMEE EFGPVPSKQM KEEGTKRVLL
           YVRKETDDVF DALMLKSPTV KGLMEAISEK YGLPVEKIAK LYKKSKKGIL VNMDDNIIEH
           YSNEDTFILN MESMVEGFKV TLMEIX
Ornithorhy LSGEDKCNKR LVALVPMPND TPFNTRRAYT SEDEAWKSYL ENPLTAATKA MMSINGDEDS
           AAALGLLYDY YKVPPDAKLL SVSKVNDSQE DQDKRNCLGT SEVQSNLSGG ENRVQVLKTV
           PVNLSLNQDH LETSKREQYG TSVSESPAPM PVAGVAVVKA EEFTPVFMAP PVHYPRGEEE
           HGRGVIFEQT QYEVPSMAPH ANYLKDDQRS TPDSTYGENF KDGVSEKYRS ASVGAEEYIY
           EQTASSTFQY TLEATKSLRQ KQGEGPMTYL NKGQFYAITL SETGDNKCFR HPISKVRSVV
           MVVFSEDKNR DEQLKYWKYW HSRQHTAKQR VLDIADYKES FNTIGNIEEI AYNAVSFTWD
           VNEEAKIFIT VNCLSTDFSS QKGVKGLPLM IQIDTYSYNN RSNKPIHRAY CQIKVFCDKG
           AERKIRDEER KQNRKKGKGQ ASQTQGNNAA DGKLSAIPLQ KKSDITFFKT MTDLDSQPVL
           FIPDVHFGNL QRTGQVYYNT DDEREGSSVL VKRMFRPVEE EFGPTPSKQM KEEGMKR---
           ---------- ---------- ---------- ---------- ---------- ----------
           ---------- ---------- ------
Vicugna    ------SNKR LVALVPMPSD PPFNTRRAYT SEDEAWKSYL ENPLTAATKA MMSINGDEDS
           AAALGLLYDY YKVPRDKRLL SVSKASDSQE -QDKRNCLGT SEAQSNLSGG ENRVQVLKTV
           PVNLSLNQDH LENSKREQYS TNVPESPAII PVSGITVVKA EDFTPVFMAP PVHYARGDGE
           EQRVVIFEQA QYGVPSMAGH GTYLKDDQRS TPDSTYSESF KDGTTE???? ??????????
           ?????GTFQY TLEATKSLRQ KQGEGPMTYL NRGQ?????? ?????????? ??????????
           ?????EDKNR DEQLKYWKYW HSRQHTAKQR VLDIADYKES FNTIGNIEEI AYNAVSFTWD
           VNEEAKIFIT VNCLSTDFSS QKGVKGLPLM IQIDTYSYNN RSNKPIHRAY CQIKVFCDKG
           AERKIRDEER KQNRKKGKGQ ASQTQCNNSS DGKLAAIPLQ KKSDITYFKT MPDLHSQPVL
           FIPDVHFANL QRTGQVYYNT DDEREGSSVL VKRMFRPMEE EFGPAPSKQM KEEGMKRVLL
           YVRKETDDVF DALMLKSPTV KGLMEA???? ?????????? ????????IL VNMDDNIIEH
           YSNEDTFILN MESMVEGFKI TLMEIX
Monodelphi MSQESDNNKR LVALVPMPND TPFHTRRAYT SEDEAWKSYL ENPLTAATKA MMSINGDEDS
           AAALGLLYDY YKVPRDKRLL TVCKASDSQE DQDKRNCLGT NEAQSNLSGG ENRVQVLKTV
           PVNLSLNQDH LETLKREQYS ANVSEGSAGC -VAGVVVVKA EEFTPVFMAP SVHYPRGESE
           ESRGVIFEQN QYEVPSMAPH ANYLKDDQRS TPDSTYSETF KDGATEKYRS ASVGAEEYIY
           EQTASSTFQY TLEATKSLRQ KQGEGPMTYL NKGQFYAITL SETGDNKCFR HPISKVRSVV
           MVVFSEDKNR DEQLKYWKYW HSRQHTAKQR VLDIADYKES FNTIGNIEEI AYNAVSFTWD
           VNEEAKIFIT VNCLSTDFSS QKGVKGLPLM IQIDTYSYNN RSNKPIHRAY CQIKVFCDKG
           AERKIRDEER KQNRKKGKGQ AAQTQCNNST DGKLTAIPLQ KKSDITYFKT MTDLDSQPVL
           FIPDVHFGNL QRTGQAYYNT DDEREGSSVL VKRMFRPMEE EFGPPPSKQM KEEGMKRVLL
           YVRKETDDVF DALMLKSPTV KGLMEAISEK YGLPVEKIAK LYKKSKKGIL VNMDDNIIEH
           YSNEDTFILN MESMVDGFKI TLMEIX
Sarcophilu MSQESDNNKR LVALVPMPND TPFHTRRAYT SEDEAWKSYL ENPLTAATKA MMSINGDEDS
           AAALGLLYDY YKVPRDKRLL TVCKTTDNQE DQDKRNCLGT SEAQNNLSGG ENRVQVLKTV
           PVNLSLNQDH LETLKREQYS ANVSEGSAGC -VAGVVVVKA EEFTPVFMAP SVHYPRGESE
           EPRGVIFEQN QYEVPNMAPH ANYLKDDQRS TPDSTYSETF KDGAPEKYRS ASVGAEEYIY
           EQTASSTFQY TLEATKSLRQ KQGEGPMTYL NKGQFYAITL SETGDNKCFR HPISKVRSVV
           MVVFSEDKNR DEQLKYWKYW HSRQHTAKQR VLDIADYKES FNTIGNIEEI AYNAVSFTWD
           VNEEAKIFIT VNCLSTDFSS QKGVKGLPLM IQIDTYSYNN RSNKPIHRAY CQIKVFCDKG
           AERKIRDEER KQNRKKGKGQ AAQTQCNNST DGKLTAIPLQ KKSDITYFKT MTDLDSQPVL
           FIPDVHFGNL QRTGQAYYNT DDEREGSSVL VKRMFRPMEE EFGPPPSKQM KEEGMKRVLL
           YVRKETDDVF DALMLKSPTV KGLMEAISEK YGLPVEKITK LYKKSKKGIL VNMDDNIIEH
           YSNEDTFILN MESMVDGFKI TLMEIX
Equus      MSQESDNNKR LVALVPMPSD PPFNTRRAYT SEDEAWKSYL ENPLTAATKA MMSINGDEDS
           AAALGLLYDY YKVPRDKRLL SVSKASDSQE DQDKRNCLGT SEAQSNLSGG ENRVQVLKTV
           PVNLSLNQDH LENSKREQYS TNVPESPAVV PVSGITVVKA EDFTPVFMAP PVHYPRGDGE
           EQRVVIFEQT QYGVPSMVGH STYLKDDQRS TPDSTYSESF KDGTTEKFRS ASVGAEEYMY
           DQTASGTFQY TLEATKSLRQ KQGEGPMTYL NKGQFYAITL SETGDNKCFR HPISKVRSVV
           MVVFSEDKNR DEQLKYWKYW HSRQHTAKQR VLDIADYKES FNTIGNIEEI AYNAVSFTWD
           VNEEAKIFIT VNCLSTDFSS QKGVKGLPLM IQIDTYSYNN RSNKPIHRAY CQIKVFCDKG
           AERKIRDEER KQNRKKGKGQ ASQTQCNNSS DGKLAAIPLQ KKSDITYFKT MPDLHSQPVL
           FIPDVHFANL QRTGQVYYNT DDEREGSSVL VKRMFRPMEE EFGPAPSKQM KEEGMKRVLL
           YVRKETDDVF DALMLKSPTV KGLMEAISEK YGLPVEKIAK LYKKSKKGIL VNMDDNIIEH
           YSNEDTFILN MESMVEGFKI TLMEIX
Rattus     MSQESDNNKR LVALVPMPSD PPFNTRRAYT SEDEAWKSYL ENPLTAATKA MMSINGDEDS
           AAALGLLYDY YKVPRDKRLL SVSKASDSQE DEEKRNCLGT SEAQINLSGG ENRVQVLKTV
           PVNLCLSQDH MENSKREQYS VSITESPAVI PVSGITVVKA EDFTPVFMAP PVHYPRADGE
           EQRVVIFEQT QYDLPSIASH SSYLKDDQRS TPDSTYSESF KDGAPEKFRS TSVGADEYTY
           DQTGSGTFQY TLEATKSLRQ KQGEGPMTYL NKGQFYAITL SETGDNKCFR HPISKVRSVV
           MVVFSEDKNR DEQLKYWKYW HSRQHTAKQR VLDIADYKES FNTIGNIEEI AYNAVSFTWD
           VNEEAKIFIT VNCLSTDFSS QKGVKGLPLM IQIDTYSYNN RSNKPIHRAY CQIKVFCDKG
           AERKIRDEER KQNRKKGKGQ ASQTQCSNSS DGKMAAIPLQ KKSDITYFKT MPDLHSQPVL
           FIPDVHFANL QRTGQVYYNT DDEREGSSVL VKRMFRPMEE EFGPTPSKQI KEENVKRVLL
           YVRKENDDVF DALMLKSPTV KGLMEALSEK YGLPVEKITK LYKKSKKGIL VNMDDNIIEH
           YSNEDTFILN MESMVEGFKI TLMEIX
Ochotona   MSQESDNNKR LVALVPMPGD PAFNTRRAYT SEDEAWKSYL ENPLTAATKA MMSINGDEDS
           AAALGLLYDY YK???????? ?????????? ?????????? ?????????? ??????????
           ?????????? ?????????? ?????????? ?????????? ?????????? ??????????
           ?????????? ?????????? ?????????? ?????????? ??????KFRS ASVGAEEYMY
           DQTSSGTFQY TLEATKSLRQ KQGEGPMTYL NKGQFYAITL SETGDNKCFR HPISKVRSVV
           MVVFSEDKNR DEQLKYWKY? ?????????? ?????DYKES FNTIGNIEEI AYNAVSFTWD
           VNEEAKIFIT VNCLSTDFSS QKGVKGLPLM IQIDTYSYNN RSNKPIHRAY CQIKVFCDKG
           AERKIRDEER KQNRKKGKGQ ASQTQCNSSS DGKLAAIPLQ KKSDITYFKT MPDLHSQPVL
           FIPDVHFSNL QRTGQVYYNT DDEREGSSVL VKRMFRPMED EFGPTPSKQI KEEGVKR???
           ?????????? ?????????? ?????????? ?????????? ????????IL VNMDDNIIEH
           YSNEDTFILN MESMVEGFKV TLMEIX
Gorilla    MSQESDNNKR LVALVPMPSD PPFNTRRAYT SEDEAWKSYL ENPLTAATKA MMSINGDEDS
           AAALGLLYDY YKVPRDKRLL SVSKASDSQE DQEKRNCLGT SEAQSNLSGG ENRVQVLKTV
           PVNLSLNQDH LENSKREQYS ISFPESSAII PVSGITVVKA EDFTPVFMAP PVHYPRGDGE
           EQRVVIFEQT QYDVPSLATH SAYLKDDQRS TPDSTYSESF KDATTEKFRS ASVGAEEYMY
           DQTSSGTFQY TLEATKSLRQ KQGEGPMTYL NKGQFYAITL SETGDNKCFR HPISKVRSVV
           MVVFSEDKNR DEQLKYWKYW HSRQHTAKQR VLDIADYKES FNTIGNIEEI AYNAVSFTWD
           VNEEAKIFIT VNCLSTDFSS QKGVKGLPLM IQIDTYSYNN RSNKPIHRAY CQIKVFCDKG
           AERKIRDEER KQNRKKGKGQ ASQTQCNSSS DGKLAAIPLQ KKSDITYFKT MPDLHSQPVL
           FIPDVHFANL QRTGQVYYNT DDEREGGSVL VKRMFRPMEE EFGPVPSKQM KEEGTKRVLL
           YVRKETDDVF DALMLKSPTV KGLMEAISEK YGLPVEKIAK LYKKSKKGIL VNMDDNIIEH
           YSNEDTFILN MESMVEGFKV TLMEIX
Procavia   ------SNKR LVALVPMPSD PPFNTRRAYT SEDEAWKSYL ENPLTAATKA MMSINGDEDS
           AAALGLLYDY YK???????? ?????????? ?????????? ?????????? ??????????
           ?????????? ?????????? ?????????? ?????????? ?????????? ??????????
           ?????????? ?????????? ?????????? ?????????? ?????????? ??????????
           ?????GTFQY TLEATKSLRQ KQGEGPMTYL NKGQFYAITL SETGDNKCFR HPISKVRSVV
           MVVFSEDKNR DEQLKYWKYW HSRQHTAKQR VLDIADYKES FNTIGNIEEI AYNAVSFTWD
           VNEEAKIFIT VNCLSTDFSS QKGVKGLPLM IQIDTYSYNN RSNKPIHRAY CQIKVFCDK-
           AERKIRD-ER KQNRKKGKGQ APQTQCNNSS DAKLAAIPLQ KKSDITYFKT MPDLHSQPVL
           FIPDVHFANL QRTGQVYYNT DDEREGSSVL VKRMFRPMEE EFGPAPSKQM KEEGMKRVLL
           YVRKETDDVF DALMLKSPTV KGLMEAISEK YGLPVEKIAK LYKKSKKGIL VNMDDNIIEH
           YSNEDTFILN MESMVEGFKI TLMEIX
Dipodomys  ------SNKR LVALVPMPTD PPFNARRAYT SEDEAWKSYL ENPLTAATKA MMSINGDEDS
           AAALGLLYDY YK???????? ?????????? ?????????? ?????????? ??????????
           ?????????? ?????????? ?????????? ?????????? ?????????? ??????????
           ?????????? ?????????? ?????????? ?????????? ??????KFRS ASVGAEEYMY
           EQTSSGTFQY TLEATKSLRQ KQGEGPMTYL NKGQFYAITL SETGDNKCFR HPISKVRSVV
           MVVFSEDKNR DEQLKYWKYW HSRQHTAKQR VLDIADYKES FNTIGNIEEI AYNAVSFTWD
           VNEEAK???? ?????????? ?????????? ?????????? ?????????? ?????????G
           AEGK-RDEER KQNRKKGKGQ ASQTQCSNSA DGKLAAIPLQ KKSDITYFKT MPDLHSQPVL
           FIPDVHFANL QRTGQVYYNT DDEREGNSVL VKRMFRPMEE EFGPAPAKQI KEEGIKRVLL
           YVRKETDDVF DALMLKSPTV KGLMEAISEK YGLPVEKIAK LYKKSKKGIL VNMDDNIIEH
           YSNEDTFILN MESMVEGFKI TLMEIX
Otolemur   MFEEDCSNKR LVALVPMPSD PPFNTRRAYT SEDEAWKSYL ENPLTAATKA MMSINGDEDS
           AAALGLLYDY YKVPRDKRLL SMSKASDSQE DQDKRNCLGT SEAQSNMSGG ENRVQVLKTV
           PVNLSLNQDH LENCKREQYI TSVPESPAII PVSGITVVKA EDFTPVFMAP PVPYPRGDGE
           EQRVVIFEQT QYDVPSVATH STYLKDDQRS TPDSTYSEGF KDAAAEKFRS ASVGAEEYMY
           DQTSSGTFQY TLEATKSLRQ KQGEGPMTYL NKGQFYAITL SETGDNKCFR HPISKVRSVV
           MVVFSEDKNR EEQLKYWKYW HSRQHTAKQR VLDIADYKES FNTIGNIEEI AYNAVSFTWD
           VNEEAKIFIT VNCLSTDFSS QKGVKGLPLM IQIDTYSYNN RSNKPIHRAY CQIKVFCDKG
           AERKIRDEER KQNRKKGKGQ ASQTQCNNSS DGKLAAIPLQ KKSDITFFKT MPDLHSQPVL
           FIPDVHFANL QRTGQVYYNT DDEREGSSVL VKRMFRPMEE EFGPAPSKQI KEEVMKRVLL
           YVRKETDDVF DALMLKSPTV KGLMEAISEK YGLPVEKITK LYKKSKKGIL VNMDDNIIEH
           YSNEDTFILN MESMVEGFKI TLMEIX
Microcebus -------NKR LVALVPMPSD PPFNTRRAYT SEDEAWKSYL ENPLTAATKA MMSINGDEDS
           AAALGLLYDY YKVPRDKRLL SVSKASDSQE DQDKRNCLGT GEAQSNLSGG ENRVQVLKTV
           PVNLSLNQDH LENSKREQYG AGVPDSPAII PVSGITVVKA EDFTPVFMAP PMHYPRGEGE
           EQRVVIFEQT QYDVPSMAAH SAFLKDDQRS TPDSTYSEGF KDAAAEKFRS ASVGAEEYMY
           DQTSSGTFQY TLEATKSLRQ KQGEGPMTYL NKGQFYAITL SETGDNKC-R H-ISKVRSVV
           MVVFSEDKNR DEQLKYWKYW HSRQHTAKQR VLDIADYKES FNTIGNIEEI AYNAVSFTWD
           VNEEAKIFIT VNCLSTDFSS QKGVKGLPLM IQIDTYSYNN RSNKPIHRAY CQIKVFCDKG
           AERKIRDEER KQNRKKGKGQ ASQTQCNNSS DGKLAAIPLQ KKSDITYFKT MPDLHSQPVL
           FIPDVHFANL QRTGQVYYNT DDEREGSSVL VKRMFRPMEE EFGPAPSKQM KEEGMKRVLL
           YVRKETDDVF DALMLKSPTV KGLMEVISEK YGLPVEKIAK LYKKSKKGIL VNMDDNIIEH
           YSNEDTFILN MESMVEGFKI TLMEIX
Mus        MSQESDNNKR LVALVPMPSD PPFNTRRAYT SEDEAWKSYL ENPLTAATKA MMSINGDEDS
           AAALGLLYDY YKVPRDKRLL SVSKASDSQE DQDKRNCLGT SEAQINLSGG ENRVQVLKTV
           PVNLCLSQDH MENSKREQYS VSITESSAVI PVSGITVVKA EDFTPVFMAP PVHYPRADSE
           EQRVVIFEQT QYDLPSIASH SSYLKDDQRS TPDSTYSESF KDGASEKFRS TSVGADEYTY
           DQTGSGTFQY TLEATKSLRQ KQGEGPMTYL NKGQFYAITL SETGDNKCFR HPISKVRSVV
           MVVFSEDKNR DEQLKYWKYW HSRQHTAKQR VLDIADYKES FNTIGNIEEI AYNAVSFTWD
           VNEEAKIFIT VNCLSTDFSS QKGVKGLPLM IQIDTYSYNN RSNKPIHRAY CQIKVFCDKG
           AERKIRDEER KQNRKKGKGQ ASQAQCNNSS DGKMAAIPLQ KKSDITYFKT MPDLHSQPVL
           FIPDVHFANL QRTGQVYYNT DDEREGSSVL VKRMFRPMEE EFGPTPSKQI KEENVKRVLL
           YVRKENDDVF DALMLKSPTV KGLMEALSEK YGLPVEKITK LYKKSKKGIL VNMDDNIIEH
           YSNEDTFILN MESMVEGFKI TLMEIX
Tursiops   ------SNKR LVALVPMPSD PPFNTRRAYT SEDEAWKSYL ENPLTAATKA MMSINGDEDS
           AAALGLLYDY YKVPRDKRLL SVSKASDSQE DQDK?????? ?????????? ??????????
           ?????????? ?????????? TNVSESPAVI PMAGITVVKA EDFTPVFTAP PVHYPRGDGE
           EQRVVIFEQT QYGVPSVASH STYLKDDQRS TPDSTYSESF KDGNTEKFRS ASVGAEEYMY
           DQTSSGTFQY TLEATKSLRQ KQGEGPMTYL NKGQFYAITL SETGDNKCFR HPISKVRSVV
           MVVFSEDKNR DEQLKYWKYW HSRQHTAKQR VLDIADYKES FNTIGNIEEI AYNAVSFTWD
           VNEEAKIFIT VNCLSTDFSS QKGVKGLPLM IQIDTYSYNN RSNKPIHRAY CQIKVFCDKG
           AERKIRDEER KQNRKKGKGQ ASQTQCNNSS DGKLAAIPLQ KKSDITYFKT MPDLHSQPVL
           FIPDVHFANL QRTGQ????? ??????SSVL VKRMFRPMEE EFGPAPSKQM KEEGMKRVLL
           YVRKETDDVF DALMLKSPTV RGLMEAISEK YGLPVEKITK LYKKSKKGIL VNMDDNIIEH
           YSNEDTFILN MESTMEGFKI TLMEIX
Tarsius    MAEGGRSNKR LVALVPMPSD PPFNTRRAYT SEDEAWKSYL ENPLTAATKA MMSINGDEDS
           AAALGLLYDY YK???????? ?????????? ?????NCLGT TEAQSNLSGG ENRVQVLKTV
           PVNLSLNQDH LENSKREQYS ASIPESPAII PVSGITVVKS EDFTPVFMAP PGHYPRGDGE
           EQRVVIFEQS QYDVSSIATH SAYLKDDQRS TPDSTYSESF KEAATE???? ??????????
           ?????GTFQY TLEATKSLRQ KQGEGPMTYL NKGQFYAITL SETGDNKCFR HPISKVRSVV
           MVVFSEDKNR DEQLKYWKYW HSRQHTAKQR VLDIADYKES FNTIGNIEEI AYNAVSFTWD
           VNEEAKIFIT VNCLSTDFSS QKGVKGLPLM IQIDTYSYNN RSNKPIHRAY CQIKVFCDKG
           AERKIRDEER KQNRKKGKGQ ASQTQCNNSS DGKMAAIPLQ KKSDITYFKT MPDLHSQPVL
           FIPDVHFANL QRTGQ????? ??????SSVL VKRMFRPMEE EFGPAPSKQM KEEGMKRVLL
           YVRKETDDVF DALMLKSPTV KGLMEAISEK YGLPVEKIAK LYKKSKKGIL VNMDDNIIEH
           YSNEDTFILN MESMVEGFKV TLMEIX
Mustela    MSQESDNNKR LVALVPMPSE PPFNTRRAYT SEDEAWKSYL ENPLTAATKA MMSINGDEDS
           AAALGLLYDY YKVPRDKRLL SVSKASDGQE EQDKRNCLGT NEAQSNLSGG ENRVQVLKTV
           PVNLSLNQDH LENSKREPYS TNISESPAII PVSGITVVKA EDFTPVFMAP PVHYPRGDGE
           EQRVVIFEQT QYGVPSMASH SAYLKDDQRS TPDSTYSESF KDGTTEKFRS ASVGAEEYMY
           DQTSSGTFQY TLEATKSLRQ KQGEGPMTYL NKGQFYAITL SETGDNKCFR HPISKVRSVV
           MVVFSEDKNR DEQLKYWKYW HSRQHTAKQR VLDIADYKES FNTIGNIEEI AYNAVSFTWD
           VNEEAKIFIT VNCLSTDFSS QKGVKGLPLM IQIDTYSYNN RSNKPIHRAY CQIKVFCDKG
           AERKIRDEER KQNRKKGKGQ ASQTQCNNSS DGKLAALPLQ KKSDITYFKT MPDLHSQPVL
           FIPDVHFANL QRTGQVYYNT DDEREG-SVL VKRMFRPMEE EFGPAPSKQL KEEGIKRVLL
           YVRKETDDVF DALMLKSPTV KGLMEAISEK YGLPVEKITK LYKKSKKGIL VNMDDNIIEH
           YSNEDTFILN MESMVEGFKI TLMEIX
Tupaia     MSQESDNNKR LVALVPMPSD PPFNTRRAYT SEDEAWKSYL ENPLTAATKA MMSINGDEDS
           AAALGLLYDY YKVPREKRLL PISKASDSQE DQEKRSCLGP SEAQNNLSGG ENRVQVLKTV
           PVNLSLNQDH LENSKRESYS ASVPESPAVI PVSGITVVKA EDFTPVFMGP SVHYPRGDGE
           EQRVVIFEQT QYDVPSMATH STYLKDDQRS TPDSTYSESF KDGPGE???? ??????????
           ?????GTFQY TLEATKSLRQ KQGEGPMTYL NKGQFYAITL SETGDNKCFR HPISKVRSVV
           MVVFSEDKNR DEQLKYWKYW HSRQHTAKQR VLDIADYKES FNTIGNIEEI AYNAVSFTWD
           VNEEAKIFIT VNCLSTDFSS QKGVKGLPLM VQIDTYSYNN RSNKPIHRAY CQIKVFCDKG
           AERKIRDEER KQNRKKGKGQ ASQTQCNNSS DGKLATIPLQ KKSDITYFKT MPDLHSQPVL
           FIPDVHFANL QRTGQ????? ?????????? ?????????? ?????????? ????????LL
           YVRKETDDVF DALMLKSPTV KGLMEAISEK YGLPVEKIAK LYKKSKKGIL VNMDDNIIEH
           YSNEDTFILN MESMVEGFKI TLMEIX
Ailuropoda INKEQSSNKR LVALVPMPSD PPFNTRRAYT SEDEAWKSYL ENPLTAATKA MMSINGDEDS
           AAALGLLYDY YKVPRDKRLL SVSKASDSQE EQDKRNCLGT SEAQNTLSGG ENRVQVLKTV
           PVNLSLNQDH LENSKREQYS TNISESPAII PVSGITVVKA EDFTPVFMAP PVHYPRGDGE
           EQRVVIFEQT QYGVPSMASH STYLKDDQRS TPDSTYSESF KDGTTEKFRS ASVGAEEYMY
           DQTSSGTFQY TLEATKSLRQ KQGEGPMTYL NKGQFYAITL SETGDNKCFR HPISKVRSVV
           MVVFSEDKNR DEQLKYWKYW HSRQHTAKQR VLDIADYKES FNTIGNIEEI AYNAVSFTWD
           VNEEAKIFIT VNCLSTDFSS QKGVKGLPLM IQIDTYSYNN RSNKPIHRAY CQIKVFCDKG
           AERKIRDEER KQNRKKGKGQ ASQTQCNNSS DGKLAAIPLQ KKSDITYFKT MPDLHSQPVL
           FIPDVHFANL QRTGQVYYNT DDEREGSSVL VKRMFRPMEE EFGPAPSKQM KEEGMKRVLL
           YVRKETDDVF DALMLKSPTV KGLMEAISEK YGLPVEKITK LYKKSKKGIL VNMDDNIIEH
           YSNEDTFILN MESMVEGFKI TLMEIX
Bos        SDQESNSNKR LVALVPMPSE PPFNTRRAYT SEDEAWKSYL ENPLTAATKA MMSINGDEDS
           AAALGLLYDY YKVPRDKRLL SVSKASDSQE DQDKRNCLGT SEAQSNLSGG ENRVQVLKTV
           PVNLSLNQDH LEHSKREQYS TNVPESPAII PVSGITVVKA EDFTPVFMSP PVHYPRGEGE
           EQRVVIFEQT QYGVPSMAGH STYLKDDQRS TPDSTYSESF KDGNTEKFRS ASVGAEEYMY
           DQTSSGTFQY TLEATKSLRQ KQGEGPMTYL NKGQFYAITL SETGDNKCFR HPISKVRSVV
           MVVFSEDKNR DEQLKYWKYW HSRQHTAKQR VLDIADYKES FNTIGNIEEI AYNAVSFTWD
           VNEEAKIFIT VNCLSTDFSS QKGVKGLPLM IQIDTYSYNN RSNKPIHRAY CQIKVFCDKG
           AERKIRDEER KQNRKKGKGQ ASQTQCNNSS DGKLAAIPLQ KKSDVTYFKT MPDLHSQPVL
           FIPDVHFANL QRTGQVYYNT DDEREGSSVL VKRMFRPMEE EFGPAPSKQM KEEGMKRVLL
           YVRKETDDVF DALMLKSPTV KGLMEAISEK YGLPVEKIAK LYKKSKKGIL VNMDDNIIEH
           YSNEDTFILN MESMVEGFKI TLMEIX
Pan        MSQESDNNKR LVALVPMPSD PPFNTRRAYT SEDEAWKSYL ENPLTAATKA MMSINGDEDS
           AAALGLLYDY YKVPRDKRLL SVSKASDSQE DQEKRNCLGT SEAQSNLSGG ENRVQVLKTV
           PVNLSLNQDH LENSKREQYS ISFPESSAII PVSGITVVKA EDFTPVFMAP PVHYPRGDGE
           EQRVVIFEQT QYDVPSLATH SAYLKDDQRS TPDSTYSESF KDAATEKFRS ASVGAEEYMY
           DQTSSGTFQY TLEATKSLRQ KQGEGPMTYL NKGQFYAITL SETGDNKCFR HPISKVRSVV
           MVVFSEDKNR DEQLKYWKYW HSRQHTAKQR VLDIADYKES FNTIGNIEEI AYNAVSFTWD
           VNEEAKIFIT VNCLSTDFSS QKGVKGLPLM IQIDTYSYNN RSNKPIHRAY CQIKVFCDKG
           AERKIRDEER KQNRKKGKGQ ASQTQCNSSS DGKLAAIPLQ KKSDITYFKT MPDLHSQPVL
           FIPDVHFANL QRTGQVYYNT DDEREGGSVL VKRMFRPMEE EFGPVPSKQM KEEGTKRVLL
           YVRKETDDVF DALMLKSPTV KGLMEAISEK YGLPVEKIAK LYKKSKKGIL VNMDDNIIEH
           YSNEDTFILN MESMVEGFKV TLMEIX
Homo       MSQESDNNKR LVALVPMPSD PPFNTRRAYT SEDEAWKSYL ENPLTAATKA MMSINGDEDS
           AAALGLLYDY YKVPRDKRLL SVSKASDSQE DQEKRNCLGT SEAQSNLSGG ENRVQVLKTV
           PVNLSLNQDH LENSKREQYS ISFPESSAII PVSGITVVKA EDFTPVFMAP PVHYPRGDGE
           EQRVVIFEQT QYDVPSLATH SAYLKDDQRS TPDSTYSESF KDAATEKFRS ASVGAEEYMY
           DQTSSGTFQY TLEATKSLRQ KQGEGPMTYL NKGQFYAITL SETGDNKCFR HPISKVRSVV
           MVVFSEDKNR DEQLKYWKYW HSRQHTAKQR VLDIADYKES FNTIGNIEEI AYNAVSFTWD
           VNEEAKIFIT VNCLSTDFSS QKGVKGLPLM IQIDTYSYNN RSNKPIHRAY CQIKVFCDKG
           AERKIRDEER KQNRKKGKGQ ASQTQCNSSS DGKLAAIPLQ KKSDITYFKT MPDLHSQPVL
           FIPDVHFANL QRTGQVYYNT DDEREGGSVL VKRMFRPMEE EFGPVPSKQM KEEGTKRVLL
           YVRKETDDVF DALMLKSPTV KGLMEAISEK YGLPVEKIAK LYKKSKKGIL VNMDDNIIEH
           YSNEDTFILN MESMVEGFKV TLMEIX
Sus        LDTKSQGNKR LVALVPMPSD PPFNTRRAYT SEDEAWKSYL ENPLTAATKA MMSINGDEDS
           AAALGLLYDY YKVPRDKRLL SLSKASDSQE DQDKRNCLGT SDAQSNLSGG ENRVQVLKTV
           PVNLSLNQDH LENSKREQYS TNVPESPAIV PVSGITVVKA EDFTPVFMAP PVHYPRGDGE
           EQRVVIFEQT QYGVPSMASH GSFLKDDQRS TPDSTYSESF KDGAPEKFRS ASVGAEEYMY
           DQTSSGTFQY TLEATKSLRQ KQGEGPMTYL NKGQFYAITL SETGDNKCFR HPISKVRSVV
           MVVFSEDKNR DEQLKYWKYW HSRQHTAKQR VLDIADYKES FNTIGNIEEI AYNAVSFTWD
           VNEEAKIFIT VNCLSTDFSS QKGVKGLPLM IQIDTYSYNN RSNKPIHRAY CQIKVFCDKG
           AERKIRDEER KQNRKKGKGQ ASQTQCNNSS DGKLAAIPLQ KKSDITYFKT MPDLHSQPVL
           FIPDVHFANL QRTGQVYYNT DDEREGSSVL VKRMFRPMEE EFGPAPSKQM KEEGMKRVLL
           YVRKETDDVF DALMLKSPTV KGLMDAISEK YGLPVEKITK LYKKSKKGIL VNMDDNIIEH
           YSNEDTFILH MESMVEGFKV TLMEIX
Oryctolagu MSQESDNNKR LVALVPMPSD PPFNTRRAYT SEDEAWKSYL ENPLTAATKA MMSINGDEDS
           AAALGLLYDY YKVPRDKRLL SVSKAADSQE DQEKRNCLGT SEAQSNLSGG ENRVQVLKTV
           PVNLCLNQDH LENSKRDQYS GSIPESPAVI PVSGIAVVKA EDFTPVFMTP PVHYPRGDGE
           EQRVVIFEQT QYDVPAIAAH STYLKEDQRS TPDSTYSESF KDGATEKFRS TSVGAEEYMY
           DQTSSGTFQY TLEATKSLRQ KQGEGPMTYL NKGQFYAITL SETGDNKCFR HPISKVRSVV
           MVVFSEDKNR DEQLKYWKYW HSRQHTAKQR VLDIADYKES FNTIGNIEEI AYNAVSFTWD
           VNEEAKIFIT VNCLSTDFSS QKGVKGLPLM IQIDTYSYNN RSNKPIHRAY CQIKVFCDKG
           AERKIRDEER KQNRKKGKGQ ASQTQCNNSS DGKLVAIPLQ KKSDITYFKT MPDLHSQPVL
           FIPDVHFANL QRTGQVYYNT DDEREG-GVL VKRMFRPMEE EFGPAPSKQI KEEGVKRVLL
           YVRKETDDVF DALMLKSPTV KGLMEAISEK YGLPVEKIAK LYKKSKKGIL VNMDDNIIEH
           YSNEDTFILN MESMVEGFKV TLMEIX
Cavia      W-----SNKR LVALVPMPSD PPFNTRRAYT SEDEAWKSYL ENPLTAATKA MMSINGDEDS
           AAALGLLYDY YKVPRDKRLL SVSKASESQE DQDKRGCVGA SEPVGG-AGV ESRVQVLKTV
           PVNLSLSQEP VD-SKREPFA A---EGAAVI PVSGIAVVKA EDFTPVFMAP PGHYPRGDGD
           DQRVVIFEQA QYDLPALAAH GAYLKDDQRS TPDSTYSEGF KDGATEKFRS ASVGAEEYMY
           DQTSSGTFQY TLEATKSLRQ KQGEGPMTYL NKGQFYAITL SETGDNKCFR HPISKVRSVV
           MVVFSEDKNR DEQLKYWKYW HSRQHTAKQR VLDIADYKES FNTIGNIEEI AYNAVSFTWD
           VNEEAKIFIT VNCLSTDFSS QKGVKGLPLM IQIDTYSYNN RSNKPIHRAY CQIKVFCDKG
           AERKIRDEER KQNRKKGKGQ APPAPCNNSS DGKLAAIPLQ KKSDITYFKT MPDLHSQPVL
           FIPDVHFANL QRTGQVYYNT DDEREGSSVL VKRMFRPMEE EFGPAPAKQM KEEGVKRVLL
           YVRKETDDVF DALMLKSPTV KGLMEAISEK YGLPVEKIAK LYKKSKKGIL VNMDDNIIEH
           YSNEDTFILS MESVVEGFKV TLMEIX
Erinaceus  MSQEADNNKR LVALVPMPSD TPFNTRRAYT SEDEAWKSYL ENPLTAATKA MMSINGDEDS
           AAALGLLYDY YKVPRDKRLL SISKASESQE DQDKRNCLGA GEAQNNLGGG ENRVQVLKTV
           PVNLSLNPDP LEPPKREQYS T--------V AVPGVTVVKA EDFTPVFMSP QVHY-RAGGD
           EQRLVILEQT PYGVSPMPAP STYPKDDQRS TPDSTYSEGF KEGTAEKFRS ASVGAEEYMY
           DQTASGTFQY TLEATKSLRQ KQGEGPMTYL NKGQFYAITL SETGDNKCFR HPISKVRSVV
           MVVFSEDKNR DEQLKYWKYW HSRQHTAKQR VLDIADYKES FNTIGNIEEI AYNAVSFTWD
           VNEEAKIFIT VNCLSTDFSS QKGVKGLPLM VQIDTYSYNN RSNKPIHRAY CQIKVFCDK?
           ?????????? ?????????? ?????????? ?????????? ?????????? ??????????
           ?????????? ?????VYYNT DDEREG-SVL VKRMFRPMEE EFGPAPSKQM KEEVIKR???
           ?????????? ?????????? ??????ISEK YGLPVEKITK LYKKSKKGIL VNMDDNIIEH
           YSNEDTFILN MESMVEGFKI TLMEIX
Pteropus   ------SNKR LVALVPMPSD PPFNTRRAYT S????????? ?????????? ??????????
           ?????????? ??VPRDKRLL SVSKASDSQE DQDK?????? ?????????? ??????????
           ?????????? ?????????? ??????---- -????????? ?????????? ??????????
           ?????????? ?????????? ?????????? ?????????? ??????KFRS ASVGAEEYMY
           DQTSSGTFQY TLEATKSLRQ KQGEGPMTYL NKGQFYAITL SETGDNKCFR HPISKVRSVV
           MVVFSEDKNR DEQLKYWKYW HSRQHTAKQR VLDIADYKES FNTIGNIEEI AYNAVSFTWD
           VNEEAKIFIT VNCLSTDFSS QKGVKGLPLM IQIDTYSYNN RSNKPIHRAY CQIKVFCDK?
           ?????????? ?????????? ?????????? ?????????? ?????????? ??????????
           ?????????? ?????VYYNT DDEREGSSVL VKRMFRPMEE EFGPTPSKQM KEEGMKRVLL
           YVRKETDDVF DALMLKSPTV KGLMEAISEK YGLPVEKIAK LYKKSKK--- ----------
           ---------- ---------- ------
