   40   860
Dasypus    MARRWNTKES PRWRSVLILL FLAEVYGNGA LAEHSENVHI SGVSTACGET PEQIRGPSGI
           ITSPGWPSEY PTKINCSWFI RANPGEIITI SFQDFDIQGS RRCSLDWLTI ETYKNIESYR
           ACGSTIPPPY ISTQDHIWIR FHSDGSISRK GFRLAYFSGK SEEPNCACDQ FRCGNGKCIP
           EAWKCNNMDE CGDSSDEEIC AKEAN-PTAA SFQPCAYNQF QCLSRFTKVY TCLPESLKCD
           GNIDCLDLGD EIDCDVPTCG QWLKYFYGTF NSPNYPDFYP PGSNCTWLID TGDHRKVILR
           FTDFKLDGTG YGDYVKIYDG LEENPHKLLR VLTAFDSHAP LTVVSSSGQI RVHFCADKVN
           AARGFNATYQ VDGFCLPWEI PCGGNWGCYT EQQRCDGYWH CPNGRDEINC TMCQKEEFPC
           SRNGVCYPRS DRCNYQNHCP NGSDEKNCFF CQPGNFHCKN NRCVFESWVC DSQDDCGDGS
           DEENCPVIVP TRVITAAVIG SLICGLLLVI ALGCTCKLYS LRMFERRSFE TQLSRVEAEL
           LRREAPPSYG QLIAQGLIPP VEDFPVCSPN QASVLENLRL AVRSQLGFTS IRLPMAGRSS
           NIWNRIFNFA RSRHSGSLAL VSADGDEVVP SQSTSREPER N--HRTLFSV ESDDTDTENE
           RRDTAGASGG VAAPLPPKVP PTTAVEATVG ACGSSSAQST RGGSTDNGRD VTNVEPPSVS
           PARHQLTSAL SRMTQGLRWV RFTLGRSSSV NQNQSPLRQL DNGANGREED DDVEMLIPIS
           DAASDFDGSD CSRPLLDLAA DQGQAFRQPY STTSPGVRPS NRDGPCERCG IVHTAQIPDT
           CLEATLKNET SDDEALLLCX 
Echinops   ---------- ---------- ---------- ---------- ------CGET PEQIRAPSGI
           ITSPGWPSEY PAKINCSWFI RANPGEIITI SFQDFDIQGS RRCSLDWLTI ETYKNTESYR
           ACGSTIPPPY ISSQDHVWIR FHSDDSVSRK GFRLAYFSGK SEEPSCACDQ FRCGSGKCIP
           EAWKCNNMDE CGDRSDEEVC AKDATPPAAA SFQPCAYNQF QCLSRFTKVY TCLPESLKCD
           GNIDCLDLGD EIDCDVPTCG QWLKYFYGTF NSPNYPDFYP PGSNCTWLID TGDHRKVILR
           FTDFKLDGTG YGDYVKIYDG LEENPHKLLR VLTAFDSHAP LTVVSSSGQI RVHFCADKVN
           AARGFNATYQ VDGF?????? ?????????? ?????????? ?????????? ??????????
           ?????????? ?????????? ?????????? ?????????? ?????????? ??????????
           ?????????? ?????????? ?????????? ?????????? ???????SFE TQLSRVEAEL
           LRREAPPSYG QLIAQGLIPP VEDFPVCSPN QASVLENLRL AVRSQLGFTS IRLPMAGRSS
           NIWNRIFNFA RSRHSGSLAL VSADGEEVVP SQNTSREPER NSSHRSLFSV ESDDTDTENE
           RRDAAGASGA VAAPLPQKVP PTTAVEAPVG ACAGSSTQST RGGHTDTGRE VTGVEPPSVS
           PARHQFTNAL SRMTQGLRWV RFTLGRSSSV NQNQSPLRQL DNGVNGREED DDVEMLIPIS
           DGASDLDVND CSRPLLDLVS DQGQGFRPPF TATNPGVRPS SRDGPCERCG VVHTAQIPDT
           CLEAALKNET SDDEALLLCX 
Pongo      MARRWSTKES PRWRSALLLL FLAGVYGNGA LAEHSENVHI SGVSTACGET PEQIRAPSGI
           ITSPGWPSEY PAKINCSWFI RANPGEIITI SFQDFDIQGS RRCNLDWLTI ETYKNIESYR
           ACGSTIPPPY ISSQDHIWIR FHSDDNISRK GFRLAYFSGK SEEPNCACDQ FRCGNGKCIP
           EAWKCNNMDE CGDSSDEEIC AKEANPPTAA AFQPCAYNQF QCLSRFTKVY TCLPESLKCD
           GNIDCLDLGD EIDCDVPTCG QWLKYFYGTF NSPNYPDFYP PGSNCTWLID TGDHRKVILR
           FTDFKLDGTG YGDYVKIYDG LEENPHKLLR VLTAFDSHAP LTVVSSSGQI RVHFCADKVN
           AARGFNATYQ VDGFCLPWEI PCGGNWGCYT EQQRCDGYWH CPNGRDEINC TMCQKEEFPC
           SRNGVCYPRS DRCNYQNHCP NGSDEKNCFF CQPGNFHCKN NRCVFESWVC DSQDDCGDGS
           DEENCPVIVP TRVITAAVIG SLICGLLLVI ALGCTCKLYS LRMFERRSFE TQLSRVEAEL
           LRREAPPSYG QLIAQGLIPP VEDFPVCSPN QASVLENLRL AVRSQLGFTS VRLPMAGRSS
           NIWNRIFNFA RSRHSGSLAL VSADGDEVVP SQSTSREPER NHTHRSLFSV ESDDTDTENE
           RRDMAGASGG VAAPLPQKVP PTTAVEATVG ACASSSTQST RGGHADNGRD VTSVEPPSVS
           PARHQLTSAL SRMTQGLRWV RFTLGRSSSV SQNQSPLRQL DNGVSGREDD DDVEMLIPIS
           DGSSDFDVND CSRPLLDLAS DQGQGLRQPY NATNPGVRPS NRDGPCERCG IVHTAQIPDT
           CLEVTLKNET SDDEALLLCX 
Ictidomys  MARRWSTKES PRWRSALVWL FLAGVYGNGA LAEHSENVHI SGVSTACGET PEQIRAPSGI
           ITSPGWPSEY PAKINCSWLI RANPGEIITI SFQDFDIQGS RRCSLDWLTI ETYKNIESYR
           ACGSTIPPPY ISSQDHVWIR FHSDDSVSRK GFRLAYFSGK SEEPNCACDQ FRCGNGKCIP
           EAWKCNNMDE CGDSSDEEIC AKEANPPTAA SFQPCAYNQF QCLSRFTKVY TCLPESLKCD
           GNIDCLDLGD EIDCDVPTCG QWLKYFYGTF NSPNYPDFYP PGSNCTWLID TGDHRKVILR
           FTDFKLDGTG YGDYVKIYDG LEENPHKLLR VLTAFDSHAP LTVVSSSGQI RVHFCADKVN
           AARGFNATYQ VDGFCLPWEI PCGGNWGCYT EQQRCDGYWH CPNGRDEINC TMCQKEEFPC
           SRNGVCYPRS DRCNYQNHCP NGSDEKNCFF CQPGNFHCKN NRCVFESWVC DSQDDCGDGS
           DEENCPVIVP TRVITAAVIG SLICGLLLVI ALGCTCKLYS LRMFERRSFE TQLSRVEAEL
           LRREAPPSYG QLIAQGLIPP VEDFPVCSPN QASVLENLRL AVRSQLGFTS IRLPMAGRSS
           NIWNRIFNFA RSRHSGSLAL VSADGDEVVP SQSNSREPER NHTHRSLFSV ESDDTDTENE
           RRDTAGASGG VAAALPQKVP PTTVVEATVG AGGSSSTQNT RAGHTDNGRD VTSVEPPSVS
           PARHQLTSAL SRMTQGLRWV RFTLGRSSSV NQNQSPLRQL DNGVNGREED DDVEMLIPIS
           DGASDIDVND CSRPLLDLSS EQGQGFRQPY SATNPGVRPS NRDGPCERCG IVHTAQIPDT
           CLEATLKNET SDDEALLLCX 
Loxodonta  ---------- SFWK---LVY SLCLILGNGP LAEHSETVHI SGVSTACGET PEQIRAPSGI
           ITSPGWPSEY PAKINCSWFI RANPGEIITI SFQDFDIQGS RRCSLDWLTI ETYKNIESYR
           ACGSTIPPPY ISSQDHVWIR FHSDDNISRK GFRLAYFSGK SEEPNCACDQ FRCGNGKCIP
           EAWKCNNMDE CGDSSDEEIC AKEANSPTAA AFQPCAYNQF QCLSRFTKVY TCLPESLKCD
           GNIDCLDLGD EIDCDVPSCG QSLKYFYGTF NSPNYPDFYP PGSNCTWLID TGDHRKVILR
           FTDFKLDGTG YGDYVKIYDG LEENPHKLLR VLTAFDSHAP LTVVSSSGQI RVHFCADKVN
           AARGFNATYQ VDGFCLPWEI PCGGNWGCYT EQQRCDGYWH CPNGRDEINC TMCQKEEFPC
           SRNGVCYPRS DRCNYQNHCP NGSDEKNCFF CQPGNFHCKN NRCVFESWVC DSQDDCGDGS
           DEENCPVIVP TRVITAAVIG SLICGLLLVI ALGCTCKLYS LRMFERRSFE TQLSRVEAEL
           LRREAPPSYG QLIAQGLIPP VEDFPVCSPN QASVLENLRL AVRSQLGFTS IRLPMAGRSS
           NIWNRIFNFA RSRHSGSLAL VSADGDEVVP TQGTSREPER NSSHRSLFSV DPDDTDTENE
           RRETAGASGG VAAPLPQKVP PTTAVEATVA ACGSSSTQST RGGNTDNGRD VTSVEPPSVS
           PARHQLTSAL SRMTQGLRWV RFTLGRSSSI NQNQSPLRQL DNGVNGREED DDVEMLIPVS
           DGASDFDVND CSRPLLDLAS DQGQGFRQPF SATNPGVRPS NRDGLCEHCG IVHTAQIPDT
           CLEATLKNET SDDEALLLC- 
Canis      -----GAKES PRWRSALVLL FLSGVYGNGA LAEHSENVHI SGVSTACGET PEQIRAPSGI
           ITSPGWPSEY PAKINCSWFI RANPGEIITI SFQDFDIQGS RRCSLDWLTI ETYKNIESYR
           ACGSTVPPPY ISSQDHVWIR FHSDDSISRK GFRLAYFSGK SEEANCACDQ FRCGNGKCIP
           EAWKCNSMDE CGDGSDEEVC AREADTPASS SFQPCAYNQF QCLSRFTKVY TCLPESLKCD
           GNIDCLDLGD EIDCDMPTCG QWLKYFYGTF SSPNYPDFYP PGSNCTWLID TGDHRKVILR
           FTDFKLDGTG YGDYVKIYDG LEENPHKLLR VLTAFDSHAP LTVVSSSGQI RVHFCADKVN
           AARGFNATYQ VDGFCLPWEI PCGGNWGCYT EQQRCDGYWH CPNGRDEINC TMCQKEEFPC
           SRNGVCYPRS DRCNYQNHCP NGSDEKNCFF CQPGNFHCKN NRCVFESWVC DSQDDCGDGS
           DEENCPVIVP TRVITAAVIG SLICGLLLVI ALGCTCKLYS LRMFERRSFE TQLSRVEAEL
           LRREAPPSYG QLIAQGLIPP VEDFPVCSPN QASVLENLRL AVRSQLGFTS IRLPMAGRSS
           NIWNRIFNFA RSRHSGSLAL VSADGDEVVP SQSTSREPER NHTHRSLFSV ESDDTDTENE
           RRDTAGASGG VAAPLPQKIP PTTAVAATVG ASGSSSTQST RGGHTDNGRD VSSVEPPGVS
           PARQQLTSAL SRMTQGLRWV RFTLGRSSSG NQSQSPLRQL DNGAHGREDD DDVEMLIPVS
           DGASDFDVND CSRPLLDLAS DQGQGFRQPF SATNPGVRPS NRDGPCERCG IVHTAQIPDT
           CLEATLKHET SDDEALLLC- 
Macaca     MARRWSTKES PRWRSALLLL FFAGVYGNGA LAEHSENVHI SGVSTACGET PEQIRAPSGI
           ITSPGWPSEY PAKINCSWFI RANPGEIITI SFQDFDIQGS RRCSLDWLTI ETYKNIESYR
           ACGSTIPPPY ISSQDHIWIR FHSDDSVSRK GFRLAYFSGK SEEPNCACDQ FRCGNGKCIP
           EAWKCNNMDE CGDSSDEEIC AKEANPPTAT AFQPCAYNQF QCLSRFTKVY TCLPESLKCD
           GNIDCLDLGD EIDCDVPTCG QWLKYFYGTF NSPNYPDFYP PGSNCTWLID TGDHRKVILR
           FTDFKLDGTG YGDYVKIYDG LEENPHKLLR VLTAFDSHAP LTVVSSSGQI RVHFCADKVN
           AARGFNATYQ VDGFCLPWEI PCGGNWGCYT EQQRCDGYWH CPNGRDEINC TMCQKEEFPC
           SRNGVCYPRS DRCNYQNHCP NGSDEKNCFF CQPGNFHCKN NRCVFESWVC DSQDDCGDGS
           DEENCPVIVP TRVITAAVIG SLICGLLLVI ALGCTCKLYS LRMFERRSFE TQLSRVEAEL
           LRREAPPSYG QLIAQGLIPP VEDFPVCSPN QASVLENLRL AVRSQLGFTS VRLPMAGRSS
           NIWNRIFNFA RSRHSGSLAL VSADGDEVVP SQSTSREPER NHTHRSLFSV ESDDTDTENE
           RRDTAGASGG VAAPLPQKVP PTTAVEATVG ACASSSTQST RGGHADNGRD VTSVEPPSVS
           PARHQLTSAL SRMTQGLRWV RFTLGRSSSV SQNQSPLRQL DNGVSGREDD DDVEMLIPVS
           DGSSDFDVND CSRPLLDLAS DQGQGLRQPY SATNPGVRPS NRDGPCERCG IVHTAQIPET
           CLEVTLKNET SDDEALLLCX 
Myotis     ---------- ---------- ---------- ---------- -GYLPACGET PEQIQAPSGI
           ITSPGWPSDY PAKINCSWLI RANPGEIITI SFQDFDIQGS RRCSLDWLTI ETYKNIESYR
           ACGSTIPPPY ISSQDHVWIR FHSDDSVSRK GFRLAYFSGK SEEPHCACDQ FRCGNGKCIP
           EAWKCNNMDE CGDGSDEEIC ATEANAPTPA AFQPCAYNQF QCLSRFTKVY TCLPESLKCD
           GNIDCLDLGD EIDCDVPTCG QWLKYFYGTF NSPNYPDFYP PGSNCTWLID TGDHRKVILR
           FTDFKLDGTG YGDYVKIYDG LEENPHKLLR VLTAFDSHAP LTVVSSSGQI RVHFCADKVN
           AARGFNATYQ VDGFCLPWEI PCGGNWGCYT EQQRCDGYWH CPNGRDEVNC TMCQKEEFPC
           SRNGVCYPRS DRCNYQNHCP NGSDEKNCFF CQPGNFHCKN NRCVFESWVC DSQDDCGDGS
           DEENCPVIVP TRVITAAVIG SLICGLLLVI ALGCTCKLYS LRMFERRSFE TQLSRVEAEL
           LRREAPPSYG QLIAQGLIPP VEDFPVCSPN QASVLENLRL AVRSQLGFTS IRLPMAGRSS
           NIWNRIFNFA RSRHSGSLAL VSADGDEVVP SQGTSREPER NHTHRSLFSV ESDDTDTETE
           RRDAAGASGG VAAPLPQKVP PTTAVEATVG ASGSSSTQSA RGGHSDNGRD VTSVEPPSVS
           PARHQLTSAL SRMTQGLRWV RFTLGRSSSV NQNQSPLRQL DNGVGGREED DDVEMLIPVS
           DGASDLDVND CSRPLLDLAS DQGQGFRQPY TATNPGVRPG SRDGPCERCG IVHTAQIPDT
           CLEAALKNET SDDEALLLCX 
Callithrix -GRRWNTKES PRWRSALLLL FLAGVYGNGA LAEHSENVHI SGVSTACGET PEQIRAPSGI
           ITSPGWPSEY PAKINCSWFI RANPGEIITI SFQDFDIQGS RRCSLDWLTI ETFKNIESYR
           ACGSTIPPPY ISSQDHIWIR FHSDDSISRK GFRLAYFSGK SEEPNCACDQ FRCGNGKCIP
           EAWKCNNMDE CGDSSDEDIC AKEANPPTVA AFQPCAYNQF QCLSRFTKVY TCLPESLKCD
           GNIDCLDLGD EIDCDVPTCG QWLKYFYGTF NSPNYPDFYP PGSNCTWLID TGDHRKVILR
           FTDFKLDGTG YGDYVKIYDG LEENPHRLLR VLTAFDSHAP LTVVSSSGQI RVHFCADKVN
           AARGFNATYQ VDGFCLPWEI PCGGNWGCYT EQQRCDGYWH CPNGRDEINC TMCQKEEFPC
           SRNGVCYPRS DRCNYQNHCP NGSDEKNCFF CQPGNFHCKN NRCVFESWVC DSQDDCGDGS
           DEENCPVIVP TRVITAAVIG SLICGLLLVI ALGCTCKLYS LRMFERRSFE TQLSRVEAEL
           LRREAPPSYG QLIAQGLIPP VEDFPVCSPN QASVLENLRL AVRSQLGFTS VRLPMAGRSS
           NIWNRIFNFA RSRHSGSLAL VSADGDEVVP SQSTNREPER NHSHRSLFSV ESDDTDTENE
           RRDTAGASGG VTAPLPQKVP PTTAVEATVG AGASSSTQST RGGHADNGRD VTSVEPPSVS
           PARHQLTSAL SRVTQGLRWV RFTLGRSSSI SQNQSPLRQL DNGVSGRDDD DDVEMLIPIS
           DGASDFDVND CSRPLLDLAS DQGQGLRQPY SATNPGVRPS NRDGPCEHCG IVHTAQIPDT
           CLEVTLKNET SDDEALLLCX 
Macropus   MARLGSTKEP PGWRSVRLLF FLVSVGGNGA LAEHSENVHI SGVST????? ??????????
           ?????????? ?????????? ?????????? ?FQDFDIQGS RRCNLDWLTI ETFKNVESYR
           ACGSTIPPPY ISSQDHIWIK FHSDDSISRK GFRLAYFSGK SDEPNCACDQ FRCGNGKCIP
           ETWKCNNMDE CGDNSDEEIC AKEADPPTAS SFQPCAYNQF QCLSRFTKVY TCLPESLKCD
           GNIDCLDLGD EIDCDVQTCG QWLKYFYGTF NSPNYPDFYP PGSNCTWLID TGDHRKVILR
           FTDFKLDGTG YGDYVKIYDG LEENPHKLLR VLTAFDSHAP LTVVSSSGQI RVHFCADKVN
           AARGFNATYQ VDGFCLPWEI PCGGNWGCYT EQQRCDGYWH CPNGRDEINC TMCQKEEFPC
           SRNGVCYPRS DRCNYQNHCP NGSDEKNCFF CQPGNFHCKN NRCVFESWVC DSQDDCGDGS
           DEENCPVIVP TRVITAAVI- SLICGLLLVI ALGCTCKLYS -RMFER???? ??????????
           ?????????? ?????????? ?????????? ?ASVLENLRL AVRSQLGFTS IRLPIAGRSS
           NIWNRIFNFA RSRHSGSLAL VSADGDDV-P NQNSSIEPER NTAHRNLFSV -SDDTDTEN?
           ?????????? ?????????? ?????????? ?????????? ?????????? ??????????
           ?????????? ?????????? ?????????? ?????????? ?????????? ??????????
           ?????????? ?????????? ?????????? ?ATHHGVRPC NRDGPCERCG IVHTAQIPDS
           CLEPVLKSET SDDEALLLCX 
Erinaceus  MAHGWSTKAA PRWRSAWVLL FLAGACGNGT LAEHSENVHI SGESTACGET PEQIRAPSGT
           ITSPDWPSEY PARSNYSWLI RANPGEIITV ?????????? ?????????? ??????????
           ?????????? ?????????? ?????????? ?????????? ?????????? ??????????
           ?????????? ?????????? ?????????? ??????YNQF QCLSRFTKVY TCLPESLKWD
           GNIDCLDLGD EIDCDVPTCG QWLRYFYGTF NSPNYPDFYP PGSNCTWLID TGDHHKVILR
           FTDFKLDGTG YGDYV-IYDG LEENPHKLLR VLTAFDSHAP LTVVSSSGQI RVHFCADKVN
           AARGFNATYQ VDGFCLPWEI PCGGNWGCYT EQQRCDGYWH CPNGRDEINC TMCQKEEVPC
           SR-GVCYP-S DRCNYQNPCR NGSEEKNCFF WQPGNFRCKN NRCVFESWVC DSQDDCGDGS
           EEENCPVIVP TRLITAAVIG SLICGLLLDI ALGSTCKLYS LRLFERRSFE TQLSRVEAEL
           LRREAPPSYG QLIAQGLIPP VEDFPVCSPY QASVLENLRL AVRSQLGFTS IRLPMAGRSS
           NIWNRIFNFA RSRHSGSLAL VSADGDEVVP SQSTSRESER NHTHRSLFSV ESDDTDTENE
           RRATAGASGG VAAPLPQKVP PTTAVEATVG AGGNSSNQST RGGHTDNGRE VTDTEPPSVS
           PARHQLTSAL SRMTQGLRWV RFTLGRSSTA QQNQSPLRQL DNGTHGGEED DDVEMLIPVS
           DGASDLDGND CSRPLLGLAS EQGQGFRQTQ GVAIPGGRPS HRDGPCERCG IVHTAQIPDT
           CLEATLKNET SDDEA-LLCX 
Sorex      ---------- ---------- -------DGA LAEHSGRVHI SGVTTACGET PEQIRTPSGV
           ITSPGWPSEY PVRVNCSWFI RANPGDIITI SFQDFDIQGS RRCSLDWLTI ETYKNIESYR
           ACGSTIPPPY ISSQDHVWIR FHSDDTVSKK GFRLAYFS?? ?????????? ??????????
           ?????????? ?????????? ?????????? ?????????? ?????????? ??????????
           ?????????? ?????????? ?????????? ?????????? ?????????? ??????????
           ?????????? ?????????? ?????????R ALTAFDAHAR LTVVSSSGQV RVHFCADKVN
           AARGFNATYQ VDGFCLPWEI PCGGNWGCYT EQQRCDGYWH CPNGRDEVNC TVCQKEEFPC
           SRNGVCYPRS DRCNYQNHCP NGSDEKNCFF CQPGNFHCKN NRCVFESWVC DSQDDCGDGS
           DEENCPVIVP TRVITAAVIG SLICGLLLVI ALGCTCKLYS LRMFERRSFE TQLSRVEAEL
           LRREAPPSYG QLIAQGLIPP VEDFPVCSPN QASVLENLRL AVRTQLGFTS IRLPMGGRSS
           NIWNRIFNFA RSRHSGSLAL VSADGDEVAA GPGSSRDADR GHAHRSLFSV ESDDTDTETE
           RRDAAGAAGG VAAPLPQKVA PTAAVEATVA ASGPSSAQRP RGG--ESGRE ATTVEPSSVS
           PARQQLSSAL SRVTQGLRWV RCTLGRAGAT GQGRSPLRQL GPGAHGREDD DDVELLIPVA
           DGAPDSDAHD CARPLLDLAP EPAPAAPRP- ---GPAPRPV PPTGPCEHCG MVHTARIPDS
           CLHGAPKGET SDDEALLLCX 
Choloepus  -----STKES PRWRSALVVL F-AGVYGYGA LAEHSEYVHI SRVSTACGET PEQIRAPSGI
           ITSPGWPSEY PTKINCSWFI KANPGEIITI SFQDFDIQGS RRCSLDWLTI ETYKNIESYR
           ACGSTIPPPY ISSQDHVWIR FHSDGSISRK GFRLAYFSGK SEEPNCACDQ FRCGNGKCIP
           EAWKCNNMDE CGDSSDEEIC AKEANPVTAA SFQPCAYNQF QCLSRFSKVY TCLPESLKCD
           GNIDCLDLGD EIDCDVPTCG QWLKYFYGTF NSPNYPDFYP PGSNCTWLID TGDHRKVILR
           FTDFKLDGTG YGDYVKIYDG LEENPHKLLR VLTAFDSHAP LTVVSSSGQI RVHFCADKVN
           AARGFNATYQ VDGFCLPWEI PCGGNWGCYT EQQRCDGYWH CPNGRDEINC TMCQKEEFPC
           SRNGVCYPRS DRCNYQNHCP NGSDEKNCFF CQPGNFHCKN NRCVFESWVC DSQDDCGDGS
           DEENCPVIVP TRVITAAVIG SLICGLLLVI ALGCTCKLYS LRMFERRSFE TQLSRVEAEL
           LRREAPPSYG QLIAQGLIPP VEDFPVCSPN QASVLENLRL AVRSQLGFTS VRLPMAGRSS
           NIWNRIFNFA RSRHSGSLAL VSADGDEVVP NQNTSREPER N-AHRTVFSM ESDDTDTENE
           RRDPAGASGG VAAPLPQKVP PTTAVEATVG ACGSSSTQNT RGGSTDNGRE VTSAEPPAVS
           PARHQLTSAL SRMTQGLRWV RFTLGRSSSV NQNQSPLRQL DNGVNGREED DDVEMLIPVS
           DATSDFDGSD CSRPLLDLAS DQGQGFRQPY STTNPGVRSC NRDGPCECCG IVHTAQIPDT
           CLDATLKNET SDDEALLLCX 
Nomascus   MARRWSTKES PRWRSALLLL FLAGVYGNGA LAEHSENVHI SGVSTACGET PQQIRAPSGI
           ITSPGWPSEY PAKINCSWFI RANPGEIITI SFQDFDIQGS RRCNLDWLTI ETYKNIESYR
           ACGSTIPPPY ISSQDHIWIR FHSDDNISRK GFRLAYFSGK SEEPNCACDQ FRCGNGKCIP
           EAWKCNNMDE CGDSSDEEIC AKEANPPTAA AFQPCAYNQF QCLSRFTKVY TCLPESLKCD
           GNIDCLDLGD EIDCDVPTCG QWLKYFYGTF NSPNYPDFYP PGSNCTWLID TGDHRKVILR
           FTDFKLDGTG YGDYVKIYDG LEENPHKLLR VLTAFDSHAP LTVVSSSGQI RVHFCADKVN
           AARGFNATYQ VDGFCLPWEI PCGGNWGCYT EQQRCDGYWH CPNGRDEINC TMCQKEEFPC
           SRNGVCYPRS DRCNYQNHCP NGSDEKNCFF CQPGNFHCKN NRCVFESWVC DSQDDCGDGS
           DEENCPVIVP TRVITAAVIG SLICGLLLVI ALGCTCKLYS LRMFERRSFE TQLSRVEAEL
           LRREAPPSYG QLIAQGLIPP VEDFPVCSPN QASVLENLRL AVRSQLGFTS VRLPMAGRSS
           NIWNRIFNFA RSRHSGSLAL VSADGDEVVP SQSTSREPER NHTHRSLFSV ESDDTDTENE
           RRDMAGASGG VAAPLPQKVP PTTAVEATVG ACASSSTQST RGGHADNGRD VTSVEPPSVS
           PARHQLTSAL SRMTQGLRWV RFTLGRSSSI SQNQSPLRQL DNGVSRREDD DDVEMLIPIS
           DGSSDFDVND CSRPLLDLAS DQGQGLRQPY SATNPGVRPS NRDGPCERCG IVHTAQIPDT
           CLEVTLKNET SDDEALLLCX 
Ornithorhy ---------- ---------- ---------- ---------- ---------- ----------
           ---------- ---------- ---------- SFQDFDIQGS RRCSSDWLTI GTFKNIEGYR
           ACGSTIPSPY ISSLDHVWIR FHSDDSISRK GFRLTYFSGK SDEPNCACDQ FHCGNGKCIP
           EMWKCNNMDE CGDNSDEEIC AKEANSPTAF SFQPCAYNQF QCLSRFTKVY TCLPESLKCD
           GNIDCLDLGD EIDCDVPTCG QWLKYFYGTF NSPNYPDFYP PGSNCTWLID TGDHRKVILR
           FTDFKLDGTG YGDYVKIYDG LEENPHKLLR VLTAFDSHAP LTVVSSSGQI RVHFCADKVN
           AARGFNATYQ VDGFCLPWEI PCGGNWGCYT EQQRCDGYWH CPNGRDEINC TMCQKEEFPC
           SRNGVCYPRS DRCNYQNHCP NGSDEKNCFF CQPGNFHCKN NRCVFESWVC DSQDDCGDGS
           DEENCPVIVP TRVITAAVIG SLICGLLLVI ALGCTCKLYS LRMFERRSFE TQLSRVEAEL
           LRREAPPSYG QLIAQGLIPP VEDFPVCSPN QASVLENLRL AVRSQLGFTS IRLPIAGRSS
           NIWNRIFNFA RSRHSGSLAL VSADGDDVVA SQNTSREPER SNAHRNLFSV ESDDTDTEND
           RRDTAGAVGG IAAPLPQKVP PTSAIEATVG ACGSSSGQNT RSGITENGRE GTGGDPPSVS
           PARHQLTSAL NRMTQGLRWV RFTLGRSSSV NQNQSPLRQL DTGVSGREED DDVEMLIPVS
           DGASDFDPNE CSRPLLDLAS DQGQGLRQPF SATHQGARPC NRDGPCERCG IVHTAQIPDT
           CLEAALKNET SDDEALLLCX 
Vicugna    ---------- ---------- -------NGA LAEHSENVHI SGMSTACGET PEQVRAPSGI
           ITSPGWPSEY PARINCSWFI RANPGEIITI SFQDFDIQGS RRCSLDWLTI ETYKNIESYR
           ACGSTVPPPY ISSQDHIWIR FHSDDSISRK GFRLAYFSGK SEEPNCACDQ FRCGNGKCIP
           AAWKCNNMDE CGDSSDEEVC AKEANPPTSA SFQPCAYNQF QCLSRFTKVY TCLPESLKCD
           GNIDCLDLGD EIDCDVPTCG QWLKYFYGTF NSPNYPDFYP PGSNCTWLID TGDHRKVILR
           FTDFKLDGTG YGDYVKIYDG LEENPHKLLR VLTAFDSHAP LTVVSSSGQI RVHFCADKVN
           AARGFNATYQ VDGFCLPWEI PCGGNWGCYT EQQRCDGYWH CPNGRDEVNC TMCQKEEFPC
           SRNGVCYPRS DRCNYQNHCP NGSDEKNCFF CQPGNFHCKN NRCVFESWVC DSQDDCGDGS
           DEENCPVIVP TRVITAAVIG SLICGLLLVI ALGCTCKLYS LRMFERRSFE TQLSRVEAEL
           LRREAPPSYG QLIAQGLIPP VEDFPVCSPN QASVLENLRL AVRSQLGFTS IRLPMAGRSS
           NIWNRIFNFA RSRHSGSLAL VSADGDEVVP SQSTSREPER SHTHRSLFSV ESDDTDTENE
           RRDTAGASGG VAAPLPQKVP PTTAVEATVG ASGSSSTQST RGGHTDPGRD VTSVDPPSVS
           PARHQLTSAL SRVTQGLRWV RFTLGRSSSV SQNQSPLRQL DTGVNGREED DDVEMLIPVS
           EGAPDFDVND CSRPLLDLAS DQG-GFRQPY STTNPGVRAS NRDGPCER?? ??????????
           ?????????? ?????????X 
Monodelphi MARRGSTKEP PGWRSARLLL FLVSVGGNGA LAEHSENVHI SGVSTACGET PEQIRGPSGI
           ITSPGWPFEY PARINCSWYI RANPGEIITI SFQDFDIQGS RRCNLDWLTI ETFKNVESYR
           ACGSTIPPPY ISSQDHVWIK FHSDDSISRK GFRLAYFSGK SDEPNCACDQ FRCGNGKCIP
           ETWKCNNMDE CGDNSDEEIC AKEADPPTAS SFQPCAYNQF QCLSRFTKVY TCLPESLKCD
           GNIDCLDLGD EIDCDVQTCG QWLKYFYGTF NSPNYPDFYP PGSNCTWLID TGDHRKVILR
           FTDFKLDGTG YGDYVKIYDG LEENPHKLLR VLTAFDSHAP LTVVSSSGQI RVHFCADKVN
           AARGFNATYQ VDGFCLPWEI PCGGNWGCYT EQQRCDGYWH CPNGRDEINC TMCQKEEFPC
           SRNGVCYPRS DRCNYQNHCP NGSDEKNCFF CQPGNFHCKN NRCVFESWVC DSQDDCGDGS
           DEENCPVIVP TRVITAAVIG SLICGLLLVI ALGCTCKLYS LRMFERRSFE TQLSRVEAEL
           LRREAPPSYG QLIAQGLIPP VEDFPVCSPN QASVLENLRL AVRSQLGFTS IRLPIAGRSS
           NIWNRIFNFA RSRHSGSLAL VSADGDDV-P TQNSSREPER NTAHRNLFSV ESDDTDTENE
           RRDTAGAVGG VAAPLPQKVA PTTAIEATVG ACGSSSSQNT RSGNTDNGRD VSSVEPPSVS
           PARHQLTSAL SRVTQGLRWV RFTLGRSSSV NQNQSPLRQL DNGVSGREED DDVEMLIPVS
           DVASDFDVND CSRPLLDLAS DQGQGLRQPY SAAHHGVRPC NRDGPCERCG IVHTAQIPDS
           CLEPTLKSET SDDEALLLCX 
Sarcophilu MARCGSTKEP PGWRSAQLLL FLISVGGNGA LAEHSENVHI SGVSTACGET PEQIRGPSGI
           ITSPGWPFEY PARINCSWYI RANPGEIITI SFQDFDIQGS RRCNLDWLTI ETFKNVESYR
           ACGSTLPPPY ISSQDHVWIK FHSDDSISRK GFRLAYFSGK SDEPNCACDQ FRCGNGKCIP
           ETWKCNNMDE CGDNSDEEIC AKEADPPTAS SFQPCAYNQF QCLSRFTKVY TCLPESLKCD
           GNIDCLDLGD EIDCDVQTCG QWLKYFYGTF NSPNYPDFYP PGSNCTWLID TGDHRKVILR
           FTDFKLDGTG YGDYVKIYDG LEENPHKLLR VLTAFDSHAP LTVVSSSGQI RVHFCADKVN
           AARGFNATYQ VDGFCLPWEI PCGGNWGCYT EQQRCDGYWH CPNGRDEINC TMCQKEEFPC
           SRNGVCYPRS DRCNYQNHCP NGSDEKNCFF CQPGNFHCKN NRCVFESWVC DSQDDCGDGS
           DEENCPVIVP TRVITAAVIG SLICGLLLVI ALGCTCKLYS LRMFERRSFE TQLSRVEAEL
           LRREAPPSYG QLIAQGLIPP VEDFPVCSPN QASVLENLRL AVRSQLGFTS IRLPIAGRSS
           NIWNRIFNFA RSRHSGSLAL VSADGDDV-P NQNSSREPER NTAHRNLFSV ESDDTDTENE
           RRDAAGAVGG VAAPLPQKVP PTTAIEAAIG ACGSSSSQNT RTGNTDNGRE VTSLEPPSVS
           PARHQLTSAL SRVTQGLRWV RFTLGRSSSV NQNQSPLRQL DNGVRGREED DDVEMLIPVS
           DAASDFDVND CSRPLLDLAS DQGQGLRQPY SAAHHGVRPC NRDGPCEHCG IVHTAQIPDS
           CLEPILKSET SDDEALLLCX 
Equus      MARRWSTKES PRWRSALVLL FFAGVYGNGA LAEHSENVHI SGVSTACGET PEQIRAPSGI
           ITSPGWPSEY PAKTNCSWFI RANPGEIITI SFQDFDIQGS RRCSLDWLTI ETYKNIESYR
           ACGSTIPPPY ISSQDHIWIR FHSDDSISRK GFRLSYFSGK SEEPNCACDQ FRCGNGKCIP
           EAWKCNNMDE CGDSSDEEIC AREA-PPTSA SFQPCAYNQF QCLSRFTKVY TCLPESLKCD
           GNIDCLDLGD EIDCDVPTCG QWLKYFYGTF NSPNYPDFYP PGSNCTWLID TGDHRKVILR
           FTDFKLDGTG YGDYVKIYDG LEENPHKLLR VLTAFDSHAP LTVVSSSGQI RVHFCADKVN
           AARGFNATYQ VDGFCLPWEI PCGGNWGCYT EQQRCDGYWH CPNGRDEINC TMCQKEEFPC
           SRNGVCYPRS DRCNYQNHCP NGSDEKNCFF CQPGNFHCKN NRCVFESWVC DSQDDCGDGS
           DEENCPVIVP TRVITAAVIG SLICGLLLVI ALGCTCKLYS LRMFERRSFE TQLSRVEAEL
           LRREAPPSYG QLIAQGLIPP VEDFPVCSPN QASVLENLRL AVRSQLGFTS IRLPMAGRSS
           NIWNRIFNFA RSRHSGSLAL VSADGDEVGP SQSTNREPER SHTHRSLFSV ESDDTDTENE
           RRDTAGASGG VAAPLPQKVP PITAVEATVG ASGSSSTQST RGGHTDNGRD VTSVEPPSVS
           PARHQLTSAL SRMTQGLRWV RFTLGRSSSV NQNQSPLRQL DNGVNGREED DDVEMLIPVS
           DGASDFDVND CSRPLLDLAS DQGQGFRQPY SATNPGVRPS SRDGPCERCG IVHTAQIPDT
           CLEATLKNET SDDEALLLCX 
Rattus     MARRWSTKES PRRGSAWLLL FLAGVYGNGA LAELSENVHI SGVSTACGET PEQIRGPTGI
           ITSPGWPSDY PAKINCSWLI RANPGEIITI SFQDFDIQGS RRCTLDWLTI ETYKNIESYR
           ACGSTIPPPY ISSQDHVWIR FHSDDSVSRK GFRLAYFSGK SEEPHCACDQ FRCGNGKCIP
           EAWKCNSMDE CGDSSDEEVC VQDAHPPTTT AFQPCAYNQF QCLSRFTKVY TCLPESLKCD
           GNIDCLDLGD EIDCDMPTCG QWLKYFYGTF SSPNYPDFYP PGSNCTWLID TGDHRKVILR
           FTDFKLDGTG YGDYVKIYDG LEENPRKLLR VLTAFDSHAP LTVVSSSGQI RVHFCADKVN
           AARGFNATYQ VDGFCLPWEI PCGGNWGCYT EQQRCDGYWH CPNGRDEINC TMCQKEEFPC
           SRNGVCYPRS DRCNYQNHCP NGSDEKNCFF CQPGNFHCKN NRCVFESWVC DSQDDCGDGS
           DEESCPVIVP TRVITAAVIG SLVCGLLLVI ALGCTCKLYS LRMFERRSFE TQLSRVEAEL
           LRREAPPSYG QLIAQGLIPP VEDFPVCSPN QASVLENLRL AVRSQLGFPS IRLPMTGRSR
           NIWNRIFNFA RSRHSGSLAL VSGDGDEVVP SQSSSRETER SHPHRSLFSA ESDDTDTENE
           RRDTAGASGG VAAPLPQKVP PTTAVEATVG TGGNSSAQST RGGHAD-GRE VSSVEAPSVS
           PARHQLTSAL SRMTQGLRWV RFTLGRSSST NQNRSPLRQL DTGVSGREDD DDVEMLIPVS
           DGASDIDANE CSRPLLDLAS DQVQGFRQPH SSGNPGARTS NRDGPCERCG IVHTAQIPDT
           CLEAAVKTEA CDDEALLLCX 
Ochotona   ---------- ---------- -------SGA VAEHSENVRI SGVST????? ??????????
           ?????????? ?????????? ?????????? ?FQDFDIQGS RRCSLDWLTI ETYKNTESYR
           ACGSTIPPPY ISSQDHVWIR FHSDDSISRK GFRLAYFSGK SEEPNCACDQ FHCGNGKCIP
           EAWKCNNMDE CGDSSDEEIC AKEANPPTAA AFQPCAYNQF QCLSRFTKVY TCLPESLKCD
           GNIDCLDLGD EIDCDVPTCG QWLKYFYGTF NSPNYPDFYP PGSNCTWLID TGDHRKVILR
           FTDFKLDGTG YGDYVKIYDG LEENPHKLLR VLTAFDSHAP LTVVSSSGQI RVHFCADKVN
           AARGFNATYQ VDGFCLPWEI PCGGNWGCYT EQQRCDGYWH CPNGRDEINC TMCQKEEFPC
           SRNGVCYPRS DRCNYQNHCP NGSDEKNCFF CQPGNFHCKN NRCVFESWVC DSQDDCGDGS
           DEENCPVIVP TRVITAAVIG SLICGLLLVI ALGCTCKLYS LRMFERRSFE TQLSRVEAEL
           LRREAPPSYG QLIAQGLIPP VEDFPVCSPN Q?????NLRL AVRSQLGFTS IRLPMSGRSS
           NIWNRIFSFA RSRHSGSLAL VSADGDEVVT SQSTSRETER NHTHRSLFSV ESDDTDAENE
           RRDTAGASGG VAAPLPQKVP PTTAVEATVG ACGNSSAQSA RGGHPENGRD VASVEPPSVS
           PARHQLSSAL SRVTQGLRWV RFTLGRSSSI NQNQSPLRQL DNGINGREED DDVEMLIPVS
           DGASDIDGND CSRPLLDLAS DQGPGLRQPY SATNPGVRPS SRDGPCERCG IVHTAQIPDT
           CLEATLKNET SDDEALLLCX 
Gorilla    MARRWSTKES PRWRSALLLL FLAGVYGNGA LAEHSENVHI SGVSTACGET PEQIRAPSGI
           ITSPGWPSEY PAKINCSWFI RANPGEIITI SFQDFDIQGS RRCNLDWLTI ETYKNIESYR
           ACGSTIPPPY ISSQDHIWIR FHSDDNISRK GFRLAYFSGK SEEPNCACDQ FRCGNGKCIP
           EAWKCNNMDE CGDSSDEEIC AEEANPPTAA AFQPCAYNQF QCLSRFTKVY TCLPESLKCD
           GNIDCLDLGD EIDCDVPTCG QWLKYFYGTF NSPNYPDFYP PGSNCTWLID TGDHRKVILR
           FTDFKLDGTG YGDYVKIYDG LEENPHKLLR VLTAFDSHAP LTVVSSSGQI RVHFCADKVN
           AARGFNATYQ VDGFCLPWEI PCGGNWGCYT EQQRCDGYWH CPNGRDEINC TMCQKEEFPC
           SRNGVCYPRS DRCNYQNHCP NGSDEKNCFF CQPGNFHCKN NRCVFESWVC DSQDDCGDGS
           DEENCPVIVP TRVITAAVIG SLICGLLLVI ALGCTCKLYS LRMFERRSFE TQLSRVEAEL
           LRREAPPSYG QLIAQGLIPP VEDFPVCSPN QASVLENLRL AVRSQLGFTS VRLPMAGRSS
           NIWNRIFNFA RSRHSGSLAL VSADGDEVVP SQSTSREPER NHTHRSLFSV ESDDTDTENE
           RRDMAGASGG VAAPLPQKVP PTTAVEATVG ACASSSTQST RSGHADNGRD VTSVEPPSVS
           PARHQLTSAL SRMTQGLRWV RFTLGRSSSV SQNQSPLRQL DNGVSGREDD DDVEMLIPIS
           DGSSDFDVND CSRPLLDLAS DQGQGLRQPY NATNPGVRPS NRDGPCERCG IVHTAQIPDT
           CLEVTLKNET SDDEALLLCX 
Procavia   MARRWSTKES PRWRSALVLL FLGGVY???? ?????????? ??????CGEA PEQIRAPSGI
           ITSPGWPSEY PAKINCSWII RANPGEIITI SFQDFDIQGS RRCNLDWLTI ETYKNIESYR
           ACGSTIPPPY ISSQDHVWIR FHSDDSVSRK GFRLAYFSGK SEEPNCACDQ FRCGNGKCIP
           EAWKCNTMDE CGDSSDEEIC AKDANPPTAA AFQPCAYNQF QCLSRFTKVY TCLPESLKCD
           GNIDCLDLGD EIDCDVPTCG QSLKYFYGTF NSPNYPDFYP PGSNCTWLID TGDHRKVILR
           FTDFKLDGTG YGDYVKIYDG LEENPRKLLR VLTAFDSHAP LTVVSSSGQI RVHFCADKVN
           AARGFNATYQ VDGFCLPWEI PCGGNWGCYT EQQRCDGYWH CPNGRDEINC TMCQKEEFPC
           SRNGVCYPRS DRCNYQNHCP NGSDEKNCFF CQPGNFHCKN NRCVFESWVC DSQDDCGDGS
           DEENCPVIVP TRVITAAVIG SLICGLLLVI ALGCTCKLYS LRMFER???? ??????????
           ?????????? ?????????? ?????????? ?ASVLENLRL AVRSQLGFTS IRLPMAGRSS
           NIWNRIFNFS RSRHSGSLAL VSADGDEVVP GQGASRDPER NSTHRSLFSV EPDDADTENE
           RRDTAGASGG VAAPLPQKVP PATAVEATVA ACGSSSTQST RGGSTDNGRD VASVEPPSVS
           PARHQLSSAL SRMTQGLRWV RFTLGRSSSV NQNQSPLRQL DNGVNGREED DDVEMLIPVS
           DGASDLDVSD CSRPLLDLAS DQRQGFRQPI SATNPGARPS SRDGPCERCG IVHTAQVPDT
           CLETTLKNET SDDEALLLCX 
Dipodomys  MARRWSTKES PWWRSALLWL FCAGVYGNGA LAEHSENVHI SGVSTACGET PEQIRAPSGI
           ITSPGWPSEY PSKINCSWLI RANPGEIITI SFQDFDIQGS RRCSLDWLTI ETYKNIESYR
           ACGSTIPPPY ISSQDHVWIR FHSDDSISRK GFRLAYFSGK SEEPNCACDQ FRCGNGKCIP
           EAWKCNNMDE CGDSSDEEIC AKEASPPTAA SFQPCAYNQF QCLSRFTKVY TCLPESLKCD
           GNIDCLDLGD EIDCDVPTCG QWLKYFYGTF NSPNYPDFYP PGSNCTWLID TGDHRKVILR
           FTDFKLDGTG YGDYVKIYDG LEENPHKLLR VLTAFDSHAP LTVVSSSGQI RVHFCADKVN
           AARGFNATYQ VDGFCLPWEI PCGGNWGCYT EQQRCDGYWH CPNGRDEINC TMCQKEEFPC
           SRNGVCYPRS DRCNYQNHCP NGSDEKNCFF CQPGNFHCKN NRCVFESWVC DSQDDCGDGS
           DEENCPVIVP TRVITAAVIG SLICGLLLVI ALGCTCKLYS LRMFERRSFE TQLSRVEAEL
           LRREAPPSYG QLIAQGLIPP VEDFPVCSPN QASVLENLRL AVRSQLGFTS IRLPMAGRSS
           NIWNRIFNFA RSRHSGSLAL VSADGDEVVP SQNTSREPER N-AHRSLFSV ESDDTDTEGE
           RRDTAGAAGG IAAPLPQKVP PTTAVEAVVG AGGSSSTQST RGSHPDNGRE VTSVEPP???
           ?????????? ?????????? ?????????? ?????????? ?????????? ??????????
           ?????????? ?????????? DQGQGFRQPH SATL-GVRPS NRDGPCERCG IVHTAQIPDT
           CLEAALKNET SDDEALLLCX 
Otolemur   MARRWSTKES PRWRSAFLLL FLAEVYGNGG LAEHSENVHI SGVSTACGET PEQIRAPSGI
           ITSPGWPSEY PAKINCSWFI RANPGEIITI SFQDFDIQGS RRCNLDWLTI ETYKNIESYR
           ACGSTIPPPY ISSQDHVWIR FHSDDSISRK GFRLAYFSGK SEEPNCACDQ FRCGNGKCIP
           EAWKCNNMDE CGDSSDEEIC AKEANSPTAA SFQPCAYNQF QCLSRFTKVY TCLPESLKCD
           GNIDCLDLGD EIDCDVPTCG QWLKYFYGTF NSPNYPDFYP PGSNCTWLID TGDHRKVILR
           FTDFKLDGTG YGDYVKIYDG LEENPRKLLR VLTAFDSHAP LTVVSSSGQI RVHFCADKVN
           AARGFNATYQ VDGFCLPWEI PCGGNWGCYT EQQRCDGYWH CPNGRDEINC TMCQKEEFPC
           SRNGVCYPRS DRCNYQNHCP NGSDEKNCFF CQPGNFHCKN NRCVFESWVC DSQDDCGDGS
           DEENCPVIVP TRVITAAVIG SLICGLLLVI ALGCTCKLYS LRMFERRSFE TQLSRVEAEL
           LRREAPPSYG QLIAQGLIPP VEDFPVCSPN QASVLENLRL AVRSQLGFTS IRLPMAGRSS
           NIWNRIFNFA RSRHSGSLAL VSADGDEVVS SQSNGREPER NHSHRSLFST ESDDTDTENE
           RRDTAGASGG VAAPLPQKVP PTTAVEATVG ACASSSAHST RSGHTDTGRD VTNVEPPSVS
           PARHQLTSAL SRMTQGLRWV RFTLGRSSAV NQNQSPLRQL DNGVNGREDD DDVEMLIPVS
           DGTSDFDVND CSRPLLDLAS DQGQGLRQPH NATNPGVRPN SQDGPCERCG IVHTAQIPET
           CLEATLKNET SDDEALLLCX 
Microcebus MARRWSTKES PRWRSALLLL FLARVYGNGA LAEHSENVHI SGVSTACGET PEQIRAPSGI
           ITSPGWPSEY PAKINCSWLI RANPG-IITI SFQDFDIQGS RRCSLDWLTI ETYKNIESYR
           ACGSTIPPPY ISSQDHVWIR FHSDDSISRK GFRLAYFSGK SEEPNCACDQ FRCGNGKCIP
           EAWKCNNMDE CGDSSDEEIC AKEANPPTAA AFQPCAYNQF QCLSRFTKVY TCLPESLKCD
           GNIDCLDLGD EIDCDVPTCG QWLKYFYGTF NSPNYPDF?? ?????????? ??????????
           ?????????? ??????IYDG LEENPHKLLR VLTAFDSHAP LTVVSSSGQI RVHFCADKVN
           AARGFNATYQ VDGFCLPWEI PCGGN-KCYT EQQRCDGYWH CPNGRDEINC TMCQKEEFPC
           SRNGVCYPRS DRCNYQNHCP NGSDEKNCFF CQPGNFHCKN NRCVFESWVC DSQDDCGDGS
           DEENCPVIVP TRVITAAVIG SLICGLLLVI ALGCTCKLYS LRMFERRSFE TQLSRVEAEL
           LRREAPPSYG QLIAQGLIPP VEDFPVCSPN QASVLENLRL AVRSQLGFTS IRLPMAGRSS
           NIWNRIFNFA RSRHSGSLAL VSADGDEVVP SQNTSREPER NHSHRSLFSV ESDDTDTENE
           RRETAGASGG VAAPLPQKVP PTTAVEATVG ACASSSTHST RGGQTDNGRD VTSVEPPSVS
           PARHQLTSAL SRMTQGLRWV RFTLGRSSSV NQNQSPLRQL DNGVNGREED DDVEMLIPVS
           DGASDFDVND CSRPLLDLTS DQGQGLRQPY NATNPGVRPS NRDGPCERCG IVHTAQIPDT
           CLEATLKNET SDDEALLLCX 
Mus        MARRWSTKES QRRGSAWLLL FLAGVYGNGA LAELSENVHI SGVSTACGES PEQIRAPSGI
           ITSPGWPSDY PAQVNCSWLI RANPGEIITI SFQDFDIQGS RRCTLDWLTI ETYKNIESYR
           ACGSTIPPPY ISSQDHVWIR FHSDDSVSRK GFRLAYFSGK SEQPDCACDQ FRCGNGKCIP
           EAWKCNSMDE CGDSSDEEVC ASDAHPPTTT AFQPCAYNQF QCLSRFTKVY TCLPESLKCD
           GNIDCLDLGD EIDCDMPTCG QWLKYFYGTF NSPNYPDFYP PGSNCTWLID TGDHRKVILR
           FTDFKLDGTG YGDYVKIYDG LEENPRKLLR VLTAFDSHAP LTVVSSSGQI RVHFCADKVN
           AARGFNATYQ VDGFCLPWEI PCGGNWGCYT EQQRCDGYWH CPNGRDEINC TMCQKEEFPC
           SRNGVCYPRS DRCNYQNHCP NGSDEKNCFF CQPGNFHCKN NRCVFESWVC DSQDDCGDGS
           DEENCPVIVP TRVITAAVIG SLICGLLLVI ALGCTCKLYS LRMFERRSFE TQLSRVEAEL
           LRREAPPSYG QLIAQGLIPP VEDFPVCSPN QASVLENLRL AVRSQLGFTS IRLPMTGRSS
           NIWNRIFNFA RSRHSGSLAL VSGDGDEVVP SQSSSRETER SRPHRSLFSV ESDDTDTENE
           RRDTAGASGG VAAPLPQKVP PTTAVEATVG SGGNSSAQST RGGHAD-GRE VSSVEAPSVS
           PARHQLTSAL SRMTQGLRWV RFTLGRSSST TQNRSPLRQL DTAVSGREDD DDVEMLIPVS
           DGASDIDAND CSRPLLDLAS DQVQGFRQPH SAGNPGVRTS NRDGPCERCG IVHTAQIPDT
           CLEATVKTET SDDEALLLCX 
Pteropus   MARRWSTKES PRWRSAWVLL FLAGVYGNGA LAEHSENVHI SGVSTACGET PEQIRAPSGI
           ITSPGWPSEY PTKINCSWLI RANPGEIITI SFQDFDIQGS RRCSLDWLTI ETYKNIESYR
           ACGSTIPPPY ISSQDHIWIR FHSDDSISRK GFRLAYFSGK SAEPNCACDQ FRCGNGKCIP
           EAWKCNNMDE CGDSSDEEIC AKEANPPTSA AF-PCAYNQF QCLSRFTKVY TCLPESLKCD
           GNIDCLDLGD EIDCDVPTCG QWLKYFYGTF NSPNYPDFYP PGSNCTWLID TGDHRKVILR
           FTDFKLDGTG YGDYVKIYDG LEENPHKLLR VLTAFDSHAP LTVVSSSGQI RVHFCADKVN
           AARGFNATYQ VDGFCLPWEI PCGGNWGCYT EQQRCDGYWH CPNGRDEVNC TMCQKEEFPC
           SRNGVCYPRS DRCNYQNHCP NGSDEKNCFF CQPGNFHCKN NRCVFESWVC DSQDDCGDGS
           DEENCPVIVP TRVITAAVIG SLICGLLLVI ALGCTCKLYS LRMFERRSFE TQLSRVEAEL
           LRREAPPSYG QLIAQGLIPP VEDFPVCSPN QASVLENLRL AVRSQLGFTS IRLPMAGRSS
           NLWNRIFNFA RSRHSGSLAL VSADGDEVVP SQSTSREPER NHTHRSLFSV ESDDTDTENE
           RRDTAGASGG VAAPLPQKVP PTTAVEATVG ASGSSSTQST RGGHQDSGRD VTSVEPPSVS
           PARQQLTSAL SRMTRGLRWV RFTLGRSSSV NQNQSPLRQL DNGVSGREED DDVEMLIPAS
           DGASDFDAND CSRPLLDLAS DQGQAFGQPY SAANPGGRPS HRDGPCERCG IVHTAQIPDT
           CLEAALKNET SDDEALLLCX 
Tursiops   ---------- ---------- -------NGA LAEHSENVHI SGVSTACGET PEQIQVPSGI
           ITSPGWPSEY PAKINCSWFI RANPGEIITI SFQDFDIQGS RRCSLDWLTI ETYKNIESYR
           ACGSTIPPPY ISSQDHVWIR FHSDDSISRK GFRLAYFSGK SEEPNCACDQ FRCGNGKCIP
           AAWKCNNMDE CGDSSDEEIC AKEVNPPTSA SFQPCAYNQF QCLSRFTKVY TCLPESLKCD
           GNIDCLDLGD EIDCDVPTCG QWLKYFYGTF NSPNYPDFYP PGSNCTWLID TGDHRKVILR
           FTDFKLDGTG YGDYVKIYDG LEENPHKLLR VLTAFDSHAP LTVVSSSGQI RVHFCADKVN
           AARGFNATYQ VDGFCLPWEI PCGGNWGCYT EQQRCDGYWH CPNGRDEINC TMCQKEEFPC
           SRNGVCYPRS DRCNYQNHCP NGSDEKNCFF CQPGNFHCKN NRCVFESWVC DSQDDCGDGS
           DEENCPVIVP TRVITAAVIG SLICGLLLVI ALGCTCKLYS LRMFERRSFE TQLSRVEAEL
           LRREAPPSYG QLIAQGLIPP VEDFPVCPPN QASVLENLRL AVRSQLGFTS IRLPMAGRSS
           NIWNRIFNFA RSRHSGSLAL VSADGDEVAP SQSTSREPER NHTHRSLFSV ESDDTDTENE
           RRDTVGASGG VAAPLPQKVP PTTAVEATVG ASGSSSTQNT RGGHTETGRD VTSAEPPSVS
           PARHQLTSAL SRMTQGLRWV RFTLGRSSSV SQNQSPLRQL DNGVSGREED DDVEMLIPVS
           EGASDFDVND CSRPLLDLAS DQGQRFRQPY SAADPGVRPS NRDGPCERCG IVHTAQIPDS
           CLEATLKNET SDDEALLLCX 
Tarsius    MDRRWSTKES PRWRSAFVLL FLAGVYGNGA LAEHSENVHI SGVST????? ??????????
           ?????????? ?????????? ?????????? ?FQDFDIQGS RRCSLDWLTI ETYKNIESYR
           ACGSTIPPPY ISSQDHVWIK FHSDDSISRK GFRLAYFSGK SEEPNCACDQ FRCGNGKCIP
           EAWKCNNMDE CGDSSDEEIC TKEANPPTAT AFQPCAYNQF QCLSRFTKVY TCLPESLKCD
           GNIDCLDLGD EIDCDMPTCG QWLKYFYGTF NSPNYPDFYP PGSNCTWLID TGDHRKVILR
           FTDFKLDGTG YGDYVKIYDG LEENPHKLLR VLTAFDYHAP LTVVSSSGQI RVN???????
           ?????????? ?????????? ?????????? ?????????? ?????????? ??????????
           ?????????? ?????????? ????EKNCFF CQPGNFHCKN NRCVFESWVC DSQDDCGDGS
           DEENCPVIVP TRVITAAVIG SLICGLLLVI ALGCTCKLYS LRMFERRSFE TQLSRVEAEL
           LRREAPPSYG QLIAQGLIPP VEDFPVCSPN QASVLENLRL AVRSQLGFTS IRLPMAGRSS
           NIWNRIFNFA RSRHSGSLAL VSADGDEVAP SQSASREPER NHTHRSLFSV ESDDTDTENE
           RRDTAGASGG VAAPLPQKVP PTTAVEATVG ACASSSTQST RGGHTENGRD VTSAEPPSVS
           PARHQLTSAL SRMTQGLRWV RFTLGRSSTV SQNQSPLRQL DNGVNGREED DDVEMLIPVS
           DGASDFDVND CSRPLLDLAS DQGQGIRQPY NATNPGVRPS NRDGPCERCG IVHTAQIPDT
           CLETTLKNET SDDEALLLCX 
Mustela    MASRWSTKES PRWRSALVLL FLAGVYGNGA LAEHSENVHI SGVSTACGET PEQIRAPSGI
           ITSPGWPSEY PARINCSWFI RANPGEIITI SFQDFDIQGS RRCSLDWLTI ETYKNIESYR
           ACGSTVPPPY ISSQDHVWIR FHSDDSISRK GFRLAYFSGK SEEPSCACDQ FRCGNGKCIP
           EAWKCNSMDE CGDGSDEQVC AREADPPTAA SFQPCAYNQF QCLSRFTKVY TCLPESLKCD
           GNIDCLDLGD EIDCEMPTCG QWLKYFYGTF NSPNYPDFYP PGSNCTWLID TGDHRKVILR
           FTDFKLDGTG YGDYVKIYDG LEENPHKLLR VLTAFDSHAP LTVVSSSGQI RVHFCADKVN
           AARGFNATYQ VDGFCLPWEI PCGGNWGCYT EQQRCDGYWH CPNGRDEINC TMCQKEEFPC
           SRNGVCYPRS DRCNYQNHCP NGSDEKNCFF CQPGNFHCKN NRCVFESWVC DSQDDCGDGS
           DEENCPVIVP TRVITAAVIG SLICGLLLVI ALGCTCKLYS LRMFERRSFE TQLSRVEAEL
           LRREAPPSYG QLIAQGLIPP VEDFPVCSPN QASVLENLRL AVRSQLGFTS IRLPMAGRSG
           NIWNRIFNFA RSRHSGSLAL VSADGDEVVP SQSNSREPER SHTHRSLFSV ESDDTDTENE
           RRDMAGASGG VAAPLPQKVP PTTAVEATVG ASGSSSTQST RGGHTENGRD VTSVEPPGVS
           PARHQLTSAL SRMTQGLRWV RFTLGRSSSV NQNQSPLRQL DNGAHGREED DDVEMLIPVS
           DGASDLDVND CSRPLLDLAS EQGQGFRQPY SATNPGGRPS NRDGPCERCG IVHTAQIPDT
           CLEATLKQET SDDEALLLCX 
Tupaia     ---------- ---------- -------NGA LAEHSENVHI SGVSTACGET PEQIRAPSGI
           ITSPGWPSEY PAKINCSWFI RANPGEIITI SFQDFDIQGS RRCSLDWLTI ETYKNIESYR
           ACGSTIPPPY ISS??????? ?????????? ?????????K SEEPKCACDQ FRCGNGKCIP
           EAWKCNNMDE CGDSSDEEIC GKEASPPTAA AFQPCAYNQF QCLSRFTKVY TCLPESLKCD
           GNIDCLDLGD EIDCDVPTCG QWLKYFYGTF NSPNYPDFYP PGSNCTWLID TGDHRKVILR
           FTDFKLDGTG YGDYVKIYDG LEENPHKLLR VLTAFDSHAP LTVVSSSGQI RVHFCADKVN
           AARGFNATYQ VDGFCLPWEI PCGGNWGCYT EQQRCDGYWH CPNGRDEINC TMCQKEEFPC
           SRNGVCYPRS DRCNYQNHCP NGSDEKNCFF CQPGNFHCKN NRCVFESWVC DSQDDCGDGS
           DEENCPVIVP TRVITAAVIG SLICGLLLVI ALGCTCKLYS LRMFER???? ??????????
           ?????????? ?????????? ?????????? ?ASVLENLRL AVRSQLGFTS IRLPMAGRSS
           NIWNRIFNFA RSRHSGSLAL VSADGEEV-P SQSTSREPER NHTHRSLFSV ESDDTDTENE
           RRDAAGASGG VAAPLPQKVP PATAVEATVG ACGSSSTQST RGAHTDTGRD VTSAEPPSVS
           PARHQLTSAL SRMTQGLRWV -FTLRRSSSV IQNQSPLRQL D-GVNG---- ----------
           ---------- ---------- ---------- ---------- ---------- ----------
           ---------- ---------- 
Ailuropoda MASRWSTKES PRWRSALVLL FLAGVYGNGA LAERSENVHI SGVSTACGET PEQIRAPSGI
           ITSPGWPSEY PAKINCSWFI RANPGEIITI SFQDFDIQGS RRCSLDWLTI ETYKNIESYR
           ACGSTVPPPY ISSQDHVWIR FHSDDSISRK GFRLAYFSGK SEEPNCACDQ FRCGNGKCIP
           EAWKCNSMDE CGDGSDEEVC AREADPPTSA SFQPCAYNQF QCLSRFTKVY TCLPESLKCD
           GNIDCLDLGD EIDCDMPTCG QWLKYFYGTF NSPNYPDFYP PGSNCTWLID TGDHRKVILR
           FTDFKLDGTG YGDYVKIYDG LEENPHKLLR VLTAFDSHAP LTVVSSSGQI RVHFCADKVN
           AARGFNATYQ VDGFCLPWEI PCGGNWGCYT EQQRCDGYWH CPNGRDEINC TMCQKEEFPC
           SRNGVCYPRS DRCNYQNHCP NGSDEKNCFF CQPGNFHCKN NRCVFESWVC DSQDDCGDGS
           DEENCPVIVP TRVITAAVIG SLICGLLLVI ALGCTCKLYS LRMFERRSFE TQLSRVEAEL
           LRREAPPSYG QLIAQGLIPP VEDFPVCSPN QASVLENLRL AVRSQLGFTS IRLPMAGRSS
           NIWNRIFNFA RSRHSGSLAL VSADGDEVVP SQSTSREPER NHTHRSLFSV ESDDTDTENE
           RRDTAGASGG VAAPLPQKVP PTTAVEATVG ASGSSSTPST RGGHTENGRD ATSVEPPGVS
           PARHQLTSAL SRMTQGLRWV RFTLGRSSSV NQNQSPLRQL DNGAHGREED DDVEMLIPVS
           DGASDFDVND CSRPLLDLAS DQGQGFRQPY SATNPGVRPS NRDGPCERCG IVHTAQIPDS
           CLEATLKQET SDDEALLLC- 
Bos        MARRWNTKES PRWRSALVLL FLAGVYGNRA LAEHSENVHI SGVSTACGET PEQIRAPSGI
           ITSPGWPSEY PARINCSWFI RANPGEIITI SFQDFDIQGS RRCSLDWLTI ETYKNIESYR
           ACGSTIPPPY ISSQDHVWIR FHSDDSISRK GFRLAYFSGK SEEPNCACDQ FRCGNGKCIP
           AAWKCNNMDE CGDSSDEEIC AREANPPTSA SFQPCAYNQF QCLSRFTKVY TCLPESLKCD
           GNIDCLDLGD EIDCDVPTCG QWLKYFYGTF NSPNYPDFYP PGSNCTWLID TGDHRKVILR
           FTDFKLDGTG YGDYVKIYDG LEENPHKLLR VLTAFDSHAP LTVVSSSGQI RVHFCADKVN
           AARGFNATYQ VDGFCLPWEI PCGGNWGCYT EQQRCDGYWH CPNGRDEINC TVCQKEEFPC
           SRNGVCYPRS DRCNYQNHCP NGSDEKNCFF CQPGNFHCKN NRCVFESWVC DSQDDCGDGS
           DEENCPVIVP TRVITAAVIG SLICGLLLVI ALGCTCKLYS LRMFERRSFE TQLSRVEAEL
           LRREAPPSYG QLIAQGLIPP VEDFPVCSPN QASVLENLRL AVRSQLGFTS IRLPMAGRSS
           NIWNRIFNFA RSRHSGSLAL VSADGDEVVP SQSTSREPER NHTHRSLFSV ESDDTDTENE
           RRDTAGASGG VTAPLPQKVP PTTAVEATVG ASGSSSTQST RGGHTETGRD VTSVEPPSVS
           PARHQLTSAL SRMTQGLRWV RFTLGRSSSS NQNQSPLRQL DNGVNGREED DDVEMLIPVS
           EGASDFDVND CSRPLLDLAS DQGQGFRQPY SGTNPGVRPS SRDGPCERCG IVHTAQIPDS
           CLEATLKTET SDDEALLLCX 
Pan        -------KES PRWRSALLLL FLAGVYGNGA LAEHSENVHI SGVSTACGET PEQIRAPSGI
           ITSPGWPSEY PAKINCSWFI RANPGEIITI SFQDFDIQGS RRCNLDWLTI ETYKNIESYR
           ACGSTIPPPY ISSQDHIWIR FHSDDNISRK GFRLAYFSGK SEEPNCACDQ FRCGNGKCIP
           EAWKCNNMDE CGDSSDEEIC AKEANPPTAA AFQPCAYNQF QCLSRFTKVY TCLPESLKCD
           GNIDCLDLGD EIDCDVPTCG QWLKYFYGTF NSPNYPDFYP PGSNCTWLID TGDHRKVILR
           FTDFKLDGTG YGDYVKIYDG LEENPHKLLR VLTAFDSHAP LTVVSSSGQI RVHFCADKVN
           AARGFNATYQ VDGFCLPWEI PCGGNWGCYT EQQRCDGYWH CPNGRDETNC TMCQKEEFPC
           SRNGVCYPRS DRCNYQNHCP NGSDEKNCFF CQPGNFHCKN NRCVFESWVC DSQDDCGDGS
           DEENCPVIVP TRVITAAVIG SLICGLLLVI ALGCTCKLYS LRMFERRSFE TQLSRVEAEL
           LRREAPPSYG QLIAQGLIPP VEDFPVCSPN QASVLENLRL AVRSQLGFTS VRLPMAGRSS
           NIWNRIFNFA RSRHSGSLAL VSADGDEVVP SQSTSREPER NHTHRSLFSV ESDDTDTENE
           RRDMAGASGG VAAPLPQKVP PTTAVEATVG ACASSSTQST RGGHADNGRD VTSVEPPSVS
           PARHQLTSAL SRMTQGLRWV RFTLGRSSSV SQNQSPLRQL DNGVSGREDD DDVEMLIPIS
           DGSSDFDVND CSRPLLDLAS DQGQGLRQPY NATNPGVRPS NRDGPCERCG IVHTAQIPDT
           CLEVTLKNET SDDEALLLCX 
Homo       MACRWSTKES PRWRSALLLL FLAGVYGNGA LAEHSENVHI SGVSTACGET PEQIRAPSGI
           ITSPGWPSEY PAKINCSWFI RANPGEIITI SFQDFDIQGS RRCNLDWLTI ETYKNIESYR
           ACGSTIPPPY ISSQDHIWIR FHSDDNISRK GFRLAYFSGK SEEPNCACDQ FRCGNGKCIP
           EAWKCNNMDE CGDSSDEEIC AKEANPPTAA AFQPCAYNQF QCLSRFTKVY TCLPESLKCD
           GNIDCLDLGD EIDCDVPTCG QWLKYFYGTF NSPNYPDFYP PGSNCTWLID TGDHRKVILR
           FTDFKLDGTG YGDYVKIYDG LEENPHKLLR VLTAFDSHAP LTVVSSSGQI RVHFCADKVN
           AARGFNATYQ VDGFCLPWEI PCGGNWGCYT EQQRCDGYWH CPNGRDETNC TMCQKEEFPC
           SRNGVCYPRS DRCNYQNHCP NGSDEKNCFF CQPGNFHCKN NRCVFESWVC DSQDDCGDGS
           DEENCPVIVP TRVITAAVIG SLICGLLLVI ALGCTCKLYS LRMFERRSFE TQLSRVEAEL
           LRREAPPSYG QLIAQGLIPP VEDFPVCSPN QASVLENLRL AVRSQLGFTS VRLPMAGRSS
           NIWNRIFNFA RSRHSGSLAL VSADGDEVVP SQSTSREPER NHTHRSLFSV ESDDTDTENE
           RRDMAGASGG VAAPLPQKVP PTTAVEATVG ACASSSTQST RGGHADNGRD VTSVEPPSVS
           PARHQLTSAL SRMTQGLRWV RFTLGRSSSL SQNQSPLRQL DNGVSGREDD DDVEMLIPIS
           DGSSDFDVND CSRPLLDLAS DQGQGLRQPY NATNPGVRPS NRDGPCERCG IVHTAQIPDT
           CLEVTLKNET SDDEALLLCX 
Sus        MARRWSTKES PRWRSALFLL FLAGVYGNGA LAEHSENVHI SGVSTACGET PEQIRAPSGI
           ITSPGWPSEY PAKINCSWFI RANPGEIITI SFQDFDIQGS RRCNLDWLTI ETYKNIESYR
           ACGSTIPPPY ISSQDHVWIR FHSDDSISRK GFRLAYFSGK SEEPNCACDQ FRCGNGKCVP
           AAWKCNNMDE CGDSSDEEIC AKEANPPTSA SFQPCAYNQF QCLSRFTKVY TCLPESLKCD
           GNIDCLDLGD EIDCDVPTCG QWLKYFYGTF NSPNYPDFYP PGSNCTWLID TGDHRKVILR
           FTDFKLDGTG YGDYVKIYDG LEENPHKLLR VLTAFDSHAP LTVVSSSGQI RVHFCADKVN
           AARGFNATYQ VDGFCLPWEI PCGGNWGCYT EQQRCDGYWH CPNGRDEINC TMCQKEEFPC
           SRNGVCYPRS DRCNYQNHCP NGSDEKNCFF CQPGNFHCKN NRCVFESWVC DSQDDCGDGS
           DEENCPVIVP TRVITAAVIG SLICGLLLVI ALGCTCKLYS LRMFERRSFE TQLSRVEAEL
           LRREAPPSYG QLIAQGLIPP VEDFPVCSPN QASVLENLRL AVRSQLGFTS IRLPMAGRSS
           NIWNRIFNFA RSRHSGSLAL VSADGDEVVP SQSTSREPER NHTHRSLFSV ESDDTDTENE
           RRDSAGASGG VAAPLPQKVP PTTAVEATVG ASGSSSAQST RGGHTDAGRD VTNAEPPSVS
           PARHQLTSAL SRMTQGLRWV RFTLGRSSSV SQNQSPLRQL DNGVSGREED DDVEMLIPVS
           EGASDFDVSD CSRPLLDLAS DQGQGFRQPY SATNPGVRPG SRDGPCERCG IVHTAQIPDT
           CLEATLKNET SDDEALLLCX 
Oryctolagu MARRWSTKES PRWR-ALLLL CLAGVYGNGA LAEHSENVHI SGVSTACGET PEQIRAPSGI
           ITSPGWPSEY PSKINCSWFI RANPGEIITI SFQDFDIQGS RRCSLDWLTI ETYKNIESYR
           ACGSTIPPPY ISSQDHVWIR FHSDDSISRK GFRLAYFSGK SEEPNCACDQ FRCGNGKCIP
           EAWKCNNMDE CGDSSDEEIC AKEANPPTAA SFQPCAYNQF QCLSRFTKVY TCLPESLKCD
           GNIDCLDLGD EIDCDVPTCG QWLKYFYGTF NSPNYPDFYP PGSNCTWLID TGDHRKVILR
           FTDFKLDGTG YGDYVKIYDG LEENPHKLLR VLTAFDSHAP LTVVSSSGQI RVHFCADKVN
           AARGFNATYQ VDGFCLPWEI PCGGNWGCYT EQQRCDGYWH CPNGRDEINC TMCQKEEFPC
           SRNGVCYPRS DRCNYQNHCP NGSDEKNCFF CQPGNFHCKN NRCVFESWVC DSQDDCGDGS
           DEENCPVIVP TRVITAAVIG SLICGLLLVI ALGCTCKLYS LRMFERRSFE TQLSRVEAEL
           LRREAPPSYG QLIAQGLIPP VEDFPVCSPN QASVLENLRL AVRSQLGFTS IRLPMAGRSS
           NIWNRIFNFA RSRHSGSLAL VSADGDEVVP NQSTSREPER NHTHRSLFSV ESDDTDAENE
           RRDAVGASGG VAAPLPQKVP PTTAVEATVG ACGSSSTQSA RGGHTDSGRD VASVEPPSVS
           PARHQLTSAL SRMTQGLRWV RFTLGRSSSV SQNQSPLRQL DNGVNGRDED DDVEMLIPVS
           DGASDADVND CSRPLLDLAS DQGQGLRQPY SATNPGVRPS SRDGPCERCG IVHTAQIPDT
           CLEATLKNET SDDEALLLC- 
Felis      ---------- ---------- ---------- ---------- ----TACGET PEQIRAPSGI
           ITSPGWPSEY PAKINCSWFI RANPGEIITI SFQDFDIQGS RRCSLDWLTI ETYKNIESYR
           ACGSTVPPPY ISSQDHVWIR FHSDDSISRK GFRLAYFSGK SEEPNCACDQ FRCGNGKCIP
           EAWKCNNMDE CGDSSDEEIC AKEAGPPTAA SFQPCAYNQF QCLSRFTKVY TCLPESLKCD
           GNIDCLDLGD EIDCDVPTCG QWLKYFYGTF NSPNYPDFYP PGSNCTWLID TGDHRKVILR
           FTDFKLDGTG YGDYVKIYDG LEENPHKLLR VLTAFDSHAP LTVVSSSGQI RVHFCADKVN
           AARGFNATYQ VDGFCLPWEI PCGGNWGCYT EQQRCDGYWH CPNGRDEINC TMCQKEEFPC
           SRNGVCYPRS DRCNYQNHCP NGSDEKNCFF CQPGNFHCKN NRCVFESWVC DSQDDCGDGS
           DEENCPVIVP TRVITAAVIG SLICGLLLVI ALGCTCKLYS LRMFERRSFE TQLSRVEAEL
           LRREAPPSYG QLIAQGLIPP VEDFPVCSPN QASVLENLRL AVRSQLGFTS IRLPMAGRSS
           NIWNRIFNFA RSRHSGSLAL VSADGDEVVP SQSTSREPER SHAHRSLFSV ESDDTDTENE
           RRDTAGASGG VAAPLPQKVP PTTAVEATVG ASGSSSTQST RGGHTDSGRD VTSVEPPGVS
           PARHQLTSAL SRMTQGLRWV RFTLGRSSSV NQNQSPLRQL DNGANGREED DDVEMLIPVS
           DGASDLDVND CSRPLLDLAS EQGQGFRQPY SAANPGARPS NRDGPCARCG VVHT-RSPDT
           CLEATLKNET SDDEALLLCX 
Cavia      ---------- ---------- ---------- ---------- -GCLPACGET PEQIRAPSGI
           ITSPGWPSEY PARLNCSWLI KANPGEIITI SFQDFDVQGS RRCSLDWLTI ETFQNVESYR
           ACGSTIPPPY ISSQDHVWVR FHSDDSVSRK GFRLAYFSGK SEEPSCACDQ FRCGNGKCIP
           EAWRCNSMDE CGDGSDEEVC AREASPPTAA SFQPCAYNQF QCLSRFTKAY TCLPESLKCD
           GNIDCLDLGD EIDCDVPTCG QWLKYFYGTF NSPNYPDFYP PGSNCTWLID TGDHRKVIIR
           FTDFKLDGTG YGDYVKIYDG LEENPHKLLR ALTAFDSHAP LTVVSSSGQI RVHFCADKVN
           AARGFNATYQ VDGFCLPWEI PCGGNWGCYT EQQRCDGYWH CPNGRDEINC TMCQKEEFPC
           SRNGVCYPRS DRCNYQNHCP NGSDEKNCFF CQPGNFHCKN NRCVFESWVC DSQDDCGDGS
           DEENCPVIVP TRVITAAVIG SLVCGLLLVI ALGCTCKLYS LRMFERRSFE TQLSRVEAEL
           LRREAPPSYG QLIAQGLIPP VEDFPVCSPN QASVLENLRL AVRSQLGLTS IRLPTAGRSG
           GLWNRIFSFA RSRRSGSLAL VSADGDEAVP SPGAGRDAER GPAHRGLFSV ESEDR-LKPE
           RRDAGGATGG ---------- ---------- ---------- RDG------- -----PP?V-
           ---------- ---TQGLRWV RLT------- -QSQSPLRQQ E-----EDQD DDVELLIPAA
           DGA------D CSRPLLDLV- ---------- ---------- ----PCERCG MVHTAQVPDA
           CQDVARKGEA GDDEALLLCX 
