   40   608
Echinops   MILLAFSTGR RLDFVHHSGV FFLQTLLWIL CATGCGTEQY FNVEVWLQKY GYLPPTDPRM
           SVLRSAETMQ SALAAMQQFY GINMTGKVDR NTIDWMKKPR CGVPDQTRGS SKFNIRRKRY
           ALTGQKWQHK HITYSIKNVT PKVGDSETRK AIRRAFDVWQ NVTPLTFEEV PYSELENGKR
           DVDITIIFAS GFHGDSSPFD GEGGFLAHAY FPGPGIGGDT HFDSDEPWTL GNPNHDGNDL
           FLVAVHELGH ALGLEHSNDP TAIMAPFYQY METDDFKLPN DDLQGIQQIY ??????????
           ?????????? ?????????? ?????????? ?????????? ?????????? ?ILRREMFVF
           KDQWFWRVRN NRVMDGYPMQ ITYFWRGLPP SID??????? ????????NK YWVFKDTTLQ
           PGYPHDLITL GSGIPPHGID SAIWWEDVGK TYFFKGDRYW RYSEEMKTMD PGYPKPITVW
           KGIPESPQGA FVHKENGFTY FYKGKEYWKF NNQILKVEPG YPRSILKDFM GCDGPTDRNK
           EGHSPPDDVD IVIKLDNTAS TVKAIAIVIP CILALCLLVL VYTVFQFKRK GTPRHILYCK
           RSMQEWVX
Pongo      MILLTFSTGR RLDFVHHSGV FFLQTLLWIL CATVCGTEQY FNVEVWLQKY GYLPPTDPRM
           SVLRSAETMQ SALAAMQQFY GINMTGKVDR NTIDWMKKPR CGVPDQTRGS SKFHIRRKRY
           ALTGQKWQHK HITYSIKNVT PKVGDPETRK AIRRAFDVWQ NVTPLTFEEV PYSELENGKR
           DVDITIIFAS GFHGDSSPFD GEGGFLAHAY FPGPGIGGDT HFDSDEPWTL GNPNHDGNDL
           FLVAVHELGH ALGLEHSNDP TAIMAPFYQY METDNFKLPN DDLQGIQKIY GPPDKIPPPT
           RPLPTVPPHR SIPPADPRKN DRPKPPRPPT GRPSYPGAKP NICDGNFNTL AILRREMFVF
           KDQWFWRVRN NRVMDGYPMQ ITYFWRGLPP SIDAVYENSD GNFVFFKGNK YWVFKDTTLQ
           PGYPHDLITL GSGIPPHGID SAIWWEDVGK TYFF-GDRYW RYSEEMKTMD PGYPKPITVW
           KGIPESPQGA FVHKENGFTY FYKGKEYWKF NNQILKVEPG YPRSILKDFM GCDGPTDRVK
           EGHSPPDDVD IVIKLDNTAS TVKAIAIVIP CILALCLLVL VYTVFQFKRK GTPRHILYCK
           RSMQEWVX
Ictidomys  MILLTFSTGR RSDFVHLSGV FFLQTLIWIL CATVCGTEQY FNVEVWLQKY GYLPPTDPRM
           SVLRSAETMQ SALAAMQQFY GINMTGKVDR NTIDWMKKPR CGVPDQTRGS SKFNIRRKRY
           ALTGQKWQHK HITYSIKNVT PKVGDPETRK AIRRAFDVWQ NVTPLTFEEV PYSELENGKR
           DVDITIIFAS GFHGDSSPFD GEGGFLAHAY FPGPGIGGDT HFDSDEPWTL GNPNHDGNDL
           FLVAVHELGH ALGLEHSNDP TAIMAPFYQY METDNFKLPN DDLQGIQKIY GPPDKIPPPT
           RPLPTVPPHR SIPPADPRKN DRPKPPRPPT GRPSYPGAKP NICDGNFNTL AILRHEMFVF
           KDQWFWRVRN NRVMDGYPMQ ITYFWRGLPP SIDAVYENSD GNFVFFKGNK YWVFKDTTLQ
           PGYPHDLITL GSGIPPHGID SAIWWEDVGK TYFFKGDRYW RYSEEMKTMD PGYPKPITVW
           KGIPESPQGA FVHKENGFTY FYKGKEYWKF NNQILKVEPG YPRSILKDFM GCDGPTDRDK
           EGHSPPDDVD IVIKLDNTAS TVKAIAIVIP CILALCLLVL VYTVFQFKRK GTPRHILYCK
           RSMQEWVX
Loxodonta  MILLTFSTGR RLDFVHHSGV FFLQTLLWIL CATVCGSEQY FNVEVWLQKY GYLPPTDPRM
           SVLRSAETMQ SALAAMQQFY GINMTGKVDR NTIDWMKKPR CGVPDQTRGS SKFNIRRKRY
           ALTGQKWQHR HITYSIKNVT PKVGDPETRK AIRRAFDVWQ NVTPLTFEEV PYSELENGKR
           DVDITIIFAS GFHGDSSPFD GEGGFLAHAY FPGPGIGGDT HFDSDEPWTL GNPNHDGNDL
           FLVAVHELGH ALGLEHSNDP TAIMAPFYQY METDNFKLPN DDLQGIQKIY GPPDKIPPPT
           RPLPTVPPHR SIPPADPRKN DRPKPPRPPT GRPSYPGAKP NICDGNFNTL AILRREMFVF
           KDQWFWRVRN NRVMDGYPMQ ITYFWRGLPP SIDAVYENSD GNFVFFKGNK YWVFKDTTLQ
           PGYPHDLITL GSGIPPHGID SAIWWEDVGK TYFFKGDRYW RYSEEMKTMD PGYPKPITVW
           KGIPESPQGA FVHKENGFTY FYKGKEYWKF NNQILKVEPG YPRSILKDFM GCDGPTDRDK
           EGHSPPDDVD IVIKLDNTAS TVKAIAIVIP CILALCLLVL VYTVFQFKRK GTPRHILYCK
           RSMQEWV-
Canis      MILLTFSTGR RLDFVHHTGV FFLQTLLWIL CATVCGTEQY FNVEVWLQKY GYLPPTDPRM
           SVLRSAETMQ AALAAMQQFY GINMTGKVDR NTIDWMKKPR CGVPDQTRGS SKFNIRRKRY
           ALTGQKWQHK HITYSIKNVT PKVGDPETRK AIRRAFDVWQ NVTPLTFEEV PYSELENGKR
           DVDITIIFAS GFHGDSSPFD GEGGFLAHAY FPGPGIGGDT HFDSDEPWTL GNPNHDGNDL
           FLVAVHELGH ALGLEHSNDP TAIMAPFYQY METDNFKLPN DDLQGIQKIY GPPDKIPPPT
           RPLPTVPPHR SIPPADPRKN DRPKPPRPPT GRPSYPGAKP NICDGNFNTL AILRREMFVF
           KDQWFWRVRN NRVMDGYPMQ ITYFWRGLPP SIDAVYENSD GNFVFFKGNK YWVFKDTTLQ
           PGYPHDLITL GSGIPPHGID SAIWWEDVGK TYFFKGDRYW RYSEEMKTMD PGYPKPITVW
           KGIPESPQGA FVHKENGFTY FYKGKEYWKF NNQILKVEPG YPRSILKDFM GCDGPTDRDK
           EGHSPPDDVD IVIKLDNTAS TVKAIAIVIP CILALCLLVL VYTVFQFKRK GTPRHILYCK
           RSMQEWVX
Macaca     MILLTFSTGR RLDFVHHSGV FFLQTLLWIL CATVCGTEQY FNVEVWLQKY GYLPPTDPRM
           SVLRSAETMQ SALAAMQQFY GINMTGKVDR NTIDWMKKPR CGVPDQTRGS SKFHIRRKRY
           ALTGQKWQHK HITYSIKNVT PKVGDPETRK AIRRAFDVWQ NVTPLTFEEV PYSELENGKR
           DVDITIIFAS GFHGDSSPFD GEGGFLAHAY FPGPGIGGDT HFDSDEPWTL GNPNHDGNDL
           FLVAVHELGH ALGLEHSNDP TAIMAPFYQY METDNFKLPN DDLQGIQKIY GPPDKIPPPT
           RPLPTVPPHR SIPPADPRKN DRPKPPRPPT GRPSYPGAKP NICDGNFNTL AILRREMFVF
           KDQWFWRVRN NRVMDGYPMQ ITYFWRGLPP SIDAVYENSD GNFVFFKGNK YWVFKDTTLQ
           PGYPHDLITL GSGIPPHGID SAIWWEDVGK TYFFKGDRYW RYSEEMKTMD PGYPKPITVW
           KGIPESPQGA FVHKENGFTY FYKGKEYWKF NNQILKVEPG YPRSILKDFM GCDGPTDRVK
           EGHSPPDDVD IVIKLDNTAS TVKAIAIVIP CILALCLLVL VYTVFQFKRK GTPRHILYCK
           RSMQEWVX
Felis      MILLTFSTGR RLDFVHHSGV FFLQTLLWIL CATVCGTEQY FNVEVWLQKY GYLPPTDPRM
           SVLRSAETMQ AALAAMQQFY GINMTGKVDR NTIDWMKKPR CGVPDQTRGS SKFNIRRKRY
           ALTGQKWQHK HITYSIKNVT PKVGDPETRK AIRRAFDVWQ NVTPLTFEEV PYSELENGKR
           DVDITIIFAS GFHGDSSPFD GEGGFLAHAY FPGPGIGGDT HFDSDEPWTL GNPNHDGNDL
           FLVAVHELGH ALGLEHSNDP TAIMAPFYQY METDNFKLPN DDLQGIQKIY GPPDKIPPPT
           RPLPTVPPHR SIPPADPRKN DRPKPPRPPT GRPSYPGAKP NICDGNFNTL AILRREMFVF
           KDQWFWRVRN NRVMDGYPMQ ITYFWRGLPP SIDAVYENSD GNFVFFKGNK YWVFKDTTLQ
           PGYPHDLITL GSGTPPHGID SAIWWEDVGK TYFFKGDRYW RYSEEMKTMD PGYPKPITVW
           KGIPESPQGA FVHKENGFTY FYKGKEYWKF NNQILKVEPG YPRSILKDFM GCDGPTDRDK
           EGHSPPDDVD IVIKLDNTAS TVKAIAIVIP CILALCLLVL VYTVFQFKRK GTPRHILYCK
           RSMQEWVX
Callithrix MILLTFSTGR RLDFVHHSGV FFLQSLLWIL CATVCGTEQY FNVEVWLQKY GYLPPTDPRM
           SVLRSAETMQ SALAAMQQFY GINMTGKVDR NTIDWMKKPR CGVPDQTRGS SKFHIRRKRY
           ALTGQKWQHK HITYSIKNVT PKVGDPETRK AIRRAFDVWQ NVTPLTFEEV PYSELENGKR
           DVDITIIFAS GFHGDSSPFD GEGGFLAHAY FPGPGIGGDT HFDSDEPWTL GNPNHDGNDL
           FLVAVHELGH ALGLEHSNDP TAIMAPFYQY METDNFKLPN DDLQGIQKIY GPPDKIPPPT
           RPLPTVPPHR SIPPADPRKN DRPKPPRPPT GRPSYPGAKP NICDGNFNTL AILRREMFVF
           KDQWFWRVRN NRVMDGYPMQ ITYFWRGLPP SIDAVYENSD GNFVFFKGNK YWVFKDTTLQ
           PGYPHDLITL GSGIPPHGID SAIWWEDVGK TYFFKGDRYW RYSEEMKTMD PGYPKPITVW
           KGIPESPQGA FVHKENGFTY FYKGKEYWKF NNQILKVEPG YPRSILKDFM GCDGPTDRVK
           EGHSPPDDVD IVIKLDNTAS TVKAIAIVIP CILALCLLVL VYTVFQFKRK GTPRHILYCK
           RSMQEWVX
Macropus   MILLTFSTAR RLDFVHHSGV FFLQTFLWIL WATVCGAEQY FNVEVWLQKY GYLPPTDPRM
           SVLRSAETMQ SALAAMQQFY GINMTGKVDR NTIDWMKKPR CGVPDQTRGS SKFNIRRKRY
           ALTGQKWQHK HITYSIKNVT PKVGDPETRK AIRRAFDVWQ NVTPLTFEEV PYSELENGKR
           DVDITIIFAS GFHGDSSPFD GEGGFLAHAY FPGPGIGGDT HFDSDEPWTL GNPNHDGNDL
           FLVAVHELGH ALGLEHSNDP TAIMAPFYQY METDNFKLPN DDLQGIQKIY GPPDKTPPPT
           RPLPTVPPHR SIPPLDPRKN DRPKP--QPT GKPFYP-AKP NICDGNFNTL -I????????
           ?????????? ?????????? ?????????? ?????????? ????????NK YWVFKDTTLQ
           PGYPHDLITL GNGIPPHGID SAIWWEDVGK TYFFKGDRYW RYSEEMKTMD PGYPKPITIW
           KGIPESPQGA FVHKENGFTY FYKGKEYWKF NNQVLKVEPG YPRSILKDFM GCEGPTDRDK
           ERHSPQDDVD IVIKLDNTAS TVKAIAIVIP CILALCLLVL VYTVFQFKRK GTPRHILYCK
           RSMQEWVX
Erinaceus  MILLTFSTGR RLELVHHSGA YFLQTLLWIL CATVCGTEQY FNVEVWLQKY GYLPPTDSRM
           SVLRSAETMQ SALAAMQQFY GINMTGKVDR NTIDWMKKPR CGVPDQTRGS SKFNIRRKRY
           ALTGQKWQHK HITYSIKNVT PKVGDPETRK AIRRAFDVWQ NVTPLTFEEV PYSELENGKR
           DVDITIIFAS GFHGDSSPFD GEGGFLAHAY FPGPGIGGDT HFDSDEPWTL GNPNHDGNDL
           FLVAVHELGH ALGLEHSNDP TAIMAPFYQY METDNFKLPN DDLQGIQKIY GPPDKIPPPT
           RPLPTVPPHR SIPPADPRKN DRPKPPRPPT GRPSYPGAKP NICDGNFNTL AILRREMFVF
           K????????? ?????????? ?????????? ?????????? ????????NK YWVFKDTTLQ
           PGYPHDLISL GSGIPPHGID SAIWWEDVGK TYFFKGDRYW RYSEEMKTMD PGYPKPITVW
           KGIPESPQGA FVHKENGFTY FYKGKEYWKF NNQILKVEPG YPRSILKDFM GCDGPTDRDK
           EGHSPPDDVD IVIKLDNTAS TVKAIAIVIP CILALCLLVL VYTVFQFKRK GTPRHILYCK
           RSMQEWVX
Sorex      ---------- ---------- ---------- ---------- ----VWLQKY GYLPPTDPRM
           SVLRSAETMQ SALAAMQQFY GINMTGKVDR NTI??????? ?????????? ??????????
           ?????????? ?????IKNVT PKVGDPETRK AIRRAFDVWQ NVTPLTFEEV PYSELENGKR
           DVDITIIFAS GFHGDSSPFD GEGGFLAHAY FPGPGIGGDT HFDSDEPWTL GNPNHDGNDL
           FLVAVHELGH ALGLEHSNDP TAIMAPFYQY METDNFKLPN DDLQGIQKIY GPPDKIPPPT
           RPLPTAPPHR SIPPLDPRKN DRPKPPRPPT GRPSYPGAKP NICDGNFNTL AILRREMFVF
           K????????? ?????????? ?????????? ?????????? ?????????? ??????????
           ?????????? ?????????? ?????????? ?????????? ?????????? ??????????
           ?????????? ???????FTY FYKGKEYWKF NNQILKVEPG YPRSILKDFM GCDGPTDRDK
           EGHSPPNDVD IVIKLDNTAS TVKAIAIVIP CILALCLLVL IYTVFQFKRK GTPRHILYCK
           RSMQEWVX
Choloepus  ---------- ---------- ---------- ---------- ----VWLQKY GYLPPTDPRM
           SVLRSAEAMQ SALAAMQQFY GINMTGKVDR NTI??????? ?????????? ??????????
           ?????????? ?????IKNVT PKVGDLETRK AIRRAFDVWQ NVTPLTFEEV PYGELESGKR
           DVDITIIFAS GFHGDSSPFD GEGGFLAHAY FPGPGIGGDT HFDSDEPWTL GNPNHDGNDL
           FLVAVHELGH ALGLEHSNDP TAIMAPFYQY METDNFKLPN DDLQGIQKIY GPPDKIPPPT
           RPLPTAPPHR SVPPADPRRN DRPKPPRPPT GRPSYPGAKP NICDGNFNTL AILRREMFVF
           KDQWFWRVRN NRVMDGYPMQ ITYFWRGLPP SIDAVYENSD GNFVFFKGNK YWVFKDTTLQ
           PGYPHDLITL GSGIPPHGID SAIWWEDVGK TYFFKGDRYW RYSEEMKAMD PGYPKPITVW
           KGIPESPQGA FVHKENGFTY FYKGKEYWKF NNQILKVEPG YPRSILKDFM GCDGPTDRDK
           EGHSPPDDVD IVIKLDNTAS TVKAIAIVIP CILALCLLVL VYTVFQFKRK GTPRHILYCK
           RSMQEWVX
Nomascus   MILLTFSTGR RLDFVHHSGV FFLQTLLWIL YATVCGTEQY FNVEVWLQKY GYLPPTDPRM
           SVLRSAETMQ SALAAMQQFY GINMTGKVDR NTIDWMKKPR CGVPDQTRGS SKFHIRRKRY
           ALTGQKWQHK HITYSIKNVT PKVGDPETRK AIRRAFDVWQ NVTPLTFEEV PYSELENGKR
           DVDITIIFAS GFHGDSSPFD GEGGFLAHAY FPGPGIGGDT HFDSDEPWTL GNPNHDGNDL
           FLVAVHELGH ALGLEHSNDP TAIMAPFYQY METDNFKLPN DDLQGIQKIY GPPDKIPPPT
           RPLPTVPPHR SIPPADPRKN DRPKPPRPPT GRPSYPGAKP NICDGNFNTL AILRREMFVF
           KDQWFWRVRN NRVMDGYPMQ ITYFWRGLPP SIDAVYENSD GNFVFFKGNK YWVFKDTTLQ
           PGYPHDLITL GSGIPPHGID SAIWWEDVGK TYFFKGDRYW RYSEEMKTMD PGYPKPITVW
           KGIPESPQGA FVHKENGFTY FYKGKEYWKF NNQILKVEPG YPRSILKDFM GCDGPTDRVK
           EGHSPPDDVD IVIKLDNTAS TVKAIAIVIP CILALCLLVL VYTVFQFKRK GTPRHILYCK
           RSMQEWVX
Ornithorhy IALLNFSASF S-EFCYDMGI MFLKSMVWKL CSTLCPHEQK FDVMVWLQKY GYLPPTDPRM
           SVLRSAETMQ SALAAMQQFY GINMTGKVDR NTIDWMKKPR CGVPDQTRGS SRFNIRRKRY
           ALTGQKWQHK HITYSIKNVT PKVGDAETRK AIRRAFDVWQ NVTPLTFEEV PYSELENGKR
           DVDITIIFAS GFHGDSSPFD GEGGFLAHAY FPGPGIGGDT HFDSDEPWTL GNPNHDGNDL
           FLVAVHELGH ALGLEHSNDP TAIMAPFYQY METDNFKLPN DDLQGIQKIY GPPDKIPPPT
           RPLPTVPPHR SLPPVDPRKN DRPKPPRPPT GKPSYPGAKP NICDGNFNTL AILRREMFVF
           KDQWFWRVRN NRVMDGYPMQ ITYFWRGLPP SVDAVYENSD GNFVFFKGNK YWVFKDTTLQ
           PGYPHDLISL GSGIPPHGID SAIWWEDVGK TYFFKGDRYW RYSEEMKSMD PGYPKPITIW
           KGIPESPQGA FVHKENGFTY FYKGKEYWKF NNQMLRVEPG YPRSILKDFM GCEGPTDRDK
           ERHSPQDDVD IVIKLDNTAS TVKAIAIVIP CILALCLLVL VYTVFQFKRK GTPRHILYCK
           RSMQEWVX
Vicugna    MILLTFGTGR RLDFVHHSGA FLLQTLLWIL CATVCGTEQY FNVEVWLQKY GYLPPTDPRM
           SVLRSAETMQ SALAAMQQFY GINMTGKVDR NTIDWMKKPR CGVPDQTRGS SKFNIRRKRY
           ALTGQKWQHK HITYSIKNVT PKVGDPETRK AIRRAFDVWQ NVTPLTFEEV PYSELENGKR
           DVDITIIFAS GFHGDSSPFD GEGGFLAHAY FPGPGIGGDT HFDSDEPWTL GNPNHDGNDL
           FLVAVHELGH ALGLEHSNDP TAIMAPFYQY METDNFKLPN DDLQGIQKIY GPPDKIPPPT
           RPLPTVPPHR SIPPADPRKN DRPRPPRPPT GRPSYPGAKP NICDGNFNTL AILRREMFVF
           KDQWFWRVRN NRVMDGYPMQ ITYFWRGLPP SIDAVYENSD GNFVFFKGNK YWVFKDTTLQ
           PGYPHDLISL GSGIPPHGID SAIWWEDVGK TYFFKGDRYW RYSEEMKTMD PGYPKPITVW
           KGIPESPQGA FVHKENGFTY FYKGKEYWKF NNQILKVEPG YPGSILKDFM GCDGPTDRDK
           EGHSP--FVD IVIKLDNT?S TVKAIAIVIP CILALCLLVL VYTVFQFKRK GTPRHILYCK
           RSMQEWVX
Monodelphi MILLTFSTAR RLDFVHHSGV FFLQTFLWIL WATVCGAEQY FNVEVWLQKY GYLPPTDPRM
           SVLRSAETMQ SALAAMQRFY GINMTGKVDR NTIDWMKKPR CGVPDQTRGS SKFNIRRKRY
           ALTGQKWQHK HITYSIKNVT PKVGDPETRK AIRRAFDVWQ NVTPLTFEEV PYSELENGKR
           DVDITIIFAS GFHGDSSPFD GEGGFLAHAY FPGPGIGGDT HFDSDEPWTL GNPNHDGNDL
           FLVAVHELGH ALGLEHSNDP TAIMAPFYQY METDNFKLPN DDLQGIQKIY GPPDKTPPPT
           RPLPTVPPHR SIPPLDPRKN DRPKPPRPPT GKPFYPGAKP NICDGNFNTL AILRREMFVF
           KDQWFWRVRN NRVMDGYPMQ ITYFWRGLPP SIDAVYENSD GNFVFFKGNK YWVFKDTTLQ
           PGYPHDLITL GNGIPPHGID SAIWWEDVGK TYFFKGDRYW RYSEEMKTMD PGYPKPITIW
           KGIPESPQGA FVHKENGFTY FYKGKEYWKF NNQVLKVEPG YPRSILKDFM GCEGPTDQDK
           ERHSPQDDVD IVIKLDNTAS TVKAIAIVIP CILALCLLVL VYTVFQFKRK GTPRHILYCK
           RSMQEWVX
Cavia      MILLTFSTGR RLDFVHHSGV FFLQTLLWIV CATVCGTEQY FNVEVWLQKY GYLPPTDPRM
           SVLRSAEAMQ SALAAMQQFY GINMTGKVDR NTIDWMKKPR CGVPDQTRGS SKFNVRRKRY
           ALTGQKWQHK HITYSIKNVT PKVGDPETRK AIRRAFDVWQ NVTPLTFEEV PYSELENGKR
           DVDITIIFAS GFHGDSSPFD GEGGFLAHAY FPGPGIGGDT HFDSDEPWTL GNPNHDGNDL
           FLVAVHELGH ALGLEHSNDP TAIMAPFYQY METDNFKLPN DDLQGIQKIY GPPDKIPPPT
           RPLPTVPPHR SIPPVDPRKH DRPKPPRPPT GRPSYPGAKP NICDGNFNTL AILRREMFVF
           KDQWFWRVRN NRVMDGYPMQ ITYFWRGLPP SIDAVYENSD GNFVFFKGNK YWVFKDTTLQ
           PGYPHDLITL GSGIPPHGID SAIWWEDVGK TYFFKGDRYW RYSEEMKTMD PGYPKPITVW
           KGIPESPQGA FVHKENGFTY FYKGKNIGKF NNQILKVEPG YPRSILKDFM GCD-PTDRVK
           EGHIPPDDVD IVIKLDNTAS TVKAIAIVIP CILALCLLVL VYTVFQFKRK GTPRHILYCK
           RSMQEWV-
Sarcophilu ---------- ---------- ---------- ---------- ---------- ----------
           --MYQAKT-- ---------- ---------- ---------- ---------- ----------
           ---------- ----SIKNVT PKVGDPETRK AIRRAFDVWQ NVTPLTFEEV PYSELENGKR
           DVDITIIFAS GFHGDSSPFD GEGGFLAHAY FPGPGIGGDT HFDSDEPWTL GNPNHDGNDL
           FLVAVHELGH ALGLEHSNDP TAIMAPFYQY METDNFKLPN DDLQGIQKIY GPPDKTPPPT
           RPLPTVPPHR SIPPLDPRKN DRPKPPRPPT GKPFYPGAKP NICDGNFNTL AILRREMFVF
           KDQWFWRVRN NRVMDGYPMQ ITYFWRGLPP SIDAVYENSD GNFVFFKGNK YWVFKDTTLQ
           PGYPHDLITL GNGIPPHGID SAIWWEDVGK TYFFKGDRYW RYSEEMKTMD PGYPKPITIW
           KGIPDSPQGA FVHKENGFTY FYKGKEYWKF NNQVLKVEPG YPRSILKDFM GCEGPTDRDK
           ERHSPPDDVD IVIKLDNTAS TVKAIAIVIP CILALCLLVL VYTVFQFKRK GTPRHILYCK
           RSMQEWVX
Equus      MILLTFSTGR RLDLVHHSGI FFLQTLLWIL CATVCGTEQY FNVEVWLQKY GYLPPTDPRM
           SVLRSAETMQ SALAAMQQFY GINMTGKVDR NTIDWMKKPR CGVPDQTRGS SKFNIRRKRY
           ALTGQKWQHK HITYSIKNVT PKVGDPETRK AIRRAFDVWQ NVTPLTFEEV PYSDLENGKR
           DVDITIIFAS GFHGDSSPFD GEGGFLAHAY FPGPGIGGDT HFDSDEPWTL GNPNHDGNDL
           FLVAVHELGH ALGLEHSNDP TAIMAPFYQY METDNFKLPN DDLQGIQKIY GPPDKIPPPT
           RPLPTVPPHR SVPPADPRKN DRPKPPRPPT GRPSYPGARP NICDGNFNTL AILRREMFVF
           KDQWFWRVRN NRVMDGYPMQ ITYFWRGLPP SIDAVYENSD GNFVFFKGNK YWVFKDTTLQ
           PGYPHDLITL GSGIPPHGID SAIWWEDVGK TYFFKGDRYW RYSEEMKTMD PGYPKPITVW
           KGIPESPQGA FVHKENGFTY FYKGKEYWKF NNQILKVEPG YPRSILKDFM GCDGPTDRDK
           EGHSPPDDVD IVIKLDNTAS TVKAIAIVIP CILALCLLVL VYTVFQFKRK GTPRHILYCK
           RSMQEWVX
Rattus     MILLAFSSGR RLDFVHRSGV FFFQTLLWIL CATVCGTEQY FNVEVWLQKY GYLPPTDPRM
           SVLRSAETMQ SALAAMQQFY GINMTGKVDR NTIDWMKKPR CGVPDQTRGS SKFNIRRKRY
           ALTGQKWQHK HITYSIKNVT PKVGDPETRR AIRRAFDVWQ NVTPLTFEEV PYSELENGKR
           DVDITIIFAS GFHGDSSPFD GEGGFLAHAY FPGPGIGGDT HFDSDEPWTL GNPNHDGNDL
           FLVAVHELGH ALGLEHSNDP TAIMAPFYQY METDNFKLPN DDLQGIQKIY GPPDKIPPPT
           RPLPTVPPHR SVPPADPRKN DRPKPPRPPT GRPSYPGAKP NICDGNFNTL AILRREMFVF
           KDQWFWRVRN NRVMDGYPMQ ITYFWRGLPP SIDAVYENSD GNFVFFKGNK YWVFKDTTLQ
           PGYPHDLITL GNGIPPHGID SAIWWEDVGK TYFFKGDRYW RYSEEMKTMD PGYPKPITIW
           KGIPESPQGA FVHKENGFTY FYKGKEYWKF NNQILKVEPG YPRSILKDFM GCDGPTDRDK
           EGLSPPDDVD IVIKLDNTAS TVKAIAIVIP CILALCLLVL VYTVFQFKRK GTPRHILYCK
           RSMQEWVX
Ochotona   MILLTFSIGR RVDFVHHSGV FFLQTLLWIL CATVCGAEQY FNVEVWLQKY GYLPPTDPRM
           SVLRSAETMQ SALAAMQQFY GINMTGKVDR NTIDWMKRPR CGVPDQTRGS SKFNIRRKRY
           ALTGQKWQHK HITYSIKNVT PKVGDPETRK AIRRAFDVWQ NVTPLTFEEV PYSELENGKR
           DVDITIIFAS GFHGD????? ?????????? ?????????? ?????????? ??????????
           ?????????? ?????????? ?????????? ?????????? ?????????? ?PPDKIPPPT
           RPLPTVPPHR SIPPADPRKN DRPKPPRPPT GRPSYPGAKP NICDGNFNTL AILRREMFVF
           K????????? ?????????? ?????????? ?????????? ????????NK YWVFKDTTLQ
           PGYPHDLITL GSGIPPHGID SAIWWEDVGK TYFFKGDRYW RYSEEMKTMD PGYPKPITVW
           KGIPESPQGA FVHKEN???? ?????????? ?????????? ?????????? ??????????
           ?????????? ?????????? ?????????? ?????????? ?????????? ??????????
           ??MQEWVX
Gorilla    MILLTFSTGR RLDFVHHSGV FFLQTLLWIL CATVCGTEQY FNVEVWLQKY GYLPPTDPRM
           SVLRSAETMQ SALAAMQQFY GINMTGKVDR NTIDWMKKPR CGVPDQTRGS SKFHIRRKRY
           ALTGQKWQHK HITYSIKNVT PKVGDPETRK AIRRAFDVWQ NVTPLTFEEV PYSELENGKR
           DVDITIIFAS GFHGDSSPFD GEGGFLAHAY FPGPGIGGDT HFDSDEPWTL GNPNHDGNDL
           FLVAVHELGH ALGLEHSNDP TAIMAPFYQY METDNFKLPN DDLQGIQKIY GPPDKIPPPT
           RPLPTVPPHR SIPPADPRKN DRPKPPRPPT GRPSYPGAKP NICDGNFNTL AILRREMFVF
           KDQWFWRVRN NRVMDGYPMQ ITYFWRGLPP SIDAVYENSD GNFVFFKGNK YWVFKDTTLQ
           PGYPHDLITL GSGIPPHGID SAIWWEDVGK TYFFKGDRYW RYSEEMKTMD PGYPKPITVW
           KGIPESPQGA FVHKENGFTY FYKGKEYWKF NNQILKVEPG YPRSILKDFM GCDGPTDRVK
           EGHSPPDDVD IVIKLDNTAS TVKAIAIVIP CILALCLLVL VYTVFQFKRK GTPRHILYCK
           RSMQEWVX
Procavia   MILLTFSTGR RLDFVHHSGV FFLQTLLWIL CATVCGAEQY FNVEVWLQKY GYLPPTDPRM
           SVLRSAETMQ SALAAMQQFY GINMTGKVDR NTI??????? ?????????? ??????????
           ?????????? ?????IKNVT PKVGDPETRK AIRRAFDVWQ NVTPLTFEEV PYSELENGKR
           DVDITIIFAS GFHGDSSPFD GEGGFLAHAY FPGPGIGGDT HFDSDEPWTL GNPNHDGNDL
           FLVAVHELGH ALGLEHSNDP TAIMV????? ?????????? ?????????? ?PPDKIPPPT
           RPLPTVPPHR SIPPVDPKKN DRPKPPRPPT GRPSHPGAKP NICDGNFNTL AILRREMFVF
           KDQWFWRVRN NRVMDGYPMQ ITYFWRGLPP SIDAVYENSD GNFVFFKGNK YWVFKDTTLQ
           PGYPHDLITL GSGIPPHGID SAIWWEDVGK TYFFKGDRYW RYSEEMKTMD PGYPKPITVW
           KGIPESPQGA FVHKENGFTY FYKGKEYWKF NNQILKVEPG YPRSILKDFM GCDGPTDRDK
           EGPSPPDDVD IVIKLDNTAS TVKAIAIVIP CILALCLLVL VYTVFQFKRK GTPRHILYCK
           RSMQEWVX
Mus        MILLAFSSGR RLDFVHRSGV FFLQTLLWIL CATVCGTEQY FNVEVWLQKY GYLPPTDPRM
           SVLRSAETMQ SALAAMQQFY GINMTGKVDR NTIDWMKKPR CGVPDQTRGS SKFNIRRKRY
           ALTGQKWQHK HITYSIKNVT PKVGDPETRR AIRRAFDVWQ NVTPLTFEEV PYSELENGKR
           DVDITIIFAS GFHGDSSPFD GEGGFLAHAY FPGPGIGGDT HFDSDEPWTL GNPNHDGNDL
           FLVAVHELGH ALGLEHSNDP TAIMAPFYQY METDNFKLPN DDLQGIQKIY GPPDKIPPPT
           RPLPTVPPHR SVPPADPRRH DRPKPPRPPT GRPSYPGAKP NICDGNFNTL AILRREMFVF
           KDQWFWRVRN NRVMDGYPMQ ITYFWRGLPP SIDAVYENSD GNFVFFKGNK YWVFKDTTLQ
           PGYPHDLITL GNGIPPHGID SAIWWEDVGK TYFFKGDRYW RYSEEMKTMD PGYPKPITIW
           KGIPESPQGA FVHKENGFTY FYKGKEYWKF NNQILKVEPG YPRSILKDFM GCDGPTDRDK
           EGLSPPDDVD IVIKLDNTAS TVKAIAIVIP CILALCLLVL VYTVFQFKRK GTPRHILYCK
           RSMQEWVX
Tursiops   MILLTFSTGR RLDFVHHSGV FYLQTLLWIL CATVCGTEQY FNVEVWLQKY GYLPPTDPRM
           SVLRSAETMQ SALAAMQQFY GINMTGKVDR NTIDWMKKPR CGVPDQTRGS SKFNIRRKRY
           ALTGQKWQHK HITYSIKNVT PKVGDPETRK AIRRAFDVWQ NVTPLTFEEV PYSELENGKR
           DVDITIIFAS GFH??????? ?????????? ?????????? ?????????? ??????????
           ?????????? ?????????? ?????????? ?????????? ?????????? ?PPDKIPPPT
           IPLPTVPPHR SNPPADPRKN DRPKPPRPPT GRPSYPGAKP NICDGNFNTL AILRREMFVF
           KDQWFWRVRN NRVMDGYPMQ ITYFWRGLPP SIDAVYENSD GNFVFFKGNK YWVFKDTTLQ
           PGYPHDLITL GSGIPPHGID SAIWWEDVGK TY-LKGDRYW RYSEEMKTMD PGYPKPITVW
           KGIPESPQGA FVHKENGFTY FYKGKEYWKF NNQILKVEPG YPRSILKDFM GCDGPTDRDK
           EGHSPPDDVD IVIKLDNTAS TVKAIAIVIP CILALCLLVL VYTVFQFKRK GTPRHILYCK
           RSMQEWVX
Tarsius    MILLTFSTGR RLDFVHHSGV FFLQTLLWIL CATVCGTEPY FNVEVWLQKY GYLPPTDPRM
           SVLRSAETMQ SALVAMQQFY GINMTGKVDR NTIDWMKKPR CGVPDQTRGN SKFHIRRKRY
           ALTGQKWQHK HITYSIKNVT PKVGDPETRK AIRRAFDVWQ NVTPLTFEEV PYSELENGKR
           DVDITIIFAS GFHGDSSPFD GEGGFLAHAY FPGPGIGGDT HFDSDEPWTL GNPNHDGNDL
           FLVAVHELGH ALGLEHSNDP TAIMAPFYQY METDNFKLPN DDLQGIQKIY GPPDKIPPPT
           RPLPTVPPHR SIPPVDPRKN DRPKPPRPPT GRPSYPGAKP NICDGNFNTL AILRREMFVF
           KDQWFWRVRN NRVMDGYPMQ ITYFWRGLPP SIDAVYENSD GNFVFFKGNK YWVFKDTTLQ
           PGYPHDLITL GSGIPPHGID SAIWWEDVGK TYFFKGDRYW RYSEEMKTMD PGYPKPITVW
           KGIPDSPQGA FVHKENGFTY FYKGKEYWKF NNQILKVEPG YPRSILKDFM GCDGPTDRVK
           EGHSPPDDVD IVIKLDNTAS TVKAIAIVIP CILALCLLVL VYTVFQFKRK GTPRHILYCK
           RSMQEWVX
Tupaia     MILLTFSTGR RLDFVHHSGV FVLQTFLWIL CATVCGTEQY FNVEVWLQKY GYLPPTDPRM
           SVLRSAETMQ SALAAMQQFY GINMTGKVDR NTI??????? ?????????? ??????????
           ?????????? ?????IKNVT PKVGDPETRK AIRRAFDVWQ NVTPLTFEEV PYSELENGKR
           DVDITIIFAS GFHGDSSPFD GEGGFLAHAY FPGPGIGGDT HFDSDEPWTL GNPNHD-???
           ?????????? ?????????? ?????????? ?????????? ?????????? ?PPDKIPPPT
           RPLPTAPPHR SIPPADPRKN DRPKPPRPPT GRPSYPGAKP NICDGNFNTL AILRREMFVF
           KDQWF-RVRN NRVMDGYPMQ ITYFWRGLPP SIDAVYENSD GNFVFFKGNK YWVFKDTTLQ
           PGYPHDLITL GSGIPPHGID SAIWWEDVGK TYFFKGDRYW RYSEEMKTMD PGYPKPITVW
           KGIPESPQGA FVHKENGFTY FYKGKEYWKF NNQILKVEPG YPRSILKDFM GWDGPMDRDK
           EGHSPPDDVD IVIKLDNTAS TVKAIAIVIP CILALCLLVL VYTVFQFKRK GTPRHILYCK
           RSMQEWVX
Ailuropoda LIVLNFWGQH FLGNTTNEST LFFHTKIALL CVSCQVIVEV YQVQVWLQKY GYLPPTDPRM
           SVLRSAETMQ AALAAMQQFY GINMTGKVDR NTIDWMKKPR CGVPDQTRGS SKFNVRRKRY
           ALTGQKWQHK HITYSIKNVT PKVGDPETRK AIRRAFDVWQ NVTPLTFEEV PYSELENGKR
           DVDITIIFAS GFHGDSSPFD GEGGFLAHAY FPGPGIGGDT HFDSDEPWTL GNPNHDGNDL
           FLVAVHELGH ALGLEHSNDP TAIMAPFYQY METDNFKLPN DDLQGIQKIY GPPDKIPPPT
           RPLPTVPPHR SVPPADPRKN DRPKPPRPPT GRPSYPGAKP NICDGNFNTL AILRREMFVF
           KDQWFWRVRN NRVMDGYPMQ ITYFWRGLPP SIDAVYENSD GNFVFFKGNK YWVFKDTTLQ
           PGYPHDLITL GSGIPPHGID SAIWWEDVGK TYFFKGDRYW RYSEEMKTMD PGYPKPITVW
           KGIPESPQGA FVHKENGFTY FYKGKEYWKF NNQILKVEPG YPRSILKDFM GCDGPTDRDK
           EGHSPPDDVD IVIKLDNTAS TVKAIAIVIP CILALCLLVL VYTVFQFKRK GTPRHILYCK
           RSMQEWVX
Bos        MSVLTSSTGR RLDFVHHSGI LYLQTLLWIL CATVCGTEQY FNVEVWLQKY GYLPPSDPRM
           SVLRSAETMQ SALAAMQQFY GINMTGKVDR NTIDWMKKPR CGVPDQTRGS SKFNIRRKRY
           ALTGQKWQHK HITYSIKNVT PKVGDPETRK AIRRAFDVWQ NVTPLTFEEV PYSELENGKR
           DVDITIIFAS GFHGDSSPFD GEGGFLAHAY FPGPGIGGDT HFDSDEPWTL GNPNHDGNDL
           FLVAVHELGH ALGLEHSNDP TAIMAPFYQY METDNFKLPS DDLQGIQKIY GPPDKIPPPT
           RPLPTVPPHR SVPPADPRKN DRPKPPRPPT GRPSYPGAKP NICDGNFNTL AILRREMFVF
           KDQWFWRVRN HRVMDGYPMQ ITYFWRGLPP SIDAVYENSD GNFVFFKGNK YWVFKDTTLQ
           PGYPHDLITL GSGIPPHGID SAIWWEDVGK TYFFKGDRYW RYSEEMKTMD PGYPKPITVW
           KGIPESPQGA FVHKENGFTY FYKGKEYWKF NNQILKVEPG YPRSILKDFM GCDGPTDREK
           EGHSPPDDVD IVIKLDNTAS TVKAIAIVIP CILALCLLVL VYTVFQFKRK GTPRHILYCK
           RSMQEWVX
Pan        MILLTFSTGR RLDFVHHSGV FFLQTLLWIL CATVCGTEQY FNVEVWLQKY GYLPPTDPRM
           SVLRSAETMQ SALAAMQQFY GINMTGKVDR NTIDWMKKPR CGVPDQTRGS SKFHIRRKRY
           ALTGQKWQHK HITYSIKNVT PKVGDPETRK AIRRAFDVWQ NVTPLTFEEV PYSELENGKR
           DVDITIIFAS GFHGDSSPFD GEGGFLAHAY FPGPGIGGDT HFDSDEPWTL GNPNHDGNDL
           FLVAVHELGH ALGLEHSNDP TAIMAPFYQY METDNFKLPN DDLQGIQKIY GPPDKIPPPT
           RPLPTVPPHR SIPPADPRKN DRPKPPRPPT GRPSYPGAKP NICDGNFNTL AILRREMFVF
           KDQWFWRVRN NRVMDGYPMQ ITYFWRGLPP SIDAVYENSD GNFVFFKGNK YWVFKDTTLQ
           PGYPHDLITL GSGIPPHGID SAIWWEDVGK TYFFKGDRYW RYSEEMKTMD PGYPKPITVW
           KGIPESPQGA FVHKENGFTY FYKGKEYWKF NNQILKVEPG YPRSILKDFM GCDGPTDRVK
           EGHSPPDDVD IVIKLDNTAS TVKAIAIVIP CILALCLLVL VYTVFQFKRK GTPRHILYCK
           RSMQEWVX
Homo       MILLTFSTGR RLDFVHHSGV FFLQTLLWIL CATVCGTEQY FNVEVWLQKY GYLPPTDPRM
           SVLRSAETMQ SALAAMQQFY GINMTGKVDR NTIDWMKKPR CGVPDQTRGS SKFHIRRKRY
           ALTGQKWQHK HITYSIKNVT PKVGDPETRK AIRRAFDVWQ NVTPLTFEEV PYSELENGKR
           DVDITIIFAS GFHGDSSPFD GEGGFLAHAY FPGPGIGGDT HFDSDEPWTL GNPNHDGNDL
           FLVAVHELGH ALGLEHSNDP TAIMAPFYQY METDNFKLPN DDLQGIQKIY GPPDKIPPPT
           RPLPTVPPHR SIPPADPRKN DRPKPPRPPT GRPSYPGAKP NICDGNFNTL AILRREMFVF
           KDQWFWRVRN NRVMDGYPMQ ITYFWRGLPP SIDAVYENSD GNFVFFKGNK YWVFKDTTLQ
           PGYPHDLITL GSGIPPHGID SAIWWEDVGK TYFFKGDRYW RYSEEMKTMD PGYPKPITVW
           KGIPESPQGA FVHKENGFTY FYKGKEYWKF NNQILKVEPG YPRSILKDFM GCDGPTDRVK
           EGHSPPDDVD IVIKLDNTAS TVKAIAIVIP CILALCLLVL VYTVFQFKRK GTPRHILYCK
           RSMQEWVX
Oryctolagu MILLTFSTGR RLDFVHHSGV FFLQTLLWIL CATVCGTEQY FNVEVWLQKY GYLPPTDPRM
           SVLRSAETMQ SALAAMQQFY GINMTGKVDR NTIDWMKKPR CGVPDQTRGS SKFNVRRKRY
           ALTGQKWQHK HITYSIKNVT PKVGDPETRK AIRRAFDVWQ NVTPLTFEEV PYSELENGKR
           DVDITIIFAS GFHGDSSPFD GEGGFLAHAY FPGPGIGGDT HFDSDEPWTL GNPNHDGNDL
           FLVAVHELGH ALGLEHSNDP TAIMAPFYQY METDNFKLPN DDLQGIQKIY GPPDKIPPPT
           RPLPTVPPHR SIPPVDPRKN DRPRPPRPPT GRPSYPGAKP NICDGNFNTL AILRREMFVF
           KDQWFWRVRN NRVMDGYPMQ ITYFWRGLPP SIDAVYENSD GNFVFFKGNK YWVFKDTTLQ
           PGYPHDLITL GSGIPPHGID SAIWWEDVGK TYFFKGDRYW RYSEEMKTMD PGYPKPITVW
           KGIPESPQGA FVHKENGFTY FYKGKEYWKF NNQILKVEPG YPRSILKDFM GCDGPTDRDK
           EGHSPPDDVD IVIKLDNTAS TVKAIAIVIP CILALCLLVL VYTVFQFKRK GTPRHILYCK
           RSMQEWVX
Dasypus    MILLTFSTGR RLDFVHHSGV FFLQTLLWIL CATVCGTEQY FNVEVWLQKY GYLPPTDPRM
           SVLRSAETMQ SALAAMQQFY GINMTGKVDR NTIDWMKKPR CGVPDQTRGS SKFNIRRKRY
           ALTGQKWQHK HITYSIKNVT PKVGDPETRR AIRRAFDVWQ NVTPLTFEEI PYSELENGKR
           DVDITIIFAS GFHGDSSPFD GEGGFLAHAY FPGPGIGGDT HFDSDEPWTL GNPNHDGNDL
           FLVAVHELGH ALGLEHSNDP TAIMAPFYQY METDNFKLPN DDLQGIQKIY GPPDKIPPPT
           RPLPTVPPHR SVPPADPRKN DRPKPPRPPT GRPSYPGAKP NICDGNFNTL AILRREMFVF
           KDQWFWRVRN NRVMDGYPMQ ITYFWRGLPP SIDAVYENSD GNFVFFKGKN --VF------
           ----HVLLY- ---------- --IW------ ------SR-- ---------- ----------
           ---------- ---------- ---------- ---------- ---------- ----------
           ---------- ---------- ---------- ---------- ---------- ----------
           --------
Mustela    MILLTFSTGR RLDFVHHSGV FFLQTLLWIL CATVCGTEQY FNVEVWLQKY GYLPPTDPRM
           SVLRSAETMQ AALAAMQQFY GINMTGKVDR NTIDWMKKPR CGVPDQTRGS SKFNVRRKRY
           ALTGQKWQHK HITYSIKNVT PKVGDPETRK AIRRAFDVWQ NVTPLTFEEV PYSELENGKR
           DVDITIIFAS GFHGDSSPFD GEGGFLAHAY FPGPGIGGDT HFDSDEPWTL GNPNHDGNDL
           FLVAVHELGH ALGLEHSNDP TAIMAPFYQY METDNFKLPN DDLQGIQKIY GPPDKIPPPT
           RPLPTVPPHR SVPPADPRKN DRPKPPRPPT GRPSYPGAKP NICDGNFNTL AILRREMFVF
           KDQWFWRVRN NRVMDGYPMQ ITYFWRGLPP SIDAVYENSD GNFVFFKGNK YWVFKDTTLQ
           PGYPHDLITL GSGIPPHGID SAIWWEDVGK TYFFKGDRYW RYSEEMKTMD PGYPKPITVW
           KGIPESPQGA FVHKENAIQY ---------- ---------- ---------- ----------
           ----PP---- ----LNNEKS --KIILHII- ---------- --------QK GGEGLLDYIK
           TSSSHWSR
Pteropus   ---------- ---------- ---------- ---------- ----VWLQKY GYLPAPGPHA
           SALRSAATMQ SALAAMQQFY GINTTGRVDP DTLAWMKKPR CGVRDQTRS- --FN--RKRY
           AT--QKWQHK HI-YSIKNVT PKVGDPETRK AIRRAFDVWQ NVTPLTFEEV PYGELESGRR
           DADITIIFAS GFHGDSSPFD GEGGFLAHAY FPGPGIGGDT HFDSDEPWTL GNPNHDGNDL
           FLVAVHELGH ALGLEHSNDP TAIMAPFYQY MDTESFRLPS DDLQGIQKIY GPPDKTPPPT
           RALPTVPPQR SVPPADPRKN DRPRPPRPPT GRPAAPGAKP SICDGDFNTL AVLRREMFVF
           KDQWFWRVRN NRVMDGYPMQ ITYFWRGLPP GIDAVYENSD GNFVFFKGNK YWVFKDTTLQ
           PGYPHDLVTL GSGVPPHGID SAIWWEDVGK TYFFKGD--- ---------- ----------
           ---------- ---------- ---------- ---------- ---------- ----------
           ---------- ---------- ---------- ---------- ---------- ----------
           --------
Sus        NIIYIYKQRR KIKLRHKSNM YFLDHAIFSL CFYVI-KEEY QVLQVWLQKY GYLPPTDPRM
           SVLRSAETMQ SALAAMQQFY GINMTGKVDR NTIDWMKKPR CGVPDQTRGS SKFNIRRKRY
           ALTGQKWQHK HITYSIKNVT PKVGDPETRK AIRRAFDVWQ NVTPLTFEEV PYSELENGKR
           DVDITIIFAS GFHGDSSPFD GEGGFLAHAY FPGPGIGGDT HFDSDEPWTL GNPNHDGNDL
           FLVAVHELGH ALGLEHSNDP TAIMAPFYQY METDNFKLPN DDLQGIQKIY GPPDKIPPPT
           RPLPTVPPHR SIPPVDPRKN DRPKPPRPPT GRPSYPGAKP NICDGNFNTL AILRREMFVF
           KDQWFWRVRN NRVMDGYPMQ ITYFWRGLPP SIDAVYENSD GNFVFFKGNK YWVFKDTTLQ
           PGYPHDLMTL GSGIPPHGID SAIWWEDVGK TYFFKGDRYW RYSEEMKTMD PGYPKPITVW
           KGIPESPQGA FVHKENGFTY FYKGKEYWKF NNQILKVEPG YPRSILKDFM GCDGPTDRDK
           EGHSPPDDVD IVIKLDNTAS TVKAIAIVIP CILALCLLVL VYTVFQFKRK GTPRHILYCK
           RSMQEWVX
Myotis     ---------- ---------- ---------- ---------- ----VWLQKY GYLPPTEPRL
           AVLRSAEAMQ SALAAMQQFY GINMTGKVDR NTIDWMKRPR CGVPDQTRGG SRFSVRRKRY
           ALTGQKWQHK HITYSIKNVT PKVGDPETRR AIRRAFDVWQ NVTPLTFEEV PYSELENGKR
           DVDITIIFAS GFHGDSSPFD GEGGFLAHAY FPGPGIGGDT HFDSDEPWTL GNPNHDGNDL
           FLVAVHELGH ALGLEHSNDP TAIMAPFYQY METDSFQLPS DDLQGIQKIY GPPDKTPPPT
           RPLPTAPPHR SVPPADPRRN DRPKPPRPPT GRPAYPGAKP SICEG-FNTL AVLRREMFVF
           KDQWFWRVRN NRVMDGYPMQ ITYFWRGLPP GIDAVYENNE GNFVFFKGNK YWVFKDTTLQ
           PGYPHDLVSL GSGIPPHGID SAIWWEDVGK TYFFKGNRYW RYSEEMKTMD PGYPKPITVW
           KGIPDSPQGA FVHKENGFTY FYKGKEYWKF NNQILKVEPG YPRSILKDFM GCDGPTDRHT
           EGHSPPDDVD IVIKLDNTAG TVRAVAIVIP CILALCLLAL AYTVLQFKRK GTPRHILYCK
           RSMQEWVX
Otolemur   ---------- ---------- --------EL C--------- LSLQVWLQKY GYLPPTDPRM
           SVLRSAETMQ SALAAMQQFY GINMTGKVDR NTIDWMKKPR CGVPDQTRGS SKFHIRRKRY
           ALTGQKWQHK HITYSIKNVT PKVGDPETRK AIRRAFDVWQ NVTPLTFEEV PYSELENGKR
           DVDITIIFAS GFHGDSSPFD GEGGFLAHAY FPGPGIGGDT HFDSDEPWTL GNPNHDGNDL
           FLVAVHELGH ALGLEHSNDP TAIMAPFYQY METDNFKLPN DDLQGIQKIY GPPDKIPPPT
           RPLPTVPPHR SIPPADPRKH DRPKPPRPPT GRPSYPGAKP NICDGNFNTL AILRREMFVF
           KDQWFWRVRN NRVMDGYPMQ ITYFWRGLPP SIDAVYENSD GNFVFFKGNK YWVFKDTTLQ
           PGYPHDLITL GSGIPPHGID SAIWWEDVGK TYFFKGDRYW RYSEEMKTMD PGYPKPITVW
           KGIPESPQGA FVHKENGFTY FYKGKEYWKF NNQILKVEPG YPRSILKDFM GCDGPTDRVK
           EGHSPPDDVD IVIKLDNTAS TVKAIAIVIP CILALCLLVL VYTVFQFKRK GTPRHILYCK
           RSMQEWVX
Dipodomys  MILFTLSTGR RLDFLHHSGV -FLQSLLWIL CATVCGTEQY FNVEVWLQKY GYLPPTEPRM
           SVLRSAETMQ SALSAMQQFY GINMTGKVDR NTIDWMKKPR CGVPDQTRGS SKFNIRRKRY
           ALTGQKWQHK HITYSIKNVT PKVGDPETRK AIRRAFDVWQ NVTPLTFEEV PYSELKNGKR
           DVDIT????? ?????????? ?????????? ?????????? ?????????? ???????NDL
           FLVAVHELGH ALGLEHSNDP TAIMAPFYQY METDNFKLPN DDLQGIQKIY GPPDKIPPPT
           RPLPTVPPHR SIPPADPRKN DRPKPPRPPT GRPSYPGAKP NICDGNFNTL AILRREMFVF
           KDQWFWRVRN NRVMDGYPMQ ITYFWRGLPP SIDAVYENSD GNFVFFKGNK YWVFKDTTLQ
           PGYPHDLITL GNGIPPHGID SAIWWEDVGK TYFFKGDRYW RYSEEMKTMD PGYPKPITVW
           KGIPESPQGA FVHKENGFTY FYKGKEYWKF NNQILKVEPG YPRSILKDFM GCDGPTDRDK
           EGHSPPDDVD IIIKLDNTAS TVKAIAIVIP CILALCLLVL VYTVFQFKRK GTPRHILYCK
           RSMQEWVX
Microcebus MILLTFSTGR RLDFVHHSGV FFLQTLLWIL CATVCGTEQY FNVE?????? ??????????
           ?????????? ?????????? ?????????? ?????????? ?????????? ??????????
           ?????????? ?????IKNVT PKVGDPETRK AIRRAFDVWQ NVTPLTFEEV PYSELENGKR
           DVDITIIFAS GFHGDSSPFD GEGGFLAHAY FPGPGIGGDT HFDSDEPWTL GNPNHDGNDL
           FLVAVHELGH ALGLEHSNDP TAIMAPFYQY METDNFKLPN DDLQGIQKIY GPPDKIPPPT
           RPLPTVPPHR SIPPA-PRKN DRPKPPRPPT GRPSYPGAKP NICDGNFNTL AILRREMFVF
           KDQWFWRVRN NRVMDGYPMQ ITYFWRGLPP SIDAVYENSD GNFVFFKGNK YWVF-DTTL-
           PGYPHDI--L WSG-PPH--D SAIWWEDVGK TYFFKGDRYW RYSEEMKTMD PGYPKPITVW
           KGIPESPQGA FVHKENGFTY FYKGKEYWKF NNQILKVEPG YPRSILKDFM GCDGPTDRVK
           EGHSPPDDVD IVIKLDNTAS TVKAIA---- ---------- ---------- ----------
           --------
