   40   381
Dasypus    MESPVQIFRG DPGPSCAPSA CLLRNSSSWF PGWAEPDGNG SAGAEDAPPE PAHISPAIPV
           IITAVYSVVF VVGLVGNSLV MFVIIRYTKM KTATNIYIFN LALADALVTT TMPFQSTVYL
           MNSWPFGDVL CKIVISIDYY NMFTSIFTLT MMSVDRYIAV CHPVKALDFR TPLKAKIINI
           CIWLLSSSVG ISAIVLGGTK VREDVDIVEC SLQFPDDNYS WWDLFLKLCV FVFAFVVPVV
           IIIICYTLMI LRLKSVRLLS GSREKDRNLR RITRLVLVVV AVFVVCWTPI HIFILVEALG
           STSHGTAALS SYYFCIALGY TNSSLNPILY AFLDENFKRC FRDFCFPVKM RVERQSTSRV
           RNTVQDPAYG RDVDGVNKPV X
Echinops   -EPPVQIFRE DPGPTCADSA CLRPNSSGWF PGWSEPADPG NGSSAGTTEE PAQISPIIPI
           IITAVYSVVF VVGLVGNSLV MFVIIRYTKM KTATNIYIFN LALADALVMT TMPFQSTVYL
           MNSWPFGDVL CKIVISIDYY NMFTSIFTLT MMSVDRYIAV CHPVKALDFR TPLKAKVINI
           CIWLLSSSVG ISAIVLGGTK VREDVDVIEC SLQFPDDDYS WWDLFMKICV FIFAFVIPVL
           IIIVCYTLMI LRLKSVRLLS GSREKDRNLR RITRLVLVVV AVFVVCWTPI HIFILVEALG
           STSHSTAALA SYYFCIALGY TNSSLNPILY AFLDENFKRC FRDFCFPLKV RMERQSTSRV
           RNTIQDPAYM QDVGRINKPV X
Pongo      MDSPIQIFRG EPGPTCAPSA CLPANSSAWF PGWAEPDSNA SAGSEDAQLE PAHISPAIPV
           IITAVYSVVF VVGLVGNSLV MFVIIRYTKM KTATNIYIFN LALADALVTT TMPFQSTVYL
           MNSWPFGDVL CKIVISIDYY NMFTSIFTLT MMSVDRYIAV CHPVKALDFR TPLKAKIINI
           CIWLLSSSVG ISAIVLGGTK VREDVDVIEC SLQFPDDDYS WWDLFMKICV FVFAFVIPVL
           IIIVCYTLMI LRLKSVRLLS GSREKDRNLR RITRLVLVVV AVFIVCWTPI HIFILVEALG
           STSHSTAALS SYYFCIALGY TNSSLNPILY AFLDENFKRC FRDFCFPLKM RMERQSTSRV
           RNTVQDPAYL RDVDGMNKPV X
Loxodonta  MEPPVQIFRG DPVPTCAPSA CLLPNSSGWF PGWAETDGNG SAGPEDAHLE PAHISPVIPI
           IITAVYSVVF VVGLVGNSLV MFVIIRYTKM KTATNIYIFN LALADALVTT TMPFQSTVYL
           MNSWPFGDVL CKIVISIDYY NMFTSIFTLT MMSVDRYIAV CHPVKALDFR TPLKAKIINI
           CIWLLSSSVG ISAIVLGGTK VREDVDIIEC SLQFPDDDYS WWDLFMKICV FLFAFVIPVL
           IIIVCYTLMI LRLKSVRLLS GSREKDRNLR RITRLVLVVV AVFVVCWTPI HIFILVEALG
           STSHSTAALS SYYFCIALGY TNSSLNPILY AFLDENFKRC FRDFCFPIKM RMECQSTSRV
           RNTVQEPAYM QDVDGINKPV -
Canis      MESPVQIFRG EPGPTCSAST CLLPNGSGWL PGWAETEGNH SGGSEGAQLE SAHISPAIPV
           IITAVYSVVF VVRLVGNSLV MFVIIRYTKM KTATNIYIFN LALADALVTT TMPFQSTVYL
           MNSWPFGDVL CKIVISIDYY NMFTSIFTLT MMSVDRYIAV CHPVKALDFR TPMKAKIINI
           CIWLLSSSVG ISAIVLGGTK VREDVDVIEC SLQFPDDDYS WWDLFMKICV FIFAFVIPVL
           IIIICYTLMI LRLKSVRLLS GSREKDRNLR RITRLVLVVV AVFIICWTPI HIFILVEALG
           NASHSTAALS SYYFCIALGY TNSSLNPILY AFLDENFKRC FRDFCFPIKM RMERQSTSRV
           RNTVQDPAYM RDVDGLNKPV X
Macaca     MDSPVQIFRG EPGPTCAPSA CLPPNSSAWF PGWAELDSNG SAGSEDAQLE PAHISPAIPG
           LLEEVKDFLG VFGGVLRKCY CFFSFRYTKM KTATNIYIFN LALADALVTT TMPFQSTVYL
           MNSWPFGDVL CKIVISIDYY NMFTSIFTLT MMSVDRYIAV CHPVKALDFR TPLKAKIINI
           CIWLLSSSVG ISAIVLGGTK VREDVDVIEC SLQFPDDDYS WWDLFMKICV FVFAFVIPVL
           IIIVCYTLMI LRLKSVRLLS GSREKDRNLR RITRLVLVVV AVFIVCWTPI HIFILVEALG
           STSHSTAALS SYYFCIALGY TNSSLNPILY AFLDENFKRC FRDFCFPLKM RMERQSTSRV
           RNTVQDPAYL RDVDGINKPV X
Myotis     MESPVQIFRG DPGPTCAPST CLLPNGSGGV AGWAEPDSNS SAGSEDTPLE AAYISPAIPV
           IITAVYSLVF VVGLVGNSLV MFVIIRYTKM KTATNIYIFN LALADALVTT TMPFQSTVYL
           MNSWPFGDVL CKIVISIDYY NMFTSIFTLT MMSVDRYIAV CHPVKALDFR TPLNAKIINI
           CIWLLSSSVG ISAIVLGGTK VREDLDVIEC SLQFPDDNYS WWDLFMKICV FVFAFVIPVI
           IIIICYTLMI LRLKSVRLLS GSREKDRNLR RITRLVLVVV AVFIICWTPI HIFILVEALG
           STSHSTAALS SYYFCIALGY TNSSLNPILY AFLDENFKRC FRDFCFPVKM RMERQSTSRV
           RNTVQDPAYV RDVDGINKPV X
Felis      ---------- ---------- ---------- ---------- ---------- ----------
           ---------- ---------- ------YTKM KTATNIYIFN LALADALVTT TMPFQSTVYL
           MNSWPFGDVL CKIVISIDYY NMFTSIFTLT MMSVDRYIAV CHPVKALDFR TPMKAKIINI
           CIWLLSSSVG ISAIVLGGTK VREDVDVIEC SLQFPDDEYS WWDLFMKICV FVFAFVIPVL
           IIIICYTLMI LRLKSVRLLS GSREKDRNLR RITRLVLVVV AVFIICWTPI HIFILVEALG
           NASHSTAALS SYYFCIALGY TNSSLNPILY AFLDENFKRC FRDFCFPVNM RTERQSTSRV
           RNAVQDPAYM RDVDGTNKPV X
Callithrix MDSPVQIFRG EPGPTCTPGA CLPPNSSAWF PGGAEPDSNG SAGSGDAQLE PAHMSPAIPV
           IITAVYSVVF VVGLVGNSLV MFVIIRYTKM KTATNIYIFN LALADALVTT TMPFQSTVYL
           MNSWPFGDVL CKIVISIDYY NMFTSIFTLT MMSVDRYIAV CHPVKALDFR TPLKAKIINI
           CIWLLSSSVG ISAIVLGGTK VREDVDVIEC SLQFPDDDYS WWDLFMKICV FVFAFIIPVL
           IIVVCYTLMI LRLKSVRLLS GSREKDRNLR RITRLVLVVV AVFIICWTPI HIFILVEALG
           STSHSTAALS SYYFCIALGY TNSSLNPILY AFLDENFKRC FRDFCFPLKM RMERQSTSRV
           QNTVQDPAYL RDVDGMNKPV X
Macropus   MESPVQIFRG DLGPTCPPGS CLLPNSSNWF PGWAEQDNNE SDSYEDQQLN HTRISPAIPI
           IITAVYSVVF VVGLVGNSLV MFVIIRYTKM KTATNIYIFN LAMADALVTT TIPFQSTEYL
           MNSWPFGDVL CKIVISIDYY NMFTSIFTLT MMSVDRYIAV CHPVKALDFR TPLKAKI???
           ?????????? ?????????? ????IDAIEC SLQFPDVDYS WWDLFMKICV FVFAFVIPVL
           IIIVCYTLMI LRLKSVRLLS GSREKDRNLR RITRLVLVVV AVFIICWTPI HIFVLVEALG
           STSHSTAVLS SYYFCIALGY TNSSLNPILY AFLDENFKRC FRDFCFPFKA RMERQSTTRV
           QNTVQDTPYM REVDGINKPV X
Sorex      MEPPVQIFRG DPRPSCP--L CPARNAS--- ------DGNG TAGPGNAPLE PAHVSAAIPV
           IITAVYSVVF VVGLVGNSLV MFVIIRYTKM KTATNIYIFN LALADALVTT TMPFQSTVYL
           MNSWPFGDVL CKIVISIDYY NMFTSIFTLT MMSVDRYIAV CHPVKALDFR TPLKAKIINI
           CIWLLSSSVG ISAIVLGGTK VREDVDVIEC SLQFPDADYS WWDLFMKLCV FIFAFVIPVL
           IIIVCYTLMI LRLKSVRLLS GSREKDRNLR RITRLVLVVV AVFIVCWTPI HIFILVEALG
           STSHSTAALS SYYFCIALGY TNSSLNPILY AFLDENFKRC FRDFCFPIKM RMERQSTTRV
           KNTIQDPAYT RDVDGMSKPV X
Choloepus  ---------- ---------- ---------- ---------- ---------- ----------
           ---------- ---------V MFVII-FTKM KTATNIYIFN LALADALVTT TMPFQSTVYL
           MNSWPFGDVL CKIVISIDYY NMFTSIFTLT MMSVDRYIAV CHPVKALDFR TPLKAKIINI
           CIWLLSSSVG ISAIVLGGTK VRE??????? ?????????? ?????????? ??????IPVL
           IIIVCYTLMI LRFRSVRLLS GSREKDRNFR RITRLVLVVV AVFIICWTPI HIFILVEALG
           STSHSTAALS SYYFCIALGY TNSSLNPILY AFLDENFKRC FRDFCFPVKM RMERQSTSRV
           RNTVQDPAYL RDADGLNKPV R
Nomascus   MDSPIQIFRG EPGPTCSPST CLPPNSSAWF PGWAEPDSNR SAGSEDAQLE TAHISPAIPV
           IITAVYSVVF VVGLVGNSLV MFVIIRYTKM KTATNIYIFN LALADALVTT TMPFQSTVYL
           MNSWPFGDVL CKIVISIDYY NMFTSIFTLT MMSVDRYIAV CHPVKALDFR TPLKAKIINI
           CIWLLSSSVG ISAIVLGGTK VREDVDVIEC SLQFPDDDYS WWDLFMKICV FVFAFVIPVL
           IIIVCYTLMI LRLKSVRLLS GSREKDRNLR RITRLVLVVV AVFIVCWTPI HIFILVEALG
           STSHSTAALS SYYFCIALGY TNSSLNPILY AFLDENFKRC FRDFCFPLKM RMERQSTSRV
           RNTVQDPAYL RDVDGMNKPV X
Ornithorhy ---------- ---------- ---------- ---------- ---------- ----------
           ---------- ---------- FFLLYRYTKM KTATNIYIFN LALADALVTT TMPFQSTEYL
           LNSWPFGDVL CKIVISIDYY NMFTSIFTLT MMSVDRYIAV CHPVKALDFR TPVKAKIINI
           CIWLLSSSVG ISAIVLGGTK VREDMDTIEC SLQFPDPHYS WWDLFMKICV FIFAFVIPVL
           IIVVCYTLMI VRLKSVRLLS GSREKDRNLR RITRLVLVVV AVFVVCWTPI HIFVLVEALG
           STSHSPAALS SYYFCIALGY TNSSLNPILY AFLDENFKRC FRDFCFPFKS RMDRQSTSRI
           RNTVQDHSYL READGVNKPV X
Vicugna    ---------- ---------- ---------- ---------- ---------- ----------
           ---------- ---------V EFLII????? ?????????? ?????????? ??????????
           ?????????? ?????????? ?????????? ?????????? ?????????? ??????????
           ?????????? ?????????? ????VDVIEC SLQFPDDDYS WWDLFMKICV FVFAFVIPVL
           IIIVCYTLMI LRLKSVRLLS GSREKDRNLR RITRLVLVVV AVFIVCWTPI HIFILVEALG
           STSHSTAALS SYYFCIALGY TNSSLNPILY AFLDENFKRC FRDFCFPIKM RMERQSTSRV
           RNTVQNPTYM RDVDGINKPV X
Monodelphi MESPVQIFRG DMAPTCPPGN CLLPNSSNWF PGWADQDNNE SDSYEDQQLN HTHISPVIPI
           IITAVYSVVF VVGLVGNSLV MFVIIRYTKM KTATNIYIFN LAMADALVTT TMPFQSTEYL
           MNSWPFGDVL CKVVISIDYY NMFTSIFTLT MMSVDRYIAV CHPVKALDFR TPLKAKIINI
           CIWLLSSSVG ISAIVLGGTK VREDLDTIEC SLQFPDADYS WWDLFMKICV FVFAFVIPVL
           IIIVCYTLMI LRLKSVRLLS GSREKDRNLR RITRLVLVVV AVFIICWTPI HIFVLVEALG
           NTSHSTAALS SYYFCIALGY TNSSLNPILY AFLDENFKRC FRDFCFPFR- RMERQSTSRV
           QNTVQDTPYM REVDGINKPV X
Cavia      MDAPVQIFRG EPGPTCAPNA CLLPNGSAWL PGWAEPDGNG SAGPQDEQLE PAHISPAIPV
           IITAVYSVVF VVGLVGNSLV MFVIIRYTKM KTATNIYIFN LALADALVTT TMPFQSTVYL
           MNSWPFGDVL CKIVISIDYY NMFTSIFTLT MMSVDRYIAV CHPVKALDFR TPLKAKIINI
           CIWLLSSSVG ISAIVLGGTK VREDVDIIEC SLQFPDDDYS WWDLFMKICV FVFAFVIPVL
           IIIVCYTLMI LRLKSVRLLS GSREKDRNLR RITRLVLVVV AVFIICWTPI HIFILVEALG
           STSHSTAALS SYYFCIALGY TNSSLNPILY AFLDENFKRC FRDFCFPIKM RMERQSTSRV
           RNTVQDPAYM RNVDGVNKPV X
Sarcophilu MESPVQIFRG DLGPTCPPSS CLLPNSSNWF PGWAEQDSNE SDSYEDQQLN HTHISPAIPI
           IITAVYSVVF IVGLVGNSLV MFVIIRYTKM KTATNIYIFN LAMADALVTT TMPFQSTEYL
           MNSWPFGDVL CKIVISIDYY NMFTSIFTLT MMSVDRYIAV CHPVKALDFR TPLKAKMINI
           CIWLLSSSVG ISAIVLGGTK VREDMDTIEC SLQFPDDDYS WWDLFMKICV FVFAFIIPVL
           IIIVCYTLMI LRLKSVRLLS GSREKDRNLR RITRLVLVVV AVFIICWTPI HIFVLVEALG
           STSHSTAALS SYYFCIALGY TNSSLNPILY AFLDENFKRC FRDFCFPFKA RMERQSTTRV
           QNTVQDTPYM REVDGINKPV X
Rattus     MESPIQIFRG EPGPTCAPSA CLLPNSSSWF PNWAESDSNG SVGSEDQQLE PAHISPAIPV
           IITAVYSVVF VVGLVGNSLV MFVIIRYTKM KTATNIYIFN LALADALVTT TMPFQSAVYL
           MNSWPFGDVL CKIVISIDYY NMFTSIFTLT MMSVDRYIAV CHPVKALDFR TPLKAKIINI
           CIWLLASSVG ISAIVLGGTK VREDVDVIEC SLQFPDDEYS WWDLFMKICV FVFAFVIPVL
           IIIVCYTLMI LRLKSVRLLS GSREKDRNLR RITKLVLVVV AVFIICWTPI HIFILVEALG
           STSHSTAVLS SYYFCIALGY TNSSLNPVLY AFLDENFKRC FRDFCFPIKM RMERQSTNRV
           RNTVQDPASM RDVGGMNKPV X
Ochotona   MESPVQIFRG EPAPTCAPSA CLFPNSSAWF PNWAEPDGNG TVGAEDAQLE PTHISPVIPV
           IITAVYSVVF VVGLVGNSLV MFVIIRYTKM KTATNIYIFN LALADALVTT TMPFQSTVYL
           MNSWPFGDVL CKIVISIDYY NMFTSIFTLT MMSVDRYIAV CHPVKALDFR TPLKAKIINI
           CIWLLSSSVG ISAIVLGGTK VREDMDVIEC SLQFPDDDYS WWDLFMKICV FVFAFVIPVL
           IIIVCYTLMI LRLKSVRLLS GSREKDRNLR RITRLVLVVV AVFIICWTPI HIFILVEALG
           STSHSTAALS SYYFCIALGY TNSSLNPILY AFLDENFKRC FRDFCFPIKM RMERQSTSRV
           RNTVHGSAYM RDVDGMN--- -
Gorilla    MDSPIQIFRG QPGPTCAPSA CLPANSSAWF PGWAEPDSNS SAGSEDAQLE PAHISPAIPV
           IITAVYSVVF VVGLVGNSLV MFVIIRYTKM KTATNIYIFN LALADALVTT TMPFQSTVYL
           MNSWPFGDVL CKIVISIDYY NMFTSIFTLT MMSVDRYIAV CHPVKALDFR TPLKAKIINI
           CIWLLSSSVG ISAIVLGGTK VREDIDVIEC SLQFPDDDYS WWDLFMKICV FIFAFVIPVL
           IIIVCYTLMI LRLKSVRLLS GSREKDRNLR RITRLVLVVV AVFVVCWTPI HIFILVEALG
           STSHSTAALS SYYFCIALGY TNSSLNPILY AFLDENFKRC FRDFCFPLKM RMERQSTSRV
           RNTVQDPAYL RDVDGMNKPV X
Procavia   MEPPVQIFRG DSVPTYAPNA CMLPNNSDLF PGWAEPDGNG SAGLEDVPLE PAHISPVIPI
           IITAVYSAVF VVGLVGNSLV MFVIIRYTKM KTATNIYIFN LALADALVTT TMPFQSTVYL
           MNSWPFGDVL CKIVISIDYY NMFTSIFTLT MMSVDRYIAV CHPVKALDFR TPFKAKIINI
           CIWLLSSSVG ISAIVLGGTK VRE??????? ?????????? ?????????? ??????????
           ?????????? ??????RLLS GSREKDRNLR RITRLVLVVV AVFVVCWTPI HIFILVEALG
           TTSHSTAALS SYYFCIALGY TNSSLNPILY AFLDENFKRC FRDFCFPVKM RMERQGTSRV
           RNTVQDPAYT QDVDGINKPV X
Dipodomys  ---------- ---------- ---------- ---------- ---------- ----------
           ---------- ---------- ------YTKM KTATNIYIFN LALADALVTT TMPFQSTVYL
           MNSWPFGDVL CKIIISIDYY NMFTSIFTLT MMSVDRYIAV CHPVKALDFR TPLKAKIINI
           CIWLLSSSVG ISALVLGGTK VREDLDIIEC ILQFPDDDYY WWDLFMKICV FIFAFVIPVL
           IIIVCYTLMI LRLKSVRLLS GSREKDRNLR RITKLVLVVV AVFIICWTPI HIFILVEALG
           STSHSTAILS SYYFCIALGY TNSSLNPILY AFLDENFKRC FRDFCFPIKM RMERQSTSRV
           RNTVQDPAYT RDVDGMNKPV X
Otolemur   MDSPVQIFRG EQGPTCAPSA CLLPNTSAWF PGWAEPDSNG SASSEDAQQE SAHISPAIPV
           IITAVYSVVF VVGLVGNSLV MFVIVRYTKM KTATNIYIFN LALADALVTT TMPFQSTLYL
           MNSWPFGDVL CKIVISIDYY NMFTSIFTLT MMSVDRYIAV CHPVKALDFR TPLKAKIINI
           CIWLLSSSVG ISAIVLGGTK VREDTDVTEC SLQFPDADYS WWDLFMKICV FVFAFVIPVL
           IIVVCYTLMI LRLKSVRLLS GSREKDRNLR RITRLVLVVV AVFIVCWTPI HIFILVEALG
           STSHSTAALS SYYFCIALGY TNSSLNPILH VLMSRNGKRC F--------- ----------
           ---------- ---------- -
Microcebus MDSPVQIFRG EPGPTCAPRA CQLPNSSAWF PGWAEPDGNA SAASEDAQLE PAHISPAIPV
           IITAVYSVVF VVGLVGNSLV MFVIIRYTKM KTATNIYIFN LALADALVTT TMPFQSTVYL
           MNSWPFGAVL CKIVISIDYY NMFTSIFTLT MMSVDRYIAV CHPVKALDFR TPLKAKIINI
           CIWLLSSSVG ISAIVLGGTK VREDGEVIEC SLQFPDDDYS WWDLFMKICV FVFAFVIPVL
           IIIVCYTLMI LRLKSVRLLS GSREKDRNLR RITRLVLVVV AVFIVCWTPI HIFILVEALG
           STSHSTAALS SYYFCIALGY TNSSLNPILY AFLDENFKRC FRDFCFPIKM RMERQSTSRV
           RNTVQDPAYM RDVDGMNKPV X
Mus        MESPIQIFRG DPGPTCSPSA CLLPNSSSWF PNWAESDSNG SVGSEDQQLE SAHISPAIPV
           IITAVYSVVF VVGLVGNSLV MFVIIRYTKM KTATNIYIFN LALADALVTT TMPFQSAVYL
           MNSWPFGDVL CKIVISIDYY NMFTSIFTLT MMSVDRYIAV CHPVKALDFR TPLKAKIINI
           CIWLLASSVG ISAIVLGGTK VREDVDVIEC SLQFPDDEYS WWDLFMKICV FVFAFVIPVL
           IIIVCYTLMI LRLKSVRLLS GSREKDRNLR RITKLVLVVV AVFIICWTPI HIFILVEALG
           STSHSTAALS SYYFCIALGY TNSSLNPVLY AFLDENFKRC FRDFCFPIKM RMERQSTNRV
           RNTVQDPASM RDVGGMNKPV X
Pteropus   MESPVQIFRG EPGPTCAPST CLLPNGSGWF PSWAEPDSNN SAGSEDAPLE PAHISPVIPV
           IITAVYSVVF VVGLVGNSLV MFVII????? ?????????? ?????????? ??????????
           ?????????? ?????????? ?????????? ?????????? ?????????? ??????????
           ?????????? ?????????? ????IDVIEC SLQFPDDDYS WWDLFMKICV FVFAFVIPVI
           IIIICYTLMI LRLKSVRLLS GSREKDRNLR RITRLVLVVV AVFVICWTPI HIFILVEALG
           STSHSTAALS SYYFCIALGY TNSSLNPILY AFLDENFKRC FKDFCFPIKM KMERQSTSRV
           RNTVQAAAYM RDVDGINKPV X
Tarsius    ---------- ---------- ---------- ---------- ---------- ----------
           ---------- ---------- ------YTKM KTATNIYIFN LALADALVTT TMPFQSTVYL
           MNSWPFGDVL CKIVISIDYY NMFTSIFTLT MMSVDRYIAV CHPVKALDFR TPLKAKVINI
           CIWLLSSSVG ISAIVLGGTK VREDGDVIEC SLQFPDDDYS WWDLFMKICV FVFAFVIPVL
           IIVVCYTLMI LRLKSVRLLS GSREKDRNLR RITRLVLVVV AVFIVCWTPI HIFILVEALG
           STSHSTAALS SYYFCIALGY TNSSLNPILY AFLDENFKRC FRDFCFPIKM RMERQSTSRV
           RNTVQDPAYM RDVDGMNKPV X
Mustela    MESPVQIFRG EPSPTCSPST CLLPNGS-WL PDWAEADRNS SGGSEGAPLE SAHISPAIPV
           IITAVYSVVF VVGLVGNSLV MFVIIRYTKM KTATNIYIFN LALADALVTT TMPFQSTVYL
           MNSWPFGDVL CKIVISIDYY NMFTSIFTLT MMSVDRYIAV CHPVKALDFR TPMKAKIINI
           CIWLLSSSVG ISAIVLGGTK VREDVDVIEC SLQFPDDDYS WWDLFMKICV FVFAFVIPVI
           IIIICYTLMI LRLKSVRLLS GSREKDRNLR RITRLVLVVV AVFIICWTPI HIFILVEALG
           NASHSTAALS SYYFCIALGY TNSSLNPILY AFLDENFKRC FRDFCFPIKM RMERQSTSRV
           RNTVQDPTYM RDVDGINKPV X
Tupaia     MES-VQIFRG DSGPTCAPSA CLLPNGSAWF PGWAEQDGND SASSEPAQLE PAHISPAIPV
           IITAVYSVVF VVGLVGNSLV MFVIIRYTKM KTATNIYIFN LALADALVTT TMPFQSTVYL
           MNSWPFGDVL CKIVISIDYY NMFTSIFTLT MMSVDRYIAV CHPVKALDFR TPLKAKIINI
           CIWLLSSSVG ISAIVLGGTK VREDVDVIEC SLQFPDDNYS WWDLFMKICV FVFAFVIPVL
           IIIVCYTLMI LRLKSVRLLS GSREKDRNLR RITRLVLVVV AVFIICWTPI HIFILVEALG
           STSHSTAALS SYYFCIALGY TNSSLNPILY AFLDENFKRC FRDFCFPIKM RMERQSTSRI
           RNTVQDPAYM RDVDGMNKPV X
Ailuropoda MESPVQIFRG EPGPTCSPST --------WL P?WAETDGNS SGGSEGAPLE SAHISPAIPV
           IITAVYSVVF VVGLVGNSLV MFVIIRYTKM KTATNIYIFN LALADALVTT TMPFQSTVYL
           MNSWPFGDVL CKIVISIDYY NMFTSIFTLT MMSVDRYIAV CHPVKALDFR TPMKAKIINI
           CIWLLSSSVG ISAIVLGGTK VREDMDIIEC SLQFPDDDYS WWDLFMKICV FVFAFVIPVL
           IIIICYTLMI LRLKSVRLLS GSREKDRNLR RITRLVLVVV AVFIICWTPI HIFILVEALG
           NASHSTAALS SYYFCIALGY TNSSLNPILY AFLDENFKRC FRDFCFPIKM RMERQSTSRV
           RNTVQDPAYM RDVDGINKPV -
Bos        MEPPVQIFRG EPGPTCSPST CLPPNGSGWF PGWAEPDGNG SAGSEDVLLE PAHISPVILV
           IITAVYSVVF VVGLVGNSLV MFVIIRYTKM KTATNIYIFN LALADALVTT TMPFQSTVYL
           MNSWPFGDVL CKVVISIDYY NMFTSIFTLT MMSVDRYIAV CHPVKALDFR TPLKAKIINI
           CIWILSSSVG ISAIVLGGTK VREDMEVIEC SLQFPDDDYS WWDLFMKVCV FVFAFVIPVL
           IIIVCYTLMI LRLKSVRLLS GSREKDRNLR RITRLVLVVV AVFVVCWTPI HIFILVEALG
           STAHSTAALS SYYFCIALGY TNSSLNPILY AFLDENFKRC FRDFCFPIKM RMERQSTSRV
           RNTVQDPAYV REVDGVNKPV X
Pan        ---------- ---------- ---------- ---------- ---------- --HISPAIPV
           IITAVYSVVF VVGLVGNSLV MFVIIRYTKM KTATNIYIFN LALADALVTT TMPFQSTVYL
           MNSWPFGDVL CKIVISIDYY NMFTSIFTLT MMSVDRYIAV CHPVKALDFR TPLKAKIINI
           CIWLLSSSVG ISAIVLGGTK VREDVDVIEC SLQFPDDDYS WWDLFMKICV FIFAFVIPVL
           IIIVCYTLMI LRLKSVRLLS GSREKDRNLR RITRLVLVVV AVFVVCWTPI HIFILVEALG
           STSHSTAALS SYYFCIALGY TNSSLNPILY AFLDENFKRC FRDFCFPLKM RMERQSTSRV
           RNTVQDPAYL RDVDGMNKPV X
Homo       MDSPIQIFRG EPGPTCAPSA CLPPNSSAWF PGWAEPDSNG SAGSEDAQLE PAHISPAIPV
           IITAVYSVVF VVGLVGNSLV MFVIIRYTKM KTATNIYIFN LALADALVTT TMPFQSTVYL
           MNSWPFGDVL CKIVISIDYY NMFTSIFTLT MMSVDRYIAV CHPVKALDFR TPLKAKIINI
           CIWLLSSSVG ISAIVLGGTK VREDVDVIEC SLQFPDDDYS WWDLFMKICV FIFAFVIPVL
           IIIVCYTLMI LRLKSVRLLS GSREKDRNLR RITRLVLVVV AVFVVCWTPI HIFILVEALG
           STSHSTAALS SYYFCIALGY TNSSLNPILY AFLDENFKRC FRDFCFPLKM RMERQSTSRV
           RNTVQDPAYL RDIDGMNKPV X
Sus        MEPPVQIFRG EPGPTCSPST CLPPNGSGWF PGWAEPDGNS SAGSEDAPLE SAHISPVIPV
           IITAVYSVVF VVGLVGNSLV MFVIIRYTKM KTTTNIYIFN LALADALVTT TMPFQSTVYL
           MNSWPFGDVL CKIVISIDYY NMFTSIFTLT MMSVDRYIAV CHPVKALDFR TPLKAKIINI
           CIWILSSSVG ISAIVLGGTK VREDVDVIEC SLQFPDDDYS WWDLFVKLCV FVFAFVIPVL
           IIIVCYTLMI LRLKSVRLLS GSREKDRNLR RITRLVLVVV AVFVVCWTPI HIFILVEALG
           STSHSTAALS SYYFCIALGY TNSSLNPILY AFLDENFKRC FRDFCFPVKV RMERQSTSRI
           KNTVQDPAYM RDADGINKPV X
Oryctolagu MESPVQIFRG EPGPTCAPSA CLLPNGSTWF PDWAEPDSNG TASAEDAQLE TAHISPAIPV
           IITAVYSVVF VVGLVGNSLV MFVIIRYTKM KTATNIYIFN LALADALVTT TMPFQSTVYL
           MNSWPFGDVL CKIVISIDYY NMFTSIFTLT MMSVDRYIAV CHPVKALDFR TPLKAKMINI
           CIWLLSSSVG ISAIVLGGTK VREDVDVIEC SLQFPDDDYS WWDLFMKICV FVFAFVIPVL
           IIIICYTLMI LRLKSVRLLS GSREKDRNLR RITRLVLVVV AVFIICWTPI HIFILVEALG
           STSHSTAALS SYYFCIALGY TNSSLNPILY AFLDENFKRC FRDFCFPIKM RMERQSTSRV
           RNTIQDPAYM RDVDGMNKPV X
Ictidomys  METPVQIFRG EPGPTCAPSA CLLPNSSAWF PGWAE-SGNG SAGSEEAQLE PAHISPAIPV
           IITAVYSVVF VVGLVGNSLV MFVIIRYTKM KTATNIYIFN LALADALVTT TMPFQSTVYL
           MNSWPFGDVL CKIVISIDYY NMFTSIFTLT MMSVDRYIAV CHPVKALDFR TPLKAKIINI
           CIWLLSSSVG ISAIVLGGTK VREDVDVIEC SLQFPDDDYS WWDLFMKICV FVFAFVIPVL
           IIIVCYTLMI LRLKSVRLLS GSREKDRNLR RITRLVLVVV AVFIICWTPI HIFILVEALG
           STSHSTAALS SYYFCIALGY TNSSLNPILY AFLDENFKRC FRDFCFPIKM RMERQSTSRV
           RNTVQDPTYM RDVEGMNKPV X
Erinaceus  MGSPVQIFRG EPAPTCAPNT CRLPNDSDWY PVWAESDYNT TTGSTDTTL- TAHISPAIPV
           IITAVYSVVF VVGLVGNSLV MFVIIRYTKM KTATNIYIFN LALADALVTT TMPFQSTVYL
           MNSWPFGDVL CKIVISIDYY NMFTSIFTLT MMSVDRYIAV CHPVKALDFR TPLKAKIINI
           CIWLLSSSVG ISAIVLGGTK VRE------- ---------- ---------- ----------
           ---------- ---------- ---------- ---------- ---------- ----------
           ---------- ---------- ---------- ---------- ---------- ----------
           ---------- ---------- -
Equus      ---------- ---------- --VPNDSGWF PGRAEPDGH- SAGSEDALLE PAHIFPG-PF
           IITAVYSVLF VC-LVGNSLV IFVIIRYTKM KTATNIYIFN LALADALVTT TMPFQSTVYL
           MNSWPFGDVL CKIVISIDYY NMFTSIFTLT MMSVDRYIAV CHPVKALDFR TPLKAKIINI
           CIWLLSSSVG ISAIVLGGTK VREDVDVIEC SLQFPDDDYS WWDLFMKICV FVFAFVIPVL
           IIIICYTLMI LRLKSVRLLS GSREKDRNLR RITRLVLVVV AVFIICWTPI HIFILVEALG
           STSHSTAALS SYYFCIALGY TNSSLNPILY AFLDENFKRC FRDFCFPIKM RMERQSTSRV
           RNTLQDPAYM KDVDGINKPV X
Tursiops   WRPLIQIFRE EPGST-APS- CLPPNGSGRF PGWTEQSRND SAGY-DPRLE PERISPVIPV
           IITAVYSVAF VVGLVGNSLV MFVIVRYTKM KTATNIYIFN LALADALVTT TMPFQSTVYL
           MNSWPFGDVL CKIVISIDYY NMFTSIFTLT MMSVDRYIAV CHPVKALDFR TPLKAKVINI
           CIWILSSSVG ISAIVLGGTR VREDMDVVEC SLQFPDDDYS WWDLVMKICV FVFAFVIPVF
           IIIVCYTLMI LRLKSVRLLS GSREKDRNLR RITRLVLVVV AVFVICWTPI HIFILVEALG
           SSSYSTAALS SYYFCIALGY TNSSLNPILY AFLDENFKRC FRDFCFPIKM RMERQGTDRV
           RNTVQDPAHL RDADGINKPV X
