   40   761
Dasypus    MRRSAAPSQL QGNPLKKLKF IPPGRSNPNP NEESTKLSPD SKLFEVAANK NTFLPERNDA
           RLCNLSLPTK GSIREINPGD NSSEKYCFES SAVATLNTAH KVHSAPKEIT VSKGKEEESD
           SLIKYYSVVW CKASKKKHKK WEGDAVLIVK GRSCALKDLE GKDIGRGIGY KFRDFEKIDE
           GQTLMIGGKE IEVTGIISPE DFNRGKCFQL GGESPGISRS SQPAVKCFSK PFKSVCTPSS
           KENKQSDFQN CKPRHDPYAP NSLVMPRPDK NHQWIFNKSC FPLMDVVIDP YLVCHLRPHQ
           KEGIIFLYEC VMGMRVNGRC GAILADEMGL GKTLQCIALI WTLQCQGPYG GKPVIKKTLI
           VTPGSLVNNW RKEFQKWLGS ERIKIFTVDQ EHKVEEFICS PFYSVLIISY EMLLRSLDQI
           KNIKFNLLIC DEGHRLKNSA IKTTTALISL SCEKRIILTG TPVQNDLQEF FAVIDFVNPG
           ILGSLSAYKK IYEEPIIISR EPSASEEEKE LGEKRAAELT CLTGLFVLRR TQEIINKYLP
           PKIENVVFCR PGALQIELYR KLLNSQAVRF CLQGLLENSP HLICIGALKK LCNHPCLLFK
           SIKEK----- -DENKERSLY EGLINVFPVD YNPLMFTEKD SGKLQVLSKL LAVIHELCPS
           EKVVLVSNYT QTLNILQEVC KRYGYAYTRL DGRTPISQRQ QIVDGFNSKY STDFIFLLSS
           KAGGVGLNLI GGSHLILYDI DWNPATDIQA MSRVWRDGQK H
RQISKQGLSG AVVDLTKTSE HIQFSLEELK NLFTLHENSY CVTHDLLDCE CLGEQVSLGD SSEKLSVSRN
           CQLGSHYQKS NSMKPLSMSQ LKEWKHFSGD HLNLTDPFLE RIRENVSFFF QNITNQAIAK
           XECHINOPSM RRSVAPSQLQ GNPSKKPKFI PPGRSNPNPN GEITKLSPDT KLYEVAVN--
           ---KSENDFR TGNLSLHAKE TTREMNHKDT RSGKCFPESS LMPALGPLQT VHPAPTEVTA
           FKAKEKEPDN LVKYFNVVWC KASKKKHKKW EGDAVLIVKG RSLTLKDLEG KDIGKGIGYK
           VKDLEKIDEG QTLVIGGKEI EVMGIISPDD FDSGKCFQRG VGSPTVS-SF QAAKKCFSIP
           FKSVGKPDSK AHTQNEFQNC KPRHDPHAPN SLVMPRPNKN HQWMFNKNCC PVVDVVGDPH
           LVCHLRPHQK GGIIFLYECV MGMRMSGKCG AILADEMGLG KTLQCISLIW TLQCQGPYGG
           KPVIKKTLIV TPGSLVNNWG KEFQKWLGSE RIKIFTVDQD HKVEEFIISP LYSVLIISYE
           MLLRSLDQVR NIKFDLLICD EGHRLKNSAI KTTTALISLS CEKRIILTGT PVQNDLQEFF
           ALIDFVNPGI LGTLSSYRKI YEEPIIISRD PSASEEEKNF GERRAAELTR LTGLFILRRT
           QEVINKYLPP KIENVVFCQP GPLQIELYRK LLNSKAVSFC LQGLLENSSH LICIGALKKL
           CNHPCLLFKS IKEKECSSTC DGNEDRHLYE GLRTAFPNDY S
EKVVLVSNYT QTLNILQEVC QRHGYAYTRL DGQTPISQRQ QIVDGFNSKY SSDFIFLLSS KAGGVGLNLI
           GGSHLILYDI DWNPATDIQA MSRVWRDGQK HPVHIYRLLT TGTIEEKIYQ RQISKQGL--
           ---------- ---------- ---------- ---------- ---------- ----------
           ---------- ---------- ---------- ---------- ---------- ----------
           -PONGOMRRS AAPSQLQGNS FKKPKFIPPG RCNPGLNEEI TKLNPDIKLF EGTANNNTFL
           PSQNDPRICS LNLPSEESTR EINYRDNCSG KYCFEAPTLA TLDPPRTVHS APKEVAVSKE
           QEEKSDSLVK YFSVVWCKPS KKKHKKWEGD AVLIVKGKSF ILKNLEGKDI GRGIGYKFKE
           LEKIEEGQTL MICGKEIEVM GVISPDDFSS GRCFQLGGGS TAISRSSQVA RKCFSNPFKS
           VCKPSSKENR QNDFQNCKPR HDPYTPNSLV MPRPDKNHQW VFNKNCFPLV DVVIDPYLVY
           HLRPHQKEGI IFLYECVMGM RMNGRCGAIL ADEMGLGKTL QCISLIWTLQ CQGPYGGKPV
           IKKTLIVTPG SLVNNWKKEF QKWLGSERIK IFTVDQDHKV EEFTKSIFYS VLIISYEMLL
           RSLDQIKNIK FDLLICDEGH RLKNSAIKTT TALISLSCEK RIILTGTPIQ NDLQEFFALI
           DFVNPGILGS LSSYRKIYEE PIILSREPSA SEEEKELGER R
PKIENVVFCR PGALQIELYR KLLNSQVVRF CLQGLLENSP HLICIGALKK LCNHPCLLFN SIKEKECSST
           YDKNEEKSLY KGLLSVFPAD YNPLLFTEKE SGKLQVLSKL LAVIHELRPT EKVVLVSNYT
           QTLNILQEVC KRHGYAYTRL DGQTPISQRQ QIVDGFNSQH SSVFIFLLSS KAGGVGLNLI
           GGSHLILYDI DWNPATDIQA MSRVWRDGQK YPVHIYRLLT TGTIEEKIYQ RQISKQGLCG
           AVVDLTKTSE HIQFSVEELK NLFTLHESSD CVTHDLLECE CAGEEVHTGD SLEKSIVSRD
           CQLGPHHQKS NSLKPLSMSQ LKQWKHFSGD HLNLTDPFLE RITENVSFIF QNITTQATGT
           XICTIDOMYS ---------- ---------- ---------- ---------- ----------
           ---------- ---------- ---------- ---------- ---------- -IHLAPKEIT
           ESKGQEEESE SLVKYFNVVW CKPSKKKHKK WEGDAILIVK GRSFTLKDLD GKDIGKGIGH
           KFKELETIEE GQTLMIPGKE LEIVGIIPPD DFNSGRCFQH GGGSPAIP-S SQTARKCFSN
           PFKSVCKPSS KENRQNGSQN CKPRYDPYAP NSLVMPLPDK NHQWMFNKNN FPLVEVVVDP
           HLVYHLRPHQ KEGIIFLYEV VMGMRMNGRC GAILADEMGL GKTLQCISLI WTLQCQGPYG
           GKPVIKKTLI VTPGSLVNNW RKEFQKWLGS ERIKVFTVDQ D
KNVKFDLLIC DEGHRLKNSA IKTTTALISL SCEKRIILTG TPVQNDLQEF FALIDFVNPG ILGTLSSYRK
           IYEEPIIMSR EPSASEEEKK LGERRAAELT YRTGLFILRR TQEVINKYLP PKIENVVFCR
           PSALQIELYR KLLNSQTVRF CLQGLLENSP HLICIGALKK LCNHPCLLFN SIKEKECSST
           CDENEERRLC EGLLRVFPAD YNPLLFTEKE SGKLQVLSKL LAVIRQLRPT EKVVLVSNYT
           QTLNILQEVC RRHGYAYTRL DGQTPVSQRQ QIVDDFNSKY SSDFIFLLSS KAGGVGLNLI
           GGSHLILYDI DWNPAIDIQA MSRIWRDGQK HSVHIYRLLT TGTIEEKIYQ RQISKQNLSG
           AVVDLTKTSE HIQFSVEELK NLFTLHESSL CVTHDLLGCI CTSGEDQTDD SSEKIAISRH
           CQLGPHHQKP NSLKPLSMSQ LKRWKHFSAD DINLTDPFLK GIRENVSFFF QNITDKTTX-
           -LOXODONTA ---------- ---------- ---------- ---------- ----------
           ---------- ---------- ---------- ---------- ---------- --HSAPTELT
           LSKAKEEEPN NVVKYFSVVW CKASKKKHKK WE?CSLKTIK GIIFAFKTHP NVELFQGIGY
           KFKDLEKIDE GQTLMIGGKE IEIMGIISSD DFNSGKCFQL GGGSPAVSSS SQVAKKCFSN
           PFKNVCKPDS KENIQNDFQN CKPRYDPYAP NSLVMPRPNK N
KGGVIFLYEC VMGMRVDGRC GAILADEMGL GKTLQCISLI WTLQCQGPYG GKPVIKKTLI VTPGSLVNNW
           RKEFQKWLGS ERIKIFTVDQ DHKVEEFIRS PLYSVLIISY EMLLRSLDQI KNIRFDLLIC
           DEGHRLKNSA IKTTTALISL SCEKRIILTG TPVQNDLQEF FALIDFVNPG ILGSLSSYRK
           VYEEPIIISR EPSASEEEKN LGVRRAAELT RLTGLFILRR TQEVINKYLP PKIENVVFCQ
           PGALQIELYR KLLNSKAVRF CLQGLLENSP HLICIGALKK LCNHPCLLFR SIKEKECSPT
           CDENEERSLY EGLINVFPDD YNPLMFTEKE SGKLQVLSKL LEVIHELRPS EKVVLVSNYT
           KTLDILQEVC KRHGYAHTRL DGQTPISQRQ HIVDGFNSKY SSDFIFLLSS KAGGVGLNLI
           GGSHLILYDI DWNPATDIQA MSRVWRDGQK HPVHIYRLLT TGTIEEKIYQ RQISKQGLSG
           AVMDLTKTSE HIQFSVEELK NLFTLHESSH CATHDLLDCD CTGEKNHTDD SLGKLSVSRN
           CQLGPHPQKS NSLKPLSMSQ LKQWKHFCAD HLNLPDPFLE RIRENVSFFF QNITNQATAV
           XCANISMRRS AAPSQLQGNP LKKLKFVPPA RSNPSPDEGI TKMSPDVKLI EVVGSQNTFL
           QVKSNPRICS LNLPTEGSAR EINHECNYSE KHCSEASVTA TLDLPHTVHP APKEITVSKG
           QEEEPDSLVK YFSVVWCKAS KKKHKKWEGD AVLIVKGKSF T
GHRVMIGGKE VEIMGIISPD DFSSGRCFQL GIGSPAISSS SQAAKKCFSN PFKSVCKPSS KENRLGGFQD
           CKPRHDPHAP NSLVMSRPDN NHQWTFNKKG FPVVDVVIDP HLVYHLRPHQ KEGIMFLYEC
           VMGMRVNGRC GAILADEMGL GKTLQCISLI WTLQCQGPYG GKPVVKKTLI VTPGSLVNNW
           RKEFQKWLGS ERIKIFPVDQ DHKVEEFTRS PFYSVLIISY EMLLRSLDQI KNVKFGLLIC
           DEGHRLKNSA IKTTAALISL SCEKRVILTG TPVQNDLQEF FALIDFVNPG ILGSLSFYRK
           VYEEPIIISR QPSASEEEKK LGEKRAVELT CLTGLFILRR TQEVINKYLP PKIENVVFCR
           PGALQIELYR KLLNSQAVRF CLQGLLGNSP HLICIGALKK LCNHPCLLFN SIKEKECSST
           WDGKEEKSLY EALLDVFPAD YNPLMFSEEE SGKLQVLLKL LAVIHELRPT EKVVLVSNYT
           QTLDILQEVC KRHGYTYTRL DGQTPVSQRQ QIVDSFNSKY SSDFIFLLSS KAGGVGLNLI
           GGSHLILYDI DWNPATDIQA MSRVWRDGQK NPVHIYRLLT TGTIEEKIYQ RQISKQDLSG
           AVVDLTRTSE HIQFSVEELK NLFTLHESSH CVTHDLLDCE CTGDQDGTGD SLEKFPVSRN
           CQLGAHQQKS NSLKPLSMSQ LKQWKHFSGD HLNLTDPFLE RIRENVSFFF QNITNQSTAI
           IMACACAMRR SAAPSQLQGN SFKKPKFIPP GRSNPGLNEE I
RICSLNLPNE ESTREINYTD NCSGKYCFEA PTLATLDPPH TVHLTPKEVA VSKEQEETSD SLVKYFSVVW
           CKPSKKKHKK WEGDAVLIVK GKSFILKNLE GKDIGRGIGY KFKELEKIEE GQTLMICGKE
           IEVMGVISPD DFSSGRCFQL GGGSTAVSRS SQAARKCFSN PFKSVCKPSS KENRQNDFQN
           CKPRHDPYTP NSLVMPRPDK NHQWVFNKNC FPLVDVVIDP YLVYHLRPHQ KEGIIFLYEC
           VMGMRMNGRC GAILADEMGL GKTLQCISLI WTLQCQGPYG GKPVIKKTLI VTPGSLVNNW
           KKEFQKWLGS ERIKIFTVDQ DHKVEEFIKS IFYSVLIISY EMLLRSLDQI KNIKFDLLIC
           DEGHRLKNSA IKTTAALISL SCEKRIILTG TPVQNDLQEF FALIDFVNPG ILGSLSSYRK
           IYEEPIILSR EPSASEEEKE LGERRATELA CLTGLFILRR TQEIINKYLP PKIENVIFCR
           PGALQIELYR KLLNSQVVRF CLQGLLENSP HLICIGALKK LCNHPCLLFN SIKEKEC-ST
           CDKNEEKSLY KGLLSVFPAD YNPLLFTEKE SGKLQVLSKL LAVIHELRPT EKVVLVSNYT
           QTLNILQEVC KRHGYAYTRL DGQTPISQRQ QIVDGFNSQH SSVFIFLLSS KAGGVGLNLI
           GGSHLILYDI DWNPATDIQA MSRVWRDGQK YPVHIYRLLT TGTIEEKIYQ RQISKQGLCG
           AVVDLTKTSE HIQFSVEELK NLFTLHESSD CVTHDLLDCE C
SLEKFIVSRD CQLGPHHQKS NSLKPLSMSQ LKQWKHFSGD HLKITDPFLE RITENVSFIF QNITTQATGT
           XMYOTISMRR SAAPSQLQGK PFKKPKFIPP ARSNPSLNEE ITKLDPDMQL SEGVAANNTL
           LQLQADPTTY SLNLPAEDSG REMNHGDNCQ LQVCFACAFL SVSKPPHLVY SSPEDLTVSK
           GQEVEPGSVV KYFTVVWCKA SKKKHKKWEG DAVLIVNGKS LTLKDLEGKD IGRGTGYKFK
           ELEKIEEGHT MMIGGKEIEV MGSISPDDFS SGRCFQPGGG GPAISSSSQA AKKCFSNPLK
           SVYKPSSKEN RQNSFQNCKP RHDPCAPNSL VMPRPDKNHQ WMFNKNCFPV VDVVIDPHLA
           YYLRPHQKEG IIFLYECMMG MRVNGRCGAI LADEMGLGKT LQCISLLWTL QCQGPYGGKP
           IIKKTLIVTP GSLVNNWRRE FQKWLGSERI KIFTVDQDHK VEEFIISPLY SVLIISYEML
           LRSLDQIKNI KFDLLICDEG HRLKNSAIKT TTALISLACE KRIILTGTPV QNDLQEFFAL
           IDFVNPGILG SLSSFRKIYE EPIIISRQPS ASKEEQELGE KRAAELVCFT GLFFLRRTQE
           VINKYLPPKI ENVVFCRPGA LQLELYQKLL NSQAVRFCLQ GSLENSPHLI CIGALKKLCN
           HPCLLFNSVK EKECSSTWDE NEESSLYEGL LNVFPADYNP LMFTEKESGK LQVLTKLLAV
           IHELRPTERV VLVSNYTQTL NILQEVCKRH GYACTRLDGQ T
KAGGVGLNLI GGSHLILYDI DWNPATDIQA MSRVWRDGQK HPVHIYRLLT TGTIEEKIYQ RQISKQGLSG
           AVVDLAKTSE HIQFSVEELK NLFTLHESSH CVTHDLLDCD CAGERDHTGD SLEKFPVSRN
           CQLGPHHKKS DSLKPLSMSQ LKQWKHFSGD QLNLKDPFLD RIRENVSFFF QNITNQNTAA
           -FELISMRRS AAPSQLQGNS FKKVKFIPPG RSNPSPDEEI TKMSPDVKLL QVSANKNTFL
           QLQNNTQICS LNLPTDGSAR EINHGHNYNG KHCLEASVMA TLDPPHTVHS APKEITVPKR
           QEEEPDSLVK YFSVVWCKAS KKKHKKWEGD AVLIVKGKSF TLKDLEGKDI GRGLAYKFKE
           LEKIEEGHRV MIGGKEVEVM GIISPDDFNS GRCFQLGGGS LAISSSSQAA KKCFSNPFKS
           VCKPSSKENR PNGFQDCKPR HDPHAQNSLV MSRPDNNHQW MFNKNCSPIV DVVIDPYLVY
           HLRPHQKEGI LFLYECVMGM RVSGRCGAIL ADEMGLGKTL QCISLIWTLQ CQGPYGGKPV
           IKKTLIVTPG SLVNNWRKEF QKWLGSERIK IFPVDQDHKV EEFIKSPFYS VLIISYEMLL
           RSLDQIKNVK FDLLICDEGH RLKNSAIKTT TALISLSCEK RIILTGTPVQ NDLQEFFALI
           DFVNPG---- ---------- PIILSRQPSA SEEEKELGEK RAAELTCLTG LFILRRTQEV
           INKYLPPKIE NVVFCRPGAL QIELYRKLLN SQAVRFCLQG L
SIKGRECSST WDENEERSLY EGLVNVFPAD YNPLMFTEEE SGKLQVLLKL LAVIRELRPT EKVVLVSNYT
           QTLNILQEVC RRHGYAFTRL DGQTPVSQRQ QIVDGFNSKY SSDFIFLLSS KAGGVGLNLI
           GGSHLILYDI DWNPATDIQA MSRVWRDGQK HPVHIYRLLT TGTIEEKIYQ RQISKQDLSG
           AVVDLTKTSE HIQFSVEELK NLFTLHESSH CVTHDLLDCE CTGDKDHTGD SLEKVPISRN
           CQLGPHHQKS SSLKPLSMSQ LKQWKHFSGD HLNLTDPFLE SIRENVSFFF QNITNQSTVI
           XCALLITHRI XMRRSAAPSQ LQGNSFKKPK FIPPGRSNPG LNEEITKLNP DIKLFEGAAN
           NNTFFPSQND PRICNLNLPT EESTREINCR DNCSGKYCLE APTMATLDPP HTVHSAPKEL
           PVSKDQEEKS DSLVKYFNVV WCKPSKKKHK KWEGDAVLIV RGRSFTLKDF EGKDIGRGIG
           YKFKELEKIE EGQTLMICGK EIEVMGVISP DDFSSGRCFQ LGGGSTATSH SSLAARKCFS
           NPFKSVCKPS SKENRQNDFQ NCKPRHDPYM PNSLVMPRPD KNHQRVFNKN CLPLVDVVID
           PYLVYHLRPH QKEGIIFLYE CVMGMRMNGR CGAILADEMG LGKTLQCISL IWTLQCQGPY
           GGKPVIKKTL IVTPGSLVNN WKKEFQKWLG SERIKIFTVD QDHKVEEFIK SVFYSVLVIS
           YEMLLRSLDQ IKDIKFDILI CDEGHRLKNS AIKTTTALIS L
ILGSLSSYRK IYEEPIILSR EPSASEEEKE LGERRAAELT CLTGLFILRR TQEIINKYLP PKIENVVFCR
           PVALQIELYR KLLNSQVVRF CLQGLLENSP HLICIGALKK LCNHPCLLFN SIKEKECSST
           CDKNEEKSLY KGLLSVFPAD YNPLLFTEKE SGKLQVLSKL LAVIHELRPT ERVVLVSNYT
           QTLNILQEVC KRHGYAYTRL DGQTPISQRQ QIVDGFNSQH SSVFIFLLSS KAGGVGLNLI
           GGSHLILYDI DWNPATDIQA MSRVWRDGQK HPVHIYRLLT TGTIEEKIYQ RQISKQGLCG
           AVVDLTKTSE HIQFSLEELK NLFTLHESSS CVTHDLLDCE CTG-EVHTGD SLEKFIVSGD
           CQLDPHHQKS NSPKLLSMSQ LKQWKHFSGD HSNLTDPFLE RITENVSFIF QNITTQATVT
           XSOREX---- ---------- ---------- ---------- ---------- --DAMNNTFL
           QSQNNSRESS LKLPAGEHAR KMDHGERYGG QSCLEASSMV IADVPRTIHS APKEMAESPG
           QEENPENLVK YFSVVWCKAS KKKHKKWEGD AVLIIKGKSF ILKDLEGKDI GKGIGYKFKE
           LEKIEEGQTM MIGGKEIEVL GVISADDFSS GRCFQLGGGG STVISSSQAA KKPFSNPFKH
           ACKASSKENR QADS?????? ?????????? ?????????? ?????????? ??????????
           ?????????? ?????????? ?????????? ?????????? ?
?????????? ?????????? ?????????? ?????????? ?????????? ?????????? ??????????
           ?????????? ?????????? ?????????? TPVQNDLQEF FTLIDFVNPG ILGSLSSYRK
           IYEEPIIISR QPSASE???? ?????????? ?????????? ?????????? ??????????
           ?????????? ?????????? ?????????? ?????????? ?????????? ???ERECDPA
           CGKSGERSLY EGVRGAFPPD YDPLRVAEGE AGKLRVLARL LEVIRTLRPA EKVVLVSNYV
           QTLNILQEVC KRHEYAFTRL DGQTPVSQRQ QIVDGFNSKY SSDFIFLLSS KAGGVGLNLT
           GASHLILYDI DWNPATDIQA MSRVWRDGQK HPVHIYRLLT TGTIEEKIYQ RQISKQGLSG
           AVVDLSKTSE HIQFSIEDLK NLFTFHETSH CVTHDLLDCD CIEEKDHTGD SLEKSPLPRT
           SQPGPRCQTS SFLKPLSMSE LKQWKHFSGD HLNLADPFLE KIRENVSFFF QNITNQTTAI
           ENOMASCUSM RRSAAPSQLQ GNSFKKPKFI PPGRSNPGLN EEITKLNPDI KLFEGAANNN
           TFLPSQNDPR ICSLNLPSEE STREINYRDN RSGKYCFEAP TLATLDPPHT VHSASKEVAV
           SKEQEEKSDS LVKYFSVVWC KPSKKKHKKW EGDAVLIVKG KSFILKNLEG KDIGRGIGYK
           FKELEKIEEG QTLMICGKEI EVMGIISPDD FTSGRCFQLG G
KENRQNDFQN CKPRHDPYTP NSLVMPRPDK NHQWVFNKNC FPLVDVVIDP YLVYHLRPHQ KEGIIFLYEC
           VMGMRMNGRC GAILADEMGL GKTLQCISLI WTLQCQGPYG GKPVIKKTLI VTPGSLVNNW
           KKEFQKWLGS ERIKIFTVDQ DHKVEEFIKS IFYSVLIISY EMLLRSLDQI KNIKFDLLIC
           DEGHRLKNSA IKTTTALISL SCEKRIILTG TPIQNDLQEF FALIDFVNPG ILGSLSSYRK
           IYEEPIILSR EPSASEEEKE LGERRAAELT CLTGLFILRR TQEIINKYLP PKIENVVFCR
           PGALQIELYR KLLNSQVVRF CLQGLLENSP HLICIGALKK LCNHPCLLFN SIKEKECSST
           CDKNEEKSLY KGLLSVFPAD YNPLLFTEKE SGKLQVLSKL LAVIHELRPT EKVVLVSNYT
           QTLNILQEVC KRHGYAYTRL DGQTPISQRQ QIVDGFNSQH SSVFIFLLSS KAGGVGLNLI
           GGSHLILYDI DWNPATDIQA MSRVWRDGQK YPVHIYRLLT TGTIEEKIYQ RQISKQGLCG
           AVVDLTKTSE HIQFSVEELK NLFTLHESSD CVTHDLLDCE CAGEEVHTGD SLEKFIVSRD
           CQLGPHHQKS NSLKPLSMSQ LKQWKHFPGD HLNLTDPFLE RITENVSFIF QNITTQATGT
           QORNITHORH Y--------- ---------- ---------- ---------- ----------
           ---------- ---------- ---------- ---------- -
---------- ---------- ---------- --------ME GKDIGKGAGY KFKDLENLDE GQTLMIGAKE
           IEVLGVITSD DFSSGKCFQS ALAGPSVVTS SQCVLKPFCS PTRNISETNT KQNILKDSQM
           VKPRHDPNAP NAFVMPRPAK NHQWMFNRSG LPLVDVVVDP YLVNHLRPHQ KEGILFLFEC
           VMGMRVNGRF GAILADEMGL GKTLQCISLI WTLLRQGPYG GKPIIKQTLV VTPGSLVNNW
           KKEFQKWLGT ERIKVFSVDQ EHKVEEFIKS PFYSVLIISY EMLLRSLDQI KNIDFNLLIC
           DEGHRLKNNS IKTTTALISL SCDRRIILTG TPVQNDLQEF YALIEFVNPG ILGSLSTYRK
           IYEEPIIRSR EPSATREEKE LGEKRAAELT RLTGLFILRR TQEVINKYLP PKIESVVFCR
           PAALQIELYR KLLNSRAISF CLQGMLENSP HLVCIGALKK LCNHPCLLFK AIKEKECNST
           HDGFEETNLY EGLIDVFPPD YSPVTFPEVD SGKLRVLIKL LAVIRELSPS EKVVLVSNYT
           QTLTILQEIC KRYGYAHTRL DGQTPISQRQ HIIDGFNSKH SPDFVFLLSS KAGGVGLNLV
           GGSHLILYDI DWNPATDIQA MARVWRDGQK RPVHIYRLLT TGTIEEKIYQ RQISKQSLSG
           TVVDLTKASE HIHFSVEELK NVFTLHEDSN CVTHDLLDCD CVEREVRQAD SLGKVSTYRS
           CQLGPHSQQP NSKKPLSMSQ LKQWKHFSGE DQDLTDPFLK R
QNVTNQGTTL XCAVIA---- ---------- ---------- ---------- ---------- ----------
           ---------- ---------- ---------- ---------- -------VNS APKEITESKG
           QEEDLESLVK YFSVVWSKAS KKKHKKWEGD AILIVKGRSF ILKDLEGKDI GKGIGYKFKE
           LENIEEGQTL MIGGKEIEIM GIISSEDFNS GRCFQLGGGS PAVPDSSQTA RKCFSKPFKS
           VCKSNSKENI QDDFQKYKPR HDPYTPNSLV MPRPDKNHQW MLNKNCFPVV DVVIDPHVVY
           HLRPHQKEGI IFLYECVMGM RMNGRYGAIL ADEMGLGKTL QCISLIWTLQ CQGPYGGQPV
           IKRTLIVTPG SLVTNWRKEF KQWLGSERIK IFTVDQDHKV EEFMKSTFYS VLIISYEMLL
           RSLDQIKNIK FDLLICDEGH RLKNSAIKTT TALFSLSCKK RIILTGTPIQ NDLQEFFALI
           DFVNPGVLGS LSSYRKIYEE PIIMSREPSA SEEEKELGER RAAELTRLTG LFILRRTQEV
           INKYLPPKIE NVLFCRPGTL QIELYKKLLN SQTVKFCLQG SVENSPHLIC IGALKKLCNH
           PCLLFNSIKG KECSTTCDGN EEKSLYEGLL NVFPTDYNPL VFTEKESGKL QVLSQLLAVI
           HELRPTEKVV LVSNYTQTLD ILQDICKRYG YSYTRLDGQT PISQRQQIVD GFNSKYSSDF
           IFLLSSKAGG VGLNLIGGSH LILYDIDWNP ATDIQAMSRV W
RQISKQALSG AVVDLTKTSE HIQFSVEELK NLFTLHENSH CVTHDLLDCE CTGEKDHTDD SLEKFAVSRH
           CQLGLYQQKS NSLKPLSMSQ LKKWKHFSGD DLNLTDPFLE RIRENVSFFF QNVTNQATCM
           -EQUUS---- ---------- ---------- ---------- ---------- ----------
           ---------- ---------- ---------- ---------- -------VHS APKEITVSKG
           QEEEPASLVK YFSVVWCKAS KKKHKKWEGD AVLIVKGKSF TLKNLEGKDI GRGIGYKFRE
           LEKIEEGQTM MIGGKEIEVM GIISPDDFSS GRCFQLGGKS PAISNFCQAA KKCFSNPLKS
           VYKPSSKENR QNSFCNCKPR HDPCAPNSLV MLRPDSRHQW MFNKNCFPLV DVVIDPHLVC
           HLRPHQKEGI RFLYECVMGF SAVGLYGAIL ADEMGLGKTI QCISLIWTLQ CQGPYGGKPV
           IKKTLIVTPG SLVNNWRKEF QKWLGSERIK IFAVGQDHKI EEFTKSPFYS VLIISYEMLL
           RSLDQVKNIK FDLLICDEGH RLKNSAVKTT AALISLSCEK RVILTGTPVQ NDLQEFFALI
           DFVNPGILGP LSSYRKIYEE PIILSRQPSA SEEEKELGER RAAELTCLTG LFILRRTQEV
           INKYLPPKIE NVVFCQPAAL QIELYRKLLN SRAVRFCLQG LLENSPHLIC IGALKKLCNH
           PCLLFNSIKE KECSSTWDKN EERSLYEGLI NVFPADYNPF M
EKVVLVSNYT QTLNILQEVC KRHGYAYTRL DGQTPVSQRQ QIVDSFNSKY SSDFIFLLSS KAGGVGLNLI
           GGSHLILYDI DWNPATDIQA MSRVWRDGQK HPVHIYRLLT TGTIEEKIYQ RQISKQDLSG
           AVVDLTKTSE HTQFSVEELK NLFTLHESSH CVTHDLLDCE CTGGKDHTGD ALEKFPISRS
           CQLGPHPQKS HSLKPLSMAQ LKQWKHFSGD HLSLTDPFLE RIRENVSFFF QNITNQTTAI
           XGORILLAMR RSAAPSQLQG NSFKKPKFIP PGRSNPGLNE EITKLNPDIK LFEGVAVNNT
           FLPSQNDLRI CSLNLPSEES TREINYRGNC SGKYCFEAPT LATLDPPHTV HLAPKEVAVS
           KEQEEKSDSL VKYFSVVWCK PSKKKHKKWE GDAVLIVKGK SFILKNLEGK DIGRGIGYKF
           KELEKIEEGQ TLMICGKEIE VMGVISPDDF SSGRCFQLGG GSTAISRSSQ VARKCFSNPF
           KSVCKPSSKE NRQNDFQNCK PRHDPYTPNS LVMPRPDKNH QWVFNKNCFP LVDVVIDPYL
           VYHLRPHQKE GIIFLYECVM GMRMNGRCGA ILADEMGLGK TLQCISLIWT LQCQGPYGGK
           PVIKKTLIVT PGSLVNNWKK EFQKWLGSER IKIFTVDQDH KVEEFIKSIF YSVLIISYEM
           LLRSLDQIKN IKFDLLICDE GHRLKNSAIK TTTALISLSC EKRIILTGTP IQNDLQEFFA
           LIDFVNPGIL GSLSSYRKIY EEPIILSREP SASEEEKELG E
PKIENVVFCR PGALQIELYR KLLNSQVVRF CLQGLLENSP HLICIGALKK LCNHPCLLFN SIKEKECSST
           CDKNEEKSLY KGLLSVFPAD YNPLLFTEKE SGKLQVLSKL LAVIHELRPT EKVVLVSNYT
           QTLNILQEVC KRHGYAYTRL DGQTPISQRQ QIVDGFNSQH SSFFIFLLSS KAGGVGLNLI
           GGSHLILYDI DWNPATDIQA MSRVWRDGQK YPVHIYRLLT TGTIEEKIYQ RQISKQGLCG
           AVVDLTKTSE HIQFSVEELK NLFTLHESSD CVTHDLLDCE CTGEEVHTGN SLEKFIVSRD
           CQLGPHHQKS NSLKPLSMSQ LKQWKHFSGD HLNLTDPFLE RITENVSFIF QNITTQATGI
           XPROCAVIAM RRSVAPSQLQ GNPLKKPKFI PPGRSNPSLN EKIIKLSPDV KLSEVSAN--
           ---KSQHDSR ICSLSLRTKE NTRESNHNDN YSGNYCSDVS TVSVLEPPNT ARSAPTEWTV
           SKSKEEEPDN LVKYFSVVWC KASKKKHKKW EGDAVLIVKG RSLILKDLEG KDIGKGTGYK
           FKELAKIDEG QTLMIGGKEI EVMGIISPDD FSSGKCFQLG GGSPAVSSSS QAAKKCFSNP
           FKNVCKPNSK ENTRDYFQNC KPRYDPYAPN SLVMPRPNKN HQWMFNKNCC SVVDVVIDPH
           LVCHLRPHQK GGVLFLYECV MGMRVDGRSG AILA?????? ?????????? ??????????
           ?????????? ?????????? ?????????? ?????????? ?
?????????? ?????????A IKTTTALISL PCEKRIILTG TPVQNDLQEF FALIDFVNPG ILGSLSSYRK
           IYEEPIIISR EPSASEEEKN LGVKRAAELA RITGLFILRR TQEVINKYLP PKIENVVFCQ
           PGELQLELYQ KLLNSKAVRF CLQGLLENSP HLICIGALKK LCNHPCLLFS SIK???????
           ?????????? ?????????? ?????????? ?????????? ?????????? ??????????
           ?????????? ?????????? ?????????? ?????????? ?????????? ??????????
           ?????????? ?????????? ?????????? ?????????? ??TIEEKIYQ RQISKQGLSG
           AVMDLTKTSE HIQFSVEELK NLFTLHESSR CATHDLLDCD CSGEKDHT-- ----------
           ---------- ---------- ---------- ---------- ---------- ----------
           -OTOLEMURM RRSAAPSQLQ GNSFKKLKFI PPGRSNSSLN EEIISQSLDK KLFEGTANTN
           SFVESQNDPE ICSLNLPTEK SIREIHHREN YSGKYSLEAS ALATLDSPYT VHSAPKEITV
           SKGQEEDHEN LVKYFSVVWC KPSKKKHKKW EGDAVLIVKG RSFILKNLEG QDIGRGIGYK
           FKDLEKIEEG QTLIIGGKEI EVMGIISPDD FSSGRCFQLG VGSPAMPNSS QGSKKYFANP
           FKSVCKPSSK ENRQNDFQNC KPRHDPHTSN SLVMPRPDKN H
KEGVVFLYEC VMGMRMNGRY GAILADEMGL GKTLQCISLI WTLQCQGPYG GKPVIKKTLI VTPGSLVNNW
           RKEFQKWLGS ERIKIFTVDQ DHKVEEFIKV TFYSVLIISY EMLLRSLDQV KNIKFDLLIC
           DEGHRLKNSA IKTTTALISL SCEKRIILSG TPVQNDLQEF FALIDFVNPG ILGSLSSYRR
           IYEEPIILSR EPSASEEDKN LGERRAAELT CLTGLFILRR TQEVINKYLP PKIENVVFCW
           PTALQIEIYR KLLNSQAVRF CLQG-LENSP HLICIGALKK LCNHPCLLFS SIKEKECSST
           CDENEERRLY EGLLNVFPAD YNPLQFTEME SGKLQVLLKL LAVIHDLRPT EKVVLVSNYT
           QTLNILQEVC KRHGYTYTRL DGQTPIVQRQ HIVDGFNSKH SSDFIFLLSS KAGGVGLNLI
           GGSHLILYDI DWNPATDIQA MSRVWRDGQK HPVHIYRLLT TGTIEEKIYQ RQISKQGLSG
           AVIDLTKTSE HIQFSVEELK NLFTLHESSR CVTHDLLDCE CTGEKDHTGD TWEKFTVSTH
           RQLDPHHQKS DSMKPLSMSQ LKQWKHFPGD HLNLTDPFLQ RIRENVSFFF QNITNQAAAK
           XMICROCEBU SMRRSAAPSQ LQGNSFKKPK FIPPGRNDPC VNEEITKPNP DIKLFEGAAN
           KNTFLESQND PRICNLNLPT EESTTEIKHR DHYSGKYSFE TSAL-TLDPP HT????????
           ?????????? ?????????? ?????????? ?????????? ?
GQTLMIGGKE IEVMGIISPD DFSSGRCFQH GVGSPAIPSS SQASRKCFSN PFKSVCKPSS KENRQNDFQN
           YKPRHDPHTP NSLVMPQPDK -HQWMFNKNC FPLVDVVIDP HLVYHLRPHQ KEGVIFLYEC
           VMGMRMNGKY GAILADEMGL GKTLQCISLI WTLQCQGPYG GKPVIKKTLI VTPGSLVNNW
           RKEFQKWLGS ERIKIFTVDQ ?????????? ?????????? ?????????? ??????????
           ?????????? ?????????? ?????????? TPVQNDLQEF FALIDFVNPG ILGSLSSYRK
           IYEEPIILSR EPSASEEEKK LGERRATELT CLTGLFILRR TQEVINKYLP PKIENVVFCR
           PTALQIELYR KLLNSQAVRF CLQGLLENSP HLICIGALKK LCNHPCLLFS SIK???????
           ?????????? ?????????? ?????????? ?????????? ?????????? ??VVLVSNYT
           QTLNILQEVC KRHGYAYRRL DGQTPISQRQ HIVDGFNSKY SSDFIFLLSS KAGGVGLNLI
           GGSHLILYDI DWNPATDIQA MSRVWRDGQK HPVHIYRLLT TGTIEEKIYQ RQISKQGLSG
           AVVDLNKTSE HIQFSIEELK NLFTLHESSC CLTHDLLDCE CTGEK????D SCEKVTLSRH
           CQLDPHHQKS DSLKPLSMSQ LKQWKHFPGD HLNLTDPFLE RIRENVSFFF QNITNQATAK
           XPTEROPUS- ---------- ---------- ---------- -
RICSLNLPAE ESGREINHGD NYKEKYCFEA PAMATLELHH T????????? ?????????? ??????????
           ?????????? ?????????? ?????????? ???????TGY KFKDLEKIEE GQTMMIGGKE
           IEVMDIISPD DFSSGKCFQL GGGSPAISSS SQAANRCFLN PLKSVCKPTS KENTQSIFQN
           CKPRHDPYLP NSLVMLRPDN NHQRMFNKNC FPVVDVVIDP HLVYHLRPHQ KEGIIFLYEC
           VMGMRVNSRC GAILADEMGL GKTLQCISLI WTLQCQGPYG GKPVIKKTLI VTPGSLVNNW
           KKEFQKWLGS ERIKIYTVDQ DHKVEEFIKS PFYSVLIISY EMLLRSLDQI KHIKFDLLIC
           DEGHRLKNST IKTTTALISL SCEKRIILTG TPVQNDLQEF FALIDFVNPG ILGSLSSYRK
           IYEEPIIISR QPSASEEEKE LGERRAAELT CLTGLFFLRR TQEVINKYLP PKIENVVFCQ
           PGALQIELYR KLLNSQAVRF CLEGLLENSP HLICIGALKK LCNHPCLLFN SVKEKGCSST
           WDENEEKSLY EGLINVFPAD YNPLLFTEKE SGKLQVLTKL LAVIHELRPT EKVVLVSNYT
           QTLNILQEIC KRHGYAYTRL DGQTPISQRQ QIVDGFNSKY SSDFIFLLSS KAGGVGLNLI
           GGSHLILYDI DWNPATDIQA MSRVWRDGQK HPVHIYRLLT TGTIEEKIYQ RQISKQGLSG
           AVVDLTRTSE YMQFSVEELK NLFTLNESSH CITHDLLNCD C
SLEKFPISRN CQLGPHHQKF NSLKPLSMSQ LKQWQHFSGD HLNLTDPFLE RIRENVSFFF QNITNQTTAP
           XTURSIOPSM RRSAAPSQLQ GNPFKKPKFI PPARSNPSPN EEVTKLNSDI KLSEVAANKN
           TFLQSQNDPR ICSFNLPAEE SSRGINHEDN YREKYCLEAS AKTTSDPHHT VHLAPKEITV
           SKGQEEEPDS LVKYFSVVWC KPSKKKHKKW EGDAVLIVKG KSFTLKDLEG KDIGRGIGYK
           FKELEKIEEG QTMTIGGKEI EVMGIISPDD FNSGRCFQLG GGSSAALCSS QAVKKCFSNP
           FKSVCKLSSK ENRQKSFQNC KPRHDPYAPN SLVMPQPDNN HQQMFSKNCF PVVDVVIDPH
           LVFHLRPHQK EGIIFLYECV MGMRVNGRCG AILADEMGLG KTLQCISLIW TLQCQGPYGG
           KPVIKKTLIV SPGSLVNNWR KEFQKWLGIE RIKIFTVDQD HKVEEFAKSP FYSVLIISYE
           MLLRSLDQIK NIKFDLLICD EGHRLKNSTI KTATALISLA CEKRIILTGT PVQNDLQEFF
           ALIDFVNPGI LGSLPSYRKI YEEPIIKSRQ PSASE????? ?????????? ??????????
           ?????????? KIENVVFCRA GALQIELYRK LLNSQAVRFC LQGLLENSSH LICIGALKKL
           CNHPCLLFSS VKEKECSSTW DENEERNLYE RLINVFPADY NPLMFAEEES GKLQVLSKLL
           AVIHELCPDE KVVLVSNYTQ TLNILQEVCK RHGYAYTRLD G
KAGGVGLNLI GGSHLILYDI DWNPATDIQA MSRVWRDGQK HPVHIYRLLT TGTIEEKIYQ RQISKQGLSG
           AVVDLTKTCD HIQFSVEELK NLFTLHESSH CVTHDLLDCE CTG-ENYTGD SLEKFPVFRN
           CQLGTHQQKS DSLKPVSMSQ LKQWKHFSGD HLNLTDPFLE RIRENVSFFF QNITNQTTAI
           XTARSIUS-- ---------- ---------- ---------- ---------- ---GAANNNT
           FLQSQNDPRI CSLNLSTEES TREINKRDNC SGKYCFEACA RATLNSPHTV HSPPKEITLS
           KGQEEESDSL VKYFSVVWCK ASKKKHKKWE GDAVLIVKGM SFTLKDLEGK DIGKGIGYKF
           KEFEKIEVGQ TLMICGKEIE VMGIISPEDF SSGRCFQLGG GSPAISNSSQ ALRKCFSNPF
           KRVCKPGSKE NRQNDFQSCK PRHDPYTPNS LVMPRPDKNH QWMFNKTCFP LVDVVIDPHL
           VCHLRPHQKE GIIFLYECVM GMRMNGRGGA FLSDEMGLGK TLQCISLI-T LQYQGPYGGK
           PVIKKTLIVT PGSLVNNWRK EFQKWLGNER IKVFTVDQDH KVEEFIKSTL YSVLIISYEM
           LLRSLDQIKT IKFD-LICDE GHRLKNSSIK TTAALISLSC EKRIILTGTP IQNDLQEFFA
           LIDFVNPGIL GPLSSYRKIY EEPIILSREP SAPEEEKELG ERRAAELTRL TGLFILRRTQ
           EVINKYLPPK IDNVVFCRPG ALQIELYRKL LNSQVVRFCL Q
SIKEKECSSD RDENEERSLY EVLLNVFPAD YNPLLVTEKE SGKLQVLSKL LAVIHELRPT EKVVLVSNYT
           KTLDILQEVC KRHGYAYKRL DGQTPVSQRQ QIVEGFNSKY STDFIFLLSS KAGGVGLNLI
           GGSHLILYDI DWNPATDIQA MSRVWRDGQK HPVHIYRLLT TGTIEE-IYQ RQISKQGLSE
           AVVDLTKTS- HIQFSVEELK NVFTLHENSQ CVTHDLLDCE CIGEKDHTGD SLEKFVVSRH
           CQLGPHHQKS NSLKPLSMSQ LKQWKHFSGD NFNLPDPFLE RIRENVSFFF QNITNQASAI
           XAILUROPOD AMRRSAAPSQ LQGNPFKKLK FIPPGRSNPS PNEENTKMSP DVKLFEVVAS
           KNTFLQLQNN PRICSLNLPT EGNAREVNHG HNYSGRHCSK ASVMATLDPP HTVHSAPKEI
           TVSKGQEEEP DSLVKYFSVV WCKASKKKHK KWEGDAVLIV KGKSFTLKDL EGKDIGRGIA
           YKFKELEKIE EGHRVMIGGK EVEVMGIISP DDFNSGRCFQ LGGGSPAISS SSQAAKKCFS
           NPFKSVCKTS SKENRLNGFQ DCKPRHDPHA PNSLVMSRPD SNHQWTFNRN CFPIVDVVID
           PHLVYHLRPH QKEGIIFLYE CVMGMRVNGR CGAILADEMG LGKTLQCISL IWTLQCQGPY
           GGKPVIKKTL IVTPGSLVNN WRKEFQKWLG SERIKIFPVD QDHKVEEFTK SPFYSVLIIS
           YEMLLRSLDQ VKNVKFDLLI CDEGHRLKNS AIKTTTALIS L
ILSSLSSYRK IYEEPIIISR QPSASEEEKE LGEKRAAELT CLTGLFILRR TQEVINKYLP PKIENVVFCR
           PGALQIELYR KLLNSQAVRF CLQGLLGNSP HLICIGALKK LCNHPCLLFN SIKEKEYSST
           WDGNEERSLY EGLVDVFPAD YNPLMFMEEE SGKLQVLMKL LAVIHELRPT EKVVLVSNYT
           QTLNILQEVC KRHGYTYTRL DGQTPISQRQ QIVDGFNSKY SSDFIFLLSS KAGGVGLNLI
           GGSHLILYDI DWNPATDIQA MSRVWRDGQK HPVHIYRLLT TGTIEEKIYQ RQISKQDLSG
           AVVDLTKTSE HIQFSVEELK NLFILHESSH CVTHDLLDCE CTGDKDGTGD SLEKFPISRN
           CQLGPHHQKS NSLKPLSMSQ LKQWKHFSGD HLNLADPFLE RIRENVSFFF QNITNQSTAI
           XBOSMRRSAA PSQLQGNPFK KPKFISPARS HPSPNEEVAK LNSDIKLFEV AANKNNFLQP
           QNDPRTCNFN LPTKECAKGI NHGDNYREKY CLEASTKTTL DLHHTVHSAP KEITVSKGQE
           EKPDSLVKYF SVVWCKASKK KHKKWEGDGV LIVKGKSFTL KDLEGKDIGR GTGYKLKELE
           KIEEGQTMMI GGKEIEVMGI ISPDDFNSGR CFQFGGGCSA ILSSSQAAKK CFSNPFKSVC
           KLSSKENKQN SFQSCKPRHD PYAPNSLVML RPDKNHQWLF NKNCFPVVDV VIDPHLVYYL
           RPHQKEGITF LYECVMGMRV NGRCGAILAD EMGLGKTLQC I
VTPGSLVNNW KKEFQKWLGI ERIKIFTVDQ DHKVEEFTKS PFYSVLIISY EMLLRSLDQI KNVKFDLLIC
           DEGHRLKNST IKTTTALISL SCEKRIILTG TPVQNDLQEF FTLIDFVNPG ILGSLSAYRK
           IYEEPIIISR QPSASEEERE LGEQRAAELT CLTGLFILRR TQEVINQYLP PKIENVVFCR
           PGALQIALYR KLLNSQAVRF CLQGLLENTS HLICIGALKK LCNHPCLLFG SIKEKESNST
           WDESEERNLY EGLMNVFPAD YNPIMFTEEE SGKLQVLSKL LAVIRELRPA EKVVLVSNYT
           RTLDILQEVC KRHGYAYTRL DGQTPISQRQ QIVDGFNSKY SSDFIFLLSS KAGGVGLNLI
           GGSHLILYDI DWNPATDIQA MSRVWRDGQK HPVHIYRLLT TGTIEEKIYQ RQISKQGLSG
           AVVDLSKTSD HIQFSVEELK NLFTLHESSH CVTHDLLDCE CTG-ENHTGD SLEKLPVSRN
           CQLGPHQQKS DSLKPLSMSQ LKQWRHFPGD HLNLTDPFLE RIRENVSFFF QNITNQTTAI
           XPANMRRSAA PSQLQGNSFK KPKFIPPGRS NPGLNEEITK LNPDIKLFEG VAINNTFLPS
           QNDLRICSLN LPSDESTREI NYRDNCSGKY CFEAPTLATL DPPHTVHSAP KEVAVSKEQE
           EKSDSLVKYF SVVWCKPSKK KHKKWEGDAV LIVKGKSFIL KNLEGKDIGR GIGYKFKELE
           KIEEGQTLMI CGKEIEVMGV ISPDDFSSGR CFQLGGGSTA I
KENRQNDFQN CKPRHDPYTP NSLVMPRPDK NHQWVFNKNC FPLVDVVIDP YLVYHLRPHQ KEGIIFLYEC
           VMGMRMNGSC GAILADEMGL GKTLQCISLI WTLQCQGPYG GKPVIKKTLI VTPGSLVNNW
           KKEFQKWLGS ERIKIFTVDQ DHKVEEFIKS IFYSVLIISY EMLLRSLDQI KNIKFDLLIC
           DEGHRLKNSA IKTTTALISL SCEKRIILTG TPIQNDLQEF FALIDFVNPG ILGSLSSYRK
           IYEEPIILSR EPSASEEEKE LGERRAAELT CLTGLFILRR TQEIINKYLP PKIENVVFCR
           PGALQIELYR KLLNSQVVRF CLQGLLENSP HLICIGALKK LCNHPCLLFN SIKEKECSST
           CDKNEEKSLY KGLLSVFPAD YNPLLFTEKE SGKLQVLSKL LAVIHELRPT EKVVLVSNYT
           QTLNILQEVC KRHGYAYTRL DGQTPISQRQ QIVDGFNSQH SSFFIFLLSS KAGGVGLNLI
           GGSHLILYDI DWNPATDIQA MSRVWRDGQK YPVHIYRLLT TGTIEEKIYQ RQISKQGLCG
           AVVDLTKTSE HIQFSVEELK NLFTLHESSD CVTHDLLDCE CTGEEVHTGD SLEKFIVSRD
           CQLGPHHQKS NSLKPLSMSQ LKQWKHFSGD HLNLTDPFLE RITENVSFIF QNITTQATGT
           XHOMOMRRSA APSQLQGNSF KKPKFIPPGR SNPGLNEEIT KLNPDIKLFE GVAINNTFLP
           SQNDLRICSL NLPSEESTRE INNRDNCSGK YCFEAPTLAT L
SLVKYFSVVW CKPSKKKHKK WEGDAVLIVK GKSFILKNLE GKDIGRGIGY KFKELEKIEE GQTLMICGKE
           IEVMGVISPD DFSSGRCFQL GGGSTAISHS SQVARKCFSN PFKSVCKPSS KENRQNDFQN
           CKPRHDPYTP NSLVMPRPDK NHQWVFNKNC FPLVDVVIDP YLVYHLRPHQ KEGIIFLYEC
           VMGMRMNGRC GAILADEMGL GKTLQCISLI WTLQCQGPYG GKPVIKKTLI VTPGSLVNNW
           KKEFQKWLGS ERIKIFTVDQ DHKVEEFIKS IFYSVLIISY EMLLRSLDQI KNIKFDLLIC
           DEGHRLKNSA IKTTTALISL SCEKRIILTG TPIQNDLQEF FALIDFVNPG ILGSLSSYRK
           IYEEPIILSR EPSASEEEKE LGERRAAELT CLTGLFILRR TQEIINKYLP PKIENVVFCR
           PGALQIELYR KLLNSQVVRF CLQGLLENSP HLICIGALKK LCNHPCLLFN SIKEKECSST
           CDKNEEKSLY KGLLSVFPAD YNPLLFTEKE SGKLQVLSKL LAVIHELRPT EKVVLVSNYT
           QTLNILQEVC KRHGYAYTRL DGQTPISQRQ QIVDGFNSQH SSFFIFLLSS KAGGVGLNLI
           GGSHLILYDI DWNPATDIQA MSRVWRDGQK YPVHIYRLLT TGTIEEKIYQ RQISKQGLCG
           AVVDLTKTSE HIQFSVEELK NLFTLHESSD CVTHDLLDCE CTGEEVHTGD SLEKFIVSRD
           CQLGPHHQKS NSLKPLSMSQ LKQWKHFSGD HLNLTDPFLE R
QNITTQATGT XORYCTOLAG UMRRSAAPSQ LQGNSFKRLK FLPPGRSNPS PKEEIIKLNP DIKLFKGAAD
           -NSFQQSEND ARICSTNLPT EENTKEINHG NNSRINCFVE ASATTSLDPP PFVHPDPKEI
           TAFRRKEDES ESQAKYFSVV WCKASKKKHK KWEGDAVLIV KGRSFILKDL EGKDIGKGIG
           YNLKEFEKIE EGQTLMVGGK EIEVMGVISS DDFSSGRCFQ LGGGSPAVSS SSLTARSCFS
           KPFKSVCKPS SKENRQNDFQ NCKPRYDPYM PNSLVMPQPD KNHQWMFNKK CFPLVDVVID
           PHLVYHLRPH QKEGIIFLYE CVMGMRMDGR CGAILADEMG LGKTLQCISL IWTLQCQGPY
           GGKPVIKKTL IVTPGSLVNN WRKEFQKWLG SERIKIFTVD QDHKVEEFVQ CMFYSVLIIS
           YEMLLRSLDQ IKNIKFDLLI CDEGHRLKNS AIKTTAALIS LSCEKRIILT GTPVQNDLQE
           FFALIDFVNP GILGSLSSYR KIYEEPIIVS REPSASEEEK KLGERRAAEL TCLTGLFVLR
           RTQEIINKYL PPKIENVVFC RPGALQIELY RKLLNSQAVR FCLQGLSESS PHLLCIGALK
           KLCNHPCLLF STAKEKESSS SCNEDEERSL YKGLLNVFPA DYNPLLFTEE ESGKLQVLSK
           LLAVIHELRP TEKVVLVSNY TQTLNILQEV CKRHGYAHTR LDGQTPISQR QQIVDGFNSK
           YSSDFIFLLS SKAGGVGLNL IGGSHLILYD IDWNPATDIQ A
RQISKQGLSG AVVDLSKTSE HIQFSVEELK NLFTLHENSD CVTHDLLDCD CTGEKDRTGD SLENFAVCRP
           CQLGPHHQKS SSRKPLSMSQ LKQWKHFSAG HLNHTDPFLE RIRENVSFFF QNVTNQTAAI
           KVICUGNAMR RSAAPSQLQG NPFKK--FIP PSNPAT???? ?????????? ???VAASKNT
           FLQSQNDPRI CSFNLPTEES AREINHGDNY REK-CLEASA MRTLDPHHTV HSSPKEITVS
           KGREEEPDSL VKYFSVVWCK PSKKKHKKWE GDAVLIVKGK SFTLKDLEGR DIGRGIGYKC
           KELEKTEEGQ TMMIGGKEIE VMGVISPDDF NSGRCFQVG- GSSAVLSSSH TAKKCFSSPF
           KSVYKPSSKE NSQNGFQNCK PRHDPYAPNS LVMLRPDNNH QWMFNRNCFP IVDVVVDPHL
           VYHLRPHQKE GIIFLYECVM GMRVNGRYGA ILADEMGLGK TLQCISLIWT LQCQGPYGGK
           PVIKKTLIVT PGSLVNNWRK EFQKWLGIER IKVFTVDQDH KVDEFAKSPF YSVLIISYEM
           LLRSLDQIKS IKFDLLICDE GHRLKNSAIK TTTALISLSC EKRIILTGTP VQNDLQEFFA
           LIDFVNPGIL GSLSSYRKIY EEPIIISRQP SASEEEKELG ERRAAELTCL TGLFILRRTQ
           EVINKYLPPK IENVVFCRPG ALQTELYRKL LNSQAVRFCL QGLLENSSHL ICIGALKKLC
           NHPCLLFSSV KEKEHSSTWD ENEERHLYEG LISVFPADYN P
EKVVLVSNYT KTLDILQEVC KRYGYACTRL DGQTPISQRQ QIVDGFNSKY SSDFIFLLSS KAGGVGLNLI
           GGSHLILYDI DWNPATDIQA MSRVWRDGQK HPVHIYRLLT TGTIEEKIYQ RQISKQGLSG
           AVVDLTKTSE HIQFSVEELK NLFTLHENSH CVTHDLLDCE CTG-ENHTGD SMEKFPISRN
           CQLGPQQQKS NSLKPLSMSQ LKQWKHFSGD QLNLTDPFLT RIRENVSFFF QNITNQTTSI
           XSUS------ ---------- ---------- ---------- ---------- ----------
           ---------- ---------- ---------- ---------- ------HSAP KEVMVSNGQE
           EEPDSLVKYF SVVWCKASKK KHKKWEGDAV LIVKGKSFAL KDLEGKDIGR GIGYKFKELE
           KIEEGQTMMI GGKEIEVMGV ISPDDFSSGR CFQLGL-SGA LN-SSQTPKK CTSNPFKSVC
           KLSSKENRQN GFQNCKPRHD PYAPNSLVML RPDNNHQWMF NKNHFPIVDV VIDPHLVYHL
           RPHQREGIIF LYECVMGMRV NGRCGAILAD EMGLGKTLQC ISLIWTLQCQ GPYGGKPVIK
           KTLIVTPGSL VNNWRKEFQK WLGSERIKIF TVDPDHKVEE FTKSPLYSVL IISYEMLLRS
           LDQIKNIKFD LLICDEGHRL KNSAIKTTTA LFSLPCEKRI ILTGTPVQND LQEFFSLIDF
           VNPGILGSLS CYRKIYEEPI ITSRQPSASQ EEKELGERRA C
PKIENVVFCR PGALQIELYR KLLNSQAVRF CLQGLMENSS HLICIGALKK LCNHPCLLFS SVKEKECSSA
           WDENEERRLY EDLLKVFPPD YNPLMFAEEE SGKLQVLSKL LAVIHELRPA EKVVLVSNYT
           QTLNILQEVC RRHGYGCTRL DGQTPISQRQ QIVDGFNSKY SSDFIFLLSS KAGGVGLNLI
           GGSHLILYDI DWNPATDIQA MSRVWRDGQK HPVHIYRLLT TGTIEEKIYQ RQISKQDLSG
           AVVDLTKTSD HIQFSVEELK NLFTLHENSH CVTHDLLDCE CTG-ENHPGD SLEKFPLSRT
           CQLGPHQQKS NSLKPLSMSQ LKQWKHFSGD HLNLSDPFLE RIRGNVSFFF QNITNQTTAT
           XMUSTELA-- ---------- ---------- ---------- ---------- ----------
           ---------- ---------- ---------- ---------- ---------V HAAPKEITVF
           KRQEEEPHSL VKYFSVLWCK ASKKKHKKWE GDAVLIVKGK SFTLKDLEGK DIGRGVAYKF
           KELEKIEEGH RLMIGGKEVE VMGIISPDDF NSGRCFQCGG GSSAISSFTQ AAKKCFSNPF
           KSVCKSSSKE NRLNGFQDCR PRHDPYAPNS LVMSRPNNNC QWTFNKNCFP IVDVVIDPHL
           VYHLRPHQRE GIIFLYECVM GMRVNGRCGA ILADEMGLGK TLQCISLIWT LQCQGPYGGK
           PVIKKTLIVT PGSLVNNWKK EFQKWLGSER IKIFPVDQDH K
KSIKFDLLIC DEGHRLKNSA IKTTTALMSL SCEKRIILTG TPVQNDLQEF FALIDFVNPG ILGSLSSYRK
           IYEEPIIISR QPSASEEEKD LGEKRAAELT CLTGLFILRR TQEVINKYLP PKIENVVFCR
           PGALQIELYR KLLNSQAVKF CLRGLLGNSP HLICIGALKK LCNHPCLLFS SIKEKEYSST
           WDGNEERTLY EGLVDVFPAD YNPLMFTEEE SGKLQVLLKL LAVIHELRPT EKVVLVSNYT
           QTLNILQEVC KRHGYTYTRL DGQTPVFERQ KIVDGFNSKY SSDFIFLLSS KAGGVGLNLI
           GGSHLILYDI DWNPATDIQA MSRVWRDGQK HPVHIYRLLT TGTIEEKIYQ RQISKQDLSG
           AVVDLTKTSE HIQFSVEELK NLFTLHESSH CVTHDLLDCE CTGDKEVTGD SLEKFPISRN
           CQLGPH-QKP NSLKPLSMSQ LKQWKHFSGD HLNLADPFLE RIRENVSFFF QNITNQSTAI
           XMUSMRRSAA PSQVQGKSFK KTRFIPPGRS NADVSKEITK MSPDPKLFQG AE------QS
           QNDPGVCSSN CPSEGIPREV GDG------- -------TRV DPLPPVHSAS KEITESKAQE
           EEASSLLKYF SVVWCKASKK KHKKWEGDAI LIVRGRSFTL KDLEGKDIGR GIGYKFKDLE
           NVEEGQTLII GGKEIEILGT ISSDDFNSGK CFQHGSGSPA VP-SSQAARK CFSNPFKSVC
           QSTAQGKRWN D---CRPRHN PCTPNALVMP RPDENHQRMF N
KDGIIFLYEC VMGMRAVGKC GAILADEMGL GKTLQCISLI WTLQCQGPYG GKPVIKKTLI VTPGSLVNNW
           RKEFQKWLGS ERIKIFTVDQ DHKVEEFINS TFHSVLIISY EMLLRSLDQI KTIPFGLLIC
           DEGHRLKNSS IKTTTALSSL SCEKTVILTG TPVQNDLQEF FALVDFVNPG ILGSLSSYRK
           IYEEPIIISR EPSSSKEERE LGERRATELT RLTGRFILRR TQEVINKYLP PKIENVVFCR
           PGALQIELYR KLLRSQSVRF CLQGLLENSA HLICIGALKK LCNHPCLLFS SVKGKEFSSS
           CEENEERNLC QGLLSVFPAG YNPLQFSEEE SGKLQVLVKL LAVIHELRPT EKVILVSNYR
           QTLNVLEEVC KRHGYACARL DGQTPVSQRQ HIVDSFNSKY STDFIFLLSS KAGGVGLNLI
           GGSHLILYDI DWNPATDIQA MSRVWRDGQK HPVHIYRLLT TGTIEEKIYQ RQISKQGLSG
           AVVDLTRSSE HIQFSVEELK NLFTLHESSH CVTHDLLDCE CTGEKGHTED ASEGPVASRQ
           CQFGP--QKS DALRPLSMSQ LKQWKHFSGD HLNLPDPFLE RIRENVSFFF QNITNQAPAV
           XRATTUSMRR SAAPSQVRGN SSKKARFVPP GRSTTGVSKE IS-MSPEAKL VQGAH-----
           -QSQGDAGVC SSNWLTEGSP VEMGDG---- ---------- ARVDPLSPVH LASKEIIESK
           AQEEEASSLL KYFSVVWCKA SKKKHKKWEG DAILIVKGRS F
GQTLMLGGKE IEILGTVSAE DFNSGKCFQA GSGSPAVP-S SQAARKCFSN PFKSVCQSTA RRDRGNDWQN
           CKPRYDPYTP NALVMPRPDK SHQWAFNRSC LPTVDVVIDP HLVRHLRPHQ KDGVAFLYEC
           VMGMRAVGKC GAILADEMGL GKTLQCISLI WTLQCQGPYG GKPIVKRTLI VTPGSLVNNW
           RKEFQKWLGS ERIKIFTVDQ DHKVEEFINS AFHSVLIISY EMLLRSLDRI KTITFGLLIC
           DEGHRLKNSG IKTTAALSSL SCEKRVILTG TPVQNDLQEF FALVDFVNPG ILGSLSSYRR
           IYEEPIVMSR EPSASKEERE LGERRTTELT RLTGCFILRR TQEVINKYLP PKIENVVFCR
           PGALQIELYR KLLSSQSVRF CLQGLLGNSA HLICIGALKK LCNHPRLLFS FVKGKEFNSS
           RDENEERSLC QGLLTVFPAG YNLLQLSESE SGKLQVLVKL LAAISELRPT EKVILVSNYR
           QTLNLLEEVC KCHGYACARL DGQTPVSQRQ QIVDNFNSKY STDFIFLLSS KAGGVGLNLI
           GGSHLILYDI DWNPATDIQA MARVWRDGQK HPVHVYRLLT TGTIEEKIYQ RQISKQGLSG
           AVVDLTRSSE QIQFSVEELK NLFTLHENSH CVTHDLLDCE CTGEKDHSDD ASENPVTSRQ
           CQLGP--QKS SSSRPLSMSQ LKQWKHFSGD HLNLPDPFLE RIRENVSFFF QNITNQAPAI
           XMONODELPH I--------- ---------- ---------- -
---------- ---------- ---------- ---------- --FVAATEIS ESKGKEAGPG HSTKYFSVFW
           RKLSKKKHKK WEGDAILIVS GRSFTLKDLE GRVIGRGTAY TLKDLDNLNE GETTVIGGKE
           IEVMGKISSD DYNSGRCFQS SVGSSCLT-T SQITQKPFSN PVKNICKSNT EEKNIDDSSN
           FKPRHDPYAQ NSFVMPRPDK SHQWIFNKNC LPLVDVVVDP YLVHHLRPHQ KEGIVFLYEC
           VMGMRMNGRF GAILADEMGL GKTLQCISLI WTLLRQGLYG GKPIIKKTLI VTPGSLVTNW
           RKEFQKWLGT ERIKVFTLDQ AHKIEDFIIS PLYSVLIISY EMLLRCLDQI KNIKFDLLIC
           DEGHRLKNSS IKTTTALVSL SCEKRVILTG TPVQNDLQEF YALIEFVNPG ILGSLSSYRK
           IYEEPIIISR EPSATQEEKK LGEKRAAELT RLTGLFILRR TQEVINKYLP PKIESVIFCR
           PGILQIELYR KLLSSQAVRF CLQGILENAP HLLCIGALKK LCNHPCLLFK SLKEKENNSS
           SEQYEEYNFS EGLIDAYPAD YNPNTFSETD SGKLQVLTKL LAAIRELSPS EKVVLVSNYT
           QTLNILQAVC TRHGYTCTRL DGQTPVVQRQ QIVDGFNCKH SSVFIFLLSS KAGGVGLNLI
           GGSHLILYDI DWNPATDIQA MARVWRDGQK HSVHIYRLLT TGTIEEKIYQ RQISKQGLSG
           AVVDLAKTSE HIQFSVEELK NLFTLHEDSD CVTHDLLDCE C
SLEEPSTYRS CQLGPNHQKL DSKKPLSMSQ LKQWKHFSGK HQNLHDPFLE RIKENVSFIF QNVTNQAPVK
           XCHOLOEPUS ---------- ---------- ---------- ---------- -----VAANK
           NTFLPERNVT RICNLSLPTK GST---NHGD NYSKKYCFEA SAMATLDPSY T?????????
           ?????????? ?????????? ?????????? ?????????? ?????????? ???????IGY
           KFKDLEKIDE GQTLMIGGKE IEVM-IISPD DFTS-KCFQL GGGSPAIS-S SQPAMKCFSK
           PFKSVCKPGS KENRQNGFQH CKPRHDPYAP NSLVMPRPDK NHQWMSNKNC FPIMDVVIDP
           YLVCHLRPHQ KEGIIFLYEC VMGM?????? ?????????? ?????????? ??????????
           ?????????? ?????????? ?????????? ?????????? DHKVEEFISC LFYSVLIISY
           EMLLRSLDQI KNIKFNLLIC DEGHRLKNSA IKTTTALISL SCEKRIILTG TPIQNDLQEF
           FALIDFVNPG ILGSLSAYRK IYEEPIIISR EPSASEEEKE LGEKRAAELT CLTGLFVLRR
           TQEVINKYLP PKIENVVFCR PGALQIELYR KLLNSQAVRF CLQGLL-NSP HLICIAALKK
           LCNHPCLL?? ???EKECSSI CDENEERSLY EALINVFPVD YNPLVFTEKD SGKLQVLSKL
           LAVIHDLRPS EKVVLVSNYT QTLNILQELC KRHGYAYTRL D
KAGGVGLNLI GGSHLILYDI DWNPATDIQA MSRVWRDGQK HPVHIYRLLT TGTIEEKIYQ RQISKQGLSG
           AVVDLTKTSE HIQFSVEELK DLFILHENSH CVTHDLLDCE CSGEKDRIGD SLETFSIFRN
           CQLGSHQQKS GSLKPLSMSQ LKQWKHFSGD HQNLTDPFLE RIRDNVSFFF QNITNQATAK
           EOCHOTONA- ---------- ---------- ---------- ---------- -----DAAND
           SFERSASDPV VCSSDPPPQE GSKEMNHGDN SKGNCYFKAS ANAVLDPPEI VGPAAKEALK
           CKNLEDASGG LIKYLREDGC GASKQHHTR- EGDAAHNLNG RHFSL-DLYR KEFGKGIGYK
           FKEFENIEEG QTLMLGGKEV EVMGVISPDD FNSGRCFQLG GGSADVPSTS QTASKCFSTP
           FKGVCKPSSK ENRRSNFQNC KPRHNPYTP? ?????????? ?????????? ??????????
           ?????????? ?????????? ?????????? ?????????? ??LQCISLIW TLQCQGPYGG
           KPVIKKTLIV TPGSLVNNWK KEFQKWLGSE RIKIFAVDQD HKVEEFTRYL VYSVLIISYE
           MLLRSLDQIK NIKFDLLICD EGHRLKNSAI KTTAALLSLS CEKRIILT?? ??????????
           ?????????? ?????????? ?????????? ?????EEKEL GERRAAELTC LT-LFVLRRT
           QEIINKYLPP KIENVVFCRP GALQVELYRE LLNSQAVRFC L
