   40   526
Echinops   ---------- ---------- ---------- ---------- --PIVPTFLY VTEFSQINAS
           QRLGPAMTPQ HALTSSTFST IFSFFDNSTV AFEESGPG-- AWMNGTPGTP PPPAPDALSA
           HTQNCLQGTD FLEEENTRVG ILFASKALMQ LLVNPFVGPL TNRIGYH-SM FA----CIMS
           LIMFAFSGTY ALLFVARTIQ GIGSSFSSVA GLGMLASVYK DDCERGRAMG IALGGLALGV
           LVGAPFGSVM YEFVGKSAPF LVLAFLAVLD GALQFCILQP SKVSPE???? ??????????
           ???????SLC -ANMGLPMLE PTLPIWMLKT MCSPEWQLGL AFLPGSLSYL IGTNLFGVLA
           NKMGRWLCSL VGMVVVGASL LC???????? ?????????? ?????????? ??????????
           ?????????? ?????????? ?????????? ?????????? ?????????? ??????????
           ????????AI LSQDCPMETR IYATQKPTKE FPLGDSDYEE PGSEQX
Ictidomys  MLSTVLDAPQ RLLEEGRGSR QLVLVVVFVA LLLDNMLLTV VVPIVPTFLY ATEFKEVNSS
           GHASLSVSSQ PDLTLPTFAT IFSFFDNITI AVEQSAPRGT AWTNGSSGTV PPPVTEANTA
           HRNNCLQGTE FLEEENIRVG VLFASKALMQ LLVNPFVGPL TNRIGYHIPM FAGFVIMFLS
           TVMFAFSATY TLLFVARTLQ GIGSSFSSVA GLGMLASVYT DDYERGRAMG IALGGLALGV
           LVGAPFGSVM YEFVGKPAPF LILAFLALLD GALQLFILKP SKVSPESAKG TPLLMLLKDP
           YILVAAGSIC FANMGVAMLE PTLPIWMMQT MCSPEWQLGL AFLPASVSYL IGTNLFGVLA
           NKMGRWLCSL VGMVVVGASL LCVPLAHSIF GLIGPNAGLG FAIGMVDSSL MPIMGHLVDL
           RHTSVYGSVY AIADVAFCVG FAIGPSTGGA IVRAIGFPWL MVIIGLINIS YAPLCYFLRS
           PPAKEEKLAI LSQDCPLETR TYATQKPTKE FPLGENSDEE PDSEE-
Loxodonta  MLRVVLEAPQ RLLKEGRGSR QLVLLVVFIA LLLDNMLLTV VVPIVPTFLY ATEFRQVNAS
           QYLGPAVASQ HGLTSSTFST IFSFFDNNTM AIEESAPCGT VQMNDTSGTI PPPVTEAISV
           HKNNCLQGTE FLKDENIRVG FLFASKALMQ LLINPFVGPL TNRIGYHIPM FAGFVIMFFS
           TIMFAFSGTY SLLFVARTLQ GIGSSFSSVA GLGMLASVYT DDYERGRAMG IALGGLALGV
           LVGAPFGSVM YEFVGKSAPF LILAFLAVLD GALQFCILQP SKVSPESVKG TPLFTLLKDP
           YILVAAGSLC FANMGVAMLE PTLPIWMMQT MCSSEWQLGL AFLPGSLSYL IGTNLFGVLA
           NKMGRWLSSL VGMVVVGTSL LCVPLAHNIS GLIGPIAGLG FAIGMVDSSI MPIMGHLVDL
           RHTSVYGNVY AIADVAFCMG FAIGPSTGGA IVRAIGFPWL MVIIGVVNIV YAPLCYYLRS
           PPAREEKLAI LSQDCPMETR MYATRKPAKE FPLGEDSDEE PGSEE-
Canis      MLRRFLDTPQ HLLKEGRKSR KLVLVVVFVA LLLDNMLLTV VVPIIPNFLY ATEFKEINAP
           LYLGPTTISQ HVLTS-AFST IFSFFDNNTM TVEESAPSGT TWTDDNSGTI PPPVTAAIPV
           QQNNCFQGTK FLEEENVRVG VLFASKALMQ LLVNPFVGPL TNRIGYHIPM FAGFVILFLS
           TVMFAFSGTY TLLFVARTLQ GIGSSFSSVA GLGMLASVYT DDYERGRAMG IALGGLALGV
           LVGAPFGSVM YVFVGRSSPF LILAFLALLD GALQLCILQP SKVSPESARG TPLLTLLKDP
           YILVAAGSLC FANMGVAILE PTLPIWMMQT MCSPEWQLGL AFLPASVSYL IGTNIFGVLA
           NKMGRWLCSL IGMMVVGTSL LCVPLAHNIF GLIGPNAGLG FSIGMVDSSV MPIMGHLVDL
           RHTSVYGSVY AIADVAFCMG FAIGPSTGGA IVHAIGFPWL MVIIGVINII YAPLCYYLRS
           PPAKKENLAI LSEDSVMETR MYTTQKPKRK FPLREDSEEE PGSEEX
Macaca     MLRTVLVAPQ RLLKEGRASR QLVLVVVFVA LLLDNMLLTV VVPIVPTFLY DMEFKEVNSS
           LHLGPAGSSS HALASPPFST IFSFFDNNTM AVEESVPSGI AWMNDTTSTI PPPATEAISA
           PKNNCLQGTE FLEEENTRVG ILFASKAVMQ LLVNPFVGPL TNRIGYHIPM FAGFVIMFLS
           TVMFAFSGTY TLLFVARTLQ GIGSSFSSVA GLGMLASVYT DDHERGRAMG IALGGLALGL
           LVGAPFGSVM YEFVGKSAPF LILAFLALLD GALQLCILQP SKVSPESAKG TPLFMLLKDP
           YILVAAGSIC FANMGVAILE PTLPIWMMQT MCSPKWQLGL AFLPASVSYL IGTNLFGVLA
           NKMGRWLCSL IGMLAVGTSL LCVPLAHNIF GLIGPNAGLG LAIGMVDSSM MPIMGHLVDL
           RHTSVYGSVY AIADVAFCMG FAIGPSTGGA IVQAIGFPWL MVIIGVVNIV YAPLCYYLRS
           PPAKEEKLAI LSQDCPMETR MYATQKPTKE FPLGEDSDDE PDHEEX
Myotis     MLRAVWDAPQ HWLQEGRESR KLVLVVVFVA LLLDNTLLTV VVPIVPTFLY ATEFKEVNTS
           LHLGTATTSR HALTSPAFST IFSFFDNNTL AVEESAPSAT AWTNATSGTV APPVTEAISS
           QKNNCLQHSE FLEEENIRVG LLFASKAVMQ LLVNPFVGPL TNRIGYHIPM FAGFVIMFLS
           TVMFAFAGTY TLLFVARTLQ GIGSSFSSVA GLGMLASVYT DDYERGRAMG IALGGLALGV
           LVGAPFGSVM YEFVGKSAPF LILAFLALLD GALQFCILQP SKLSPESAKG TPLLTLLKDP
           YILVASGSLC FANMGVAMLE PTLPIWMMQT MCSPEWQLGL AFLPASVSYL IGTNLFGVLA
           NKMGRWLCSL IGMVVVGTSL LCVPLARNIF GLIGPNAGLG FAIGMVDSSM MPIMGHLVDL
           RHTSVYGSVY AIADVAFCMG FAIGPSTGGA IVRAIGFPWL MVIIGVVNII YAPLCCYLRR
           PPAREEKLAI LSQECPMETR MHAVQTSVRA FPLGEDSDEE PGSEE-
Felis      MLRIVWDAPQ QLLKERRESR KLVLVVVFVA LLLDNMLLTV VVPIVPNFLY ATEFKEINTP
           LHLGTTTVSQ HVLTPRAFST IFSFFGNDTM AIKESAPSGT AWTDRTSGTI PPLVTEAIPA
           QQNNCLQGTE FLEEENIRVG VLFASKALMQ LLVNPFVGPF INRIGYHIPM FVGFVILFLS
           TVMFAFSGTY TLLFVARTLQ GIGSSFSSVA GLGMLASVYT DDYERGHAMG IALGGLALGV
           LMGAPFGSVM YVFVGRSSPF LILAFLALLN GALQLCILQP SKVSPESAKG TPLLTLLKDP
           YILVAAGSLC FANMGVAMLE PTLPIWMMQT MCSPEWQLGL AFLPASVSYL IGTNLFGVLA
           NKMGRWLCSM IGMMVIGTSL LCVPLAYNIF GLIGPNAGLG FSIGMVDSSV MPIMGHLVDL
           RHTSVYGSVY AIADVAFCMG FAIGPSTGGA IVHAIGFPWL MVIIGVINIM YAPLCYYLRS
           PPAKEEKLAI LSQDCPMETR ICATQKPTRE FPLGEDSEEE PG----
Callithrix MLRTVLNASQ GLLKEGRESR QLVLVVVFVA LLLDNMLLTV VVPIVPTFLY AMEFKEVNSS
           LYLGRAGSSP QALTFPAFST IFSLFDNNTV AVEESVPNGT AWMNGTASTV PPAATEAIAA
           HKNNCLQGTG FLEEENTRVG VLFASKAVMQ LLVNPFVGPL TNRIGYHIPM FAGFIIMFLS
           TVMFAFSGTY TLLFVARTLQ GIGSSFSSVA GLGMLASVYT DDYERGQAMG IALGGLALGV
           LVGAPFGSVM YEFVGKSAPF LILAFLALLD GALQLCILQP SKVSPESAKG TPLFILLKDP
           YILVAAGSIC FANMGVAILE PTLPIWMMQT MCSPKWQLGL AFLPASVSYL IGTNLFGVLA
           NKMGRWLCSL IGMLVVGSSL LCVPLAHNIF GLIGPNAGLG LAIGMVDSSM MPIMGHLVDL
           RHTSVYGSVY AIADVAFCMG FAVGPSIGGA IVQAIGFPWL MVIIGVVNII YAPLCYYLRS
           PPAKEEKLAI LSQECPMETR MYATQKPVKE FPLGEDSDEE TDREEX
Nomascus   MLRSVLDAPQ RLLKEGRASR QLVLVVVFVA LFLDNMLFTV VVPIVPTFLL DMEFKEVNSS
           LHLGHAGSSP HALASPAFST IFSFFDNNTM AVEESVPSGI AWMNGTASTI PPPATEAILA
           HKNNCLQGTE FLEEENTWVG VLFASKAVMQ LLVNPFVGPL TNRIGYHIPM FAGFVIMFLS
           TVMFAFSGTY TLLFVARTLQ GIGSSFSSVA GLGMLASVYT DDYERGRAMG TALGGLALGL
           LVGAPFGSVM YEFVGQSAPF LILAFLALLD GALQLCILQP SKVSPESTKG TPLFMLLKDP
           YILVAAGSIC FANMGVAILE PTLPIWMMQT MCSPKWQLGL AFLPASVSYL IGTNLFGVLA
           NKMGRWLCSL IGMLVVGTSL LCVPLAHNIF GLIGPNAGLG LAIGMVDSSM MPIMGHLVDL
           RHTSVYGSVY AIADVAFCLG FAIGPSTGGA IVQAIGFPWL MVIIGVINIV YAPLCYYLRS
           PPAKEEKLAI LSQDCPMETR MYATQKPTKE FPLGEDSDEE LDHEEX
Ornithorhy MLPAIPSAPR PWLKEGRESR RLVLVVVFVA LLLDNMLLTV VVPIVPTFLY ATEFKGANLS
           AAPPHGTPVQ DGATSPA--S IFSFFNNSTL VVEKDGPGGL SWTNGTPGTF SPQADGSTPA
           AGNSCPRGTE FLEEENVRVG LLFASKALMQ LLVNPFVGPL TNRIGYHIPM FAGFVIMFLS
           TVMFAFSGTY TLLFVARTLQ GIGSSFSSVA GLGMLASVYT DDYERGSAMG IALGGLALGV
           LVGAPFGSLM YEFVGKSAPF LILAFLALLD GALQLCILRP SKITPESTRC TPLSTLLKDP
           YILVAAGALC FANMGVAMLE PTLPIWMMQT MCSPKWQLGL AFLPASVSYL IGTNLFGLLA
           NKMGRWLCSL IGMVVVGISL LCVPLARNIY GLIGPNGGLG FAIGMVDSSM MPIMGHLVDL
           RHTSAYGSVY AIADVAFCMG FAVG------ ---------- MV-------- ----------
           -PARAAG??? ???------- ---------- ---------- ------
Monodelphi ---AIVCTSC RWLKEGRESR KLVLVVVFVA LLLDNMLLTV VVPIIPTFLY ATEFKGANVS
           ESFPFGSSTP EILQNADFSS IFSYFDNTTV VIEESTHKGK KRINDTFGTL PPQVIRPSVA
           PRNNCLQGTE FLEEENLRVG LLFASKAIMQ LLVNPFVGLL TNRIGYHIPM FAGFVIMFLS
           TVMFAFSGTY TLLFLARTLQ GIGSSFSSVA GLGMLASVYT DDYERGSAMG IALGGLALGV
           LVGAPFGSLM YEFVGKPAPF LILALLALMD GALQLCILQP SKICPESSKG TPILTLLRDP
           YILVAAGSLC FANMGVAILE PTLPIWMLQT MCSPKWQLGL AFLPASVSYL IGTNLFGVLA
           NKMGRWLCSL IGMLVVGISL LCVPLAQNIL GLIGPNGGLG FAIGMVDSSM MPIMGHLVDL
           RHTSVYGSVY AIADVAFCMG FAIGPSTGGA IVHSIGFPWL MVIIGVINIA YAPLCYYLRS
           PPAKEEKIAI LNQECPMETK IHGIQKSQRA FPLSEGSEEE MESEEX
Cavia      MLRVVLDVPQ RLLKKGRESR KLVLLVVFVA LLLDNMLLTV VVPIVPTFLY ATEFKESNSS
           LHHGRSLSSL PAPTSTAFSA IFSFFDNTTI VVEESVPRST AWPNGSASTI PPPVTEASSA
           HKNNCLQGTE FLEEENMRVG VLFASKALMQ LLVNPFVGPL TNRVGYHIPM FAGFVIMFLS
           TIMFAFSGTY TLLFVARTLQ GIGSSFSSVA GLGMLASVYT DDYERGKVMG IALGGLALGV
           LVGAPFGSVM YEFVGKSAPF LILAFLALLD GALQLCILQP SKVSPESAKG TPLLMLLKDP
           YILVAAGSIC FANMGVAILE PTLPIWMMQT MCSPEWQLGL AFLPASVSYL IGTNLFGVLA
           NKMGRWLCSL VGMVVVGTSL LCVPLAHNIF GLIGPNAGLG FAIGMVDSSL MPIMGHLVDL
           RHTSVYGSVY AIADVAFCVG FAIGPSTGGA LVRAIGFPWL MVIIGVVNIL YAPLCYFLRN
           PPANEEKLAI LSQDCPMETR MYTTQKPTKD FPLGENSDED PDSGEX
Sarcophilu LFETTLCTSC RWLKEGRESR KLVLVVVFVA LLLDNMLLTV VVPIVPAFLY ATEFRSANVS
           ETLPFGSNAP GILHNADFSS IFSYFDNTTM VTEESKHSEK EWMNENFGTL PPQVIEPSLA
           PRNNCLQGTE FLEEENLRVG LLFASKAIMQ LLVNPFVGLL TNRIGYHIPM FAGFVIMFLS
           TVMFAFSGTY TLLLLARTLQ GIGSSFSSVA GLGMLASVYT DDYERGSAMG IALGGLALGV
           LVGAPFGSLM YEFVGKPAPF LILALLALMD GALQLCILQP SKICPESSKG TPILTLLRDP
           YILVAAGSLC FANMGVAILE PTLPIWMMQT MCSPKWQLGL AFLPASVSYL IGTNLFGVLA
           NKMGRWLCSL IGMLVVGTSL LCVPLAQNIF GLIGPNGGLG FAIGMVDSSI MPIMGHLVDL
           RHTSVYGSIY AIADVAFCMG FAIGPSTGGA IVHAIGFPWL MVIIGVINIA YAPLCYYLRS
           PPAKEEKIAI LNQECPMETK IHGIQKSQRE FPLSEGSEEE AESE--
Equus      MLRAALDAPQ QLLKAGRESR KLVLAVVFVA LLLDNMLLTV VVPIVPTFLY ATEFKEVNTS
           LHLDSTTTSS RALVSSAFAT IFSFFENNTM AIEESAPSGT AWTNGTFGTI PPPGTGAIPA
           HKNNCLQGTE FLEEENIRVG VLFASKALMQ LLVNPFVGPL TNRIGYHIPM FAGFVIMFLS
           TVMFAFSGTY TLLFVARTLQ GVGSSFSSVA GLGMLASVYT DDYERGRAMG IALGGLALGV
           LVGAPFGSVM YVFVGKSAPF LILAFLALLD GVLQLCILQP SKVSPESAKG TPLLTLLKDP
           YILVAAGSLC FANMGVAMLE PTLPIWMMQT MCSPEWQLGL AFLPASVSYL IGTNLFGVLA
           NKMGRWLCSL IGMVVVGASL LCVPLAHSIF GLIGPNAGLG FAIGMVDSSM MPIMGHLVDL
           RHTSVYGSVY AIADVAFCMG FAIGPSTGGA IVRAIGFPWL MVIIGVINIV YAPLCYYLRS
           PPAKEEKLAI LSQHCPMETR MHATQKLTRE FPLGEDSDEE PGSEEX
Gorilla    MLRTILDAPQ RLLKEGRASR QLVLVVVFVA LLLDNMLFTV VVPIVPTFLY DMEFKEVNSS
           LHLGHAGSSP HALASPAFST IFSFFNNNTV AVEESVPSGI AWMNDTASTN PPPATEAISA
           HKNSCLQGTE FLEEENTRVG VLFASKAVMQ LLVNPFVGPL TNRIGYHIPM FAGFVIMFLS
           TVMFAFSGTY TLLFVARTLQ GIGSSFSSVA GLGMLASVYT DDHERGRAMG TALGGLALGL
           LVGAPFGSVM YEFVGKSAPF LFLAFLALLD GALQLCILQP SKVSPESAKG TPLFMLLKDP
           YILVAAGSIC FANMGVAILE PTLPIWMMQT MCSPKWQLGL AFLPASVSYL IGTNLFGVLA
           NRMGRWLCSL IGMLVVGASL LCVPLAHNIF GLIGPNAGLG LAIGMVDSSM MPIMGHLVDL
           RHTSVYGSVY AIADVAFCMG FAIGPSTGGA IVKAIGFPWL MVITGVINIV YAPLCYYLRS
           PPAKEEKLAI LSQDCPMETR MYATQKPTKE FPLGEDSDEE PDHEEX
Procavia   MLRAVLEAPQ QLLKEARGSR KLALLVVFVA LLLDNMLLTV VVPIVPAFLY DTEFRQVNTS
           QHLVPAVTSQ HAFTSSTLST IFSFFDNNTM AVEESTPHGI AWTDDTSGTI LPPVTEAISV
           HKNNCLQGAE FLKEENMRVG FLFASKALMQ LLVNPFVGPL TNRIGYYIPM FAGFVIMFFS
           TIMFAFSGTY TLLFVARTLQ GIGSSFSSVA ?????????? ?????????? ??????????
           ?????????? ?????????? ?????????? ??LQCCILQP SRISPESVKG TPLFTLLKDP
           YILVAAGSLC FANMGVAMLE PTLPIWMLRT MCSPEWQL?? ?????????? ??????????
           ?????WMCSL AGMVVVGTSL LF???????? ?????????? ?????????? ??????????
           ?????????? ?????????? ?????????? ?????????? ?????????? ??????????
           ????????AI LSQDCPMETR LYPAQRTTKE FPLGEDSDEE PGSEEX
Dipodomys  MLRAVLGAPQ RVLKEGRASP QLVLVVVFVA LLLDNMLLTV VVPIVPTFLY ATEFEEANSS
           LPTSNPVSPQ QALSSASFST IFSFFDNTTT IVERSAWSAL TW-------- -PPVTEASSA
           HKNNCLQGTE FLEEENVRVG VLFASKALMQ LLVNPFVGPL TNRIGYHIPM FAGFVTMFLS
           TLMFAFSGTY ALLFVARTLQ GIGSSFSSVA GLGMLASVYT GDYERGRAMG IALGGLALGV
           LVGAPFGSVM YEFVGKSAPF LILAFLALLD GVLQLCILQP SKVSPESVKG TPLLTLLKDP
           YILVAAGSIC FANMGVAILE PTLPIWMMQT MCSPEWQLGL AFLPASVSYL IGTNLFGVLA
           NRIGRWLCSL IGMMLVGTSL LCVPLAHNIF GLIGPNAGLG FAIGMVDSSL MPIMGHLVDL
           RHTSVYGSVY AIADVAFCVG FAIGPSTGGA IVRAIGFPWL MVVIGVINIV YAPLCYFLRS
           PPATEEKLAI LSQDCPMETR MYATQKPTKE FPLGESSDEE ADSEEX
Microcebus MLRTVLETPQ RWLKEGRSSR QLVLVVVFVA LLLDNMLLTV VVPVVPTFLY VTEFKEVNNS
           -HLSHALSSP PALASPTFST VFSFFDNITL AVEESAPNGT ARTNDTAGIS PPLVTEAVSA
           RKNNCLQGTE FLEKENTRVG VLFASKAIMQ LLVNPCVGPL TNRIGYHIPM FAGFVIMFLS
           TVMFAFSGTY SLLFVARTLQ GIGSSFSSVA GLGMLASLYT DDGERGRAMG TALGGLALGL
           LVGAPFGSVM YEFVGKSSPF LVLAFLALLD GALQLCILQP SRVSPESVKG TPLFTLLRDP
           YILVAAA--- ---------- ---------- -------LSM VFLPASVSYL IGTNLFGVLA
           NKMGRWLCAL VGMVVVGTSL LCVPLAHNIF GLIGPNAGLG FAIGMVDSAM MPTMGHLVDL
           RHASVYGSIY AIADVALCMG FAIGPSTGGA IVQAVGFPWL MVIIGVVNII YAPLCCYLRS
           PPAKEEKLAI LSQDCPMETR MYATQKPTKE FPLGEDSDEE PGNEX-
Pteropus   MLRAVSDAPR RLLQEGRESR KLVLVVVFVA LLLDNMLLTV VVPIVPSFLY ATELKEVNTS
           LDLGPATSSR HTLPSPAFSA IFSFFDNYTM AVEESAPRGM AWTNGTSGTV TPPVTGALSA
           HKNNCLQDTQ FLEEENVRVG VLFASKALMQ LLVNPFMGPL TNRIGYHIPM FAGFVIMFLS
           TVMFAFSGTY TLLFVARTLQ GIGSSFSSVA GLGMLASVYT DDYERGRAMG IALGGLALGL
           LAGAPFGSVM YEFVGKSAPF LILAFLALLD GALQLCILQP SKVSPE???G TPILTLLKDP
           YILVAAGSLC FANMGVAMLE PTLPIWMMQT MCSPEWQLGL AFLPASVSYL IGTNIFGVLA
           SRMGRWLCSL IGMVVVGTSL LCVPLAHDIF GLIGPNAGLG FAIGMVDSSM MPIMGHLVDL
           RHTSVYGSVY AIADVAFCMG FAVGPSTGGA IVRAIGFPWL MVIIGVVDIT YAPLCYCLRS
           PPAKEEKLAI LSQDCSMETR RHAVQKSARA FPLGEDSDEE PGSEEX
Tarsius    MLRTVLDAPQ RLLREGRTSR QLVLVVVFVA LLLDNMLLTV VVPIVPTFLY ATEFKEGNSS
           LHLGHARSP? ?????????? ?????????? ???????GG- -WTNGTSGTV PPPVTEAISA
           QTNNCLQGTE FLEQENIRVG VLFASKAMMQ LLVNPFVGPL TNRIGYHIPM FAGFVIMFLS
           TVMFAFSGTY NLLFVARTLQ GIGSSFSSVA GLGMLASVYT DDYERGRAMG VALGGLALGV
           LVGAPFGSVM YEFVGKSAPF LILAFLALMD GALQLCILQP SKVSPESTKG TPLFTLLKDP
           YILVAAGSIC FANMGVAILE PTLPIWMMQT MCSPEWQL?? ?????????? ??????????
           ?????WLCSL VGMMVVGTSL LC???????? ?????????? ?????????? ??????????
           ?????????? ?????????? ?????????? ?????????? MVIIGIINIV YAPLCYYLRN
           PPAKEEKLAI LSQDCPMETR MYATPKPTKE FPLGEDSDEE PDHEEY
Mustela    MPRVFLDTSQ QLLKEGRESQ KLVLVVVFVA LLLDNMLLTV VVPIIPNFLY ATEFKEINAP
           LYLGSTTISQ HVLTSPTFST IF-FFDNNTV AIEESAPNGT AWTDDNTDTI PPPVTGAIPA
           QQNNCLQGTE FLEEENIRVG VLFASKALMQ LLVNPFVGPL TNRIGYHIPM FAGFVILFLS
           TVMFAFSGTY TLLFVARTAQ GKASPIRSKQ CLGMLASVYT DDYERGRAMG IALGGLALGV
           LVGAPFGSVM YSFVGQSSPF LILAFLALLD GALQLCILQP SKFSPESARG TPLLTLLKDP
           YILVAAGSLC FANMGVAMME PTLPIWMMQT MCSPEWQLGL AFLPASVSYL IGTNLFGVLA
           NKMGRWLCSL IGMIVVGTSL LCVPLAHNIF GLIGPNAGLG FSIGMVDSSV MPIMGHLVDL
           RHTSVYGSVY AIADVAFCMG FAIGPSTGGA IVHAIGFPWL MVIIGVINII YAPLCYYLRS
           PPAKEENLAI LSQDCAMETW ICATQKPTRE FPLGKDSDEE AGSEEX
Ailuropoda MSRVFLDTPQ RLLKEGRESR KLVLVVVFVA LLLDNMLLTV VVPIIPNFLY ATEFKETNAP
           LYLGPTTISK HVLTSPAFST IFS-FDNNTM ALKESAPSGT AWTDDNTGTI PPPVTGAIPA
           QRNNCLQGTE FLEEENLRVG VLFASKALMQ LLVNPFVGPL TNRIGYHIPM FAGFVILFLS
           TVMFAFSGTY TLLFVARTLQ GIGSSFSSVA GLGMLASVYT DDYERGRAMG IALGGLALGV
           LVGAPFGSVM YVFVGRSSPF LILAFLALLD GALQLCILQP SKVSPESARG TPLLTLLRDP
           YILVAAGSLC FANMGVAMLE PALPIWMMQT MCSPEWQLGL AFLPASVSYL IGTNLFGVLA
           NKMGRWLCSL IGMIVVGTSL LCVPLAHNIF GLIGPNAGLG FSIGMVDSSM MPIMGHLVDL
           RHTSVYGSVY AIADVAFCMG FAIGPSTGGA IVHAIGFPWL MVIIGVINII YAPLCYYLRS
           PPAKEENLAI LSQDCAMETR MCATQKPTRE FPLGEDSDEE PGSEEX
Pan        MLRTVLDAPQ RLLKEGRASR QLVLVVVFVA LLLDNMLFTV VVPIVPTFLY DMEFKEVNSS
           LHLGHAGSSP HALASPAFST IFSFFDNNTV AVEESMPSGI AWMNDTASTI PPPATEAISA
           HKNNCLQGTE FLEEENTRVG ILFASKAVMQ LLVNPFVGPL TNRIGYHIPM FAGFVIMFLS
           TVMFAFSGTY TLLFVARTLQ GIGSSFSSVA GLGMLASVYT DDHERGRAMG TALGGLALGL
           LVGAPFGSVM YEFVGKSAPF LILAFLALLD GALQLCILQP SKVSPESAKG TPLFLLLKDP
           YILVAAGSIC FANMGVAILE PTLPIWMMQT MCSPKWQLGL AFLPASVSYL IGTNLFGVLA
           NKMGRWLCSL IGMLVVGTSL LCVPLAHNIF GLIGPNAGLG LAIGMVDSSM MPIMGHLVDL
           RHTSVYGSVY AIADVAFCMG FAIGPSTGGA IVKAIGFPWL MVITGVINIV YAPLCYYLRS
           PPAKEEKLAI LSQDCPMETR MYATQKPTKE FPLGEDSDEE PDHEEX
Homo       MLRTILDAPQ RLLKEGRASR QLVLVVVFVA LLLDNMLFTV VVPIVPTFLY DMEFKEVNSS
           LHLGHAGSSP HALASPAFST IFSFFNNNTV AVEESVPSGI AWMNDTASTI PPPATEAISA
           HKNNCLQGTG FLEEEITRVG VLFASKAVMQ LLVNPFVGPL TNRIGYHIPM FAGFVIMFLS
           TVMFAFSGTY TLLFVARTLQ GIGSSFSSVA GLGMLASVYT DDHERGRAMG TALGGLALGL
           LVGAPFGSVM YEFVGKSAPF LILAFLALLD GALQLCILQP SKVSPESAKG TPLFMLLKDP
           YILVAAGSIC FANMGVAILE PTLPIWMMQT MCSPKWQLGL AFLPASVSYL IGTNLFGVLA
           NKMGRWLCSL IGMLVVGTSL LCVPLAHNIF GLIGPNAGLG LAIGMVDSSM MPIMGHLVDL
           RHTSVYGSVY AIADVAFCMG FAIGPSTGGA IVKAIGFPWL MVITGVINIV YAPLCYYLRS
           PPAKEEKLAI LSQDCPMETR MYATQKPTKE FPLGEDSDEE PDHEEX
Pongo      MLRTVLDAPQ RLLKEGRASR QLVLVVVFVA LLLDNMLFTV VVPVVPTFLY DMEFKEVNSS
           LHLGHAGSSP HALASPAFST VFSFFDNSTT AVEESMPSGI AWMNDTASTI LPPATEAISA
           HKNNCLQGTE FLEEENTRVG VLFASKAVMQ LLVNPFVGPL TNRIGYHIPM FAGFVIMFLS
           TVMFAFSGTY TLLFVARTLQ GIGSSFSSVA GLGMLASVYT DDHERGRAMG TALGGLALGL
           LVGAPFGSVM YEFVGKSAPF LILAFLALLD GALQLCILQP SKVSPESAKG TPLFMLLKDP
           YILVAAG--- ---------- ---------- ---------L AFLPASVSYL IGTNLFGVLA
           NKMGRWLCSL IGMLVVGTSL LCVPLAHNIF GLIGPNAGLG LAIGMVDSSM MPIMGHLVDL
           RHTSVYGSVY AIADVAFCLG FAIGPSTGGA IVQAIGFPWL MVIIGVINIV YAPLCYYLRS
           PPAKEEKLAI LSQDCPMETR MYATQKPTKE FPLGEDSDEE PDHEEX
Bos        MLRTVLDAPQ RLLKKGRESR KLVLLVVFVA LLLDNMLLTV VVPIVPTYLY AIEFKDINGS
           LYLGSATTTQ PSLT-PAFST ILSFFENNTV AVEESVPSGI ARTSSISGTI SPPVTEAIPA
           HGNNCFQATE FLKEENLWVG VLFASKALMQ LLVNPFVGPL TNRIGYHIPM FAGFVIMFIS
           TVMFAFSGTY TLLFVARTLQ GIGSSFSSVA GLGMLACVYT DDHERGRAMG IALGGLALGV
           LVGAPFGSVT YVFLGKTVPF LILAFLALLD GALQLCILQP SKVSPESAKG TPLLTLLRDP
           YILVAAGSIC LANMGVAMLE PTLPIWMLQT MCAPEWQLGL AFLPASVSYL IGTSLFGVLA
           NKMGRWLCSL IGMLVVGTSL LCVPLAHDIF GLIGPNAGLG ISIGMVDSSM MPIMGHLVDL
           RHAPVYGSVY AIADVAFCLG FAVGPSTGGA IVRAIGFPWL MVITGVTDII YAPLCYYLRS
           PPAKEEKLAV LSQDCPMETR MYAAEKHTRQ FPLGEDSDEE PGCEEX
Sus        MLRAVWDAPQ QLLKKGRGSP KLVLLVVFVA LLLDNMLLTV VVPIVPTYLY AIEFKDVNTS
           LYLGPTSTTQ PALAS-AFST IFSFFEN-TV AIEESVPSGT AWTNGTSGTT PPPVTEAIAT
           HKNNCFQGTE FLKEENIWVG VLFASKALMQ LLVNPFVGPL TNRIGYHIPM FAGFVIMFMS
           TVMFAFSGTY TLLFVARTLQ GIGSSFSSVA GLGMLASVYT DDHERGKAMG IALGGLALGV
           LVGAPFGSVM YVFFGKVVPF LILAFLALLD GALQLCILQP SKVSPESAKG TPLLTLLQDP
           YILVAAGSLC FANMGVAMLE PTLPIWMLQT MCPPEWHLGL AFLPASVSYL IGTNLFGVLA
           NKMGRWLCSL VGMVIVGTSL LCVPLAHNIF GLIGPNAGLG FSIGMVDSSM MPIMGHLVDL
           RHAPVYGSVY AIADVAFCMG FAIGPSTGGA IVRAIGFPWL MVIIGVVNII YAPLCCYLRS
           PPAKEEKLAI LSQDCPLETR MYAAEPHLRE FPLGDDSDAE PASEEX
Rattus     MLQVVLGAPQ RLLKEGRQSR KLVLVVVFVA LLLDNMLLTV VVPIVPTFLY ATEFKDSNSS
           LHRGPSVSSQ QALTSPAFST IFSFFDNTTT TVEEHVPFRV TWTN---GTI PPPVTEATSV
           PKNNCLQGIE FLEEENVRIG ILFASKALMQ LLVNPFVGPL TNRIGYHIPM FVGFMIMFLS
           TLMFAFSGTY ALLFVARTLQ GIGSSFSSVA GLGMLASVYT DNYERGRAMG IALGGLALGL
           LVGAPFGSVM YEFVGKSSPF LILAFLALLD GALQLCILWP SKVSPESAMG TPLLTLLKDP
           YILVAAGSIC LANMGVAILE PTLPIWMMQT MCSPEWQLGL AFLPASVAYL IGTNLFGVLA
           NKMGRWLCSL VGMVAVGISL LCVPLAHNIF GLIGPNAGLG FAIGMVDSSL MPIMGYLVDL
           RHTSVYGSVY AIADVAFCVG FAIGPSTGGV IVQVIGFPWL MVIIGTINII YAPLCCFLQN
           PPAKEEKRAI LSQECPTETQ MYTVQKPTKE FPLGENSDD- PSSGEX
Mus        MFQVVLGAPQ RLLKEGRQSR KLVLVVVFVA LLLDNMLLTV VVPIVPTFLY ATEFKDINSS
           LLRGPSVSSQ QALTSPAFST TFSFFDNTTM TVEEHVPFRV AWIN---GTI PPPVTEAGSV
           PKNNCLQGIE FLEEENVRIG ILFASKALMQ LLVNPFVGPL TNRIGYHIPM FVGFMIMFLS
           TLMFAFSGTY ALLFVARTLQ GIGSSFSSVA GLGMLASVYT DNYERGRAMG IALGGLALGL
           LVGAPFGSVM YEFVGKSSPF LILAFLALLD GALQFCILWP SKVSPESAMG TPLLTLLKDP
           YILVAAGSIC LANMGVAILE PTLPIWMMQT MCSPEWQLGL AFLPASVAYL IGTNLFGVLA
           NKMGRWLCSL VGMVAVGISL LCVPLAHNIF GLIGPNAGLG FAIGMVDSSL MPIMGYLVDL
           RHTSVYGSVY AIADVAFCVG FAIGPSTGGV IVPVIGFPWL MVIIGTINII YAPLCCFLQN
           PPAKEEELAI LNQECPTETQ MYTIQRPTKE FPLGENSDD- PGSEEX
Ochotona   MLRAVLGAPQ RLLGDERASR RLVLVVVFVA LLLDNMLLTV VVPIVPTFLY AVEFQGVNST
           -----SPPPS RARSTPTIST TFSFFNNSTV ALEGSVPWTM VWTDGTAVTS PAPIP-VSSA
           HNSSCWQGTE FLEEENVRVG ILFASKALMQ LLVNPFVGPL TNRIGYHIPM FAGFVIMFLS
           TVMFAFSGTY ALLLVARTLQ GLGSSFSSVA GLGMLASVYT DDHERGQVMG IALGGLALGV
           LAGAPFGSVM YEFVGKSAPF LVLALLALLN GALQLCILHP SRVSPESAKG TPLLTLLRDP
           YILVAAGSIC FANMGVAMLE PTLPIWMMQT MCSPEWQLGL AFLPASVSYL IGTNLFGVLA
           NKMGRWLCSL IGMVVVGVSL LCVPLALNIF GLIGPNAGLG FAIGMVDSSL MPIMGQLVDL
           RHSPAYGSVY AIADVAFCLG FAVGPSTGGA IVRAIGFPWL MVLIGVINLA YAPLCCCLRS
           PPAREEKLAI LDRGCPMDTH MWTTQRPQNA LPLGEDSEEL H-----
Oryctolagu MLRAVLGTPQ RLLRDGVASR HLVLVVVFVA LLLDNMLLTV VVPIVPTFLY TTEFQGVNTS
           LPHG------ RALTSPAFSA IFSFFDNSTV AVGDRGPKAT ARTNSTSVTT PAPVTAPFSA
           RNGNCWQDTE FLGEENLRVG VLFASKALMQ LLVNPFVGPL TNRIGYHIPM FAGFVIMFLS
           TVMFAFSGTY ALLFVARTLQ GIGSSFSSVA GLGMLASVYT DDHERGRAMG IALGGLALGV
           LVGAPFGSVM YEFVGKSAPF LILALLALLD GALQLCILRP SKVSPESTQG TPLFMLLRDP
           YILVAAGSIC FANMGVAMLE PTLPIWMMQT MCSPEWQLGL AFLPASVSYL IGTNLFGVLA
           NKMGRWLCSL IGMVVVGVSL LCVPLAPNIF SLIGPNAGLG FAIGMVDSSL MPIMGHLVDL
           RHTSVYGSVY AIADVAFCLG FAVGPSTAGA IVRAIGFPGL MVIIGVINIA YAPLCYCLRS
           PPAKEEKLAI LNQGCPMDTR AFATQRTPKA FPLGEDSDEG PD----
Tursiops   MLRAVLDVPQ WLLKKGRESR KLVLLVVFVA LLLDNMLLTV VVPIVPTYLY ATEFK-VNTS
           VYPGPTTASQ PALTSTS-ST IFSFFENNTL AIEESVPGGI AWTSDTPGTV PAPVTEAIPA
           HENNCFQGTE FLKEENLWVG LLFASKALMQ LLVNPFVGPL TNRIGYHIPM FAGFVIVFIS
           TV???????? ?????????? ???????SVA GLGMLASVYT DDCERGQAMG IALGGLALGV
           LVGAPFGSVT YVLWGKTVPF LILASLALLD GALQLCILQP SKVSPESAKG TPLLTLVRDP
           FILVAAGSLC FANMGVAMLE PTLPIWMMQT MCAPEWQLGL AFLPSSVSYL IGTNLFGVLA
           NKMGRWLCSL IGMVVVGTSL LCIPLARNIF GLIGPNAGLG FSIGMVDSSM MPIMGHLVDL
           RHAPVYGSIY AIADVAFCMG FAIGPSTGGA IVQAIGFPWL MVIIGVINII YAPLCYYLRS
           PPAKEEKL-- ----CPMETR MHAAEKHMRE FPLGEDSDEE PGCEEX
Macropus   MF-AIFCTSC QWLKEGRESR KLVLVVVFVA LLLDNMLLTV VVPIVPTFLY ATEFKGA-SC
           LRLCLGSSAP GIHQNADFSS IFSYFDNTTM VVEGSKPSEK EWMNGTYVTL PPQVIQPSLA
           PKNNCLQGTE FLEEENLRVG LLFASKAIMQ LLINPFVGLL TNRIGYHIPM FAGFVIMFLS
           TV???????? ?????????? ?????????? ?????????? ?????????? ??????????
           ??GAPFGSLM YEFVGKPAPF LILALLALMD GALQLCILQP SKICPESSKG TPMLTLLRDP
           YILVAAGSLC FANMGVAILE PTLPIWMMQT MCSPKWQLGL AFLPASVSYL IGTNLFGVLA
           NKMGRWLCSL IGMLVVGTSL LCVPLARNIF GLIGPNGGLG FAIGMVDSSM MPIMGHLVDL
           RHTSVYGSVY AIADVAFCMG FAIGPSTGGA IVHAIGFPWL MVIIGIINIA YAPLCYYLRS
           PPAKEEKIAI LNQECPMETR IHGMQKSQRE FPLSEGSEEE EENEEX
Sorex      MLKTALSAWQ RLLRERRESR KLVLVVVFVA LLLDNMLLTV VVPIVPTSLY ATEFEEVNSS
           LNVDPTMTSQ HTLTPSVFST VFSFFDNNTI VIEESVSSGT VWTKITPGTI PPPAHEAITA
           NKNNCLQGIE FLEEENIRVG ILFASKALMQ LLVNPFVGPL TNRIGYHIPM FAGFIIMFLS
           TIMFAFSSTY TLLFVARTLQ GIGSSFSSVA GLGMLASVYT DDYERGRAMG IALGGLALGV
           LVGAPFGSVM YGFVGKSAPF LILAFLALLD GALQLCFLQP SKVSSE???? ??????????
           ?????????? ?????????? ?????????? ?????????L AFLPASVSYL IGTNLFGVLA
           NKMG?????? ?????????? ?????????? ?????????? ?????????? ??????????
           ?????????? ?????????? ????PSTGGA IVHAIGFPWL MVIIGVINIS YAPLCYCLRN
           PPAKEEKIAI LSQDCA-ENW VH--QNRPKE FPLGE-SDEE PDSAEX
Dasypus    MLRGLLDAPW QLLKEGRESR RLVLVVVFVA LLLDNMLLTV VVPIVPTFLY VTEFKDINTS
           LHMGQARTSQ HALTSPASSA IFSFFDNNTV AIEENVFKAT AWTNGTSSTI PPLITDTISA
           RKNNCVEGTE FLEEENVWVG VLFASKALMQ LLVNPFVGLL TNRIGYHIPM FAGFVIMFLS
           TVMFAFSGTY ILLFMARTLQ GIGSSFSSVA GLGMLASVYT DDEERGRAMG VALGGLALGV
           LVGAPFGSVM YGFVAKSAPF LILAFLALLD GALQLCILQP SKVSPESAEG APLFTLLKDP
           YILVAAGSLC FANMGVAMLE PTLPIWMMQT MCSPEWQLG- ---------- ----------
           ---------- ---------- ---------- ---------- ---------- ----------
           ---------- ---------- ---------- ---------- ---------- ----------
           ---------- ---------- ---------- ---------- ------
Erinaceus  ---------- ---------- ---------- ---------- ---------- ----------
           ---------- ---------- ---------- ---------- ---------- ----------
           ---------- ---------- ---------- ---------- ---VGYHIPM FAGFVIIFLS
           TIMFAFS--- ----VAQSL- GIGSSFSSVA ?????????? ?????????? ??????????
           ??GAPFGSVM YEFVGKSSPF LILAFLSLLD GVLLLFILQP SKVSPESIKG TPLLILLKDP
           YIIVAAGSLC FANMGVAMLE PTLPIWMMQT MCSPEWPLGL AFLPASVSYL I-TNLFGVLA
           KNTGRWLCSL IGMVVVGTSL LCVPLAHNIF GLIGPNAGLG FAIGMVDSAM IPIMGQLVDL
           RHISVYGSVY AIVDVAFCMG FAIGPSSGGA IAHAVGFPWL MVIIGIVNIL YAPLCYYLRS
           -PAKEEKLAI LSQDCPMKIQ MYATQKATRE FPLAEDSDDE --IEEX
Choloepus  MLRVVLDAPQ RLLKKGRGSR QLVLVVVFVA LLLDNMLLTV VVPIVPTFLY ATEFKEVNTF
           LHLGQARTSP NVLTSPAFST IFSFFDNNTM AVEESVPSGT AWMNDTSSTF PTPVPEAMSA
           RKNNCLQGTE FLEEENIRVG VLFASKALMQ LLVNPFVGPL TNRIGYHIPM FAGFVIMFLS
           TDMFAFSGTY TLLFVARTLQ GIGSSFSSVA GLGMLASVYT DDYERGRVMG IALGGLALGV
           LVGAPFGSVM YDFVGKSAPF LILAFLALLD GALQLCFLQP SKVSPESAKG TPLLTLLKDP
           YILVAAGSLC FANMGVAMLE PTLPIWMMQT MCSPEWQLGL AFLPASVSYL IGTNLFGVLA
           NKMGRWLCSL IGMVVVGTSL LC-------- ---------- ---------- ----------
           ---------- ---------- ---------- ---------- ---------- ----------
           ---------- ---------- ---------- ---------- ------
Vicugna    MLRAVLDVPQ QLLKKGRESR KLVLLVVFVA LLLDNMLLNV VVPIVPTYLY AIEFKGVNTS
           L-LGPTAASQ HTLTE---ST T????????? ??????PGGI AWTSGTSGTT HPPVTEAMPA
           HKNNCFQGTE FLKEENIWVG VLFASKALMQ LLVNPFVGPL TNRIGYHIPM FAGFVIMFIS
           TI???????? ?????????? ?????????? ?LGMLASVYT DDHERGRAMG IALGGLALGV
           LVGAPFGSVM YVFFGKFVPF LILAFLALLD GALQLCILHP SKISPE???? ??????????
           ?????????? ?????????? ?????????? ?????????L AFLPASVSYL IGTNLFGVLA
           NRMGRWLCAL IGMVVVGTSL LC-------- ---------- ---------- ----------
           ---------- ---------- ---------- ---------- ---------- ----------
           ---------- ---------- ---------- ---------- ------
Otolemur   MLRTVLDAPQ RWLKEGRASR QLVLVVVFVA LLLDNMLLTV VVPIVPTFLY ATEFKEVNSS
           LHLG------ SAVTSPVFTT VFSFFDNTTV TVEESALSST APTNGTPGTI PPPVTEAISA
           HRNSCLQGTD FLEEENTRVG VLFASKAIMQ LLVNPCVGPL TNRIGYHIPM FAGFVIMFLS
           TVMFAFSGTY ALLFVARTLQ GIGSSFSSVA GLGMLASVYT DDCERGQAMG TALGGVALGV
           LVGAPFGSVM YEFVGKSAPF LILAFLALLD GALQLCILQP SRVSPESIKG TPLLTLLKDP
           YILVAAGAIC FANMGVAILE PTLPIWMMQT MCSSEWQLGL VFLPASVSYL IGTNLFGVLA
           NKMGRWLCSL VGMLVVGTSL LCVPLAHNIF GLIGPNAGLG FAIGMVDSSM MPTMGHLVDL
           RHASVYGSIY AIADVALCMG FAVGPTTGGA IVQAIGFPWL MVISGVINIT YAPLCYCLRS
           PPAKEEKLAI LSQECPMETQ MYVTQKPTKE FPLGEDSDEE PDNEX-
Tupaia     MLQALLEAPQ QLLKEGRESR RLVLGVVFVA LLLDNMLLTV VVPIVPTFLY ATEFQDANSS
           LHVSAALRPQ HTLTSAAFST VFSFFDNSTI AVEESAPNGT AWTGGPAAT- PTPVTEAISA
           RQNNCLQGTE FLEEENTRVG ILFASKALMQ LLVNPFVGPL TNRIGYHIPM FAGFVIMFLS
           TVMFAFSGTY TLLFVARTLQ GIGSSFSSVA GLGMLASVYT DDYERGRAMG IALGGLALGV
           L????????? ?????????? ?????????? ??LQLCILQP SRVAPE???? ??????????
           ?????????? ?????????? ?????????? ?????????L AFLPASVSYL IGTNLFGVLA
           NKMGRWLCSL VGMMVVGVSL LCVPLAHDIF GLIGPNAGLG FAIGMVDSSM MPIMGHLVDL
           RHTSVYGSVY AIADVAFCTG FA???????? ?????????? ?????????? ?????????-
           -???????AI LSQDCPLETR TYATQRSTKA FPLGDDSEEE PDSDKX
