   40   345
Dasypus    MATPYVPVPM PIGNSASNFT TNRNQRSSSF GSLSTSSNSS KGQLEDSNMD NYKQTSVPDQ
           MDSTSCICSS PLIRTKITGA DTSIEYSSRP RESEEQNPET VNWEDRPSTP TILGYEVMEE
           RAKFTVYKIL VKKTPEESWV VFRRYTDFSR LNDKLKEMFP GFRLALPPKR WFKDNYNADF
           LEERQLGLQA FLQNLVAHKD IANCLAVREF LCLDDPPGPF DSLEESRAFC ETLEETNYRL
           QKELLEKQKE VESLKKLLSE KQLHIDTIEN TIRTLSLESE ESPHASGTEG GQILKVETST
           PKAEQVILDD KSRVDNMLCI NFSEPENSVS DIEVAEVAYN AEEDX
Echinops   ---------- ---------- ---------- ---------- ---------- ----------
           ---------- ---------- ---------- ---------- ---------- ----------
           -----VYKIL VKKTPEESWV VFRRYTDFSR LNDRLKEMFP GFRLALPPKR WFKDNYNADF
           LEDRQLGLQA FLQNLVAHKD IANCLAVREF LCLDDPPGPF DSLEESRAFC ETLEETNYRL
           QKELLEKQKE VESLKKQLGE KQLHIDTVEN RIRALSLEPE ESLYITGTGN GKILKATSSV
           LESDQVALDE ESRADNKLCS SYSEPENCVS EIEVAEVAYD AEGDX
Pongo      MATPYVPVPM PIGNSASSFT TNRNQRSSSF GSVSTSSNSS KGQLEDSNMG NFKQTSVPDQ
           MDNTSSVCSS PLIRTKFTGA ASSIEYSTRP RETEEQNPET VNWEDRPSTP TILGYEVMEE
           RAKFTVYKIL VKKTPEESWV VFRRYTDFSR LNDKLKEMFP GFRLALPPKR WFKDNYNADF
           LEDRQLGLQA FLQNLVAHKD IANCLAVREF LCLDDPPGPF DSLEESRAFC ETLEETNYRL
           QKELLEKQKE MESLKKQLSE KQLHIDTLEN RIRTLSLEPE ESLDVSETEG EQILKVESSA
           LEVDQDVLDE ESRADNEPCL HFSEPENAVS EIEVAEVAYD AEEDX
Ictidomys  MATPYVPVPM PIGTSASSFT TNRNQRSSSF GSISTSSNSS KGQLEDSNMG NCKQTSVPDH
           MDSTSSVCNS PLVRTKFTGT DSSIEYSTRP REIEEQSCET VNWEDRPSTP TILGYEVMEE
           RAKFTVYKIL VKKTPEESWV VFRRYTDFSR LNDKLKEMFP GFRLALPPKR WFKDNYNVDF
           LEDRQLGLQA FLQNLVAHKD IAN------- ---------- ---------- ----------
           ---------- ---------- ---------- ---------- ---------- ----------
           ---------- ---------- ---------- ---------- -----
Loxodonta  MATPYVPVPM PIGNSASSFT PNRNQRSSSF GSISTSSNSS KGQLEDSNMG NYKQTSMPDQ
           MESTSSICSS PLIRTKFTGT DSSIEYSARP RESEEQNPET ASWEDRPSTP TILGYEVMEE
           RAKFTVYKVL VKKSPEESWV VFRRYTDFSR LNDKLKETFP GFRLALPPKR WFKDNYNADF
           LEERQLGLQA FLQNLVAHKD IANCLAVREF LCLDDPPGPF DSLEESRAFC ETLEETNYRL
           QKELLEKQKE VESLKKLLSE KQLHIDTIEN RIRTLSLEPE ESLCMSGTEG EQILKVESPV
           LESDQDILDE ESRADNKPSL SCNELENSIS EIEVAEVAYN AEEDX
Canis      MATPYVPVPM PIGNSASSFT TSRNQRSSSF GSISTSSNSS KGQLEDSNM- ----------
           ---------- --------GA DSSIEYTTRP RESEEQNPDT VYVEDRPSTP TILGYEVMEE
           RAKFTVYKIL VKKTPEESWV VFRRYTDFSR LNDKLKEMFP GFRLALPPKR WFKDNYNADF
           LEDRQLGLQA FLQNLVAHKD IANCLAVREF LCLDDPPGPF DSLEESRAFC ETLEETNYRF
           QKELLEKQKE VESLKKLLNE KQLHIETLEN RIRTLSLEPE ESLHVSETKG EHIPKVESST
           FEVDQDVLHE ESGADDKPCL SFSEPENSVS DIEVAEVAYN GEEDX
Macaca     MATPYVPVPM PIGNSASSFT TNRNQRSSSF GSVSTSSNSS KGQLEDANMG NFKQTSVPDQ
           MDNTSPVCSS PLIRTKFTGA ASSIEYSTRP RETEEQNPET VIWEDRPSTP TILGYEVMEE
           RAKFTVYKIL VKKTPEESWV VFRRYTDFSR LNDKLKEMFP GFRLALPPKR WFKDNYNADF
           LEDRQLGLQA FLQNLVAHKD IANCLAVREF LCLDDPPGPF DSLEESRAFC ETLEETNYRL
           QKELLEKQKE MESLKKLLSE KQLHIDTLEN RIRTLSVEPE ESLDVSETEG EQILKVKSSA
           LEVDQDVLDE ESSADNKTGL NFSEPENAVS EIEVAKVAYD AEENX
Myotis     MATPYVPVPM PIGSSASSFT TSRNQRSSSL GSLSTSSNSS KGQLEDSNTG TRKQTSAPGQ
           RDSASSVCSS PLLRTKFTNA DS----CTRP RESEEQNPET ANLEDRPSTP TILGYEVMEE
           RAKFTVYKIQ VKKNPEESWV VFRRYTDFSR LNDKLKEMFP GFRLALPPKR WFKDNYNADF
           LEDRKLGLQA FLQNLVAHKD IAHCLAVREF LCLDDPPGPF DSLEESRAFC ETLEDTNYRF
           QKELLEKQKE VESLKKLLGE KQLRIDTLES RIRALCSDRE EPPHWSGTEG ERVPKVAAPA
           LEAEPEVLAE ECRAGDKLRR RLSEPEACAA EVEVAEVAYD TEEDX
Callithrix MATPYVPVPM PIGNSASSFT NNRNQR-SSF GSVSTSSNSS KGQLEDSTMG NFKQTSVPDQ
           MENTSSVCSS PLIRTKFTGT ASSIEYSTRG RETEEQNPET VNWEDRPSTP TILGYEVMEE
           RAKFTVYKIL VKKTPEESWV VFRRYTDFSR LNDKLKEMFP GFRLALPPKR WFKDNYNADF
           LEDRQLGLQA FLQNLVAHKD IANCLAVREF LCLDDPPGPF DSLEESRAFC ETLEETNYRL
           QKELLEKQKE MESLKKLLNE KQLHIDTLEK RFRTMSLEPK ESLDMSETEG KQILKVESSV
           LEVDQDVLEE ESRADNKPCL SFSEPEYAVS EIEVAEVAYN AEEDX
Erinaceus  MATPYVPVPM PIGNSASSFA ANRSQRSSSF GSVSTSSNSS KGQLEDSNLG SFKRTAVPDQ
           MDSTSSVCSS PLIRTKFTGT ?????????? ?????????? ?????????? ??????????
           ?????VYKIL VKKTPEESWV VFRRYTDFSR LNDKLKDMFP GFRLALPPKR WFKDNYNADF
           LEDRQLGLQA FLQNLIAHKD IANCLAVREF LCLDDPPGPF DSLEESRAFC ETLEETNYRF
           QKELLEKQKE LESLKKMLRE KQLYIDTLEN RFRTLSLGSE ESLRVLRTED GHNTKMESSA
           LEVDEDILDQ ESRPDHKPCL NFSEPGNSVS EIEVAEVAYN PEEDX
Sorex      ---------- ----SASSFT ANRNQRSSSF GSISTSSASS KGQLEDSN-- -FRQTSVPYP
           MDATASASSS PLIRTKFTGT NSSIEYSARP KENEEQNPEP VNWENRPSTP TILGYEVMEE
           RAKFTVYKIL VRRTPEESWV VFRRYTDFSR LNDK?????? ?????????? ??????????
           ?????????? ?????????? ?????????? ?????????? ???????AFC ETLEETNYRL
           QKELLEKQKE VESLKKLLSE KQLFLDTLQS RFRTLSLDPA GSLHMYEAED GPDRKVECTA
           SEGDREALEE EPRVGNKTHL SFSEPENSVS EIEVAEVAYN AEEDX
Choloepus  MATPYVPVPM PIGNSASSFT TNRNQRSSSF GSISTSSNSS KGQLEDSNMG NYKQTSVPVQ
           MDSTSSVYSS PLIRAKFTGT DSSVEYSTRP RESEEQNPET LNWEDRPSTP TILGYEVMEE
           RAKFT????? ?????????? ?????????? ????LKEMFP GFRLSLPPKR WFKDNYNADF
           LEDRQLGLQA FLQNLVAHKD IAN??????? ?????????? ???????AFC ETLEETNYHL
           QKELLEKQKE VESLKKLLNE KQLHIDTLEN TIRTLSLETE ESLPVSGTEG GQILKMESSI
           LEADQIIFDG KS-------- ---------- ---------- -----
Nomascus   MATPYVPVPM PIGNSASSFT TNRNQRSSSF GSVSTSSNSS KGQLEDSNM- ----------
           ---------- --------GA ASSIEYSTRP RETEEQNPET VNWEDRPSTP TILGYEVMEE
           RAKFTVYKIL VKKTPEESWV VFRRYTDFSR LNDKLKEMFP GFRLALPPKR WFKDNYNADF
           LEDRQLGLQA FLQNLVAHKD IANCLAVREF LCLDDPPGPF DSLEESRAFC ETLEETNYRL
           QKELLEKQKE MESLKKLLSE KQLHIDTLEN RIRTLSLEPE ESLDVSETEG EQILKVESSA
           LEVDQDVLDE ESRADNKPCL SFNEPENAVS EIEVAEVAYD AEEDX
Vicugna    MATPYVPVPM PIGNSASSFT TSRNQRSSSF GSISTSSNSS KGQLEDANMG NFKQTSVPDQ
           MDSASSVCSS PLIRTKFTGA DSSIEYSARP RESDEQNPET VNWEDRPSTP TILGYEVMEE
           RAKFTVYKIL VKKTPEESWV VFRRYTDFSR LNDKLKEMFP GFRLALPPKR WFKDNYNADF
           LEDRQLGLQA FLQNLVAHKD IANCLAVREF LCLDDPPGPF DSLEESRAFC ETLEETNYRF
           QKELLEKQKE LESLKKLLSE KQLHIDTLEN RL???????? ?????????? ??????????
           ?????????? ???ADNKQYV SSHEPENSVS DIEVAEVAYN AEEDX
Monodelphi MATPYVPVPI PVGNSSSNFT TNRSQRSSSF GSISTSSNSS KGQPEDSNVG SYKKTSMPDQ
           MDNNSSMCSS PLIRTKFTGI ESSIEYSTRP VENEDQSTES VNWEERPSTP TILGYEVMEE
           RAKFTVYKVL IRRSPEESWV VFRRYTDFSR LNDKLKDMFP GFRLALPPKR WFKDNYNADF
           LEDRQLGLQA FLQNLVAHKD IANCLAVREF LCLDDPPGPF DSLEESRAFC ETLEETNYRL
           QKELLEKQKE VESLKKLLNE KQLHIDTIEN RIRLLSLEHE ETLRISR-EG ECIRKIESSA
           IEADQDSLDE KNRSDKVPKS GWTESEKSIT EVEVAEVAYA AEEEE
Cavia      MATPYVPVPM PIGNSASSFT ANRNQRSSSF GSVSTSSNSS KGQLEDSNMG NYKQTSVPDQ
           LDRTSSVCSS PLIRTKFTGT DSSIEYSTRP RETEEQNPES VSWEDRPSTP TILGYEVMEE
           RAKFTVYKIL VKKTPEESWV VFRRYTDFSR LNDKLKEMFP GFRLALPPKR WFKNNYNADF
           LEDRQLGLQA FLQNLIAHKD IANCLAVREF LCLDDPPGPF DSLEESRAFC ETLEETNYHL
           QRELLEKQKE VESLKKLLNE KQLHIDTLEN KIRTLSLEPE ESFYVSETEN GQILRVESSA
           FTIDQDVLDE ESRADNKLHL SFSDPENALS EIEVAEVAYN AEEDX
Sarcophilu MATPYVPVPI PVANSSSNFT TNRSQRSSSF GSISTSSNSS KGQPEDSNVG SYKKTTMPDQ
           MDNNSSICSS PLIRTKFTGI ESSIEYSTRP VENEEQSSES VNWEERPSTP TILGYEVMEE
           RAKFTVYKVL IRRSPEESWV VFRRYTDFSR LNDKVIQELP SFMLSKEEKQ WNNQYYLGDF
           SSDEQLGFID YLNNTFYGKD EGKSLAVREF LCLDDPPGPF DSLEESRAFC ETLEETNYRL
           QKELLERQKE VESLKKLLNE KQLHIDTIEN RIRLLSLEHE ETLRISR-EG ECTRKIESSA
           IEADQDTLGE KNRSDKIPKV GWSEPENSVT QVEVAEVAYA AEEEX
Equus      MATPYVPVPM PIGNSASSFT TNRNQRTSSF GSISTSSNSS KGHLEDSNMG NCKQTSVPDQ
           TDSTSSVCSS PLIRTKFTGA DSSIEYTTRP RESEEQNPET VSLEDRPSTP TILGYEVMEE
           RAKFTVYKIL VKKAPEESWV VFRRYTDFSR LNDKLKEMFP GFRLALPPKR WFKDNYNADF
           LEDRQLGLQA FLQNLVAHKD IANCLAVREF LCLDDPPGPF DSLEESRAFC ETLEETNYRF
           QKELLEKQKE VESLKTLLSE QQLRIDALES RIRTLSLEPE GSLHGAGLEG GPSLTAESPA
           LTADGDVLDE ESGADDKPRL NCGEPENCVS EIEVAEVACD AEDGX
Rattus     MATPYVPVPM PIGNSASSFT NNRNQRSSSF GSVSTSSNSS KGQLEDSSVG TCKHTNVQDQ
           MDSASSVCGS PLIRTKFTGT DSSIEYSARP RDTEEQHPDA LNWEDRPSTP TILGYEVMEE
           RAKFTVYKIL VKKSPEESWV VFRRYTDFSR LNDKLKEMFP GFRLALPPKR WFKDNYNADF
           LEDRQLGLQA FLQNLVAHKD IANCLAVREF LCLDDPPGPF DSLEESRAFC ETLEETNYHL
           QRELLEKQKE VESLKKLLGE KQLHIDALET RIRTLSLEPG ASLYVSRAEG GQILRVQSSV
           LQVNRDVLDE ESRADHKPHF NSREAGSAIA DIEVAQLAYN AEDDX
Ochotona   MATPYVPVPM PLGNSAPSFS ANRNQRSSSF GSISTSSSSS KGLTEDTNTG NFRQTTLPDE
           MDSTPSVCRS PLIKTKFTGA ESSIEYSARP KETEEQNPET MNWEERPSTP TILGYEVMEE
           RAKFT????? ?????????? ?????????? ????LKEMFP GFRLALPPKR WFKNNYSADF
           LEDRQLGLQA FLQNLVAHKD IANCLAVREF LCLDDPPGPF DSLEESRAFC ETLEETNYHL
           QKELLEKQKE IESLRKLVHE QQLHIDTLAS RVRTLSLDHE KSLLYLSTEG SQILKLEASA
           LKGGQDALDE EPRAGSKPSL TLGQPDSAVS EIEVAEVAYN AAEDX
Gorilla    MATPYVPVPM PIGNSASSFT TNRNQRSSSF GSVSTSSNSS KGQLEDSNMG NFKQTSVPDQ
           MDNTSSVCSS PLIRTKFTGA ASSIEYSTRP RETEEQNPET VNWEDRPSTP TILGYEVMEE
           RAKFTVYKIL VKKTPEESWV VFRRYTDFSR LNDKLKEMFP GFRLALPPKR WFKDNYNADF
           LEDRQLGLQA FLQNLVAHKD IANCLAVREF LCLDDPPGPF DSLEESRAFC ETLEETNYRL
           QKELLEKQKE MESLKKLLSE KQLHIDTLEN RIRTLSLEPE ESLDVSETEG EQILKVESSA
           LEVDQDVLDE ESRADNKPCL SFSEPENAVS EIEVAEVAYD AEEDX
Procavia   ---------- ---------- ---------- ---------- ---------- ----------
           ---------- ---------- ---------- ---------- ---------- ----------
           ---------- ---------- ---------- ----LKEMFP GFRLALPPKR WFKDNYNADF
           LEDRQLGLQA FLQNLVAHKD IANCLAVREF LCLDDPPGPF DSLEESRAFC ETLKETNYRL
           QKELLEKQKE VESLKKLLSE KQLHIDTIEN KFRALSLEPE EPLCMSGTEG GQVLKVESSI
           LESDPGILDE ESRADNTPCL SCNELENSVS EIEVAEVAYN AEEDX
Dipodomys  MATPYVPVPM PLGNSASSFT NNRNQRSSSF GSVSTSSNS- ----QDSNMC NFKQTSVPDR
           MDSTSSVCSS PLIRTRFTGT DSSIEYSARP REPEEQNPET VNWEDRPSTP TILGYEVMEE
           RAKFTVYKIL VKKAPEESWV VFRRYTDFSR LNDKLKEMFP GFRLALPPKR WFKDNYNVDF
           LEDRQLGLQA FLQNLVAHKD IAN-?????? ?????????? ????????FC ETLEETNYHL
           QKELLEKQRE VESLKKLLSE KQLHIETLET RIRTLALEPE ESLYVSGTDH GQSLRMESSA
           FEVDQDVLDE ESSANNKPHL SSHEAEIAVS DIEVAELAYN AEEDX
Mus        MATPYVPVPM PIGNSASSFT NNRNQRSSSF GSVSTSSTSS KGQLEDSAVG SLKQTNVQDQ
           MDSASSMCGS PLIRTKFTGT DSSIEYSARP REAEEQHPEA VNWEDRPSTP TILGYEVMEE
           RAKFTVYKIL VKKSPEESWV VFRRYTDFSR LNDKLKEMFP GFRLALPPKR WFKDNYNAEF
           LEDRQLGLQA FLQNLVAHKD IANCLAVREF LCLDDPPGPF DSLEESRAFC ETLEETNYHL
           QRELLEKQKE VESLKKLLGE KQLHIDALET RIRTLSLEPG ASLYVSRAEG GQILRVEPSV
           LQVNRDVLDE ESRADHKPHF NSREAGSVIA GIEVAQLAYN AEDDX
Pteropus   MATPYVPVPL PTGDSASSFL ASRNQRSSSF GSISTSSNSS KGQFEDSNMG TLKQTSVPDR
           ADSTSSVSSS PLVRTKFTDA DSSVEYSTRP RESEERNPEM ANLDDRPSTP TILGYEVMEE
           RAKFTVYKIL VKKTPEESWV VFRRYTDFAR LNEKLKEMFP GFRLSLPPKR WFKDNYNADF
           LEDRQLGLQA FLQNLVAHKD IAHCLAVREF LCLDDPPGPF DSLEESR??? ??????????
           ?????????? ?????????? ?????????? ???ALCSEAE ESLCLSGTEG ERVRKAKSSA
           LDLDREVLDG ESSAHDKSRL SLSEPETSVS EIEVAEVAYN AEED-
Tursiops   MATPYVPVPM PIGNSASSFA TNRNQRSSSF GSISTSSNSS KGQLEDSNMG NFKQTSVPDQ
           MESTSSVCSS PLIRTKFTGA DSSIEYSARP RESEEQNPET VNLEDRPSTP IILGYEVMEE
           RAKFTVYKIL VKKSPEESWV VFRRYTDFSR LNDKLKEMFP GFRLALPPKR WFKDNYNADF
           LEDRQLGLQA FLQNLVAHKD IANCLAVREF LCLDDPPGPF DSLEESRAFC ETLEETNYRF
           QKELLEKQKE LESLKKLLCE KQLLIDTLEN RIRNLCLEPE ESLIVSGTEG GQILKVESSA
           LEVDQDVLDE ESRADNKQCS SFSEPENSTS DIEVAEVAYN AEDDX
Tarsius    ---------- ---------- ---------- ---------- ---------- ----------
           ---------- ---------- ---------- ---------- ---------- ----------
           -----VYKIL VKKTPEESWV VFRRYTDFSR LNDKLKEMFP GFRLALPPKR WFKDNYNTDF
           LEDRQLGLQA FLQNLVAHKD IANCLAVREF LCLDDPPGPF DSLEESRAFC ETLEETNYHL
           QKELLEKQKE VESLKKLLNE KQLHIDTLEN RIRTLSLETE ESPYVSRTED GQILKVESSA
           LEVDQDFLDE ESRADNQPCL SGSEPENAVS EIEVAEVAYD AEDDX
Mustela    MATPYVPVPM PIGNSASSFT ANRNQRSSSF GSISTSSNSS KGPLEDSNM- ----------
           ---------- --------GA DSSIEYSARP RESEEQNPET VYLEDRPSTP TILGYEVMEE
           RAKFTVYKIL VKKTPEESWV VFRRYTDFSR LNDKLKEMFP GFRLALPPKR WFKDNYNADF
           LEDRQLGLQA FLQNLVAHKD IANCLAVREF LCLDDPPGPF DSLEESRAFC ETLEETNYRF
           QKELLEKQKE VESLKKLLHE KQLHIETLES RIRTLSLEPE ESLHASETEG GHIPKVEPSS
           LEVDQDVLHE ESRTDDKPCL SFSEPENSVS DIEVAEVAYN AEEDX
Ailuropoda MATPYVPVPM PIGNSSSSFT TNRNQRSSSF GSISTSSNSS KGQLEDSNMG NFKQTSVPDQ
           MDSTSSVCSS PLIRTKFTGA DSSIEYSARP RESEEQNPET VYLEDRPSTP TILGYEVMEE
           RAKFTVYKIL VKKTPEESWV VFRRYTDFSR LNDKLKEMFP GFRLALPPKR WFKDNYNADF
           LEDRQLGLQA FLQNLVAHKD IANCLAVREF LCLDDPPGPF DSLEESRAFC ETLEETNYRF
           QKELLEKQKE VESLKKLLNE KQLHIETLES RIRTLSLEPE ESLHMSEREG AHISKVESST
           LEVDQDVLHE ESRTDDKPCL SFSEPENSVS DIEVAEVAYN AEDNX
Pan        MATPYVPVPM PIGNSASSFT TNRNQRSSSF GSVSTSSNSS KGQLEDSNMG NFKQTSVPDQ
           MDNTSSVCSS PLIRTKFTGA ASSIEYSTRP RDTEEQNPET VNWEDRPSTP TILGYEVMEE
           RAKFTVYKIL VKKTPEESWV VFRRYTDFSR LNDKLKEMFP GFRLALPPKR WFKDNYNADF
           LEDRQLGLQA FLQNLVAHKD IANCLAVREF LCLDDPPGPF DSLEESRAFC ETLEETNYRL
           QKELLEKQKE MESLKKLLSE KQLHIDTLEN RIRTLSLEPE ESLDVSETEG EQILKVESSA
           LEVDQDVLDE ESRADNKPCL SFSEPENAVS EIEVAEVAYD AEEDX
Homo       MATPYVPVPM PIGNSASSFT TNRNQRSSSF GSVSTSSNSS KGQLEDSNMG NFKQTSVPDQ
           MDNTSSVCSS PLIRTKFTGT ASSIEYSTRP RDTEEQNPET VNWEDRPSTP TILGYEVMEE
           RAKFTVYKIL VKKTPEESWV VFRRYTDFSR LNDKLKEMFP GFRLALPPKR WFKDNYNADF
           LEDRQLGLQA FLQNLVAHKD IANCLAVREF LCLDDPPGPF DSLEESRAFC ETLEETNYRL
           QKELLEKQKE MESLKKLLSE KQLHIDTLEN RIRTLSLEPE ESLDVSETEG EQILKVESSA
           LEVDQDVLDE ESRADNKPCL SFSEPENAVS EIEVAEVAYD AEEDX
Oryctolagu MATPYVPVPM PIGNSASSFT ANRNQRSSSF GSTSTSSNSS KGQLEDSNMG NFKQTTVPDQ
           MDGTSSVCSS PLIRTKFTGT DSSIEYSARP RETEEQNSER VNFEERPSTP TILGYEVMEE
           RAKFTVYKIL VKKNAEESWV VFRRYTDFSR LNDKLKEMFP GFRLALPPKR WFKDNYNADF
           LEDRQLGLQA FLQNLVAHKD IANCLAVREF LCLDDPPGPF DSLEESRAFC ETLEETNYHL
           QKELLEKQKE IESLKKLVND QQLHIDTLEN RIRTLSLEPE ESLYVSTTEA NQVLKMDSSA
           LEGDQDVLDE ESRADSKPCL SLSEPDSAIS EIEVAEVAYS AEEDX
Otolemur   MATPYVPVPM PIGNSASSYT TSRNQRSSSF GSISTTSDSS KGQLEDSNMG NFKQTSVPDQ
           MDGTSSVCSS PLIRTKFTGA DSSIEYSTRP RETEEQNPER VNWEDRPSTP TILGYEVMEE
           RAKFTVYKIL VKKTPEESWV VFRRYTDFSR LNDKLKEMFP GFRLALPPKR WFKDNYNADF
           LEDRQLGLQA FLQNLIAHKD IANCLAVREF LCLDDPPGPF DSLEESRAFC ETLEETNYRL
           QKELLEKQKE VESLKKQLSE KELHIDTLEN RLRTLSLEPE ESLYVSGAER GQILKVESSA
           LEVDQDVLDE ESRADNKPCS S-SEPENVIS EIEVAEVAYD AEEDX
Felis      MATPYVPVPM PIGNSASTFT TNRNQRSSSF GSISTSSNSS KGQLEDSNMG NFKQTSVPDQ
           MDSTSSVCSS PLIRTKFTGA DSSIEYSTRP RESEEQNPET VCLEDRPSTP TILGYEVMEE
           RAKFTVYKIL VKKTPEESWV VFRRYTDFSR LNDKLKEMFP GFRLALPPKR WFKDNYNADF
           LEDRQLGLQA FLQNLVAHKD IANCLAVREF LCLDDPPGPF DSLEESRAFC ETLEETNYRF
           QKELLEKQKE VESLKKLLNE KQLHIDTLEN RIRTLSLEPE ESLLMCGTEG GHIPKVDSSA
           PEVDRDDLHE ESRADDKPCL SLSEPENFVS DIEVAEVAY- WDRKC
Bos        MATPYVPVPM PLGNSASSFA TTRNQRSSSF GSISTSSNSS KGQLEDSNMG NFKQTRVSDQ
           MESTSSVCSS PLIRTKFTGA DSSIEYSARP RESEEQSPET VNIEDRPSTP IILGYEVMEE
           RAKFTVYKIL VKKTPEESWV VFRRYTDFSR LNDKLKEMFP GFRLALPPKR WFRDNYNAEF
           LEDRQLGLQA FLQNLVAHKD IANCLAVRDF LCLDDPPGPF DSLEESRAFC ETLEETNYRF
           QKELLEKQKE LESLKKLLSE KQLLIDTLEN RIRTLSLKPE ESLLMSGTEG RQTLKVEPSA
           LEVDQGVLDE ESRADNKQYS SFSEPKNSIS DIEVAEVAYN AE-DX
Sus        MATPYVPVPM PIGHSASSFA TNRNQRSSSF GSVSTSSNSS KGQLEDSNMG NSKQTSVPDQ
           MDSTSSVCSS PLIRTKFTGA DSSIEYSARP RESEEQNPET VNWEDRPSTP TILGYEVMEE
           RAKFTVYKIL VKKTPEESWV VFRRYTDFSR LNDKLKEMFP GFRLALPPKR WFKDNYNADF
           LEERQLGLQA FLQNLVAHKD IANCLAVREF LCLDDPPGPF DSLEESRAFC ETLEETNYRF
           QKELLEKQKE LESLKKLLNE KQLHIDSLEN RIRTLSLEPE GSLLVSGIEG GQILKVESPA
           LEVDQDVLDK ESRADNKQCS SFSEPDNSVS DIEVAEVAYN AE-DX
Microcebus MATPYVPVPM PIGNSASSFT TNRNQRSSSF GSISTSSNSS KGQLEDSSMG NCKQTSVPNQ
           MDSTSSVCSS PLIRTKLTGT DSSIEYSTRP RETEEQNPET VNCEDRPSTP TILGYEVMEE
           RAKFTVYKIL VKKTPEESWV VFRRYTDFSR LNDK?????? ?????????? WF-DNYNADF
           LEDRQLGLQA FLQNLIAHKD IANCLAVREF LCLDDPPGPF DSLEESRAFC ETLEETNYRL
           QKELLEKQKE VESLKKELNE KQLHIDTLE- RIRTLSLEPE ESPYMSGTED GQILKVESSA
           LEVDQDVLDE ESRADNKPCL SFSESENVIS EIEVAEVAYD AEEDX
Ornithorhy MATPYVPVPI PIGSSSSSIT THRSQRSSSF GSISTNSNSS KGQLEDSNVG SYKKLSVPDQ
           VDSTSSACSS PLIRTKFTGG DSSIEYSARP GANEEQNLEE VNWEERPSTP TILGYEVMEE
           RAKFTVYKVL VRKSPEESWV VFRRYTDFSR LNDKLKEMFP GFRLALPPKR WFKDNYNADF
           LEDRQLGLQA FLQNLVAHKD IANCLAVREF LCLDDPPGPF DSLEESRAFC ETLEETNYRL
           QKELLEKQRE VESLKKLLNE KQLHIDSMEN RMRFLSIEPM GTLRISG--G SECFRVESPS
           VEAGHSTLDE VSSGKKIDIA NWSESQTSVP EVEVAEVAYT VEEQX
Tupaia     MATPYVPVPM PLGNSSSSFT TNRNQRRSSF SSISTSSNSS KGQLEDSTMG NCKQTGVPEH
           TDSTS-VCSS PLIRTKFTGA DSSIEYSTRP RETEEQNPDT VNWEDRPSTP TILGYEVMEE
           RAKFTVYKIL VKKTPEESWV VFRRYTDFSR LNDK?????? ?????????? ??????????
           ?????????? ?????????? ????LAVREF LCLDDPPGPF DSLEESRAFC ETLEETNYHL
           QKELLEKQKE VESLKKLLHD KQLYIDTLEN RIRTLSLEPE ESLYVSGAES GQILKVESSA
           LEIDQDVLDE ESRADSKPHL SFSEPENTIS EIEVAEVAYN AEEDX
Macropus   MATPYVPVPI PIGNS-SNFT TDRSQRSSSF GSISTSSNSS KGQPEDSNVD SYKKTAMPDQ
           MDSNSSICSS PLIRTKFTGI DSSIEYSARP VETEEQSAES MNWEERPSTP TILGYEVMEE
           RAKFTVYKVL IRRSPEESWV VFRRYTDFSR LNDKLKEMFP GFRLALPPKR WFKDNYNADF
           LEDRQLGLQA FLQNLVAHKD IANCLAVREF LCLDDPPGPF DSLEESR??? ??????????
           ?????????? ?????????? ?????????? ?????????? ???????-?? ??????????
           ?????????? ???SDKTPKV GWSEPENSVT AVEVAEVACA AEEEX
