   40   248
Dasypus    MLQNSAVLLV LVISVSATHE AEQNDSMNPR KSRAAAQNSA EVVRCLNSAL QVGCGAFACL
           ENSTCDTDGM YDICKSFLYS AAKFDTQGKA FVKESLKCIA NGVTAKVFLA IRRCSTFQKM
           IAEVQEECYK KLNMCSIAKR NPEAITEVVQ LPNHFSNRYY NRLVRSLLEC DEDTVSTIRD
           SLMEKIGPNM ASLFHILQAD HCAQIHTQAD FNRRRTNEPQ KLKVLLRNLR GEGTTPSRIK
           RTSSEDAX
Pongo      MLQNSAVLLV LVISASATHE AEQNDSVSPR KSRVAAQNSA EVVRCLNSAL QVGCGAFACL
           ENSTCDTDGM YDICKSFLYS AAKFDTQGKA FVKESLKCIA NGVTSKVFLA IRRCSTFQRM
           IAEVQEECYS KLNVCSIAKR NPEAITEVVQ LPNHFSNRYY NRLVRSLLEC DEDTVSTIRD
           SLMEKIGPNM ASLFHILQTD HCAQTHPRAD FNRRRTNEPQ KLKVLLRNLR GEEDSPSHIK
           RTSHESAX
Ictidomys  MLQNSAVLLV LVISAAASHE AEQNDSVSPR KSRVAAQNSA EVVRCLNSAL QVGCGAFACL
           ENSTCDTDGM YDICKSFLYS AAKFDTQGKA FVKESLKCIA NGVTSKVFLA IRRCSTFQRM
           IAEVQEECYS KLNVCSVAKR NPEAITEVVQ LPNHFSNRYY NRLVRSLLEC DEDTVSSIRD
           SLMEKIGPNM ASLFHILQTD HCAQTHPRAD FNRRRTSEPQ KLKVLLRNLR GEGDSPSHIK
           RTSHESAX
Loxodonta  MLQNSAVLLV LVISASATHE TEQNDSVSPR KSRVAAQNSA EVVRCLNSAL QVGCGAFACL
           ENSTCDTDGM YDICKSFLYS AAKFDTQGKA FVKESLKCIA NGVTSKVFLA IRRCSTFQRM
           IAEVQEECYS KLNVCSIAKR NPEAITEVVQ LPNHFSNRYY NRLVRSLLEC DEDTVSTIRD
           SLMEKIGPNM ASLFHILQTD HCAQLHPRAD FNRRRTNEPQ KLKVLLRNLR GEGTAPSHIK
           RTSHESA-
Canis      MLQNSAVLLV LVISASATHE AEQNDSVSPR KSRVAAQNSA EVVRCLNSAL QVGCGAFACL
           ENSTCDTDGM YDICKSFLYS AAKFDTQGKA FVKESLKCIA NGVTSKVFLA IRRCSTFQRM
           IAEVQEECYS KLNVCSVAKR NPEAITEVVQ LPNHFSNRYY NRLVRSLLEC DEDTVSTIRD
           SLMEKIGPNM ASLFHILQTD HCAQTHPRAD FNRRRTSEPQ KLKVLLRNLR GEAASPSHIK
           RTSHESAX
Macaca     MLQNSAVLLV LVISASATHE AEQNDSVSPR KSRVAAQNSA EVVRCLNSAL QVGCGAFACL
           ENSTCDTDGM YDICKSFLYS AAKFDTQGKA FVKESLKCIA NGVTSKVFLA IRRCSTFQRM
           IAEVQEECYS KLNVCSIAKR NPEAITEVVQ LPNHFSNRYY NRLVRSLLEC DEDTVSTIRD
           SLMEKIGPNM ASLFHILQTD HCAQTHPRAD FNRRRTNEPQ KLKVLLRNLR GEEDSPSHIK
           RTSQESAX
Myotis     MLQNSAVLLV LVISASATHE AEQNDSVSPR KPRVAAQNSA EVVRCLNSAL QVGCGAFACL
           ENSTCDTDGM YDICKSFLYS AAKFDTQGKA FVKESLKCIA NGVTAKVFLA IRRCSTFQRM
           IAEVQEECYS KLNVCSIAKR NPEAITEVVQ LPNHFSNRYY NRLVRSLLEC DGDTVSTIRD
           SLMEKIGPNM ASLFHILQTD HCAQTHPRAD FNRRRTNEPQ KLKVLLRNLR GEVTSPSHIK
           RTSPESAX
Felis      MLQNSAVLLV LVISASATHE AEQNDSVSPR KSRVAAQNSA EVVRCLNSAL QVGCGAFACL
           ENSTCDTDGM YDICKSFLYS AAKFDTQGKA FVKESLKCIA NGVTSKVFLA IRRCSTFQRM
           IAEVQEECYS KLNVCSVAKR NPEAITEVVQ LPNHFSNRYY NRLVRSLLEC DEDTVSTIRD
           SLMEKIGPNM ASLFHILQTD HCAQTYPRAD FNRRRTSEPQ KLKVLLRNLR GEVASPSHIK
           RTSQESAX
Callithrix MLQNLAVLLV LVISASATHE AEQNYSVSPR RSRVAAQNSA EVVRCLSRAL EVGCGAFACL
           ENSTCDTDGM YDICKSFLYS AAKFDTQGKA FVKESLKCIA NGVTSRVFLT IRRCSTFQRM
           IAEVQEECYR RLNMCSIAKR NPEGITEVVQ LPNHFSNRYY NRLIRSLLEC DEDTVSTIKD
           SLMEKIGPNM ASLFHILQTD HCAQTHPRID FNRRRTNEPQ KLKVLLRNLR GEEDSPSHIK
           RTSHESAX
Macropus   MVHNSAVLLV LVIGASAATE SEQNDSVSPR KPRGAAHSSA EVIRCLNSAL QVGCGAFACL
           ENTTCDTNGM YDICKSFLYS AAKFDTQGKV FVKESLKCIA SGITSKIFTV IRRCSTFQRM
           ISDVQEDCYH KLDICGVSKK NPEAISEVVQ LPNQYSNRYY SKLVRSLLEC DDETVTKIKE
           SLMRKIGPNM ASLFHLLQTD HCGPTPPRAD FSRRRMAEPQ KLKIFFRNLR GEDADPSHIK
           GTSAESAX
Erinaceus  MLQNSAVLLV LVISASATHE AEQNDSVNPR KTRVAAQNSA EVVRCLNSAL QVGCGAFACL
           ENSTCDTDGM YDICKSFLYS AAKFDTQGKA FVKESLKCIA NGITSKVFLA IRRCSTFQRM
           IAEVQEECYS KLNVCSVAKR NPEAITEVVQ LPNHFSNRYY NRLVRSLLEC DEDTVSTIRD
           SLMEKIGPNM ASLFHILQTD HCAQTHPRAD FNRRRTNEPQ KLKVLLRNLR GEVASPSNIK
           RTSQESAX
Sorex      MLQNSAVLLV LVISASA-HD AEQNDSVNPM KSGWEPQNSA EVVRCLNSAL QVGCGAFACL
           ENSTCDTDGM YDICKSFLYS AAKFDTQGKA FVKESLKCIA NGVTSKVFLA IRRCSTFQRM
           ISEVQEECYS KLNVCSVAKR NPEAITEVVQ LPNHFSNRYY NRLVRSLLEC DEDTVSTIRD
           SLMEKIGPNM ASLFHILQTD HCAPAHQRAD FNRRRTNEPQ KLKVLLRNLR GEVTSPSHIK
           RTSPESAX
Choloepus  ---------- ---------- ---------- ---------- ---------- ----------
           ---------- --ICKSFLYS AAKFDTQGKA FVKESLKCIA NGVTAKVFLA IRRCSTFQRM
           IAEVQEECYR KLNMCSIAKR NPEAITEVVQ LPNHFSNRYY NRLVRSLLEC DEDTVSTIRD
           SLMEKIGPNM ASLFHILQ-D HCAQIHARA- FNRRRPTEPQ KLKVLLRNLR GEGTSPSRIK
           RTSDENVX
Nomascus   MLQNSAVLLV LVISASATHE VEQNDSVSPR KSRVAAQNSA EVVRCLNSAL QVGCGAFACL
           ENSTCDTDGM YDICKSFLYS AAKFDTQGKA FVKESLKCIA NGVTSKVFLA IRRCSTFQRM
           IAEVQEECYS KLNVCSIAKR NPEAITEVVQ LPNHFSNRYY NRLVRSLLEC DEDTVSTIRD
           SLMEKIGPNM ASLFHILQTD HCAQTHPRAD FNRRRTNEPQ KLKVLLRNLR GEEDSPSHIK
           RTSHESAX
Ornithorhy MLQNSALLLV LVISACAAYE AEQNDSVSTR KTRVAAQNSA EVVRCLNSAI QVGCGAFACL
           ENSTCDTDGM YDICKSFLYS AAKFDTQGKA FVKESLKCIA NGVTAKVFLA IRRCSTFQRM
           ISEVQEECYS KLDMCGIAKR NPEAITEVVQ LPNHFSNRYY NKLVRSLLEC DEETVGTIKD
           SLMEKIGPNM ASLFHLLQTD HCSQTHPRSD FNRRRITEPQ KLKIFFRNLR GEGSLPSHMK
           RTSTESAX
Vicugna    ---------- ---------- ---------- ---------- EVIRCLNSAL QVGCGAFACL
           ENSTCDTDGM YDICKSFLYS AAKFDTQGKA FVKESLKCIA NGVTSKVFLA IRRCSTFQRM
           IAEVQEECYS KLNVCSIAKR NPEAITEVVQ LPNHFSNRYY NRLVRSLLEC DEDTVSTIRD
           SL-NKIGPNM ASLFHILQTD HCAHTHQRAD FNRRRANEPQ KLKVLLRNLR GEVASPSPIK
           RTSHESAX
Monodelphi MLHNSAVLLV LVIGASAATE AEQNDSVSPR KTRVAAQSSA EVIRCLNTAL QVGCGAFACL
           ENTTCDTDGM YDICKSFLYS AAKFDTQGKA FVKESLKCIA NGISSKVFLA IRRCSTFQRM
           ISDVQEECYR KLDICDVAKR NPEAITEVVQ LPSHYSNRYY NRLVRSLLEC DERTVSKIKD
           SLMEKIGPNM ASLFQLLQTD HCAQAQPRAD FNRRRVAEPQ KLKIFFKSLR GEGATPSYTK
           RTSAESEX
Cavia      MLQNSAVFLV LVISASASHE KEQNDSVSPR KSRVAAQNSA DVIRCLNTAL QVGCGAFECL
           ENSTCDTDGM YDICKSFLYS AAKFDTQGKA FVKESLKCIA NGVTAKVFIA IRRCSTFQRM
           IAEVQEECYT KLNVCSIAKQ NPKAITEVVQ LPNHYSNRYY NRLIQSLLEC DQDTVTAIRD
           SLMQKIGPNM ASLFHILQTE HCAQTHERAD FNRRRTTEPQ KLKVIFRNLR GEGNSPSNMK
           RTSHENVX
Sarcophilu ---------- ---------- ---------- --------SA EVVRCLNSAL QVGCGAFACL
           ENTTCDTDGL YDICKSFLYS AAKFDTQGKA FVKESLKCIA NGVTSKVFLA IRRCSTFQRM
           ISEVQEECYH KLDICGVAKR NSRAIAEVIQ LPTHYSNRYY NRLVRSLLEC DDETVATIKD
           SLMEKIGPNM ASLFHLLQTD HCAHSQARAD FNRRRVAEPQ KLKIFFRNLQ GEDSASSHIK
           RTSAESAX
Equus      MLQNSAVLLV LVISASAAHE AEQNDSVSPR KSRVAAQNSA EVVRCLNSAL QVGCGAFACL
           ENSTCDTDGM YDICKSFLYS AAKFDTQGKA FVKESLKCIA NGVTSKVFLA IRRCSTFQRM
           IAEVQEECYS KLNVCSVAKQ NPEAFTEVVQ LPNHFSNRYY NRLVRSLLEC DEDTVSTIRD
           SLMEKIGPNM ASLFHILQTD HCAQTHSRGD FNRRRTNEPQ KLKVLLRNLR GEVASPSHIK
           RTSHESAX
Rattus     MLQNSAVILA LVISAAAAHE AEQNDSVSPR KSRVAAQNSA EVVRCLNSAL QVGCGAFACL
           ENSTCDTDGM YDICKSFLYS AAKFDTQGKA FVKESLKCIA NGITSKVFLA IRRCSTFQRM
           IAEVQEDCYS KLNVCSIAKR NPEAITEVIQ LPNHFSNRYY NRLVRSLLEC DEDTVSTIRD
           SLMEKIGPNM ASLFHILQTD HCAQTHPRAD FNRRRTNEPQ KLKVLLRNLR GEGDSPSHIK
           RTSQENAX
Ochotona   MLQNSAVLLV LVIGVSATHE AEQNDSVNPR KSRVAIHSSA EVLRCLNSAL QVGCGAFACL
           ENATCDTDGM LDICKSFLFS AAKFDTQGKA FVKESLKCIA NGITAKVFLA IRRCSTFQRM
           IAEVQEECYT KLNVCSIAKR NPEAMTEVVQ LPSHFSNRYY NILIRSLLEC DADTVTKIRD
           SLMEKIGPNM ASLFQILQAD HCAQTHARAD FNRRRTSEPQ KLKVLLRNLR GEGDSPSHSK
           RTSHESAX
Gorilla    MLQNSAVLLV LVISASATHE AEQNDSVSPR KSRVAAQNSA EVVRCLNSAL QVGCGAFACL
           ENSTCDTDGM YDICKSFLYS AAKFDTQGKA FVKESLKCIA NGVTSKVFLA IRRCSTFQRM
           IAEVQEECYS KLNVCSIAKR NPEAITEVVQ LPNHFSNRYY NRLVRSLLEC DEDTVSTIRD
           SLMEKIGPNM ASLFHILQTD HCAQTHPRAD FNRRRTNEPQ KLKVLLRNLR GEEDSPSHIK
           RTSHESAX
Procavia   ---------- ---------- ---------- ---------- ---------- ----------
           ---------- ---------- -------GKA FVKESLKCIA NGVTSKVFLA IRRCSTFQRM
           IAEVQEECYS KLNVCSIAKR NPEAITEVVQ LPNHFSNRYY NRLVRSLLEC DEDTVSTIRD
           SLMEKIGPNM ASLFHILQTD HCAQLHPRAD FNRRRTNEPQ KLKVLLRNLR GEGTSPSNIK
           RTSHESAX
Dipodomys  ---------- ---------- ---------- ---------- EVVRCLNSAL QVGCGAFACL
           ENSTCDTDGM FDICKSFLYS AAKFDTQGKA FVKESLKCIA NGVTAKVFVA IRRCSTFQRM
           IAEVQEECYS KLNMCSIAKR NPEAITEVVQ LPNHFPNRYY NRLIRSLLEC DEDTVSTIRD
           SLMEKIGPNM ASLFHILQTD HCGQTHPRAD FNRRRTNEPQ KLKVLLRNLR GEGDAPSHIK
           RTSHESAX
Otolemur   MLQNSAVLLV LVISVSATHE AEQNDSVSPR KSRVAAQNSA EVVRCLNSAL QVGCGAFACL
           ENSTCDTDGM YDICKSFLYS AAKFDTQGKA FVKESLKCIA NGVTSKVFLA IRRCSTFQRM
           IAEVQEECYS KLNVCGIAKR NPEAITEVVQ LPNHFSNRYY NRLVRSLLEC DEDTVSTIRD
           SLMEKIGPNM ASLFHILQTD HCAQTHARAD FNRRRTSEPQ KLKVLLRNLR GEGDSPSHTK
           STSQESTX
Microcebus ---------- ---------- ----DSVSPR KSRVAAQNSA EVVRCLNSAL QVGCGAFACL
           ENSTCDTDGM YDICKSFLYS AAKFDTQGKA FVKESLKCIA NGVTSKVFLA IRRCSTFQRM
           IAEVQEECYS KLNVCSIAKR NPEAITEVVQ LPNHFSNRYY NRLVRSLLEC DEDTVSTIRD
           SLMEKIGPNM ASLFHILQTD HCAQTHPRAD FNRRRTSEPQ KLKVLLRNLR GEGDSPSHIK
           RTSQESAX
Mus        MLQNSAVILA LVISAAAAHE AEQNDSVSPR KSRVAAQNSA EVVRCLNSAL QVGCGAFACL
           ENSTCDTDGM YDICKSFLYS AAKFDTQGKA FVKESLKCIA NGITSKVFLA IRRCSTFQRM
           IAEVQEDCYS KLNVCSIAKR NPEAITEVIQ LPNHFSNRYY NRLVRSLLEC DEDTVSTIRD
           SLMEKIGPNM ASLFHILQTD HCAQTHPRAD FNRRRTNEPQ KLKVLLRNLR GEGDSPSHIK
           RTSQESAX
Pteropus   MLQNSAVLLV LVISASATHE AEQNDSVSAR KSRVAAQNSA EVVRCLNSAL QVGCGAFACL
           ENSTCDTDGM YDICKSFLYS AAKFDTQGKA FVKESLKCIA NGVTAKVFLA IRRCSTFQRM
           IAEVQEECYS KLNVCSIAKR NPEAITEVVQ LPNHFSNRYY NRLVRSLLEC DGDTVSTIRD
           SLMEKIGPNM ASLFHILQTD HCAQTHPRAD FNRRRTNEPQ KLKVLLRNLR GEVASPTHSK
           RTSQESAX
Tursiops   MLQNSAVLLV LVISASATHE AEQNDSVSPR KARVAAQNSA EVVRCLNSAL QVGCGAFACL
           ENSTCDTDGM YDICKSFLYS AAKFDTQGKA FVKESLKCIA NGVTSKVFLA IRRCSTFQRM
           IAEVQEECYS KLNVCSVAKR NPEAITEVVQ LPNHFSNRYY NRLVRSLLEC DEDTVSTIRD
           SLMEKIGPNM ASLFHILQTD HCAHTHQRAD FNRRRANEPQ KLKVLLRSLR GEVASPSLIK
           RTSHESAX
Tarsius    MLQNSAVLLV LVISASATHE AEQNDSVNPR KSRVAAQISA EVVRCLNSAL QVGCGAFACL
           ENSTCDTDGM YDICKSFLYS AAKFDTQGKA FVKESLKCIA NGVTSKVFLA IRRCSTFQRM
           IAEVQEECYS KLNVCSIAKR NPEAITEVVQ LPNHFSNRYY NRLVRSLLEC DEDTVRTIRD
           SLMEKIGPNM ASLFHILQTD HCAQTHPRAD FNRRRTNEPQ KLKVLLRNLR GEGDTPSHIK
           RTSHESAX
Mustela    MLQNSAVLLV LVISASATHE VEQNDSVSPR KSRVAAQNSA EVVRCLNSAL QVGCGAFACL
           ENSTCDTDGM YDICKSFLYS AAKFDTQGKA FVKESLKCIA NGVTSKVFLA IRRCSTFQRM
           IAEVQEECYS KLNVCSVAKR NPEAITEVVQ LPNHFSNRYY NRLVRSLLEC DEDTVSTIRD
           SLMEKIGPNM ASLFHILQTD HCAQTHPRAD FNRRRTSEPQ KLKVLLRNLR GEAASPSHIK
           RTSHESAX
Tupaia     MLQNSAVLLV LVISASATHE AEQ-DSVNPR KSRVSAQNS? ?????????? ??????????
           ?????????? ?????????? ?????????? ?????????? ?????????? IRRCSTFQRM
           IADVQQDCYK KLNMCSIVQQ NIDAITEVVQ LPHQFSNRYY NKLIEMLLEC DDDTVQTIRD
           SLMEKIGPNM ASLFHILQTD HCA--HPRGD FNRRRTNEPQ KLKVLLRNLQ GEEDSPS---
           --------
Ailuropoda MLQNSAVLLV LVISASATHE AEQNDSVSPR KSRVAAQNSA EVVRCLNSAL QVGCGAFACL
           ENSTCDTDGM YDICKSFLYS AAKFDTQGKA FVKESLKCIA NGVTSKVFLA IRRCSTFQRM
           IAEVQEECYS KLNVCSVAKR NPEAITEVVQ LPNHFSNRYY NRLVRSLLEC DEDTVSTIRD
           SLMEKIGPNM ASLFHILQTD HCAQTHPRAD FNRRRTSEPQ KLKVLLRNLR GEVASPSHIK
           RTSHESAX
Bos        MLQNSAVLLV LVISASATHE AEQNDSVSLR KSRVAAQNSA EVIRCLNSAL QVGCGAFACL
           ENSTCDTDGM YDICKSFLYS AAKFDTQGKA FVKESLKCIA NGVTSKVFLA IRRCSTFQRM
           IAEVQEECYT KLNVCSVAKR NPEAITEVVQ LPNHFSNRYY NRLVRSLLDC DEDTVSTIRD
           SLMEKIGPNM ASLFHILQTD HCAHTQQRAD FNRRRANEPQ KLKVLLRNLR GEVASPSHIK
           RTSQESAX
Pan        MLQNSAVLLV LVISASATHE AEQNDSVSPR KSRVAAQNSA EVVRCLNSAL QVGCGAFACL
           ENSTCDTDGM YDICKSFLYS AAKFDTQGKA FVKESLKCIA NGVTSKVFLA IRRCSTFQRM
           IAEVQEECYS KLNVCSIAKR NPEAITEVVQ LPNHFSNRYY NRLVRSLLEC DEDTVSTIRD
           SLMEKIGPNM ASLFHILQTD HCAQTHPRAD FNRRRTNEPQ KLKVLLRNLR GEEDSPSHIK
           RTSHESAX
Homo       MLQNSAVLLV LVISASATHE AEQNDSVSPR KSRVAAQNSA EVVRCLNSAL QVGCGAFACL
           ENSTCDTDGM YDICKSFLYS AAKFDTQGKA FVKESLKCIA NGVTSKVFLA IRRCSTFQRM
           IAEVQEECYS KLNVCSIAKR NPEAITEVVQ LPNHFSNRYY NRLVRSLLEC DEDTVSTIRD
           SLMEKIGPNM ASLFHILQTD HCAQTHPRAD FNRRRTNEPQ KLKVLLRNLR GEEDSPSHIK
           RTSHESAX
Sus        MLQNSAVLLV LVISASATHE AEQNDSVSPR KSRLAGQNSV EMVRCLNSAL QVGCGAFACL
           ENSTCDTDGM YDICKSFLYS AAKFDTQGKA FVKESLKCIA NGVTAKVFLA IRRCSTFQRM
           IAEVQEECYT KLNVCSVAKR NPEAITEVVQ LPNHFSNRYY NRLVRSLLEC DEDTVSTIRD
           SLMEKIGPNM ASLFHILQTD HCAHTHQRAD FNRKRANEPQ KLKVLLRNLR GEVASPAHIK
           RTSHESAX
Oryctolagu MLQNSAVLLV LVISASATHE AEQNDSVSSR KSRMASHTSA EVVRCLNTAT QVGCDPFECL
           ENSTCHTDGM YDICRSFLYS AAKLDTQGKA FVKESLKCIT SGISTRVFVA IRRCSTFQRM
           IAEVQEECYK KLNICSIAKQ NPEAMTEVIQ HPNNFSNRYY NILAQSLLGC DADTVTTIRD
           SLMTKIGPNM ASLFHILQTD YCAHTQARAD FNRRRSNEPQ KLKVLLRNLR GEGDSPSHTK
           RTSHESAX
Echinops   MLQNSAVLLM LVLGACAAHE AEHKDSVSPR KARVAAQNS? ?????????? ??????????
           ?????????? ?????????? ?????????? ?????????? ?????????? ??????????
           ?????????? ?????????? ?????????Q L----LSRYY NRLIRSLLEC DEDTVSTIRD
           SLMEKIGPNM ASLFHILQTD HCAHIHPRAD FNRRRTNEPQ KLKVLLRNLR GEGTPPSHTK
           RTSHESAX
