   40   258
Pongo      ---------N PPASASQSTK ITPSAVTAFD KSSKKAELPP PYTAIASPDA SGIPVINCRV
           CQSLINLDGK LHQHVVKCTV CNEATPIKNP PTGKKYVRCP CNCLLICKDT SRRIGCPRPN
           CRRIINLGPV MLISEEQPAQ PALPVQPEGT RVVCGHCGNT FLWMELRFNT LAKCPHCKKI
           SSVGSALPRR RCCAYITIGM ICIFIGVGLT VGTQDFSRRF RATYVSWAIA YLLGLICLIR
           ACYWGAIRVS YPEHSFAX
Dasypus    ---------- ---------- ---------- -----AELPP PYTAIASPDA SGIPVINCRV
           CQSLINLDGK LHQHVVKCTV CNEATPIKNP PTGKKYVRCP CNCLLICKDT SRRIGCPRPN
           CRRIINLGPV MLISEEQPAQ PALPVQPEGT RVVCGHCGNT FLWMELRFNT LAKCPHCKKI
           SSVGSALPRR RCCAYITIGM IFIFIGVGLT VGTQDF-RRF HATYVSWAIA YVLGLICLIR
           ACYWGAIRVS YPEHSFAX
Echinops   MAADGVDERS PLLSASHSGN VTPTAPPYLQ ESSPRAELPP PYTAIASPDA SGIPVINCRV
           CQSLINLDGK LHQHVVKCTV CNEAT????? ???KKYVRCP CNCLLI--KT SRRIGCPRPN
           CRRIINLGPV MLISEEQPAQ PALPIQPEGT RVVCGHCGNT FLWMELRFNT LAKCPHCKKI
           SSVGSALPRR RCCAYITIGM ICIFIGIGLT VGTQDFARRF HATYVSWAIA YLLGLICLIR
           ACYWGAIRVS YPEHSFAX
Ictidomys  ---------- ---------- ---------- -----AELPP PYTAIASPDA SGIPVINCRV
           CQSLINLDGK LHQHVVKCTV CNEATPIKNP PTGKKYVRCP CNCLLICKDT SRRIGCPRPN
           CRRIINLGPV MLISEEQPAQ PALPIQPEGT RVVCGHCGNT FLWMELRFNT LAKCPHCKK-
           ---------- ---------- ---------- ---------- ---------- ----------
           ---------- --------
Loxodonta  MAADGVDERS PLLSASHSGN VTPTAPPYLQ ESSPRAELPP PYTAIASPDA GGIPVINCRV
           CQSLINLDGK LHQHVVKCTV CNEATPIKNP PTGKKYVRCP CNCLLICKDT SRRIGCPRPN
           CRRIINLGPV MLVSEEQPAQ PALPVQPEGT RVVCGHCGNT FLWMELRFNT LAKCPHCKKI
           SSVGSALPRR RCCAYITIGM ICIFIGIGLT VGTQDFSRRF HATYVSWAIA YLLGLICLIR
           ACYWGAIRVS YPEHSFA-
Macaca     MAADGVDERS PLLSASHSGN VTPTAPPYLQ ESSPRAELPP PYTAIASPDA SGIPVINCRV
           CQSLINLDGK LHQHVVKCTV CNEATPIKNP PTGKKYVRCP CNCLLICKDT SRRIGCPRPN
           CRRIINLGPV MLISEEQPAQ PALPIQPEGT RVVCGHCGNT FLWMELRFNT LAKCPHCKKI
           SSVGSALPRR RCCAYITIGM ICIFIGVGLT VGTQDFARRF RATYVSWAIA YLLGLICLIR
           ACYWGAIRVS YPEHSFAX
Myotis     ---------- ---------- ---------- -----AELPP PYTAFASPDS GGIPVINCRV
           CQSLISLDGK LHQHVVKCTV CNEATPIRNP PAGKKYVRCP CNCLLVCKDT SRRIGCPRPN
           CRRIVNLGPV MLISEEQPAQ PAVPTQPEGA RVACGHCGNT FLWMELRFNT LAKCPHCKKI
           SSVGCALPRR RCCAYITIGM MCFFIGVGLT VGTQDFARRF HATYVLWAIA YLLGLICLIR
           ACYWGAIRVS YPEHSFAX
Callithrix MAADGVDERS PLLSASHSGN ITPTAPPYLQ ESSPRAELPP PYTAIASPDA SGIPVINCRV
           CQSLINLDGK LHQHVVKCTV CNEATPIKNP PAGKKYVRCP CNCLLICKDT SRRIGCPRPN
           CRRIINLGPV MLISEEQPAQ PALPIQPEGT RVVCGHCGNT FLWMELRFNT LAKCPHCKKI
           SSVGSALPRR RCCAYITIGM ICILIGVGLT VGTQDFARRF RATYVSWAIA YLVGLICLIR
           ACYWGAIRVS YPEHSFTX
Macropus   MAADGVDERS PLLSASHSGN VTPTAPPYLP ENSPRAELPP PYTAIASPDA SGVPIINCRV
           CQSVINLDGK LHQHVVKCTI CNEATPIKNP PTGKKYVRCP CNCLLICKDT SRRIGCPRPN
           CRRIINLGPV MLIPEEQPAQ PALPIQPEGT RVVCGHCGNT FLWMELRFNT LAKCPHCKKI
           SSVGSALPRR RCCAYITIGM ICIFIGVGLT ---------- ---------- ----------
           ---------- --------
Erinaceus  MAADGLDECS PLLSGSHSGN VTPTAPPYLQ ESSPRAELPP PYTAIANLDA GGLRSVNCRV
           CQSLINLDGK LHQHVVKCTV CNEATPIKPP PTGKIYVRCP CNCLLICKDT SRRIGCPRPN
           CRRIINLGPV MLVSEEQPAQ PALPIQPEGT RVVCGHCGNT FL???????? ??????????
           SSVGSALPRR RCCAYITIGI ICLFIGVGLT VGTEDFARRF RATYVSWAIA Y-LGLICLIR
           ACYW------ --------
Sorex      MAADGVDERS PLLAAPRPGP VTPSAPPYLQ EGSPR????? ?????????? ??????????
           ?????????? ?????????? ??EATPIKNP PTGKKYVRCP CNCLLICKDT SRRIGCPRPN
           CRRIINLGPV MLISEEQPAQ PALPIQPEGT RVVCGHCGNT FLWMELRFNT LAKCPHCKKI
           SSVGSALPRR RCCAYITIGM ICIFIGVGLT VGTQDFARRF HATYVSWAIA YLLGLICLIR
           ACYWGAIRVS YPEHTFAX
Choloepus  MAADGVDERS PLLSASHSGN VTPTAPPYLQ ESSPRAELPP PYTAIASPDA SGIPVINCRV
           CQSLINLDGK LHQHVVKCTV CNEATPIKNP PTGKKYVRCP CNCLLICKDT SRRIGCPRPN
           CRRIINLGPV MLISEEQPAQ PALPVQPEGT RVVCGHCGNT FLWMELRFNT LAKCPHCKKI
           SSVGSALPRR RCCAYVTIGM ICIFIGVGLT ---------- ---------- ----------
           ---------- --------
Nomascus   MAADGVDERS PLLSASHSGN VTPTAPPYLQ ESSPRAELPP PYTAIASPDA SGIPVINCRV
           CQSLINLDGK LHQHVVKCTV CNEATPIKNP PTGKKYVRCP CNCLLICKDT SRRIGCPRPN
           CRRIINLGPV MLISEEQPAQ PALPIQPEGT RVVCGHCGNT FLWMELRFNT LAKCPHCKKI
           SSVGSALPRR RCCAYITIGM ICIFIGVGLT VGTQDFARRF RTTYVSWAIA YLLGLICLIR
           ACYWGAIRVS YPEHSFAX
Ornithorhy ---------- ---------- ---------- ---------- ---------- ----------
           ---------- ---------- -----PIKNP PTGKKYVRCP CNCLLICKDT SRRIGCPRPN
           CRRIINLGPM MLIPEEQPAQ PALPIQPEGT RVVCGHCGNT FLWMELRFNS LAKCPHCKKM
           SSVGSALPRR RCCAYITIGM ICIFVAVGLT VGTQDFARRF HATYVSWAIA YLLGLICLIR
           ACYWGAIKVS YPEHSFAX
Vicugna    ---------- ---------- ---------- ------ELPP PYTAIASPDA SGIPVINCRV
           CQSLINLDGK LHQHVVKCTV CNEATPIKNP PAGKKYVRCP CNCLLICKDT SRRIGCPRPN
           CRRIINLGPV MLISEEQPAQ PALPVQPEGT RVVCGHCGNT FLWMELRFNT LAKCPHCKKI
           SSVGSALPRR RCCAYITIGM MCIFIGVGLT VGTQDFARRF HATYVSWAIA YLLGLICLIR
           ACYWGAIRVS YPEHSFAX
Monodelphi MAADGVDERS PLLSASHSGN VTPTAPPYLQ ENSPRAELPP PYTAIASPDA SGVPIINCRV
           CQSLINLDGK LHQHVVKCTV CNEATPIKNP PTGKKYVRCP CNCLLICKDT SRRIGCPRPN
           CRRIINLGPV MLIPEEQPAQ PALPIQPEGT RVVCGHCGNT FLWMELRFNT LAKCPHCKKI
           SSVGSALPRR RCCAYITIGM ICIFIGVGLT VGTQDFARRF HATYVSWAIA YLLGLICLIR
           ACYWGAIKVS YPEHSFAX
Cavia      MAADGVDERS PLLSAAHSGN VTPTAPPYLQ ESSPKAELPP PYTAIVSPDA SGIPVINCRV
           CQSIINLDGK LHQHVVKCTI CNEATPIKTP PTGKKYVRCP CNCLLICKDT SRRIGCPRPN
           CRRIINLGPV MLISEEQPAQ PALPIQPEGT RVVCGHCGNT FLWMELRFNT LAKCPHCKKI
           SSVGSALPRR RCCAYITIGM ISIFIGVGLT VGTQDFARQF RATYISWAIA YFLGLICLIR
           ACYWGAIRVS YPEHSFAX
Sarcophilu MAADGVDERS PLLSASHSGN VTPTAPPYLQ ENSPRAELPP PYTAIASPDA SGVPIINCRV
           CQSLINLDGK LHQHVVKCTV CNEATPIKNP PTGKKYVRCP CNCLLICKDT SRRIGCPRPN
           CRRIINLGPV MLIPEEQPAQ PALPIQPEGT RVVCGHCGNT FLWMELRFNT LAKCPHCKKI
           SSVGSALPRR RCCAYITIGM ICIFIGVGLT VGTQDFARRF HATYVSWAIA YLLGLICLIR
           ACYWGAIKVS YPEHSFAX
Equus      MAADGVDERS PLLSASHSGN VTPTAPPYLK ESSPRAELPP PYTAIASPDA SGIPVINCRV
           CQSLINLDGK LHQHVVKCTV CNEATPIKNP PTGKKYVRCP CNCLLICKDT SRRIGCPRPN
           CRRIINLGPV MLISEEQPVQ PALPIQAEGT RVICGHCGNT FLWMELRFNT LAKCPHCKKI
           SSVGSALPRR RCCAYVTIGM ICIFIGVGLT VGTQDFARRF HATYVSWAIA YLLGLICLIR
           ACYWGAIRVS YPEHSFAX
Rattus     MAADGVDERS PLLSASHSGN VTPTAPPYLQ ESSPRAELPP PYTAIASPGT SGIPVINCRV
           CQSLINLDGK LHQHVVKCTV CNEATPIKTP PTGKKYVRCP CNCLLICKDT SRRIGCPRPN
           CRRIINLGPI MLISEEQPAQ PALPVQPEGT RVVCGHCGNT FLWMELRFNT LAKCPHCKKI
           SSVGSALPRR RCCAYVTIGM ICIFIGVGLT VGTQDFSRRF HATYVSWAIA YLLGLICLIR
           ACYWGAIRVS YPEHGFAX
Ochotona   MAADGVDERS PLLSASHSGN VTPTAPPYLQ ESSPR????? ?????????? ??????????
           ?????????? ?????????? ?????????? ?????????? ?????????? ??????????
           ?????????? ?????????? ?????????? ?????????? ??WMELRFNT LAKCPHCKKI
           SSVGSALPRR RCCAYITIGM ICIFIGVGLT VGTQDFSRRF HATYVSWAIA YLLGLICLIR
           ACYWGVIRVS YPEHSFAX
Gorilla    MAADGVDERS PLLSASHSGN VTPTAPPYLQ ESSPRAELPP PYTAIASPDA SGIPVINCRV
           CQSLINLDGK LHQHVVKCTV CNEATPIKNP PTGKKYVRCP CNCLLICKDT SRRIGCPRPN
           CRRIINLGPV MLISEEQPAQ PALPIQPEGT RVVCGHCGNT FLWMELRFNT LAKCPHCKKI
           SSVGSALPRR RCCAYITIGM ICIFIGVGLT VGTPDFARRF RATYVSWAIA YLLGLICLIR
           ACYWGAIRVS YPEHSFAX
Procavia   MAADGVDERS PLLSASHSGN VTPTAPPYLQ ESSPRAELPP PYTAIASPDA SGIPVINCRV
           CQSLINLDGK LHQHVVKCTV CNEATPIKNP PTGKKYVRCP CNCLLICKDT SRRIGCPRPN
           CRRIINLGPV MLISEEQPAQ PALPVQPEGT RVVCGHCGNT FL???????? ??????????
           SSVGSALPRR RCCAYITIGM ICVFIGIGLT ---------- ---------- ----------
           ---------- --------
Dipodomys  MAADGVDERS PLLSASHSGN VTPTAPPYLQ ESSPRAELPP PYTAIASPDA SGIPVINCRV
           CQSLINLDGK LHQHVVKCTV CNEATPIKNP PTGKKYVRCP CNCLLICKDT SRRIGCPRPN
           CRRIINLGPV MLISEEQPAQ PALPIQPEGT RVVCGHCGNT FLWMELRFNT LAKCPHCKKI
           SSVGSALPRR RCCAYITIGM ICIFIGIGLT VGTQDFARRF HATYVSWAIA YLLGLICLIR
           ACYWGAIRVS YPEHSFAX
Otolemur   MAADGVDERS PLLSASQSGN VTPTAPPYLQ ETSPRAELPP PYTAIASPDA SGIPVINCRV
           CQSLINLDGK LHQHVVKCTV CNEATPIKNP PTGKKYVRCP CNCLLICKDT SRRIGCPRPN
           CRRIINLGPV MLISEEQPAQ PAVPVQPEGT RVVCGHCGNT FLWMELRFNT LAKCPHCKKI
           SSVGSALPRR RCCAYVTIGM ICIFIGVGLT VGTQDFARRF HATYVSWAIA YLLGLICLIR
           ACYWGAIRVS YPEHSFAX
Microcebus ---------- ---------- ---------- ------ELPP PYTAIASPDA SGIPVINCRV
           CQSLINLDGK LHQHVVKCTV CNEATPIKNP PTGKKYVRCP CNCLLICKDT SRRIGCPRPN
           CRRIINLGPV MLISEEQPAQ PALPVQPEGT RVVCGHCGNT FL???????? ??????????
           SSVGSALPRR RCCAYITIGM ICIFIGVGLT VGTQDFARRF HATYVSWAIA YLLGLICLIR
           ACYWGAIRVS YPEHSFAX
Mus        MAADGVDERS PLLSASHSGN VTPTAPPYLQ ESSPRAELPP PYTAIASPGT SGIPVINCRV
           CQSLINLDGK LHQHVVKCTV CNEATPIKTP PTGKKYVRCP CNCLLICKDT SRRIGCPRPN
           CRRIINLGPV MLISEEQPAQ PALPIQPEGT RVVCGHCGNT FLWMELRFNT LAKCPHCKKI
           SSVGSALPRR RCCAYVTIGM ICIFIAVGLT VGTQDFSRRF HATYVSWAIA YLLGLICLIR
           ACYWGAIRVS YPEHGFAX
Tursiops   MAADGVDERS PLLSASHSGN VTPTAPPYLQ ESSPRAELPP PYTAIASPDA SGIPVINCRV
           CQSLINLDGK LHQHVVKCTV CNEAT????? ?????????? ?????????? ??????????
           ?RRIINLGPV MLISEEQPAQ PALPVQPEGT RVVCGHCGNT FLWMELRFNT LAKCPHCKKI
           SSVGSALPRR RCCAYITIGM ICIFIGVGLT VGTQGFARRF HATYVSWAVA YFLGLICLIR
           ACYWGAIRVS YPEHSFAX
Tarsius    MAADGVDERS PLLSASHSGN VTPTAPPYLQ ESSPRAELPP PYTAIVSPDA SGIPVINCRV
           EFSLINLDGK LHQHVVKCTV CNEATPIKNP PTGKKYVRCP CNCLLICKDT SRRIGCPRPN
           CRRIINLGPV MLISEEQPAQ PALPVQPEGT RVVCGHCGNT FLWMELRFNT LAKCPHCKKI
           SSVGSALPRR RCCAYITIGM ICIFIGVGLT VGTQDFARRF HATYVSWAIA YLLGLICLIR
           ACYWGAIRVS YPEHSFAX
Mustela    MAADGVDERS PLLSASHSGN VTPTAPPYLQ ESSPRAELPP PYTAIASPDA SGIPVINCRV
           CQSLINLDGK LHQHVVKCTV CNEATPIKNP PTGKKYVRCP CNCLLICKDT SRRIGCPRPN
           CRRIINLSPV MLISEEQPAQ PALPVQPEGT RVVCGHCGNT FLWMELRFNT LAKCPHCKKI
           SSVGSALPRR RCCAYITIGM ICIFIGVGLT VGTQDFARRF HATYVSWAIA YLLGLICLIR
           ACYWGAIRVS YPEQSFAX
Tupaia     MAADGVDERS PLLSASHSGN VTPTAPPYLQ ESSPRAELPP PYTAIASPDA SGIPVINCRV
           CQSLINLDGK LHQHVVKCTV CNEATPIKNP PTGKKYVRCP CNCLLICKDT SRRIGCPRPN
           CRRIINLGPV MLISEEQPAQ PALPIQPEGT RVVCGHCGNT FLWMELRFNT LAKCPHCKKI
           SSVGSALP-R RCCAYITIGM ICIFIGVGLT VGTQDFARRF HATYVSWAIA HLLGLICLIR
           ACYWGAIRVS YPEHSFAX
Ailuropoda -AADGVDERS PLLSASHSGN VTPTAPPYLQ ESSPRAELPP PYTAIASPDA SGIPVINCRV
           CQSLINLDGK LHQHVVKCTV CNEATPIKNP PTGKKYVRCP CNCLLICKDT SRRIGCPRPN
           CRRIINLSPV MLISEEQPAQ PALPVQPEGT RVVCGHCGNT FLWMELRFNT LAKCPHCKKI
           SSVGSALPRR RCCAYITIGM ICIFIGVGLT VGTQDFARRF HATYVSWAIA YLLGLICLIR
           ACYWGAIRVS YPEHSFA-
Bos        MAADGVDERS PLLSASHSGS VTPTAPPYLQ DSSPRAELPP PYTAIVSPDA SGIPVINCRV
           CQSLINLDGK LHQHVVKCTV CNEATPIKNP PAGKKYVRCP CNCLLICKDT SRRIGCPRPN
           CRRIINLGPV MLVSEEQPAQ PALPVQPEGT RVVCGHCGNT FLWMELRFNT LAKCPHCKKI
           SSVGSALPRR RCCAYITIGM MCIFIGIGLT VGTQDFARRF HATYVSWAIA YLLGLVCLIR
           ACYWGAIRVS YPEHSFAX
Pan        MAADGVDERS PLLSASHSGN VTPTAPPYLQ ESSPRAELPP PYTAIASPDA SGIPVINCRV
           CQSLINLDGK LHQHVVKCTV CNEATPIKNP PTGKKYVRCP CNCLLICKDT SRRIGCPRPN
           CRRIINLGPV MLISEEQPAQ PALPIQPEGT RVVCGHCGNT FLWMELRFNT LAKCPHCKKI
           SSVGSALPRR RCCAYITIGM ICIFIGVGLT VGTPDFARRF RATYVSWAIA YLLGLICLIR
           ACYWGAIRVS YPEHSFAX
Homo       MAADGVDERS PLLSASHSGN VTPTAPPYLQ ESSPRAELPP PYTAIASPDA SGIPVINCRV
           CQSLINLDGK LHQHVVKCTV CNEATPIKNP PTGKKYVRCP CNCLLICKDT SRRIGCPRPN
           CRRIINLGPV MLISEEQPAQ PALPIQPEGT RVVCGHCGNT FLWMELRFNT LAKCPHCKKI
           SSVGSALPRR RCCAYITIGM ICIFIGVGLT VGTPDFARRF RATYVSWAIA YLLGLICLIR
           ACYWGAIRVS YPEHSFAX
Sus        MAADGVDERS PLLSASHSGN VTPTAPPYLQ ESSPRAELPP PYTAIASPDA SGIPVINCRV
           CQSLINLDGK LHQHVVKCTV CNEATPIKNP PTGKKYVRCP CNCLLICKDT SRRIGCPRPN
           CRRIINLGPV MLISEEQPAQ PALPVQPEGT RVVCGHCGNT FLWMELRFNT LAKCPHCKKI
           SSVGSALPRR RCCAYITIGM ICIFIGVGLT VGTQDFARRF HATYVSWAIA YLLGLICLIR
           ACYWGAIRVS YPEQSFAX
Oryctolagu MAADGVDERS PLLSASHSGN VTPTAPPYLQ ESSPRAELPP PYTAIASPDA SGIPVINCRV
           CQSLINLDGK LHQHVVKCTV CNEATPIKNP PSGKKYVRCP CNCLLICKDT SRRIGCPRPN
           CRRIITLGPV MLISEEQPAQ PALPIQPEGT RVVCGHCGNT FLWMELRFNT LAKCPHCKKI
           SSVGSALPRR RCCAYITIGM ICIFIGVGLT VGTQDFARRF RATYVSWAIA YLLGLICLIR
           ACYWGVIRVS YPEHSFAX
Canis      M---GVS--- ---------- ---------- ----RAELPP PYTAIASPDA SGIPVINCRV
           CQSLINLDGK LHQHVVKCTV CNEATPIKNP PTGKKYVRCP CNCLLICKDT SRRIGCPRPN
           CRRIINLGPV MLISEEQPAQ PALPVQPEGT RVVCGHCGNT FLWMELRFNT LAKCPHCKKI
           SSVGSALPRR RCCAYITIGI ICIFIGVGLT VGTQDFARRF HATYVSWAIA YLLGLICLIR
           ACYWGAIRVS YPEHSFAX
Felis      M--------- ---------- LFP------- -----AELPP PYTAIASPDA TGIPVINCRV
           CQSLINLDGK LHQHVVKCTV CNEATPIKNP PTGKKYVRCP CNCLLICKDT SRRIGCPRPN
           CRRIINLGPV MLISEEQPAQ PALPVQPEGT RVVCGHCGNT FLWMELRFNT LAKCPHCKKI
           SSVGSALPRR RCCAYITIGM ICIFIGVGLT VGTQDFARRF HATYVSWAIA YLLGLICLIR
           ACYWGAIRVS YPEHSFAX
Pteropus   MAAAGADER- PQLPAPQSGG VTP-APPRWR ----RAELPP PYTAIASPDA SGVPAVNCRV
           CQSLIGLDGK LHQHVVKCTV CNEATPIKNP PAGKKYVRCP CNCLLICKDT SRRIGCPRPN
           CRRIINLGPV MPVSEEQPAQ PALPVQPEGT RVVCGHCGNT FLWMELRFNT LAKCPHCKKI
           SSVGSALPRR RCCAYITIGM ICIFVGVGLT -GTQDFARRF HATYVFWAV- ----------
           ---------- --------
