   40  1328
Echinops   MAASRRSQHH HHHHQQQLQP APGASAPPPP PPPPLSPGLA PGATPASPTA GSLVPFASPR
           HGLVLPEGDG TRDPPDRPRS PDPVDSTSCC STTSTICTVA AAPGVPVASA SPAVGVASPA
           TVVGTTNSPS SSSSPTSSSS SSPSSPGSSL AESPEAAGVS TTATLGLGAA GPGPGVPAVS
           GALRELLEAC RNGDVSRVKR LVDAANVNAK DMAGRKSSPL HFAAGFGRKD VVEHLLQMGA
           NVHARDDGGL IPLHNACSFG HAEVVSLLLC QGADPNARDN WNYTPLHEAA IKGKIDVCIV
           LLQHGADPNI RNTDGKSALD LADPSAKAVL TGEYKKDELL EAARSGNEEK LMALLTPLNV
           NCHASDGRKS TPLHLAAGYN RVRIVQLLLQ HGADVHAKDK GGLVPLHNAC SYGHYEVTEL
           LLKHGACVNA MDLWQFTPLH EAASKNRVEV CSLLLSHGAD PTLVNCHGKS AVDMAPTPEL
           RERLTYEFKG HSLLQAAREA DLAKVKKTLA LEIINFKQPQ SHETAL???? ??????????
           ?????????? ?????????? ?????????? ?????VLHKH GAKMNALDTL GQTALHRAAL
           AGHLQTCRLL LSYGSDPSII SLQGFTAAQM GNEAVQQILS ESTPMRTSDV DYRLLEASKA
           GDLETVKQLC SPQNVNCRDL EGRHSTPLHF AAGYNRVSVV EYLLHHGADV HAKDKGGLVP
           LHNACSYGHY EVAELLVRHG ASVNVADLWK FTPLHEAAAK GKYEICKLLL KHGADPTKKN
           ?????????? ?????????? ?????????? ?????????? ?????????? ??????????
           ?????GYNNL EVAEYLLEHG ADVNAQDKGG LIPLHNAASY GHVDIAALLI KYNTCVNATD
           KWAFTPLHEA AQKGRTQLCA LLLAHGADPT MKNQEGQTPL DLATADDIRA LLIDAMPPEA
           LPTCFKPQAT VVSASLISPA STPSCLSAAS SIDNLTGPLA ELAVGGASNT GDGAAGAERK
           EGEVVGLDMN ISQFLKSLGL EHLRDIFETE QITLDVLADM GHEELKEIGI NAYGHRHKLI
           KGVERLLGGQ QGTNPYLTFH CVNQGTILLD LAPEDKEYQS VEEEMQSTIR EHRDGGNAGG
           IFNRYNVIRI QKVVNKKLRE RFCHRQKEVS EENHNHHNER MLFHGSPFIN AIIHKGFDER
           HAYIGGMFGA GIYFAENSSK SNQYVYGMGG GTGCPPHKDR SCYICHRQML FCRVTLGKSF
           ?????????? ?????????? ?????????? ?????????A YPEYLITYQI VKPEAPSQTA
           TAAEQKTX
Pongo      MAASRRSQHH HHHHQQQLQP APGASAPPPP PPPPLSPGLA PGTTPASPTA SGLAPFASPR
           HGLALPEGDG SRDPPDRPRS PDPVDGTSCC STTSTICTVT AAPVVPAVST SSAVGVAPNP
           AGSGSNNSPS SSSSPTSSSS SSPSSPGSSL AESPEAAGVS STAPLGPGAA GPGTGVPAVS
           GALRELLEAC RNGDVSRVKR LVDAANVNAK DMAGRKSSPL HFAAGFGRKD VVEHLLQMGA
           NVHARDDGGL IPLHNACSFG HAEVVSLLLC QGADPNARDN WNYTPLHEAA IKGKIDVCIV
           LLQHGADPNI RNTDGKSALD LADPSAKAVL TGEYKKDELL EAARSGNEEK LMALLTPLNV
           NCHASDGRKS TPLHLAAGYN RVRIVQLLLQ HGADVHAKDK GGLVPLHNAC SYGHYEVTEL
           LLKHGACVNA MDLWQFTPLH EAASKNRVEV CSLLLSHGAD PTLVNCHGKS AVDMAPTPEL
           RERLTYEFKG HSLLQAAREA DLAKVKKTLA LEIINFKQPQ SHETALHCAV ASLHPKRKQV
           TELLLRKGAN VNEKNKDFMT PLHVAAERAH NDVMEVLHKH GAKMNALDTL GQTALHRAAL
           AGHLQTCRLL LSYGSDPSII SLQGFTAAQM GNEAVQQILS ESTPIRTSDV DYRLLEASKA
           GDLETVKQLC SPQNVNCRDL EGRHSTPLHF AAGYNRVSVV EYLLHHGADV HAKDKGGLVP
           LHNACSYGHY EVAELLVRHG ASVNVADLWK FTPLHEAAAK GKYEICKLLL KHGADPTKKN
           RDGNTPLDLV KEGDTDIQDL LRGDAALLDA AKKGCLARVQ KLCTPENINC RDTQGRNSTP
           LHLAAGYNNL EVAEYLLEHG ADVNAQDKGG LIPLHNAASY GHVDIAALLI KYNTCVNATD
           KWAFTPLHEA AQKGRTQLCA LLLAHGADPT MKNQEGQTPL DLATADDIRA LLIDAMPPEA
           LPTCFKPQAT VVSASLISPA STPSCLSAAS SIDNLTGPLA ELAVGGASNA GDGAAGTERK
           EGEIAGLDMN ISQFLKSLGL EHLRDIFETE QITLDVLADM GHEELKEIGI NAYGHRHKLI
           KGVERLLGGQ QGTNPYLTFH CVNQGTILLD LAPEDKEYQS VEEEMQSTIR EHRDGGNAGG
           IFNRYNVIRI QKVVNKKLRE RFCHRQKEVS EENHNHHNER MLFHGSPFIN AIIHKGFDER
           HAYIGGMFGA GIYFAENSSK SNQYVYGIGG GTGCPTHKDR SCYICHRQML FCRVTLGKSF
           LQFSTMKMAH APPGHHSVIG RPSVNGLAYA EYVIYRGEQA YPEYLITYQI MKPEAPSQTA
           TAAEQKTX
Ictidomys  MAASRRSQHH HHHHQQQLQP APGASAPPPP PPPPLSPGLA PGTTPASPTA GGLAPFASPR
           HGLALPEGDG SRDPPDRPRS PDPVE----- ----TICTVA ATTVVPAASA SSAVGVAPNP
           AGGGSNNSPS SSSSPTSSSS SSPSSPGSSL AESPDASGVS STAALGPGAA AAGTGVPAVS
           GALRELLEAC RNGDVSRVKR LVDAANVNAK DMAGRKSSPL HFAAGFGRKD VVEHLLQMGA
           NVHARDDGGL IPLHNACSFG HAEVVSLLLC QGADPNARDN WNYTPLHEAA IKGKIDVCIV
           LLQHGADPNI RNTDGKSALD LADPSAKAVL TGEYKKDELL EAARSGNEEK LMALLTPLNV
           NCHASDGRKS TPLHLAAGYN RVRIVQLLLQ HGADVHAKDK GGLVPLHNAC SYGHYEVTEL
           LLKHGACVNA MDLWQFTPLH EAASKNRVEV CSLLLSHGAD PTLVNCHGKS AVDMAPTPEL
           RERLTYEFKG HSLLQAAREA DLAKVKKTLA LEIINFKQPQ SHETALHCAV ASLHPKRKQV
           TELLLRKGAN VNEKNKDFMT PLHVAAERAH NDVMEVLHKH GAKMNALDTL GQTALHRAAL
           AGHLQTCRLL LSYGSDPSII SLQGFTAAQM GNEAVQQILS ESTPIRTSDV DYRLLEASKA
           GDLETVKQLC SPQNVNCRDL EGRHSTPLHF AAGYNRVSVV EYLLHHGADV HAKDKGGLVP
           LHNACSYGHY EVAELLVRHG ASVNVADLWK FTPLHEAAAK GKYEICKLLL KHGADPTKKN
           RDGNTPLDLV KEGDTDIQDL LRGDAALLDA AKKGCLARVQ KLCTPENINC RDTQGRNSTP
           LHLAAGYNNL EVAEYLLEHG ADVNAQDKGG LIPLHNAASY GHVDIAALLI KYNTCVNATD
           KWAFTPLHEA AQKGRTQLCA LLLAHGADPT MKNQEGQTPL DLATADDIRA LLIDAMPPEA
           LPTCFKPQAT VVSASLISPA STPSCLSAAS SIDNLTGPLA ELAVGGASNA GDGAAGTERK
           EGEVAGLDMN ISQFLKSLGL EHLRDIFETE QITLDVLADM GHEELKEIGI NAYGHRHKLI
           KGVERLLGGQ QGTNPYLTFH CVNQGTILLD LAPEDKEYQS VEEEMQSTIR EHRDGGNAGG
           IFNRYNVIRI QKVVNKKLRE RFCHRQKEVS EENHNHHNER MLFHGSPFIN AIIHKGFDER
           HAYIGGMFGA GIYFAENSSK SNQYVYGIGG GTGCPTHKDR SCYICHRQML FCRVTLGKSF
           LQFSTMKMAH APPGHHSVIG RPSVNGLAYA EYVIYRGEQA YPEYLITYQI MKPEAPSQTS
           TAAEQKTX
Loxodonta  MAASRRSQHH HHHHQQQLQP APGASAPPPP PPPPLSPGLA PGATPASPTA SGLAPFASLR
           HGLALTEGDG SRDPPDRPLI SGPS------ ------LTVL AVAVPPAQSV PSPLAVVPVD
           FCRRSTTKPS SSSSPTSSSS S-PSSPGSSL AESPEAAGVG TTTTLGPGTA GPGPGVAAVS
           GPLR-LLEAC RNGDVSRVKR LVDAANVNAK DMAGRKSSPL HFAAGFGRKD VVEHLLQMGA
           NVHARDDGGL IPLHNACSFG HAEVVSLLLC QGADPNARDN WNYTPLHEAA IKGKIDVCIV
           LLQHGADPNI RNTDGKSALD LADPSAKAVL TGEYKKDELL EAARSGNEEK LMALLTPLNV
           NCHASDGRKS TPLHLAAGYN RVRIVQLLLQ HGADVHAKDK GGLVPLHNAC SYGHYEVTEL
           LLKHGACVNA MDLWQFTPLH EAASKNRVEV CSLLLSHGAD PTLVNCHGKS AVDMAPTPEL
           RERLTYEFKG HSLLQAAREA DLAKVKKTLA LEIINFKQPQ SHETALHCAV ASLHPKRKQV
           TELLLRKGAN VNEKNKDFMT PLHVAAERAH NDVMEVLHKH GAKMNALDTL GQTALHRAAL
           AGHLQTCRLL LSYGSDPSII SLQGFTAAQM GNEAVQQILS ESTPIRTSDV DYRLLEASKA
           GDLETVKQLC SPQNVNCRDL EGRHSTPLHF AAGYNRVSVV EYLLHHGADV HAKDKGGLVP
           LHNACSYGHY EVAELLVRHG ASVNVADLWK FTPLHEAAAK GKYEICKLLL KHGADPTKKN
           RDGNTPLDLV KEGDTDIQDL LRGDAALLDA AKKGCLARVQ KLCSPENINC RDTQGRNSTP
           LHLAAGYNNL EVAEYLLEHG ADVNAQDKGG LIPLHNAASY GHVDIAALLI KYNTCVNATD
           KWAFTPLHEA AQKGRTQLCA LLLAHGADPT MKNQEGQTPL DLATADDIRA LLIDAMPPEA
           LPTCFKPQAT VVSASLMSPA PTPSCLSAAS SIDNLTGPLA ELAVGGASNA GDGAAGAERK
           EGEVVGLDMN ISQFLKSLGL EHLRDIFETE QITLDVLADM GHEELKEIGI NAYGHRHKLI
           KGVERLLGGQ QGTNPYLTFH CVNQGTILLD LAPEDKEYQS VEEEMQSTIR EHRDGGNAGG
           VFSRYSVIRI QKVVNKKLRE RFCHRQKEVS EENHNHHNER MLFHGSPFIN AIIHKGFDER
           HAYIGGMFGA GIYFAENSSK SNQYVYGIGG GTGCPTHKDR SCYICHRQML FCRVTLGKSF
           LQFSTMKMAH APPGHHSVIG RPSVNGLAYA EYVIYRGEQA YPEYLITYQI VKPEAPSQTA
           TAAEQKTX
Canis      MAASRRSQHH HHHHQQQLQP APGASAPPPP PPPPLSPGLA PGTTPASPTA GGLAPFASPR
           HGLALPEGDG SRDPPDRPRS PEPVDSTSCC STTSTICTVA AAPVAPAVSA SSAVGVAPNP
           AGGGSNNSPS SSSSPTSSSS SSPSSPGSSL AESPEAAGVS TTATLGPGAA GPGPGVPAVS
           GALRELLEAC RNGDVSRVKR LVDAANVNAK DMAGRKSSPL HFAAGFGRKD VVEHLLQMGA
           NVHARDDGGL IPLHNACSFG HAEVVSLLLC QGADPNARDN WNYTPLHEAA IKGKIDVCIV
           LLQHGADPNI RNTDGKSALD LADSSAKAVL TGEYKKDELL EAARSGNEEK LMALLTPLNV
           NCHASDGRKS TPLHLAAGYN RVRIVQLLLQ HGADVHAKDK GGLVPLHNAC SYGHYEVTEL
           LLKHGACVNA MDLWQFTPLH EAASKNRVEV CSLLLSHGAD PTLVNCHGKS AVDMAPTPEL
           RERLTYEFKG HSLLQAAREA DLAKVKKTLA LEIINFKQPQ SHETALHCAV ASLHPKRKQV
           TELLLRKGAN VNEKNKDFMT PLHVAAERAH NDVMEVLHKH GAKMNALDTL GQTALHRAAL
           AGHLQTCRLL LSYGSDPSII SLQGFTAAQM GNEAVQQILS ESTPIRTSDV DYRLLEASKA
           GDLETVKQLC SPQNVNCRDL EGRHSTPLHF AAGYNRVSVV EYLLHHGADV HAKDKGGLVP
           LHNACSYGHY EVAELLVRHG ASVNVADLWK FTPLHEAAAK GKYEICKLLL KHGADPTKKN
           RDGNTPLDLV KEGDTDIQDL LRGDAALLDA AKKGCLARVQ KLCTPENINC RDTQGRNSTP
           LHLAAGYNNL EVAEYLLEHG ADVNAQDKGG LIPLHNAASY GHVDIAALLI KYNTCVNATD
           KWAFTPLHEA AQKGRTQLCA LLLAHGADPT MKNQEGQTPL DLATADDIRA LLIDAMPPEA
           LPTCFKPQAT VVSASLISPA STPSCLSAAS SIDNLTGPLA ELAVGGASNT GDGAAGTERK
           EGEVAGLDMN ISQFLKSLGL EHLRDIFETE QITLDVLADM GHEELKEIGI NAYGHRHKLI
           KGVERLLGGQ QGTNPYLTFH CVNQGTILLD LAPEDKEYQS VEEEMQSTIR EHRDGGNAGG
           IFNRYNVIRI QKVVNKKLRE RFCHRQKEVS EENHNHHNER MLFHGSPFIN AIIHKGFDER
           HAYIGGMFGA GIYFAENSSK SNQYVYGIGG GTGCPTHKDR SCYICHRQML FCRVTLGKSF
           LQFSTMKMAH APPGHHSVIG RPSVNGLAYA EYVIYRGEQA YPEYLITYQI MKPEAPAQTA
           TAAEQKTX
Macaca     MAASRRSQHH HHHHQQQLQP APGASAPPPP PPPPLSPGLA PGTTPASPTA SGLAPFASPR
           HGLALPEGDG SRDPPDRPRS PDPVDGTSCC NTTSTICTVA AAPVVPAVST SSSVGVAPNP
           AGSGSNNSPS SSSSPTSSSS SSPSSPGSSL AESPEAAGVS STAPLGPGAA GPGTGVPAVS
           GALRELLEAC RNGDVSRVKR LVDAANVNAK DMAGRKSSPL HFAAGFGRKD VVEHLLQMGA
           NVHARDDGGL IPLHNACSFG HAEVVSLLLC QGADPNARDN WNYTPLHEAA IKGKIDVCIV
           LLQHGADPNI RNTDGKSALD LADPSAKAVL TGEYKKDELL EAARSGNEEK LMALLTPLNV
           NCHASDGRKS TPLHLAAGYN RVRIVQLLLQ HGADVHAKDK GGLVPLHNAC SYGHYEVTEL
           LLKHGACVNA MDLWQFTPLH EAASKNRVEV CSLLLSHGAD PTLVNCHGKS AVDMAPTPEL
           RERLTYEFKG HSLLQAAREA DLAKVKKTLA LEIINFKQPQ SHETALHCAV ASLHPKRKQV
           TELLLRKGAN VNEKNKDFMT PLHVAAERAH NDVMEVLHKH GAKMNALDTL GQTALHRAAL
           AGHLQTCRLL LSYGSDPSII SLQGFTAAQM GNEAVQQILS ESTPIRTSDV DYRLLEASKA
           GDLETVKQLC SPQNVNCRDL EGRHSTPLHF AAGYNRVSVV EYLLHHGADV HAKDKGGLVP
           LHNACSYGHY EVAELLVRHG ASVNVADLWK FTPLHEAAAK GKYEICKLLL KHGADPTKKN
           RDGNTPLDLV KEGDTDIQDL LRGDAALLDA AKKGCLARVQ KLCTPENINC RDTQGRNSTP
           LHLAAGYNNL EVAEYLLEHG ADVNAQDKGG LIPLHNAASY GHVDIAALLI KYNTCVNATD
           KWAFTPLHEA AQKGRTQLCA LLLAHGADPT MKNQEGQTPL DLATADDIRA LLIDAMPPEA
           LPTCFKPQAT VVSASLISPA STPSCLSAAS SIDNLTGPLA ELAVGGASNA GDGAAGTERK
           EGEVTGLDMN ISQFLKSLGL EHLRDIFETE QITLDVLADM GHEELKEIGI NAYGHRHKLI
           KGVERLLGGQ QGTNPYLTFH CVNQGTILLD LAPEDKEYQS VEEEMQSTIR EHRDGGNAGG
           IFNRYNVIRI QKVVNKKLRE RFCHRQKEVS EENHNHHNER MLFHGSPFIN AIIHKGFDER
           HAYIGGMFGA GIYFAENSSK SNQYVYGIGG GTGCPTHKDR SCYICHRQML FCRVTLGKSF
           LQFSTMKMAH APPGHHSVIG RPSVNGLAYA EYVIYRGEQA YPEYLITYQI MKPEAPSQTA
           TAAEQKTX
Myotis     MAASRRSQHH HHHHQQQLQP APGASAPPPP PPPPLSPGLA PGTTPASPTA GGLAPFASPR
           HGLALPEGDG SRDPPDSPRS PDPVDSTSCC STTSTICTVA TAPVVPVVSA SSAVGVPPNP
           AGGGSNNSPS SSSSPTSSSS SSPSSPGSSL AESPEAAGVG PAAALGPGAA GPGPGVPAVS
           GALRELLEAC RNGDVSRVKR LVDAANVNAK DMAGRKSSPL HFAAGFGRKD VVEHLLQMGA
           NVHARDDGGL IPLHNACSFG HAEVVSLLLC QGADPNARDN WNYTPLHEAA IKGKNRYCSV
           LLQHGADPNI RNTDGKSALD LADPSAKAVL TGEYKKDELL EAARSGNEEK LMALLTPLNV
           NCHASDGRKS TPLHLAAGYN RVRIVQLLLQ HGADVHAKDK GGLVPLHNAC SYGHYEVTEL
           LLKHGACVNA MDLWQFTPLH EAASKNRVEV CSLLLSHGAD PTLVNCHGKS AVDMAPTPEL
           RERLTYEFKG HSLLQAAREA DLAKVKKTLA LEIINFKQPQ SHETALHCAV ASLHPKRKQV
           TELLLRKGAN VNEKNKDFMT PLHVAAERAH NDVMEVLHKH GAKMNALDTL GQTALHRAAL
           AGHLQTCRLL LSYGSDPSII SLQGFTAAQM GNEAVQQILS ESTPMRTSDV DYRLLEASKA
           GDLETVKQLC SPQNVNCRDL EGRHSTPLHF AAGYNRVSVV EYLLHHGADV HAKDKGGLVP
           LHNACSYGHY EVAELLVRHG ASVNVADLWK FTPLHEAAAK GKYEICKLLL KHGADPTKKN
           RDGNTPLDLV KEGDTDIQDL LRGDAALLDA AKKGCLARVQ KLCTPENINC RDTQGRNSTP
           LHLAAGYNNL EVAEYLLEHG ADVNAQDKGG LIPLHNAASY GHVDIAALLI KYNTCVNATD
           KWAFTPLHEA AQKGRTQLCA LLLAHGADPT MKNQEGQTPL DLATADDIRA LLIDAMPPEA
           LPTCFKPQAT VVSASLISPA STPSCLSAAS SIDNLTVPLA ELAVGGASNT GDGAAGTERK
           EGEVAGLDMN ISQFLKSLGL EHLRDIFETE QITLDVLADM GHEELKEIGI NAYGHRHKLI
           KGVERLLGGQ QGTNPYLTFH CVNQGTILLD LAPEDKEYQS VEEEMQSTIR EHRDGGNAGG
           IFNRYNVIRI QKVVNKKLRE RFCHRQKEVS EENHNHHNER MLFHGSPFIN AIIHKGFDER
           HAYIGGMFGA GIYFAENSSK SNQYVYGIGG GTGCPTHKDR SCYICHRQML FCRVTLGKSF
           LQFSTMKMAH APPGHHSVIG RPSVNGLAYA EYVIYRGEQA YPEYLITYQI MKPEAPSQTA
           TAAEQKTX
Felis      ---------- ---------- ---------- ---------- ---------- ----------
           ---------- ---------- ---------- ---------- ---------- --AAATS???
           ?????NNSPS SSSSPTSSSS SSPSSPGSSL AESPEAAGVS TTATLGPGAA GPGPGVPAVS
           GALRELLEAC RNGDVSRVKR LVDAANVNAK DMAGRKSSPL HFAAGFGRKD VVEHLLQMGA
           NVHARDDGGL IPLHNACSFG HAEVVSLLLC QGADPNARDN WNYTPLHEAA IKGKIDVCIV
           LLQHGADPNI RNTDGKSALD LADSSAKAVL TGEYKKDELL EAARSGNEEK LMALLTPLNV
           NCHASDGRKS TPLHLAAGYN RVRIVQLLLQ HGADVHAKDK GGLVPLHNAC SYGHYEVTEL
           LLKHGACVNA MDLWQFTPLH EAASKNRVEV CSLLLSHGAD PTLVNCHGKS AVDMAPTPEL
           RERLTYEFKG HSLLQAAREA DLAKV-KTLA LEIINFKQPQ SHETALHCAV ASLHPKRKQV
           TELLLRKGAN VNEKNKDFMT PLHVAAERAH NDVMEVLHKH GAKMNALDTL GQTALHRAAL
           AGHLQTCRLL LSYGSDPSII SLQGFTAAQM GNEAVQQILS ESTPIRTSDV DYRLLEASKA
           GDLETVKQLC SPQNVNCRDL EGRHSTPLHF AAGYNRVSVV EYLLHHGADV HAKDKGGLVP
           LHNACSYGHY EVAELLVRHG ASVNVADLWK FTPLHEAAAK GKYEICKLLL KHGADPTKKN
           RDGNTPLDLV KEGDTDIQDL LRGDAALLDA AKKGCLARVQ KLCTPENINC RDTQGRNSTP
           LHLAAGYNNL EVAEYLLEHG ADVNAQDKGG LIPLHNAASY GHVDIAALLI KYNTCVNATD
           KWAFTPLHEA AQKGRTQLCA LLLAHGADPT MKNQEGQTPL DLATADDIRA LLIDAMPPEA
           LPTCFKPQAT VVSASLISPA STPSCLSAAS SIDNLTGPLA ELAVGGAANT GDGAAGAERK
           EGEVAGLDMN ISQFLKSLGL EHLRDIFETE QITLDVLADM GHEELKEIGI NAYGHRHKLI
           KGVERLLGGQ QGTNPYLTFH CVNQGTILLD LAPEDKEYQS VEEEMQSTIR EHRDGGNAGG
           IFNRYNVIRI QKVVNKKLRE RFCHRQKEVS EENHNHHNER MLFHGSPFIN AIIHKGFDER
           HAYIGGMFGA GIYFAENSSK SNQYVYGIGG GTGCPTHKDR SCYICHRQML FCRVTLGKSF
           LQFSTMKMAH APPGHHSVIG RPSVNGLAYA EYVIYRGEQA YPEYLITYQI MKPEAPSQTA
           TAAEQKTX
Callithrix MAASRRSQHH HHHHQQQLQP APGASAPPPP PPPPLSPGLA PGTTPASPTA GGLAPFASPR
           HGLALPEGDG SRDPPDRPRS PDPVDSSSCC TTTSTICTVA AAPGVPAVSA SSAVGVAPNP
           A--GSNNSPS SSSSPTSSSS SSPSSPGSSL AESPEAAGVS STAPLGPGAA GPGTGVPAVS
           GALRELLEAC RNGDVSRVKR LVDAANVNAK DMAGRKSSPL HFAAGFGRKD VVEHLLQMGA
           NVHARDDGGL IPLHNACSFG HAEVVSLLLC QGADPNARDN WNYTPLHEAA IKGKIDVCIV
           LLQHGADPNI RNTDGKSALD LADPSAKAVL TGEYKKDELL EAARSGNEEK LMALLTPLNV
           NCHASDGRKS TPLHLAAGYN RVRIVQLLLQ HGADVHAKDK GGLVPLHNAC SYGHYEVTEL
           LLKHGACVNA MDLWQFTPLH EAASKNRVEV CSLLLSHGAD PTLVNCHGKS AVDMAPTPEL
           RERLTYEFKG HSLLQAAREA DLAKVKKTLA LEIINFKQPQ SHETALHCAV ASLHPKRKQV
           TELLLRKGAN VNEKNKDFMT PLHVAAERAH NDVMEVLHKH GAKMNALDTL GQTALHRAAL
           AGHLQTCRLL LSYGSDPSII SLQGFTAAQM GNEAVQQILS ESTPIRTSDV DYRLLEASKA
           GDLETVKQLC SPQNVNCRDL EGRHSTPLHF AAGYNRVSVV EYLLHHGADV HAKDKGGLVP
           LHNACSYGHY EVAELLVRHG ASVNVADLWK FTPLHEAAAK GKYEICKLLL KHGADPTKKN
           RDGNTPLDLV KEGDTDIQDL LRGDAALLDA AKKGCLARVQ KLCTPENINC RDTQGRNSTP
           LHLAAGYNNL EVAEYLLEHG ADVNAQDKGG LIPLHNAASY GHVDIAALLI KYNTCVNATD
           KWAFTPLHEA AQKGRTQLCA LLLAHGADPT MKNQEGQTPL DLATADDIRA LLIDAMPPEA
           LPTCFKPQAT VVSASLISPA STPSCLSAAS SIDNLTGPLA ELAVGGASNA GDGASGTERK
           EGEVVGLDMN ISQFLKSLGL EHLRDIFETE QITLDVLADM GHEELKEIGI NAYGHRHKLI
           KGVERLLGGQ QGTNPYLTFH CVNQGTILLD LAPEDKEYQS VEEEMQSTIR EHRDGGNAGG
           IFNRYNVIRI QKVVNKKLRE RFCHRQKEVS EENHNHHNER MLFHGSPFIN AIIHKGFDER
           HAYIGGMFGA GIYFAENSSK SNQYVYGIGG GTGCPTHKDR SCYICHRQML FCRVTLGKSF
           LQFSTMKMAH APPGHHSVIG RPSVNGLAYA EYVIYRGEQA YPEYLITYQI MKPEAPSQTA
           TAAEQKTX
Macropus   MAASRRSQHH HHNH------ ---------- ---------- ---------- ----------
           ---------- ---------- ---------- ---------- ---------- ----------
           ---------- ---------- ---------- ---------- ---------- ----------
           ---------- ---------- ---------- ---------- -----????? ??????QMGA
           NV-ARDDGGL IPLHNACSFG HAEVVSLLLC QGADPNARDN WNYTPLHEAS IKGKIDVCI?
           ?????????? ?????????? ?????????? ??EYKKDELL EAARSGNEEK LMALLTPLNV
           NCHASDGRK? ?????????? ?????????? ?????????? ?????????? ??????????
           ?????????? ?????????? ?????????? ?????????? ?????????? ??????????
           ??????EFKG HSLLQAAREA DLAKVKKTLA LEIINFKQPQ SHETALHCAV ASLHPKRKQV
           TELLLRKGAN VNEKNKDFMT PLHVAAERAH NDVIEVLHKH GAKMNALDTL GQTALHRAAL
           AGHLQTCRLL LSYGSDPSII SLQGFTAAQM GNEAVQQILS ?????????? ??????????
           ?????????? ?????????? ?????????? ?????????? ?????????? ??????GLVP
           LHNACSYGHY EVAELLVRHG ASVNVADLWK FTPLHEAAAK GKYEICKLLL KHGADPTKKN
           RDGNTPLDLV KEGDTDIQDL LRGDAALLDA AKKGCLARVQ KLCTPENINC RDTQGRNSTP
           LHLA?????? ?????????? ADVNAQDKGG LIPLHNAASY GHVDIAALLI KYNTCVNATD
           KWAFTPLHEA AQKG-TQLCA LLLAHGADPT MK???????? ????ADDIRA LLIDAMPPEA
           LPTCFKPQAT VVSASLISPA STPSCLSAAS SLDNLAGPLA ELAVGGTSNA GDGAAGAQRK
           EGEVTGLDMN ISQFLKSLGL EHLRDIFETE Q????????? ?????????? ??????????
           ?????????? ?????????? ?????????? ?????????? ????MQSTIR EHRDGGNAGG
           IFNRYNVIRI QKVVNKKLRE RFCHRQKEVS EENHNHHNER MLFHGSPFIN AIIHKGFDER
           HAYIGGMFGA GIYFAENSSK SNQYVYGIGG GTGCPTHKDR SCYICH???? ??????????
           ?????????? ?????????? ?????????? ?????????A YPEYLITYQI MKPDAPAQTA
           TTAEQKTX
Erinaceus  MAASRRSQHH HHHHQQQLQS APGASGPPPP PPPPLSPSLA PGTTPASPTA GGLAPFSSPR
           HGLTLPEGDG SRDPLDRPQS PDSADSTSCC STTSTTCTVA AAPVVPAASA SSPAGVTPNS
           AGGGCNNSPS SSSSPTSSSS STPSSPGSSL AESPEAAGVS -TATLGPGAR GPGPGVPAVS
           GALRELLEAC RNGDVSRVKR LVDAANVNAK DMAGRKSSLL HFAAGSGRKD VVEHLLQMDA
           NVHARDDGGL IPLHNACSFG HAEVVSLLLC QGADPNARDN WNYTPLHEAA IKGKIDVCIV
           LLQHGADPNI RNTDGKSALD LADPSAKAVL T????????? ????SGNEEK LMALLTPLNV
           NCHASDGRKS TPLHLAAGYN RVRIVQLLLQ HGADVHAKDK GGLVPLHNAC SYGHYEVTEL
           LLKHGACVNA MDLWQFTPLH EAASKNRVEV CSLLLSHGAD PTLVNCHGKS AVDMAPTPEL
           RERLTYEFKG HSLLQAAREA DLAKVKKTLA LEIINFKQPQ SHETALHCAV ASLHPKRKQV
           TELLLRKGAN VNEKNKDFMT PLHVAAERAH NDVMEVLHKH GAKMNALDTL GQTALHRAAL
           AGHLQTCRLL LSFGSDPSII SLQGFTAAQM GNEAVQQILS ESTPIRTSDV DYRLLEASKA
           GDLETVKQLC SPQNVNCRDL EGRHSTPLHF AAGYNRVSVV EYLLHHGADV HAKDKGGLVP
           LHNACSYGHY EVAELLVRHG ASVNVADLWK FTPLHEAAAK GKYEICKLLL KHGADPTKKY
           RDGNTPIDMV KEGDTDIQDL LRGDAALLDA AKKGCLARVQ KLCTPENINC RDTQGRNSTP
           LHLAAGYNNL EVAEYLLEHG ADVNAQDKGG LIPLHNAASY GHVDIAALLI KYNTCVNATD
           KWAFTPLHEA AQKGRTQLCA LLLAHGADPT MKNQEGQTPL DLATADDIRA LLIDAMPPEA
           LPTCFKPQAT VVSASLISPA STPSCLSAAS SIDNLTGPLA ELAVGGASNT GDGAAGAERK
           EGELAGLDMN ISQFLKSLGL EHLRDIFETE QITLDVLADM GHEELKEIGI NAYGHRHKLI
           KGVERLLGGQ QGTNPYLTFH CVNQGTILLD LALEDKEYQS VEEEMQSTIR EHRNGGNAGG
           IFNRYNVIR? ?KVVNKKLRE RFCHRQKEVS EENHNHHNER MLFHGSPFIN AIIHKGFDER
           HAYIGGMFGA GIYFAENSSK SNQYVYGIGG GTGCPTHKDR SCYICH???? ??????????
           ?????????? ?????????? ?????????? ?????????A YPEYLITYQI MKPEAPSQTA
           TAAEQKTX
Sorex      MAASRRSQHH HHHHQQQLQP APGASAPPPP PPPPLSPGLA PGTTPASPTV GGLPPFASPR
           HGLALPEGDG SRDPPDRPRS PDPADSTSCC SATSPVCTVA PAPVLPAVAA SSTVGVAPGP
           AGGGNNNSSS SSSSPTSSSS SSPSSPGSSL AESPEAAGAS SAATLGPGAA GAGPGVPAVS
           GALRELLEAC RNGDVSRVKR LVDAANVNAK DMAGRKSSPL HFAAGFGRKD VVEHLLQMGA
           NVHARDDGGL IPLHNACSFG HAEVVSLLLC QGADPNARDN WNYTPLHEAA IKGKIDVCIV
           LLQHGADPNI RNTDGKSALD LADPSAKAVL TGEYKKDELL EAARSGNEEK LMALLTPLNV
           NCHASDGRKS TPLHLAAGYN RVRIVQLLLQ HGADVHAKDK GGLVPLHNAC SYGHYEVTEL
           LLKHGACVNA MDLWQFTPLH EAASKNRVEV CSLLLSHGAD PTLVNCHGKS AVDMAPTPEL
           RERLTYEFKG HSLLQAAREA DLAKVKKTLA LEIINFKQPQ SHETALHCAV ASLHPKRKQV
           TELLLRKGAN VNEKNKDFMT PLHVAAERAH NDVLEVLHKH GAKMNALDTL GQTALHRAAL
           AGHLQTCRLL LSYGSDPSII SLQGFTAAQM GNEAVQQILS ESTPMRTSDV DYRLLEASKT
           GDLETVKQLC SPQNVNCRDL EGRHSTPLHF AAGYNRVSVV EYLLHHGADV HAKDKGGLVP
           LHNACSYGHY EVAELLVRHG ASVNVADLWK FTPLHEAAAK GKYEICKLLL KHGADPTKKN
           RDGNTPLDLV KEGDTDIQDL LRGDAALLDA AKKGCLARVQ KLCTSENINC RDTQGRNSTP
           LHLAAGYNNL EVAEYLLEHG ADVNAQDKGG LIPLHNAASY GHVDIAALLI KYNTCVNATD
           KWAFTPLHEA AQKGRTQLCA LLLAHGADPT MKNQEGQTPL DLATADDIRA LLIDAMPPEA
           LPTCFKPQAT VVSASMISPA STPSCLSAAS SIDNLTGPLA ELAVGGASNT GDGAAGTERK
           EGEVAGLDMN ISQFLKSLGL EHLRDIFETE QITLDVLADM GHEELKEIGI NAYGHRHKLI
           KGVERLLGGQ QGTNPYLTFH CVNQGTILLD LAPEDKEYQS VEEEMQSTIR EHRDGGNAGG
           IFNRYNVIRI QKVVNKKLRE RFCHRQKEVS EENHNHHNER MLFHGSPFIN AIIHKGFDER
           HAYIGGMFGA GIYFAENSSK SNQYVYGIGG GTGCPTHKDR SCYICHRQML FCRVTLGKSF
           LQFSTMKMAH APPGHHSVIG RPSVNGLAYA EYVIYRGEQA YPEYLITYQI MKPEAPSQTA
           TAAEQKTX
Choloepus  MAASRRSQHH HHHHQQQLQP APGASAPPPP PPPPLSPGLA PGTTPASPTA GGLAPFASPR
           HGLALAEGDG SRDPPDRPQS PDPVDSTSCC STTSTICTVA AAPVVPAVST SSAVGVASNS
           VGGGSNNPPS SSSSPTSSSS SSPSSSGSSL AESPEAAGVS TSATLGPGSA GPGSGVPAVS
           GALRELLEAC RNGDVSRVKR LVDAANVNAK DMAGRKSSPL HFAAGFGRKD VVEHLLQMGA
           NVHARDDGGL IPLHNACSFG HAEVVSLLLC QGADPNARDN WNYTPLHEAA IKGKIDVCIV
           LLQHGADPNI RNTDGKSALD LADPSAKAVL TGEYKKDELL EAARSGNEEK LMALLTPLNV
           NCHASDGRK? ?????????? ????????LQ HGADVHAKDK GGLVPLHNAC SYGHYEVTEL
           LLKHGACVNA MDLWQFTPLH EAASKNRVEV CSLLLSHGAD PTLVNCHGKS AVDMAPTPEL
           RERLTYEFKG HSLLQAAREA DLAKVKKTLA LEIINFKQPQ SHETALHCAV ASLHPKRKQV
           TELLLRKGAN VNEKNKDFMT PLHVAAERAH NDVMEVLHKH GAKMNALDTL GQTALHRAAL
           AGHLQTCRLL LSYGSDPSII SLQGFTAAQM GNEAVQQILS ESTPIRTSDV DYRLLEASKA
           GDLETVK??? ?????????? ?????????? ?????????? ?????????? ??????GLVP
           LHNACSYGHY EVAELLVRHG ASVNVADLWK FTPLHEAAAK GKYEICKLLL KHGADPTKKN
           RDGNTPLDLV KEGDTDIQDL LRGDAALLDA AKKGCLARVQ KLCTPENINC RDTQGRNSTP
           LHLA?????? ?????????? ?????????? ?????????? ?HVDIAALLI KYNTCVNATD
           KWAFTPLHEA AQKGRTQLCA LLLAHGADPT MKNQEGQTPL DLATADDIRA LLIDAMPPEA
           LPTCFKPQAT VVSASLISPA STPSCLSAAS SIDNLTGPLA ELAVGGASNT GDGAAGTERK
           EGEVGGLDMN ISQFLKSLGL EHLRDIFETE QITLDVLADM GHEELKEIGI NAYGHRHKLI
           KGVERLLGGQ QGTNPYLTFH CVNQGTILLD LAPEDKEYQS VEEE?????? ??????????
           ?????????I QKVVNKKLRE RFCHRQKEVS EENHNHHNER MLFHGSPFIN AIIHKGFDER
           HAYIGGMFGA GIYFAENSSK SNQYVYGIGG GTGCPTHKDR SCYICH???? ??????????
           ?????????? ?????????? ?????????? ?????????A YPEYLITYQI MKPEAPSQTA
           TAAEQKTX
Nomascus   MAASRRSQHH HHHHQQQLQP APGASAPPPP PPPPLSPGLA PGTTPASPTA SGLAPFASPR
           HGLALPEGDG SRDPPDRPRS PDPVDGTSCC STTSTICTVA AAPVVTAVST SSAVGVAPNP
           AGSGSNNSPS SSSSPTSSSS SSPSSPGSSL AESPEAAGVS STAPLGPGAA GPGTGVPAVS
           GALRELLEAC RNGDVSRVKR LVDAANVNAK DMAGRKSSPL HFAAGFGRKD VVEHLLQMGA
           NVHARDDGGL IPLHNACSFG HAEVVSLLLC QGADPNARDN WNYTPLHEAA IKGKIDVCIV
           LLQHGADPNI RNTDGKSALD LADPSAKAVL TGEYKKDELL EAARSGNEEK LMALLTPLNV
           NCHASDGRKS TPLHLAAGYN RVRIVQLLLQ HGADVHAKDK GGLVPLHNAC SYGHYEVTEL
           LLKHGACVNA MDLWQFTPLH EAASKNRVEV CSLLLSHGAD PTLVNCHGKS AVDMAPTPEL
           RERLTYEFKG HSLLQAAREA DLAKVKKTLA LEIINFKQPQ SHETALHCAV ASLHPKRKQV
           TELLLRKGAN VNEKNKDFMT PLHVAAERAH NDVMEVLHKH GAKMNALDTL GQTALHRAAL
           AGHLQTCRLL LSYGSDPSII SLQGFTAAQM GNEAVQQILS ESTPIRTSDV DYRLLEASKA
           GDLETVKQLC SPQNVNCRDL EGRHSTPLHF AAGYNRVSVV EYLLHHGADV HAKDKGGLVP
           LHNACSYGHY EVAELLVRHG ASVNVADLWK FTPLHEAAAK GKYEICKLLL KHGADPTKKN
           RDGNTPLDLV KEGDTDIQDL LRGDAALLDA AKKGCLARVQ KLCTPENINC RDTQGRNSTP
           LHLAAGYNNL EVAEYLLEHG ADVNAQDKGG LIPLHNAASY GHVDIAALLI KYNTCVNATD
           KWAFTPLHEA AQKGRTQLCA LLLAHGADPT MKNQEGQTPL DLATADDIRA LLIDAMPPEA
           LPTCFKPQAT VVSASLISPA STPSCLSAAS SIDNLTGPLA ELAVGGASNA GDGAAGTERK
           EGEVAGLDMN ISQFLKSLGL EHLRDIFETE QITLDVLADM GHEELKEIGI NAYGHRHKLI
           KGVERLLGGQ QGTNPYLTFH CVNQGTILLD LAPEDKEYQS VEEEMQSTIR EHRDGGNAGG
           IFNRYNVIRI QKVVNKKLRE RFCHRQKEVS EENHNHHNER MLFHGSPFIN AIIHKGFDER
           HAYIGGMFGA GIYFAENSSK SNQYVYGIGG GTGCPTHKDR SCYICHRX-- ----------
           ---------- ---------- ---------- ---------- ---------- ----------
           --------
Ornithorhy ---------- ---------- ---------- ---------- ---------- ----------
           ---------- ---------- ---------- ---------- ---------- ----------
           ---------- ---------- ----MVNRSL LGSPEAA--- --------AA AAAAGSGAAS
           GALRELLEAC RNGDVSRVKR LVDAANVNAK DMAGRKSSPL HFAAGFGRKD VVEHLLQMGA
           NVHARDDGGL IPLHNACSFG HAEVVSLLLG QGADPNARDN WNYTPLHEAA IKGKIDVCIV
           LLQHGADPNI RNTDGKSALD LADPSAKAVL TGEYKKDELL EAARSGNEEK LMALLTPLNV
           NCHASDGRKS TPLHLAAGYN RVRIVQLLLQ HGADVHAKDK GGLVPLHNAC SYGHYEVTEL
           LLKHGACVNA MDLWQFTPLH EAASKNRVEV CSLLLSHGAD PTLVNCHGKS AVDMAPTPEL
           RERLTYEFKG HSLLQAAREA DLAKVKKTLA LEIINFKQPQ SHETALHCAV ASLHPKRKQV
           TELLLRKGAN VNEKNKDFMT PVHVAAERAH NDVLEVLHKH GAKMNALDTL GQTALHRAAL
           AGHLQTCRLL LSYGSDPSIV SLQGFTAAQM GSEAVQQILS ESTPMRTSDV DYRLLEASKA
           GDLETVKQLC SPQNVNCRDL EGRHSTPLHF AAGYNRVSVV EFLLHHGADV HAKDKGGLVP
           LHNACSYGHY EVAELLVRHG ASVNVADLWK FTPLHEAAAK GKYEICKLLL KHGADPTKKN
           RDGNTPLDLV KEGDTDIQDL LRGDAALLDA AKKGCLARVQ KLCTPENINC RDTQGRNSTP
           LHLAAGYNNL EVAEYLLEHG ADVNAQDKGG LIPLHNAASY GHVDIAALLI KYNTCVNATD
           KWAFTPLHEA AQKGRTQLCA LLLAHGADPT MKNQEGQTPL DLATADDIRA LLIDAMPPEA
           LPTCFKPQAT VVSASLISPT STPSCLSAAS SIDNLTGPLS ELAVGGASNA GDGAAGTERK
           EGDVTGLDMN ISQFLKSLGL EHLRDIFETE QITLDVLADM GHEELKEIGI NAYGHRHKLI
           KGVERLLGGQ QGTNPYLTFH CVSQGTILLD LAPDDKEYQS VEEEMQSTIR EHRDGGNAGG
           IFNRYNVIRI QKVVNKKLRE RFCHRQKEVS EENHNHHNER MLFHGSPFIN AIIHKGFDER
           HAYIGGMFGA GIYFAENSSK SNQYVYGIGG GTGCPTHKDR SCYLCHRQML FCRVTLGKSF
           LQFSTMKMAH APPGHHSVIG RPSVNGLAYA EYVIYRGEQA YPEYLITYQI VKPDAPSQPA
           ATAEQKTX
Cavia      MAASRRSQHH HHHHQQQLQP APGASAPPPP PPPPLSPGLA PGTTPASPTT GGLATFASPR
           HGLALPEGDG SRDPPDRPRS PDPVDSTSCC SATSSVCTVA ASTAVPAASA SAAVGVALNS
           AGGGSNNSPS SSSSPTSSSS SSPSSPGSSL AESPEAAGVS TTATLGPGAA IPGAGVPAVS
           GALRELLEAC RNGDVSRVKR LVDAANVNAK DMAGRKSSPL HFAAGFGRKD VVEHLLQMGA
           NVHARDDGGL IPLHNACSFG HAEVVSLLLC QGADPNARDN WNYTPLHEAA IKGKIDVCIV
           LLQHGADPNI RNTDGKSALD LADPSAKAVL TGEYKKDELL EAARSGNEEK LMALLTPLNV
           NCHASDGRKS TPLHLAAGYN RVRIVQLLLQ HGADVHAKDK GGLVPLHNAC SYGHYEVTEL
           LLKHGACVNA MDLWQFTPLH EAASKNRVEV CSLLLSHGAD PTLVNCHGKS AVDMAPTPEL
           RERLTYEFKG HSLLQAAREA DLAKVKKTLA LEIINFKQPQ SHETALHCAV ASLHPKRKQV
           TELLLRKGAN VNEKNKDFMT PLHVAAERAH NDVMEVLHKH GAKMNALDTL GQTALHRAAL
           AGHLQTCRLL LSYGSDPSII SLQGFTAAQM GNEAVQQILS ESTPIRTSDV DYRLLEASKA
           GDLETVKQLC SPQNVNCRDL EGRHSTPLHF AAGYNRVSVV EYLLHHGADV HAKDKGGLVP
           LHNACSYGHY EVAELLVRHG ASVNVADLWK FTPLHEAAAK GKYEICKLLL KHGADPTKKN
           RDGNTPLDLV KEGDTDIQDL LRGDAALLDA AKKGCLARVQ KLCTPENINC RDTQGRNSTP
           LHLAAGYNNL EVAEYLLEHG ADVNAQDKGG LIPLHNAASY GHVDIAALLI KYNTCVNATD
           KWAFTPLHEA AQKGRTQLCA LLLAHGADPT MKNQEGQTPL DLATADDIRA LLIDAMPPEA
           LPTCFKPQAT VVSASLISPA STPSCLSAAS SIDNLTGPLA ELAVGGATNA GDGAAGTERK
           EGEVAGLDMN ISQFLKSLGL EHLRDIFETE QITLDVLADM GHEELKEIGI NAYGHRHKLI
           KGVERLLGGQ QGTNPYLTFH CVNQGTILLD LAPEDKEYQS VEEEMQSTIR EHRDGGNAGG
           IFNRYNVIRI QKVVNKKLRE RFCHRQKEVS EENHNHHNER MLFHGSPFIN AIIHKGFDER
           HAYIGGMFGA GIYFAENSSK SNQYVYGIGG GTGCPTHKDR SCYVCHRQML FCRVTLGKSF
           LQFSTMKMAH APPGHHSVIG RPSVNGLAYA EYVIYRGEQA YPEYLITYQI MKPEAPSQTS
           TAAEQKTX
Sarcophilu ---------- ---------- ---------- ---------- ---------- ----------
           ---------- ---------- ---------- ---------- ---------- ----------
           ---------- ---------- ---------- ---------- ---------- ----------
           ---------- ---------- ---------- ---------- ---------- -------MGA
           NVHARDDGGL IPLHNACSFG HAEVVSLLLC QGADPNARDN WNYTPLHEAS IKGKIDVCIV
           LLQHGADPNI RNTDGKSALD LADPSAKAVL TGEYKKDELL EAARSGNEEK LMALLTPLNV
           NCHASDGRKS TPLHLAAGYN RVRIVQLLLQ HGADVHAKDK GGLVPLHNAC SYGHYEVTEL
           LLKHGACVNA MDLWQFTPLH EAASKNRVEV CSLLLSHGAD PTLVNCHGKS AVDMAPTPEL
           RERLTYEFKG HSLLQAAREA DLAKVKKTLA LEIINFKQPQ SHETALHCAV ASLHPKRKQV
           TELLLRKGAN VNEKNKDFMT PLHVAAERAH NDVIEVLHKH GAKMNALDTL GQTALHRAAL
           AGHLQTCRLL LSYGSDPSII SLQGFTAAQM GNEAVQQILS ESTPVRTSDV DYRLLEASKA
           GDLETVKQLC SPQNVNCRDL EGRHSTPLHF AAGYNRVSVV EFLLHHGADV HAKDKGGLVP
           LHNACSYGHY EVAELLVRHG ASVNVADLWK FTPLHEAAAK GKYEICKLLL KHGADPTKKN
           RDGNTPLDLV KEGDTDIQDL LRGDAALLDA AKKGCLARVQ KLCTPENINC RDTQGRNSTP
           LHLAAGYNNL EVAEYLLEHG ADVNAQDKGG LIPLHNAASY GHVDIAALLI KYNTCVNATD
           KWAFTPLHEA AQKGRTQLCA LLLAHGADPT MKNQEGQTPL DLATADDIRA LLIDAMPPEA
           LPTCFKPQAT VVSASLISPA STPSCLSAAS SLDNLAGPLA ELAVGGTSNA GDGAAGAQRK
           EGEVTGLDMN ISQFLKSLGL EHLRDIFETE QITLDVLADM GHEELKEIGI NAYGHRHKLI
           KGVERLLGGQ QGTNPYLTFH CVNQGTILLD LAPDDKEYQS VEEEMQSTIR EHRDGGNAGG
           IFNRYNVIRI QKVVNKKLRE RFCHRQKEVS EENHNHHNER MLFHGSPFIN AIIHKGFDER
           HAYIGGMFGA GIYFAENSSK SNQYVYGIGG GTGCPTHKDR SCYICHRQML FCRVTLGKSF
           LQFSTMKMAH APPGHHSVIG RPSVNGLAYA EYVIYRGEQA YPEYLITYQI MKPDAPAQTA
           TTAEQKTX
Equus      MAASRRSQHH HHHHQQQLQP APGASAPPPP PPPPLSPGLA PGTTPASPTA GGLAPFASPR
           HGLALPEGDG SRDPPDRPRS PDPVDSTSCC STTSTICTVA AAPVVPAVSA ASAVGVAPNP
           AGSGSNNSPS SSSSPTSSSS SAPSSPGSSL AESPEAAGVS APATLGPGTA GPGPGVPAVS
           GALRELLEAC RNGDVSRVKR LVDAANVNAK DMAGRKSSPL HFAAGFGRKD VVEHLLQMGA
           NVHARDDGGL IPLHNACSFG HAEVVSLLLC QGADPNARDN WNYTPLHEAA IKGKIDVCIV
           LLQHGADPNI RNTDGKSALD LADPSAKAVL TGEYKKDELL EAARSGNEEK LMALLTPLNV
           NCHASDGRKS TPLHLAAGYN RVRIVQLLLQ HGADVHAKDK GGLVPLHNAC SYGHYEVTEL
           LLKHGACVNA MDLWQFTPLH EAASKNRVEV CSLLLSHGAD PTLVNCHGKS AVDMAPTPEL
           RERLTYEFKG HSLLQAAREA DLAKVKKTLA LEIINFKQPQ SHETALHCAV ASLHPKRKQV
           TELLLRKGAN VNEKNKDFMT PLHVAAERAH NDVMEVLHKH GAKMNALDTL GQTALHRAAL
           AGHLQTCRLL LSYGSDPSII SLQGFTAAQM GNEAVQQILS ESTPIRTSDV DYRLLEASKA
           GDLETVKQLC SPQNVNCRDL EGRHSTPLHF AAGYNRVSVV EYLLHHGADV HAKDKGGLVP
           LHNACSYGHY EVAELLVRHG ASVNVADLWK FTPLHEAAAK GKYEICKLLL KHGADPTKKN
           RDGNTPLDLV KEGDTDIQDL LRGDAALLDA AKKGCLARVQ KLCTPENINC RDTQGRNSTP
           LHLAAGYNNL EVAEYLLEHG ADVNAQDKGG LIPLHNAASY GHVDIAALLI KYNTCVNATD
           KWAFTPLHEA AQKGRTQLCA LLLAHGADPT MKNQEGQTPL DLATADDIRA LLIDAMPPEA
           LPTCFKPQAT VVSASLISPA STPSCLSAAS SIDNLTGPLA ELAVGGASNT GDGAAGTERK
           EGEVAGLDMN ISQFLKSLGL EHLRDIFETE QITLDVLADM GHEELKEIGI NAYGHRHKLI
           KGVERLLGGQ QGTNPYLTFH CVNQGTILLD LAPEDKEYQS VEEEMQSTIR EHRDGGNAGG
           IFNRYNVIRI QKVVNKKLRE RFCHRQKEVS EENHNHHNER MLFHGSPFIN AIIHKGFDER
           HAYIGGMFGA GIYFAENSSK SNQYVYGIGG GTGCPTHKDR SCYICHRQML FCRVTLGKSF
           LQFSTMKMAH APPGHHSVIG RPSVNGLAYA EYVIYRGEQA YPEYLITYQI MKPEAPSQTA
           TAAEQKTX
Rattus     MAASRRSQHH HHHHQQQLQP APGASAPPPP PPPPLSPGLA PGPTPASPTA GGLAPFASPR
           HGLALPEGDG SRDPPDRPRS PDPVDG---- ----AVCTVA ATAAAPA--A SAAVGVAPSP
           AGGGGNNSAS STSSPTSSSS SSPSSPGSSI AESPEAAGVG STATLGPGAA GLGPGVPAVS
           GALRELLEAC RNGDVSRVKR LVDAANVNAK DMAGRKSSPL HFAAGFGRKD VVEHLLQMGA
           NVHARDDGGL IPLHNACSFG HAEVVSLLLC QGADPNARDN WNYTPLHEAA IKGKIDVCIV
           LLQHGADPNI RNTDGKSALD LADPSAKAVL TGEYKKDELL EAARSGNEEK LMALLTPLNV
           NCHASDGRKS TPLHLAAGYN RVRIVQLLLQ HGADVHAKDK GGLVPLHNAC SYGHYEVTEL
           LLKHGACVNA MDLWQFTPLH EAASKNRVEV CSLLLSHGAD PTLVNCHGKS AVDMAPTPEL
           RERLTYEFKG HSLLQAAREA DLAKVKKTLA LEIINFKQPQ SHETALHCAV ASLHPKRKQV
           AELLLRKGAN VNEKNKDFMT PLHVAAERAH NDVMEVLHKH GAKMNALDSL GQTALHRAAL
           AGHLQTCRLL LSYGSDPSII SLQGFTAAQM GNEAVQQILS ESTPIRTSDV DYRLLEASKA
           GDLETVKQLC SPQNVNCRDL EGRHSTPLHF AAGYNRVSVV EYLLHHGADV HAKDKGGLVP
           LHNACSYGHY EVAELLVRHG ASVNVADLWK FTPLHEAAAK GKYEICKLLL KHGADPTKKN
           RDGNTPLDLV KEGDTDIQDL LRGDAALLDA AKKGCLARVQ KLCTPENINC RDTQGRNSTP
           LHLAAGYNNL EVAEYLLERG ADVNAQDKGG LIPLHNAASY GHVDIAALLI KYNTCVNATD
           KWAFTPLHEA AQKGRTQLCA LLLAHGADPT MKNQEGQTPL DLATADDIRA LLIDAMPPEA
           LPTCFKPQAT VVSASLISPA STPSCLSAAS SIDNLTGPLA ELAVGGASNA GDGAAGAERK
           EGEVAGLDMN ISQFLKSLGL EHLRDIFETE QITLDVLADM GHEELKEIGI NAYGHRHKLI
           KGVERLLGGQ QGTNPYLTFH CVNQGTILLD LAPEDKEYQS VEEEMQSTIR EHRDGGNAGG
           IFNRYNVIRI QKVVNKKLRE RFCHRQKEVS EENHNHHNER MLFHGSPFIN AIIHKGFDER
           HAYIGGMFGA GIYFAENSSK SNQYVYGIGG GTGCPTHKDR SCYVCHRQML FCRVTLGKSF
           LQFSTMKMAH APPGHHSVIG RPSVNGLAYA EYVIYRGEQA YPEYLITYQI MKPEAPSQTA
           TAAEQKTX
Ochotona   MAASRRSQHH HHHHQQQLQP APGASAPPPP PPPPLSPGLA PATTPASPTA GGLAPFASPR
           HGLALPEGDG SRDPPDRPRS PDTADSSSCG NTSSTICPVA AAAGVPAASA SLAVGVAPHP
           AGGGSTNSPS SSSSPTSSS- --PSSPGSSL AESPEAAGVS HTATLGAGT- ---TGVPAVS
           G-LRELLEAC RNGDVSRVKR LVDSANVNAK DMAGRKSSPL HFAAGFGRKD VVEHLLQMGA
           NVHARDDGGL IPLHNACSFG H????????? ?????????? ?????????? ??????????
           LLQHGADPNI RNTDGKSALD LADPSAKAVL TGEYKKDELL EAARSGNEEK LMALLTPLNV
           NCHASDGRKS TPLHLAAGYN RVRIVQLLLQ HGADVHAKDK GGLVPLHNAC SYGHYEVTEL
           LLK??????? ?????????? ?????????? ?????????? ?????????? ??????????
           ?????????? ?????????? ?????????? ?????????? ?????????? ??????????
           ?????????? ?????????? ?????????? ?????????? ???MNALDTL GQTALHRAAL
           AGHLQTCRLL LSYGSDPSII SLQGFTAAQM GNEAVQQILS ESTPVRTSDV DYRLLEASKA
           GDLETVKQLC SPQNVNCRDL EGRHSTPLHF AAGYNRVSVV EYLLHHGADV HAKDKGGLVP
           LHNTCSYGHY EVAELLVRHR ASVNVADLWK FTPLHDAAAK GKYEICKLLL KHGADPTKKN
           RDGNTPLDLV KEGDTDIQDL LRGDAALLDA AKKGCLARVQ KLCTPENINC RDTQGRNSTP
           LHLAAGYNNL EVAEYLLEHG ADVNAQDKGG LIPLHNAASY GHVDIAALLI KYNTCVNATD
           KWAFTPLHEA AQKGRTQLCA LLLAHGADPT MKNQEGQTPL DLATADDIRA LLIDAMPPEA
           LPTCFKPQAT VVSASLISPA STPSCLSAAS SIDNLTGPLA ELAVGAASNA GDGAAGTERK
           EGE??????? ?????????? ?????????? ?ITLDVLADM GHEELKEIGI NAYGHRHKLI
           KGVERLLGGQ QGTNPYLTFH CVNQGTILLD LVPEDKEYQS VEEEMQSTIR EHRDGGNAGG
           IFNRYNVIRI QKVVNKKLRE RFCHRQKEVS EENHNHHNER MLFHGSPFIN AIIHKGFDER
           HAYIGGMFGA GIYFAENSSK SNQYVYGIGG GTGCPTHKDR SCYICHRQML FCRVTLGKSF
           LQFSTMKMAH APPGHHSVIG RPSVNGLAYA EYVIYRGEQ- ---------- ----------
           --------
Gorilla    ---------- ---------- ---------- ---------- ---------- ----------
           ---------- ---------- ---------- ---------- ---------- ----------
           ---------- ---------- ---------- ---------- ---------- ----------
           ---------- ---------- ---------- ---------- -----FGRKD VVEHLLQMGA
           NVHARDDGGL IPLHNACSFG HAEVVSLLLC QGADPNARDN WNYTPLHEAA IKGKIDVCIV
           LLQHGADPNI RNTDGKSALD LADPSAKAVL TGEYKKDELL EAARSGNEEK LMALLTPLNV
           NCHASDGRKS TPLHLAAGYN RVRIVQLLLQ HGADVHAKDK GGLVPLHNAC SYGHYEVTEL
           LLKHGACVNA MDLWQFTPLH EAASKNRVEV CSLLLSHGAD PTLVNCHGKS AVDMAPTPEL
           RERLTYEFKG HSLLQAAREA DLAKVKKTLA LEIINFKQPQ SHETALHCAV ASLHPKRKQV
           TELLLRKGAN VNEKNKDFMT PLHVAAERAH NDVMEVLHKH GAKMNALDTL GQTALHRAAL
           AGHLQTCRLL LSYGSDPSII SLQGFTAAQM GNEAVQQILS ESTPIRTSDV DYRLLEASKA
           GDLETVKQLC SPQNVNCRDL EGRHSTPLHF AAGYNRVSVV EYLLHHGADV HAKDKGGLVP
           LHNACSYGHY EVAELLVRHG ASVNVADLWK FTPLHEAAAK GKYEICKLLL KHGADPTKKN
           RDGNTPLDLV KEGDTDIQDL LRGDAALLDA AKKGCLARVQ KLCTPENINC RDTQGRNSTP
           LHLA------ ---------- ---------- ---------- -HVDIAALLI KYNTCVNATD
           KWAFTPLHEA AQKGRTQLCA LLLAHGADPT MKNQEGQTPL DLATADDIRA LLIDAMPPEA
           LPTCFKPQAT VVSASLISPA STPSCLSAAS SIDNLTGPLA ELAVGGASNA GDGAAGTERK
           EGEVAGLDMN ISQFLKSLGL EHLRDIFETE Q--------- ---------- ----------
           ---------- --TNPYLTFH CVNQGTILLD LAPEDKEYQS VEEEMQSTIR EHRDGGNAGG
           IFNRYNVIRI QKVVNKKLRE RFCHRQKEVS EENHNHHNER MLFHGSPFIN AIIHKGFDER
           HAYIGGMFGA GIYFAENSSK SNQYVYGIGG GTGCPTHKDR SCYICHRQML FCRVTLGKSF
           LQFSTMKMAH APPGHHSVIG RPSVNGLAYA EYVIYRGEQA YPEYLITYQI MKPEAPSQTA
           TAAEQKTX
Procavia   -AASRRSQHH HHHLQQQLQP APGASAPPPP PPPPLSPGLA PGTTPASPTA GGLAPFASPR
           HGLALPEGDG SRDPPDRPRS PDPVDSTSCC NTTSTICTVA AAPVVPVASA SSAGGVAPNP
           SGGGSNNSPS SSSSPTSSSS SSPSSPGSSL AESPEAAGVS APTTLGPGSA -----VPAVS
           GALRELLEAC RNGDVSRVKR LVDAANVNAK DMAGRKSSPL HFAAGFGRKD VVEHLLQMGA
           NVHARDDGGL IPLHNACSFG HAEVVSLLLC QGADPNARDN WNYTPLHEAA IKGKIDVCIV
           LLQHGADPNI RNTDGKSALD LADPSAKAVL TGEYKKDELL EAARSGNEEK LMALLTPLNV
           NCHASDGRKS TPLHLAAGYN RVRIVQLLLQ HGADVHAKDK GGLVPLHNAC SYGHYEVTEL
           LLKHGACVNA MDLWQFTPLH EAASKNRVEV CSLLLSHGAD PTLVNCHGKS AVDMAPTPEL
           RERLTYEFKG HSLLQAAREA DLAKVKKTLA LEIINFKQPQ SHETAL???? ??????????
           ?????????? ?????????? ?????????? ?????????? ???MNALDTL GQTALHRAAL
           AGHLQTCRLL LSYGSDPSII SLQGFTAAQM GNEAVQQILS ESTPVRTSDV DYRLLEASKA
           GDLDTVKQLC SPQNVNCRDL EGRHSTPLHF AAGYNRVSVV EYLLHHGADV HAKDKGGLVP
           LHNACSYGHY EVAELLVRHG ASVNVADLWK FTPLHEAAAK GKYEICKLLL KHGADPTKKN
           RDGNTPLDLV KEGDTDIQDL LRGDAALLDA AKKGCLARVQ KLCSPENINC RDTQGRNSTP
           LHLAAGYNNL EVAEYLLEHG ADVNAQDKGG LIPLHNAASY GHVDIAALLI KYNTCVNATD
           KWAFTPLHEA AQKGRTQLCA LLLAHGADPT MKNQEGQTPL DLAT?????? ??????????
           ?????????? ?????????? ?????????? ?????????? ?????????? ??????????
           ?????????? ?????????? ?????????? ?????????? ?????????? ??????????
           ?????????? ??TNPYLTFH CVSQGTVLLD LAPEDKEYQS VEEEMQSTIR EHRDGGNAGG
           VFSRYNVIRI QKVVNKKLRE RFCHRQKEVS EENHNHHNER MLFHGSPFIN AIIHKGFDER
           HAYIGGMFGA GIYFAENSSK SNQYVYGIGG GTGCPTHKDR SCYICHRQML FCRVTLGKSF
           LQFSTMKMAH APPGHHSVIG RPSVNGLAYA EYVIYRGEQA YPEYLITYQI VKPEAPPQLS
           AAAEQKTX
Dipodomys  MAASRRSQHH HHHHQQQLQP APGASAPPPP PPPPLSPGLA PGTTPASPTA GGLVPFASPR
           HGLALPEGDG SREPPDRPRS PDPVDSTGCC SSTSTVCTVS AVTGVPVASV SSAVGVAPKP
           AGGGSNNSPS SSSSPTSSSS SSPSSPGSSL AESPEAAGVS TTTTLGPGAA GPGTGVPAVS
           GALRELLEAC RNGDVSRVKR LVDAANVNAK DMAGRKSSPL HFAAGFGRKD VVEHLLQMGA
           NVHARDDGGL IPLHNACSFG HAEVVSLLLC QGADPNARDN WNYTPLHEAA IKGKIDVCIV
           LLQHGADPNI RNTDGKSALD LADPSAKAVL TGEYKKDELL EAARSGNEEK LMALLTPLNV
           NCHASDGRKS TPLHLAAGYN RVRIVQLLLQ HGADVHAKDK GGLVPLHNAC SYGHYEVTEL
           LLKHGACVNA MDLWQFTPLH EAASKNRVEV CSLLLSHGAD PTLVNCHGKS AVDMAPTPEL
           RERLTYEFKG HSLLQAAREA DLAKVKKTLA LEIINFKQPQ SHETALHCAV ASLHPKRKQV
           TELLLRKGAN VNEKNKDFMT PLHVAAERAH NDVMEVLHKH GAKMNALDTL GQTALHRAAL
           AGHLQTCRLL LSYGSDPSII SLQGFTAAQM GNEAVQQILS ESTPIRTSDV DYRLLEASKA
           GDLETVKQLC SPQNVNCRDL EGRHSTPLHF AAGYNRVSVV EYLLHHGADV HAKDKGGLVP
           LHNACSYGHY EVAELLVRHG ASVNVADLWK FTPLHEAAAK GKYEICKLLL K?????????
           ?????????? ?????????? ?????????? ?????????? ?????????? ??????????
           ?????????? ?????????? ?????????? ?????????? ?HVDIAALLI KYNTCVNATD
           KWAFTPLHEA AQKG-TQLCA LLLAHGADPT M????????? ????ADDIRA LLIDAMPPEA
           LPTCFKPQ-T VVSASLISPA STPSCLSAAS SIDNLTGPLA ELAVGGASNA GDGAAGTERK
           EGEVAGLDMN ISQFLKTLGL EHLRDIFETE QITLDVLADM GHEELKEIGI NAYGHRHKLI
           KGVERLLGGQ QGTNPYLTFH CVNQGTILLD LAPEDKEYQS VEEEMQSTIR EHRDGGNAGG
           IFNRYNVIRI QKVVNKKLRE RFCHRQKEVS EENHNHHNER MLFHGSPFIN AIIHKGFDER
           HAYIGGMFGA GIYFAENSSK SNQYVYGIGG GTGCPTHKDR SCYICHRQML FCRVTLGKSF
           LQFSTMKMAH APPGHHSVIG RPSVNGLAYA EYVIYRGEQA YPEYLITYQI VKPEAPSQTS
           TAAEQKTX
Otolemur   MAASRRSQHH HHHHQQQLQP APGASAPPPP PPPPLSPGLA PGTTPASPTA GGLAPFASPR
           HGLSLPEGDG SRDPPDRPRS PDPVDSTSCC NPTSTICTVA AATVVPAVST SSAVGVAPNP
           AGGGSNNSPS SSSSPTSSSS SSPSSPGSSL AESPEAAGVS AT-TLGSGTA GPGTGVPAVS
           GALRELLEAC RNGDVSRVKR LVDAANVNAK DMAGRKSSPL HFAAGFGRKD VVEHLLQMGA
           NVHARDDGGL IPLHNACSFG HAEVVSLLLC QGADPNARDN WNYTPLHEAA IKGKIDVCIV
           LLQHGADPNI RNTDGKSALD LADPSAKAVL TGEYKKDELL EAARSGNEEK LMALLTPLNV
           NCHASDGRKS TPLHLAAGYN RVRIVQLLLQ HGADVHAKDK GGLVPLHNAC SYGHYEVTEL
           LLKHGACVNA MDLWQFTPLH EAASKNRVEV CSLLLSHGAD PTLVNCHGKS AVDMAPTPEL
           RERLTYEFKG HSLLQAAREA DLAKVKKTLA LEIINFKQPQ SHETALHCAV ASLHPKRKQV
           TELLLRKGAN VNEKNKDFMT PLHVAAERAH NDVMEVLHKH GAKMNALDTL GQTALHRAAL
           AGHLQTCRLL LSYGSDPSII SLQGFTAAQM GNEAVQQILS ESTPVRTSDV DYRLLEASKA
           GDLETVKQLC SPQNVNCRDL EGRHSTPLHF AAGYNRVSVV EYLLHHGADV HAKDKGGLVP
           LHNACSYGHY EVAELLVRHG ASVNVADLWK FTPLHEAAAK GKYEICKLLL KHGADPTKKN
           RDGNTPLDLV KEGDTDIQDL LRGDAALLDA AKKGCLARVQ KLCTPENINC RDTQGRNSTP
           LHLAAGYNNL EVAEYLLEHG ADVNAQDKGG LIPLHNAASY GHVDIAALLI KYNTCVNATD
           KWAFTPLHEA AQKGRTQLCA LLLAHGADPT MKNQEGQTPL DLATADDIRA LLIDAMPPEA
           LPTCFKPQAT VVSAALISPA STPSCLSAAS SIDNLTGPLA ELAVGGTSNA GDGAAGAERK
           EGEVAGLDMN ISQFLKSLGL EHLRDIFETE QITLDVLADM GHEELKEIGI NAYGHRHKLI
           KGVERLLGGQ QGTNPYLTFH CVNQGTILLD LAPEDKEYQS VEEEMQSTIR EHRDGGNAGG
           IFNRYNVIRI QKVVNKKLRE RFCHRQKEVS EENHNHHNER MLFHGSPFIN AIIHKGFDER
           HAYIGGMFGA GIYFAENSSK SNQYVYGIGG GTGCPTHKDR SCYICHRQML FCRVTLGKSF
           LQFSTMKMAH APPGHHSVIG RPSVNGLAYA EYVIYRGEQA YPEYLITYQI VKPEAPSQTA
           TAAEQKTX
Microcebus MAASRRSQHH HHHHQQQLQP APGASAPPPP PPPPLSPGLA PGTTPGSPTA GGLAPFASPR
           HGLTLPEGDG SRDPPDRPRS PDPVDSTSCC STTSTICTVA AATVVPAVSA SPAVGVAPNP
           AGGGSNNSPS SSSSPTSSSS SSPSSPGSSL AESPEAAGVS TTATLGPGAA GPGTGVPAVS
           GALRELLEAC RNGDVSRVKR LVDAANVNAK DMAGRKSSPL HFAA?????? ??????????
           ?????????? ?????????? ?????????? ?????????? ?????????? ??????????
           ?????????? ?????????? ?????????? ??EYKKDELL EAA??????? ??????????
           ?????????? ?????????? ?????????? ?????????? ???????NAC SYGHYEVTEL
           LLKHGACVNA MDLWQFTPLH EAASKNRVEV CSLLLSHGAD PTLVNCHGKS AVDMAPTPEL
           RERLTYEFKG HSLLQAAREA DLAKVKKTLA LEIINFKQPQ SHETALHCAV ASLHPKRKQV
           TELLLRKGAN VNEKNKDFMT PLHVAAERAH NDVMEVLHKH GAKMNALDTL GQTALHRAAL
           AGHLQTCRLL LSYGSDPSII SLQGFTAAQM GNEAVQQILS ESTPIRTSDV DYRLLEASKA
           GDLETVKQLC SPQNVNCRDL EGRHSTPLHF AAGYNRVSVV EYLLHHGADV HAKDKGGLVP
           LHNACSYGHY EVAELLVRHG ASVNVADLWK FSPLHEAAAK GKYEICKLLL KHGADPTKKN
           RDGNTPLDLV KEGDTDIQDL LRGDAALLDA AKKGCLARVQ KLCTPENINC RDTQGRNSTP
           LHLAAGYNNL EVAEYLLEHG ADVNAQDKGG LIPLHNAASY GHVDIAALLI KYNTCVNATD
           KWAFTPLHEA AQKGRTQLCA LLLAHGADPT MKNQEGQTPL DLATADDIRA LLIDAMPPEA
           LPTCFKPQAT VVSASLISPA STPSCLSAAS SIDNLTGPLA ELAVGGTSNA GDGAAGAERK
           EGEVAGLDMN ISQFLKSLGL EHLRDIFETE QITLDVLADM GHEELKEIGI NAYGHRHKLI
           KGVERLLGGQ QGTNPYLTFH CVNQGTILLD LAPEDKEYQS VEEEMQSTIR EHRDGGNAGG
           IFNRYNVIRI QKVVNKKLRE RFCHRQKEVS EENHNHHNER MLFHGSPFIN AIIHKGFDER
           HAYIGGMFGA GIYFAENSSK SNQYVYGIGG GTGCPTHKDR SCYICHRQML FCRVTLGKSF
           LQFSTMKMAH APPGHHSVIG RPSVNGLAYA EYVIYRGEQA YPEYLITYQI MKPEAPSQTA
           TAAEQKTX
Mus        MAASRRSQHH HHHHQQQLQP APGASAPPPP PPPPLSPGLA PGPTPASPTA GGLAPFASPR
           HGLALPEGDG SRDPPDRPRS PDPVDG---- ----AVCTVA APAAVPA--A SAAVGVAPTP
           AGGGGNNSAS SASSPTSSSS SSPSSPGSSL AESPEAAGVG STATLGAGAA GLGPGVPAVS
           GALRELLEAC RNGDVSRVKR LVDAANVNAK DMAGRKSSPL HFAAGFGRKD VVEHLLQMGA
           NVHARDDGGL IPLHNACSFG HAEVVSLLLC QGADPNARDN WNYTPLHEAA IKGKIDVCIV
           LLQHGADPNI RNTDGKSALD LADPSAKAVL TGEYKKDELL EAARSGNEEK LMALLTPLNV
           NCHASDGRKS TPLHLAAGYN RVRIVQLLLQ HGADVHAKDK GGLVPLHNAC SYGHYEVTEL
           LLKHGACVNA MDLWQFTPLH EAASKNRVEV CSLLLSHGAD PTLVNCHGKS AVDMAPTPEL
           RERLTYEFKG HSLLQAAREA DLAKVKKTLA LEIINFKQPQ SHETALHCAV ASLHPKRKQV
           AELLLRKGAN VNEKNKDFMT PLHVAAERAH NDVMEVLHKH GAKMNALDSL GQTALHRAAL
           AGHLQTCRLL LSYGSDPSII SLQGFTAAQM GNEAVQQILS ESTPMRTSDV DYRLLEASKA
           GDLETVKQLC SPQNVNCRDL EGRHSTPLHF AAGYNRVSVV EYLLHHGADV HAKDKGGLVP
           LHNACSYGHY EVAELLVRHG ASVNVADLWK FTPLHEAAAK GKYEICKLLL KHGADPTKKN
           RDGNTPLDLV KEGDTDIQDL LRGDAALLDA AKKGCLARVQ KLCTPENINC RDTQGRNSTP
           LHLAAGYNNL EVAEYLLEHG ADVNAQDKGG LIPLHNAASY GHVDIAALLI KYNTCVNATD
           KWAFTPLHEA AQKGRTQLCA LLLAHGADPT MKNQEGQTPL DLATADDIRA LLIDAMPPEA
           LPTCFKPQAT VVSASLISPA STPSCLSAAS SIDNLTGPLT DLAVGGASNA GDGAAGAERK
           EGEVAGLDMN ISQFLKSLGL EHLRDIFETE QITLDVLADM GHEELKEIGI NAYGHRHKLI
           KGVERLLGGQ QGTNPYLTFH CVNQGTILLD LAPEDKEYQS VEEEMQSTIR EHRDGGNAGG
           IFNRYNVIRI QKVVNKKLRE RFCHRQKEVS EENHNHHNER MLFHGSPFIN AIIHKGFDER
           HAYIGGMFGA GIYFAENSSK SNQYVYGIGG GTGCPTHKDR SCYICHRQML FCRVTLGKSF
           LQFSTMKMAH APPGHHSVIG RPSVNGLAYA EYVIYRGEQA YPEYLITYQI MKPEAPSQTA
           TAAEQKTX
Pteropus   MAASRRSQHH HHHHQQQLQP APGASAPPPP PPPPLSPGLA PGTTPASPTA GGLAPFASPR
           HGLALPEGDG SRDPPDRPRS PDSVDSTSCC NTSSTICTVA AVPVVPAVSA SSAVGIAPNP
           AGGGSNNSPS S-SSPTSSSS SSPSSPGSSL AESPEAAGVS TTTTLGPGAA GPGPGVPAVS
           GALRELLEAC RNGDVSRVKR LVDAANVNAK DMAGRKSSPL HFAAGFGRKD VVEHLLQMGA
           NVHARDDGGL IPLHNACSFG HAEVVSLLLC QGADPNARDN WNYTPLHEAA IKGKIDVCIV
           LLQHGADPNI RNTDGKSALD LADPSAKAVL TGEYKKDELL EAARSGNEEK LMALLTPLNV
           NCHASDGRKS TPLHLAAGYN RVRIVQLLLQ HGADVHAKDK GGLVPLHNAC SYGHYEVTEL
           LLKHGACVNA MDLWQFTPLH EAASKNRVEV CSLLLSHGAD PTLVNCHGKS AVDMAPTPEL
           RERLTYEFKG HSLLQAAREA DLAKVKKTLA LEIINFKQPQ SHETALHCAV ASLHPKRKQV
           TELLLRKGAN VNEKNKDFMT PLHVAAERAH NDVMEVLHKH GAKMNALDTL GQTALHRAAL
           AGHLQTCRLL LTYGSDPSII SLQGFTAAQM GNEAVQQILS ESTPIRTSDV DYRLLEASKA
           GDLETVKQLC SSQNVNCRDL EGRHSTPLHF AAGYNRVSVV EYLLHHGADV HAKDKGGLVP
           LHNACSYGHY EVAELLVRHG ASVNVADLWK FTPLHEAAAK GKYEICKLLL KHGADPTKKN
           RDGNTPLDLV KEGDTDIQDL LRGDAALLDA AKKGCLARVQ KLCTPENINC RDTQGRNSTP
           LHLAAGYNNL EVAEYLLEHG ADVNAQDKGG LIPLHNAASY GHVDIAALLI KYNTCVNATD
           KWAFTPLHEA AQKGRTQLCA LLLAHGADPT MKNQEGQTPL DLATADDIRA LLIDAMPPEA
           LPTCFKPQAT VVSASLISPA STPSCLSAAS SIDNLTGPLA ELAVGGASNT GDGAAGTERK
           EGEVGGLDMN ISQFLKSLGL EHLRDIFETE QITLDVLADM GHEELKEIGI NAYGHRHKLI
           KGVERLLGGQ QGTNPYLTFH CVNQGTILLD LAPEDKEYQS VEEEMQSTIR EHRDGGNAGG
           IFNRYNVIRI QKVVNKKLRE RFCHRQKEVS EENHNHHNER MLFHGSPFIN AIIHKGFDER
           HAYIGGMFGA GIYFAENSSK SNQYVYGIGG GTGCPTHKDR SCYICHRQMI FCRVTIGKSF
           RQFSTMKMAH APPGHHSVIG RPSVNGLAYA EYVIYRGEQA YPEYLITYQI MKPDAPSQTA
           TAAEQKTX
Mustela    MAASRRSQHH HHHHQQQLQP APGASAPPPP PPPPLSPGLA PGTTPASPTA GGLAPFASPR
           HGLALPEGDG SRDPPDRPRS PDPVDSTSCC STTSTICTVA AAPVAPAVSA SSAVGVAPNP
           AGGGSNNSPS SSSSPTSSSS SSPSSPGSSL AESPEAAGVS TTATLGPGAA GPGPGVPAVS
           GALRELLEAC RNGDVSRVKR LVDAANVNAK DMAGRKSSPL HFAAGFGRKD VVEHLLQMGA
           NVHARDDGGL IPLHNACSFG HAEVVSLLLC QGADPNARDN WNYTPLHEAA IKGKIDVCIV
           LLQHGADPNI RNTDGKSALD LADSSAKAVL TGEYKKDELL EAARSGNEEK LMALLTPLNV
           NCHASDGRKS TPLHLAAGYN RVRIVQLLLQ HGADVHAKDK GGLVPLHNAC SYGHYEVTEL
           LLKHGACVNA MDLWQFTPLH EAASKNRVEV CSLLLSHGAD PTLVNCHGKS AVDMAPTPEL
           RERLTYEFKG HSLLQAAREA DLAKVKKTLA LEIINFKQPQ SHETALHCAV ASLHPKRKQV
           TELLLRKGAN VNEKNKDFMT PLHVAAERAH NDVMEVLHKH GAKMNALDTL GQTALHRAAL
           AGHLQTCRLL LTYGSDPSII SLQGFTAAQM GNEAVQQILS ESTPIRTSDV DYRLLEASKA
           GDLETVKQLC SPQNVNCRDL EGRHSTPLHF AAGYNRVSVV EYLLHHGADV HAKDKGGLVP
           LHNACSYGHY EVAELLVRHG ASVNVADLWK FTPLHEAAAK GKYEICKLLL KHGADPTKKN
           RDGNTPLDLV KEGDTDIQDL LRGDAALLDA AKKGCLARVQ KLCTPENINC RDTQGRNSTP
           LHLAAGYNNL EVAEYLLEHG ADVNAQDKGG LIPLHNAASY GHVDIAALLI KYNTCVNATD
           KWAFTPLHEA AQKGRTQLCA LLLAHGADPT MKNQEGQTPL DLATADDIRA LLIDAMPPEA
           LPTCFKPQAT VVSASLISPA STPSCLSAAS SIDNLTGPLA ELAVGGPSNT GDGAAGAERK
           EGEVAGLDMN ISQFLKSLGL EHLRDIFETE QITLDVLADM GHEELKEIGI NAYGHRHKLI
           KGVERLLGGQ QGTNPYLTFH CVNQGTILLD LAPEDKEYQS VEEEMQSTIR EHRDGGNAGG
           IFNRYNVIRI QKVVNKKLRE RFCHRQKEVS EENHNHHNER MLFHGSPFIN AIIHKGFDER
           HAYIGGMFGA GIYFAENSSK SNQYVYGIGG GTGCPTHKDR SCYICHRQML FCRVTLGKSF
           LQFSTMKMAH APPGHHSVIG RPSVNGLAYA EYVIYRGEQA YPEYLITYQI MKPEAPAQSA
           TAAEQKTX
Tupaia     ---------- ---------- ---------- ---------- ---------- ----------
           ---------- ---------- ---------- ---------- ---------- ----------
           ---------- ---------- ---------- ---------- ---------- ----------
           ---------- ---------- ---------- ---------- -----FGRKD VVEHLLQMGA
           SVHARDDGGL IPLHNACSFG HAEVVSLLLC QGADPNARDN WNYTPLHEAA IKGKIDVCIV
           LLQHGADPNI RNTDGKSALD LADPSAKAVL TGEYKKDELL EAARSGNEDK LMALLTPLNV
           NCHASDGRKS TPLHLAAGYN RVRIVQLLLQ HGADVHAKDK GGLVPLHNAC SYGHYEVTEL
           LLKHGACVNA MDLWQFTPLH EAASKNRVEV CSLLLSHGAD PTLVNCHGKS AVDMAPTPEL
           RERLT????? ?????????? ?????????? ?????????? ??????HCAV ASLHPKRKQV
           TELLLRKGAN VNEKNKDFMT PLHVAAERAH NDVVEVLHKH GAK??????? ??????????
           ?????????? ?????????? ?????????? ?????????? ?????????? ??????????
           ???????QLC SPQNVNCRDL EGRHSTPLHF AAGYNRVSVV EYLLHHGADV HAKDKGGLVP
           LHNACSYGHY EVAELLVRHG ASVNVADLWK FTPLHEAAAK GKYEICKLLL KHGADPTKKN
           RDGNTPLDLV KEGDTDIQDL LRGDAALLDA AKKGCLARVQ KLCTPENINC RDTQGRNSTP
           LHLAAGYNNL EVAEYLLEHG ADVNAQDKGG LIPPHNAASY G????????? ??????????
           ?????????? ?????????? ?????????? ?????????? ????ADDIRA LLVDAMPPEA
           LPTCFKPQAT VVSAALISPA STPSCLSAAS SIDNLAGPLA ELAVGGASNA GDGAAGAERK
           DGEVAGLDMN ISQFLKSLGL EHLRDIFETE QITLDVLADM GHEELKEIGI NAYGHRHKLI
           KGVERLLGGQ QGTSPYLTFH CVNQGTVLLD LAPEDKEYQS VEEEMQSTIR EHRDGGSAGG
           VFSRYNVIRI QKVVNKKLRE RFCHRQKEVS EENHNHHNER MLFH?????? ??????????
           ?????????? ?????????? ?????????? ?????????? ?????????? ??????????
           ?????????? ?????????? ?????????? ?????????A YPEYLITYQI MKPEAPSQPA
           AAAEQKTX
Ailuropoda MAASRRSQHH HHHHQQQLQP APGASAPPPP PPPPLSPGLA PGTTPASPTA GGLAPFASPR
           HGLALPEGDG SRDPPDRPRS PDPVDSTSCC STTSTICTIA AAPVAPAVSA SSAVGVAPNP
           AGGGSNNSPS SSSSPTSSSS SSPSSPGSSL AESPEAAGVS NTATLGPGAA GPGPGVPAVS
           GALRELLEAC RNGDVSRVKR LVDATNVNAK DMAGRKSSPL HFAAGFGRKD VVEHLLQMGA
           NVHARDDGGL IPLHNACSFG HAEVVSLLLC QGADPNARDN WNYTPLHEAA IKGKIDVCIV
           LLQHGADPNI RNTDGKSALD LADSSAKAVL TGEYKKDELL EAARSGNEEK LMALLTPLNV
           NCHASDGRKS TPLHLAAGYN RVRIVQLLLQ HGADVHAKDK GGLVPLHNAC SYGHYEVTEL
           LLKHGACVNA MDLWQFTPLH EAASKNRVEV CSLLLSHGAD PTLVNCHGKS AVDMAPTPEL
           RERLTYEFKG HSLLQAAREA DLAKVKKTLA LEIINFKQPQ SHETALHCAV ASLHPKRKQV
           TELLLRKGAN VNEKNKDFMT PLHVAAERAH NDVMEVLHKH GAKMNALDTL GQTALHRAAL
           AGHLQTCRLL LSYGSDPSII SLQGFTAAQM GNEAVQQILS ESTPIRTSDV DYRLLEASKA
           GDLETVKQLC SPQNVNCRDL EGRHSTPLHF AAGYNRVSVV EYLLHHGADV HAKDKGGLVP
           LHNACSYGHY EVAELLVRHG ASVNVADLWK FTPLHEAAAK GKYEICKLLL KHGADPTKKN
           RDGNTPLDLV KEGDTDIQDL LRGDAALLDA AKKGCLARVQ KLCTPENINC RDTQGRNSTP
           LHLAAGYNNL EVAEYLLEHG ADVNAQDKGG LIPLHNAASY GHVDIAALLI KYNTCVNATD
           KWAFTPLHEA AQKGRTQLCA LLLAHGADPT MKNQEGQTPL DLATADDIRA LLVDAMPPEA
           LPTCFKPQAT VVSASLISPA STPSCLSAAS SIDNLTGPLA ELAVGGASNT GDGAAGAERK
           EGEVAGLDMN ISQFLKSLGL EHLRDIFETE QITLDVLADM GHEELKEIGI NAYGHRHKLI
           KGVERLLGGQ QGTNPYLTFH CVNQGTILLD LAPEDKEYQS VEEEMQSTIR EHRDGGNAGG
           IFNRYNVIRI QKVVNKKLRE RFCHRQKEVS EENHNHHNER MLFHGSPFIN AIIHKGFDER
           HAYIGGMFGA GIYFAENSSK SNQYVYGIGG GTGCPTHKDR SCYVCHRQML FCRVTLGKSF
           LQFSTMKMAH APPGHHSVIG RPSVNGLAYA EYVIYRGEQA YPEYLITYQI MKPEAPAQTA
           TAAEQKTX
Bos        MAASRRSQHH HHHHQQQLQP APGASAPPPP PPLPLSPGLA PGTTPASPTV GGLAPFASPR
           HGLALPEGDG SRDPPDRPRS PDPVDSASCC SPTSTICTVA AAPVVPAVSA SSAVGVAPNP
           AGGGSNNSPS SSSSPTSSSS SSPSSPGSSL AESPEAAGVS TTAPLGPGAA GPGPGVPAVS
           GALRELLEAC RNGDVSRVKR LVDAANVNAK DMAGRKSSPL HFAAGFGRKD VVEHLLQMGA
           NVHARDDGGL IPLHNACSFG HAEVVSLLLC QGADPNARDN WNYTPLHEAA IKGKIDVCIV
           LLQHGADPNI RNTDGKSALD LADPSAKAVL TGEYKKDELL EAARSGNEEK LMALLTPLNV
           NCHASDGRKS TPLHLAAGYN RVRIVQLLLQ HGADVHAKDK GGLVPLHNAC SYGHYEVTEL
           LLKHGACVNA MDLWQFTPLH EAASKNRVEV CSLLLSHGAD PTLVNCHGKS AVDMAPTPEL
           RERLTYEFKG HSLLQAAREA DLAKVKKTLA LEIINFKQPQ SHETALHCAV ASLHPKRKQV
           TELLLRKGAN VNEKNKDFMT PLHVAAERAH NDVMEVLHKH GAKMNALDTL GQTALHRAAL
           AGHLQTCRLL LSYGSDPSII SLQGFTAAQM GNEAVQQILS ESTPIRTSDV DYRLLEASKA
           GDLETVKQLC SPQNVNCRDL EGRHSTPLHF AAGYNRVSVV EYLLHHGADV HAKDKGGLVP
           LHNACSYGHY EVAELLVRHG ASVNVADLWK FTPLHEAAAK GKYEICKLLL KHGADPTKKN
           RDGNTPLDLV KEGDTDIQDL LRGDAALLDA AKKGCLARVQ KLCTPENINC RDTQGRNSTP
           LHLAAGYNNL EVAEYLLEHG ADVNAQDKGG LIPLHNAASY GHVDIAALLI KYNTCVNATD
           KWAFTPLHEA AQKGRTQLCA LLLAHGADPT MKNQEGQTPL DLATADDIRA LLIDAMPPEA
           LPTCFKPQAT VVSASLISPA STPSCLSAAS SIDNLTGPLA ELAVGGASNT GDGAAGAERK
           EGEVAGLDMN ISQFLKSLGL EHLRDIFETE QITLDVLADM GHEELKEIGI NAYGHRHKLI
           KGVERLLGGQ QGTNPYLTFH CVNQGTILLD LAPEDKEYQS VEEEMQSTIR EHRDGGNAGG
           VFNRYNVIRI QKVVNKKLRE RFCHRQKEVS EENHNHHNER MLFHGSPFIN AIIHKGFDER
           HAYIGGMFGA GIYFAENSSK SNQYVYGIGG GTGCPTHKDR SCYICHRQML FCRVTLGKSF
           LQFSTMKMAH APPGHHSVIG RPSVNGLAYA EYVIYRGEQA YPEYLITYQI MKPEAPSQTA
           TAAEQKTX
Pan        MAASRRSQHH HHHHQKQLQP APGASAPPPP PPPPLSPGLA SGTTPASPTA SGLAPFASPR
           HGLALPEGDG SRDPPDRPRS PDPVDGTSCC STTSTICTVA AAPVVPAVST SSAVGVAPNP
           AGSGSNNSPS SSSSPTSSSS SSPSSPGSSL AESPEAAGVS STAPPGPGAA GPGTGVPAVS
           GALRELLEAC RNGDVSRVKR LVDAANVNAK DMAGRKSSPL HFAAGFGRKD VVEHLLQMGA
           NVHARDDGGL IPLHNACSFG HAEVVSLLLC QGADPNARDN WNYTPLHEAA IKGKIDVCIV
           LLQHGADPNI RNTDGKSALD LADPSAKAVL TGEYKKDELL EAARSGNEEK LMALLTPLNV
           NCHASDGRKS TPLHLAAGYN RVRIVQLLLQ HGADVHAKDK GGLVPLHNAC SYGHYEVTEL
           LLKHGACVNA MDLWQFTPLH EAASKNRVEV CSLLLSHGAD PTLVNCHGKS AVDMAPTPEL
           RERLTYEFKG HSLLQAAREA DLAKVKKTLA LEIINFKQPQ SHETALHCAV ASLHPKRKQV
           TELLLRKGAN VNEKNKDFMT PLHVAAERAH NDVMEVLHKH GAKMNALDTL GQTALHRAAL
           AGHLQTCRLL LSYGSDPSII SLQGFTAAQM GNEAVQQILS ESTPIRTSDV DYRLLEASKA
           GDLETVKQLC SPQNVNCRDL EGRHSTPLHF AAGYNRVSVV EYLLHHGADV HAKDKGGLVP
           LHNACSYGHY EVAELLVRHG ASVNVADLWK FTPLHEAAAK GKYEICKLLL KHGADPTKKN
           RDGNTPLDLV KEGDTDIQDL LRGDAALLDA AKKGCLARVQ KLCTPENINC RDTQGRNSTP
           LHLAAGYNNL EVAEYLLEHG ADVNAQDKGG LIPLHNAASY GHVDIAALLI KYNTCVNATD
           KWAFTPLHEA AQKGRTQLCA LLLAHGADPT MKNQEGQTPL DLATADDIRA LLIDAMPPEA
           LPTCFKPQAT VVSASLISPA STPSCLSAAS SIDNLTGPLA ELAVGGASNA GDGAAGTERK
           EGEVAGLDMN ISQFLKSLGL EHLRDIFETE QITLDVLADM GHEELKEIGI NAYGHRHKLI
           KGVERLLGGQ QGTNPYLTFH CVNQGTILLD LAPEDKEYQS VEEEMQSTIR EHRDGGNAGG
           IFNRYNVIRI QKVVNKKLRE RFCHRQKEVS EENHNHHNER MLFHGSPFIN AIIHKGFDER
           HAYIGGMFGA GIYFAENSSK SNQYVYGIGG GTGCPTHKDR SCYICHRQML FCRVTLGKSF
           LQFSTMKMAH APPGHHSVIG RPSVNGLAYA EYVIYRGEQA YPEYLITYQI MKPEAPSQTA
           TAAEQKTX
Homo       MAASRRSQHH HHHHQQQLQP APGASAPPPP PPPPLSPGLA PGTTPASPTA SGLAPFASPR
           HGLALPEGDG SRDPPDRPRS PDPVDGTSCC STTSTICTVA AAPVVPAVST SSAAGVAPNP
           AGSGSNNSPS SSSSPTSSSS SSPSSPGSSL AESPEAAGVS STAPLGPGAA GPGTGVPAVS
           GALRELLEAC RNGDVSRVKR LVDAANVNAK DMAGRKSSPL HFAAGFGRKD VVEHLLQMGA
           NVHARDDGGL IPLHNACSFG HAEVVSLLLC QGADPNARDN WNYTPLHEAA IKGKIDVCIV
           LLQHGADPNI RNTDGKSALD LADPSAKAVL TGEYKKDELL EAARSGNEEK LMALLTPLNV
           NCHASDGRKS TPLHLAAGYN RVRIVQLLLQ HGADVHAKDK GGLVPLHNAC SYGHYEVTEL
           LLKHGACVNA MDLWQFTPLH EAASKNRVEV CSLLLSHGAD PTLVNCHGKS AVDMAPTPEL
           RERLTYEFKG HSLLQAAREA DLAKVKKTLA LEIINFKQPQ SHETALHCAV ASLHPKRKQV
           TELLLRKGAN VNEKNKDFMT PLHVAAERAH NDVMEVLHKH GAKMNALDTL GQTALHRAAL
           AGHLQTCRLL LSYGSDPSII SLQGFTAAQM GNEAVQQILS ESTPIRTSDV DYRLLEASKA
           GDLETVKQLC SSQNVNCRDL EGRHSTPLHF AAGYNRVSVV EYLLHHGADV HAKDKGGLVP
           LHNACSYGHY EVAELLVRHG ASVNVADLWK FTPLHEAAAK GKYEICKLLL KHGADPTKKN
           RDGNTPLDLV KEGDTDIQDL LRGDAALLDA AKKGCLARVQ KLCTPENINC RDTQGRNSTP
           LHLAAGYNNL EVAEYLLEHG ADVNAQDKGG LIPLHNAASY GHVDIAALLI KYNTCVNATD
           KWAFTPLHEA AQKGRTQLCA LLLAHGADPT MKNQEGQTPL DLATADDIRA LLIDAMPPEA
           LPTCFKPQAT VVSASLISPA STPSCLSAAS SIDNLTGPLA ELAVGGASNA GDGAAGTERK
           EGEVAGLDMN ISQFLKSLGL EHLRDIFETE QITLDVLADM GHEELKEIGI NAYGHRHKLI
           KGVERLLGGQ QGTNPYLTFH CVNQGTILLD LAPEDKEYQS VEEEMQSTIR EHRDGGNAGG
           IFNRYNVIRI QKVVNKKLRE RFCHRQKEVS EENHNHHNER MLFHGSPFIN AIIHKGFDER
           HAYIGGMFGA GIYFAENSSK SNQYVYGIGG GTGCPTHKDR SCYICHRQML FCRVTLGKSF
           LQFSTMKMAH APPGHHSVIG RPSVNGLAYA EYVIYRGEQA YPEYLITYQI MKPEAPSQTA
           TAAEQKTX
Sus        MAASRRSQHH HHHHQQQLQP APGASAPPPP PPPPLSPGLA PGTTPASPTV GGLAPFASPR
           HGLALPEGDG SRDPPDRPRS PDPVDSSSCC STTSTICTVA AAPVVPAVSA SSAVGVAPNP
           AGGGSNNSPS SSSSPTSSSS SSPSSPGSSL AESPEAAGVS TTATLGPGTA GPGPGVSAVS
           GALRELLEAC RNGDVSRVKR LVDAANVNAK DMAGRKSSPL HFAAGFGRKD VVEHLLQMGA
           NVHARDDGGL IPLHNACSFG HAEVVSLLLC QGADPNARDN WNYTPLHEAA IKGKIDVCIV
           LLQHGADPNI RNTDGKSALD LADPSAKAVL TGEYKKDELL EAARSGNEEK LMALLTPLNV
           NCHASDGRKS TPLHLAAGYN RVRIVQLLLQ HGADVHAKDK GGLVPLHNAC SYGHYEVTEL
           LLKHGACVNA MDLWQFTPLH EAASKNRVEV CSLLLSHGAD PTLVNCHGKS AVDMAPTPEL
           RERLTYEFKG HSLLQAAREA DLAKVKKTLA LEIINFKQPQ SHETALHCAV ASLHPKRKQV
           TELLLRKGAN VNEKNKDFMT PLHVAAERAH NDVMEVLHKH GAKMNALDTL GQTALHRAAL
           AGHLQTCRLL LSYGSDPSII SLQGFTAAQM GNEAVQQILS ESTPIRTSDV DYRLLEASKA
           GDLETVKQLC SPQNVNCRDL EGRHSTPLHF AAGYNRVSVV EYLLHHGADV HAKDKGGLVP
           LHNACSYGHY EVAELLVRHG ASVNVADLWK FTPLHEAAAK GKYEICKLLL KHGADPTKKN
           RDGNTPLDLV KEGDTDIQDL LRGDAALLDA AKKGCLARVQ KLCTPENINC RDTQGRNSTP
           LHLAAGYNNL EVAEYLLEHG ADVNAQDKGG LIPLHNAASY GHVDIAALLI KYNTCVNATD
           KWAFTPLHEA AQKGRTQLCA LLLAHGADPT MKNQEGQTPL DLATADDIRA LLIDAMPPEA
           LPTCFKPQAT VVSASLISPA STPSCLSAAS SIDNLTGPLA ELAVGGTSNT GDGAAGAERK
           EGEVAGLDMN ISQFLKSLGL EHLRDIFETE QITLDVLADM GHEELKEIGI NAYGHRHKLI
           KGVERLLGGQ QGTNPYLTFH CVNQGTILLD LAPEDKEYQS VEEEMQSTIR EHRDGGNAGG
           IFNRYNVIRI QKVVNKKLRE RFCHRQKEVS EENHNHHNER MLFHGSPFIN AIIHKGFDER
           HAYIGGMFGA GIYFAENSSK SNQYVYGIGG GTGCPTHKDR SCYICHRQML FCRVTLGKSF
           LQFSTMKMAH APPGHHSVIG RPSVNGLAYA EYVIYRGEQA YPEYLITYQI MKPEAPSQTA
           TAAEQKTX
Oryctolagu MAASRRSQHH HHHHQQQLQP APGASAPPPP PPPPLSPGLA PATTPASPTA GGLAPFASPR
           HGLALPEGDG SRDPPDRPQS PDPLDSTSCC STTSTICTVA AAAAVPAASA SSAVGVAPNP
           AGGGSNNSPS SSSSPTSSSS SSPSSPGSSL AESPEAAGVS NTATLGPGAA GPGTGVPAVS
           GALRELLEAC RNGDVSRVKR LVDAANVNAK DMAGRKSSPL HFAAGFGRKD VVEHLLQMGA
           NVHARDDGGL IPLHNACSFG HAEVVSLLLC QGADPNARDN WNYTPLHEAA IKGKIDVCIV
           LLQHGADPNI RNTDGKSALD LADPSAKAVL TGEYKKDELL EAARSGNEEK LMALLTPLNV
           NCHASDGRKS TPLHLAAGYN RVRIVQLLLQ HGADVHAKDK GGLVPLHNAC SYGHYEVTEL
           LLKHGACVNA MDLWQFTPLH EAASKNRVEV CSLLLSHGAD PTLVNCHGKS AVDMAPTPEL
           RERLTYEFKG HSLLQAAREA DLAKVKKTLA LEIINFKQPQ SHETALHCAV ASLHPKRKQV
           TELLLRKGAN VNEKNKDFMT PLHVAAERAH NDVMEVLHKH GAKMNALDTL GQTALHRAAL
           AGHLQTCRLL LSYGSDPSII SLQGFTAAQM GNEAVQQILS ESTPVRTSDV DYRLLEASKA
           GDLETVKQLC SPQNVNCRDL EGRHSTPLHF AAGYNRVSVV EYLLHHGADV HAKDKGGLVP
           LHNACSYGHY EVAELLVRHG ASVNVADLWK FTPLHEAAAK GKYEICKLLL KHGADP-KKN
           RDGNTPLDLV KEGDTDIQDL LRGDAALLDA AKKGCLARVQ KLCTAENINC RDTQGRNSTP
           LHLAAGYNNL EVAEYLLEHG ADVNAQDKGG LIPLHNAASY GHVDIAALLI KYNTCVNATD
           KWAFTPLHEA AQKGRTQLCA LLLAHGADPT MKNQEGQTPL DLATADDIRA LLIDAMPPEA
           LPTCFKPQAT VVSASLISPA STPSCLSAAS SIDNLTGPLA ELAVGGASNA GDGAAGTERK
           EGEVAGLDMN ISQFLKSLGL EHLRDIFETE QITLDVLADM GHEELKEIGI NAYGHRHKLI
           KGVERLLGGQ QGTNPYLTFH CVNQGTILLD LAPEDKEYQS VEEEMQSTIR EHRDGGNAGG
           IFNRYNVIRI QKVVNKKLRE RFCHRQKEVS EENHNHHNER MLFHGSPFIN AIIHKGFDER
           HAYIGGMFGA GIYFAENSSK SNQYVYGIGG GTGCPTHKDR SCYICHRQML FCRVTLGKSF
           LQFSTMKMAH APPGHHSVIG RPSVNGLAYA EYVIYRGEQA YPEYLITYQI MKPEAPSQTA
           TAAEQKT-
Dasypus    MAASRRSQHH HHHHQQQLQP APGASAPPPP PPPPLSPGLA PGTTPASPTA SGLAPFASSR
           HGLALPEGDG SRDPPDRPQS PDPVDSTSCC STTSTICTVA AAPLVPAVSA SSAVGVAPHP
           AGGGSNNSPS SSSTPTSSSS SSPSSPGSSL AESPEAAGVS ASATLGPGSA GPGPGVSAVS
           GALRELLEAC RNGDVSRVKR LVDAANVNAK DMAGRKSSPL HFAAGFGRKD VVEHLLQMGA
           NVHARDDGGL IPLHNACSFG HAEVVGLLLC QGADPNARDN WNYTPLHEAA IKGKIDVCIV
           LLQHGADPNI RNTDGKSALD LADPSAKAVL TGEYKKDELL EAARSGNEEK LMALLTPLNV
           NCHASDGRKS TPLHLAAGYN RVRIVQLLLQ HGADVHAKDK GGLVPLHNAC SYGHYEVTEL
           LLKHGACVNA MDLWQFTPLH EAASKNRVEV CSLLLSHGAD PTLVNCHGKS AVDMAPTPEL
           RERLTYEFKG HSLLQAAREA DLAKVKKTLA LEIINFKQPQ SHETALHCAV ASLHPKRKQV
           TELLLRKGAN VNEKNKDFMT PLHVAAERAH NDVMEVLHKH GAKMNALDTL GQTALHRAAS
           AGHLQTCRLL LSYGSDPSII SLQGFTAAQM GNEAVQQILS ESTPIRTSDV DYRLLEASKA
           GDLETVKQLC SPQNVNCRDL EGRHSTPLHF AAGYNRVSVV EYLLHHGADV HAKDKGGLVP
           LHNACSYGHY EVAELLVRHG ASVNVADLWK FTPLHEAAAK GKYEICKLLL KHGADPTKKN
           RDGNTPLDLV KEGDTDIQDL LRGDAALLDA AKKGCLARVQ KLCTPENINC RDTQGRNSTP
           LHLAAGYNNL EVAEYLLEHG ADVNAQDKGG LIPLHNAASY GHVDIAALLI KYNTCVNATD
           KWAFTPLHEA AQKGRTQLCA LLLAHGADPT MKNQEGQTPL DLATADDIRA LLIDAMPPEA
           LPTCFKPQAT VVSASLISPA STPSCLSAAS SIDNLTGPLA ELAVGGTSNT GDGAAGTERK
           EGEVAGLDMN ISQFLKSLGL EHLRDIFETE QITLDVLADM GHEELKEIGI NAYGHRHKLI
           KGVERLLGGQ QGTNPYLTFH CVNQGTILLD LAPEDKEYQS VEEEMQSTIR EHRDGGNAGG
           IFNRYNVIRI QKVVNKKLRE RF?HGQ---- ---------- --CHGS---- ----------
           ---------- ---------- SSSHLSG--- ---------- -----H---- -CRFX-----
           ---------- ---------- ---------- ---------- ---------- ----------
           --------
Tarsius    MAASRRSQHH HHHHQQQLLP APGASAPPPP PPPPLSPGLA PGTTPASPTA GGLAPFASPR
           HGLALPEGDG SRDPPDRPRS PDPVDSTSCC STTSTVCTIA TATVVPAVSA SSAVGVAPNP
           AGGGSNNSPS SSSSPTSSSS SSPSSPGSSL AESPEAAGVS TTGTLGPGAA GPGTGVPAVS
           GALRELLEAC RNGDVSRVKR LVDAANVNAK DMAGRKSSPL HFAAGFGRKD VVEHLLQMGA
           NVHARDDGGL IPLHNACSFG HAEVVSLLLC QGADPNARDN WNYTPLHEAA IKGKIDVCI?
           ?????????? ?????????? ?????????? ??EYKKDELL EAARSGNEEK LMALLTPLNV
           NCHASDGRKS TPLHLAAGYN RVRIVQLLLQ HGADVHAKDK GGLVPLHNAC SYGHYEVTEL
           LLKHGACVNA MDLWQFTPLH EAASKNRVEV CSLLLSHGAD PTLVNCHGKS AVDMAPTPEL
           RERLTYEFKG HSLLQAAREA DLAKVKKTLA LEIINFKQPQ SHETALHCAV ASLHPKRKQV
           TELLLRKGAN VNEKNKDFMT PLHVAAERAH NDVMEVLHKH GAKMNALDTL GQTALHRAAL
           AGHLQ-CALL -SYGSDPSI- SLQGFTAAQM GNEAVQQI-S ESTPIRTSDV DYRLLEASKA
           GDLETVKQLC SPQNVNCRDL QGRHSTPLHF AAGYNRVSVV EYLLHHGADV HAKDKGGLVP
           LHNACSYGHY EVAELLVRHG ASVNVADLWK FTPLHEAAAK GKYEICKLLL KHGADPTKKN
           RDGNTPLDLV KEGDTDIQDL LRGDAALLDA AKKGCLARVQ KLCTPENINC RDTQGRNSTP
           LHLAAGYNNL EVAEYLLEHG ADVNAQDKGG LIPLHNAASY GHVDIAALLI KYNTCVNATD
           KWAFTPLHEA AQKGRTQLCA LLLAHGADPT MKNQEGQTPL DLATADDIRA LLIDAMPP-A
           LPTCFKPQAT VVSATLISPA STPSCLSAAS SIDHLTGPLS ELAVG-TSNA GDGAAGAERK
           EGEVAGLDMN ISQFLKSLGL EHLRDIFETE QITLDVLADM GHEELKEIGI NAYGHRHKLI
           KGVERLLGGQ QGTNPYLTFH CVNQGTILLD LAPEDKEYQS VEEE?????? ??????????
           ?????????I QKIVNKKLRE GFCHRQKEVS EENHNHHNER MLFHGSPFIN AIIHKGFDER
           HAYIGGMFGA GIYFAENSSK SNQYVYGIGG GTGCPTHKDR SCYICHRQML FCRVTLGKSF
           LQFSTMKMAH APPGHHSVIG RPSVNGLAYA EYVIYRGEQA YPEYLITYQI MKPEAPSQTA
           TAAEQKTX
Monodelphi MAASRRSQHH HHNHLPLLPP VAVGAAPPPP PPPSLSPG-- ----PASPA- ------ASPR
           HGLSAPPGGG GAGPPERPCS PEPGDSTGPA LDSRD---GA PRPLAPSPAP CPRTLAQPLP
           P-SASSSSVS SCSSSASSST SSSSSSASSA SSSPELAET- SPADSPPEAA GPGSR-PAVS
           GALRELLEAC RNGDVARVRR LVDAANVNAK DLAGRKSSPL HFAAGFGRKD VVEHLLQMGA
           NVHARDDGGL IPLHNACSFG HAEVVSLLLC QGADPNARDN WNYTPLHEAS IKGKIDVCIV
           LLQHGADPNI RNTDGKSALD LADPSAKAVL TGEYKKDELL EAARSGNEEK LMALLTPLNV
           NCHASDGRKS TPLHLAAGYN RVRIVQLLLQ HGADVHAKDK GGLVPLHNAC SYGHYEVTEL
           LLKHGACVNA MDLWQFTPLH EAASKNRVEV CSLLLSHGAD PTLVNCHGKS AVDMAPTPEL
           RERLTYEFKG HSLLQAAREA DLAKVKKTLA LEIINFKQPQ THETALHCAV ASLHPKRKQV
           TELLLRKGAN VNEKNKDFMT PLHVAAERAH NDVIEVLHKH GAKMNALDTL GQTPLHRAAL
           AGHLQTCRLL LSYGSDPSII SLQGFTAAQM GNEAVQQILS ESTPVRTSDV DYRLLEASKA
           GDLETVKQLC SPQNVNCRDL EGRHSTPLHF AAGYNRVSVV EFLLHHGADV HAKDKGGLVP
           LHNACSYGHY EVAELLVRHG ASVNVADLWK FTPLHEAAAK GKYEICKLLL KHGADPTKKN
           RDGNTPLDLV KEGDTDIQDL LRGDAALLDA AKKGCLARVQ KLCTPDNINC RDTQGRNSTP
           LHLAAGYNNL EVAEYLLEHG ADVNAQDKGG LIPLHNAASY GHVDIAALLI KYNTCVNATD
           KWAFTPLHEA AQKGRTQLCA LLLAHGADPT MKNQEGQTPL DLATADDIRA LLIDAMPPEA
           LPTCFKPQAT VVSASLISPA STPSCLSAAS SLDNLAGPLA ELAVGGTSNA GDGAAGAQRK
           EGEVTGLDMN ISQFLKSLGL EHLRDIFETE QITLDVLADM GHEELKEIGI NAYGHRHKLI
           KGVERLLGGQ QGTNPYLTFH CVNQGTILLD LAPDDKEYQS VEEEMQSTIR EHRDGGNAGG
           IFNRYNVIRI QKVVNKKLRE RFCHRQKEVS EENHNHHNER MLFHGSPFIN AIIHKGFDER
           HAYIGGMFGA GIYFAENSSK SNQYVYGIGG GTGCPTHKDR SCYICHRQML FCRVTLGKSF
           LQFSTMKMAH APPGHHSVIG RPSVNGLAYA EYVIYRGEQA YPEYLITYQI MKPDAPAQTA
           TTAEQKTX
Tursiops   MAASRRSQHH HHHHQQQLQP APGASAPPPP PPPPLSPGLA PGTTPASPTV GGLAPFASPR
           HGLALPEGDG SRDPPDRPRS PDPVDSTSCC STTSTVCTVA AP--VPALPA SSAVGVAPSP
           AGGGSNNS?? ?????????? ?????????? ?????????? ?????????? ??????????
           ?????????? ?????????? ???AANVNAK DMAGRKSSPL HFAAGFGRKD VVEHLLQMGA
           NVHARDDGGL IPLHNACSFG HAEVVSLLLC QGADPNARDN WNYTPLHEAA IKGKIDVCIV
           LLQHGADPNI RNTDGKSALD LADPSAKAVL TGEYKKDELL EAARSGNEEK LMALLTPLNV
           NCHASDGRKS TPLHLAAGYN RVRIVQLLLQ HGADVHAKDK GGLVPLHNAC SYGHYEVTEL
           LLKHGACVNA MDLWQFTPLH EAASKNRVEV CSLLLSHGAD PTLVNCHGKS AVDMAPTPEL
           RERLTYEFKG HSLLQAAREA DLAKVKKTLA LEIINFKQPQ SHETALHCAV ASLHPKRKQV
           TELLLRKGAN VNEKNKDFMT PLHVAAERAH NDVMEVLHKH GAKMNALDTL GQTALHRAAL
           AGHLQTCRLL LSYGSDPSII SLQGFTAAQM GNEAVQQILS E--------F DHKI----KT
           -ELGTVKQLC SPQNVNCRDL EGRHSTPLHF AAGYNRVSVV EYLLHHGADV HAKDKGGLVP
           LHNACSYGHY EVAELLVRHG ASVNVADLWK FTPLHEAAAK GKYEICKLLL KHGADPTKKN
           RDGNTPLDLV KEGDTDIQDL LRGDAALLDA AKKGCLARVQ KLCTPENINC RDTQGRNSTP
           LHLAAGYNNL EVAEYLLEHG ADVNAQDKGG LIPLHNAASY GHVDIAALLI KYNTCVNATD
           KWAFTPLHEA AQKGRTQLCA LLLAHGADPT MKNQEGQTPL DLATADDIRA LLIDAMPPEA
           LPTCFKPQAT VVSASLISPA STPSCLSAAS SIDNLAGPLA ELAVGGASNA GDGAAGTERK
           EGEVAGLDMN ISQFLKSLGL EHLRDIFETE QITLDVLADM GHEELKEIGI NAYGHRHKLI
           KGVERLLGGQ QGTNPYLTFH CVNQGTILLD LAPEDKEYQS VEEEMQSTIR EHRDGGNAGG
           IFNRYNVIR? ?????????? ?????????? ?????????? ?????SPFIN AIIHKGFDER
           HAYIGGMFGA GIYFAENSSK SNQYVYGIGG GTGCPTHKDR SCYICHRQML FCRVTLGKSF
           LQFSTMKMAH APPGHHSVIG RPSVNGLAYA EYVIYRGEQA YPEYLITYQI MKPEAPSQTT
           AAAEQKTX
Vicugna    ---------- ---------- ---------- ---------- ---------- ----------
           ---------- ---------- ---------- ---------- ---------- ----------
           ---------- ---------- ----SPGSSL AESPEAAGVN STATLGPGAA GPGPGVPAVS
           GALRELLEAC RNGDVSRVKR LVDAANVNAK DMAGRKSSPL HFAAGFGRKD VVEHLLQMGA
           NVHARDDGGL MWLSR--SFG HAEVVSLLLC QGADPNARDN WNYTPLHEAA IKGKIDVCI?
           ?????????? ?????????? ?????????? ??EYKKDELL EAARSGNEEK LMALLTPLNV
           NCHASDGRKS TPLHLAAGYN RVRIVQLLLQ HGADVHAKDK GGLVPLHNAC SYGHYEVTEL
           LLKHGACVNA MDLWQFTPLH EAASKNRAEV CSLLLSHGAD PTLVNCHGKS AVDMAPTPEL
           RERLTYEFKG HSLLQAAREA DLAKVKKTLA LEIINFKQPQ SHETALHCAV ASLHPKRKQV
           TELLLRKGAN VNEKNKDFMT PLHVAAERAH NDVMEVLHKH GAKMNALDTL GQTALHRAAL
           AGHLQTCRLL LSYGSDPSII SLQGFTAAQM GNEAVQQILS ESTPIRTSDV DYRLLEASKA
           GDLETVKQLC SPQNVNCRDL EGRHSTPLHF AAGYNRVSVV EYLLHHGADV HAKDKGGLVP
           LHNACSYGHY EVAELLVRHG ASVNVADLWK FTPLHEAAAK GKYEICKLLL KHGADPTKKN
           RDGNTPLDLV KEGDTDIQDL LRGDAALLDA AKKGCLARVQ KLCTPENINC RDTQGRNSTP
           LHLAAGYNNL EVAEYLLEHG ADVNAQDKGG LIPLHNAASY GHVDIAALLI KYNTCVNATD
           KWAFTPLHEA AQKGRTQLCA LLLAHGADPT MKNQEGQTPL DLATADDIRA LLIDAMPPEA
           LPTCFKPQAT VVSASLISPA STPSCLSAAS SIDNLTGPLA ELAVGGAANA ADGAAGAERK
           EGEVAGLDMN ISQFLKSLGL EHLRDIFETE QITLDVLADM GHEELKEIGI NAYGHRHNLI
           KGVERLLG-Q QGTNPYLTFH CVNQGTILLD LAPEDKEYQS VEEE?????? ??????????
           ?????????- ---------- ---------- -----HHNER MLFHGSPFIN AIIHKGFDER
           HAYIGGMFGA GIYFAENSSK SNQYVYGIGG GTGCPTHKDR SCYICHRQML FCRVTLGKSF
           LQFSTMKMAH APPGHHSVIG RPSVNGLAYA EYVIYRGEQ- ---------- ----------
           --------
