   40  1411
Loxodonta  -----LETTS LQRKLPEWMS VQNKRRAMEE IKSSIQKSVF EDELPFLEFT GTIVYSCEAS
           DCSFLSEDIR MSLSDGDVIG FDMEWPPVYS NAKLSRVALI QLCVSESRCY LFHISSMSVF
           PQGLKMLLEN EAIKKAGVGI EGDQWKLLRD FDIKLKSFVE LTDVANEKLK CTETWSLNGL
           VKHLLNKQLL KDKSIRCSNW NNFPLTEDQK LYAATDAYAG LIIYRKLEKL GDGVQVFALS
           KEEKILPSDV KKQLTSISEE MMDLAKHLPD AVRKLENPQR VSILLKDISE NLYSLRNIIF
           GSTSTETELK PSGDFNLL-- EDPAAGVRQQ KEIRENKIFA EVEDETWDIP LDNLIKHDGE
           NVLENEVKQE EDGLEDGIEN DKLKENRERV CLMSLDITES ELQLLEQQAL EENLCDVTYT
           SSEHLSSKDN EEDISYVIES DEDLETEMLK SLENLKSDTV DPIHPKCLEM ERNLDLPI--
           DDDENEDIEE EEEDEDYSVP EPNEKQVICL KTYFGHSSFK PVQWKVIRSV LEERRDNVVV
           MATGYGKSLC FQYPPVYADK IGLVISPLIS LMEDQVRQLE VSNIPACFLG SGQSKNVLKD
           IKLGKYRIIY VTPEFCSGNL NLLQQLEANI GITLIAVDEA HCLSEWGHDF RNSFRALSSL
           KSTLPMVPIV ALTATASSSI REDIVSCLKL KNPQITCTGF DRPNLYLEVG RKTGNILQDL
           IQFLIKKTSS SWEFEGPTII YCPSRKMTEQ VTAELKKLNL ACGTYHAGMG IKSRTEIHHR
           FMRDEIQCVV ATIAFGMGIN KADIRKVIHY GAPKEMESYY QEIGRAGRDG LPSSCHLLWA
           PVDLNLNRKL LCTIYNEKFR LYKLKMLAKM EKYLHSSRCR RQIILSHFED KQLRKASSSI
           MGSEKCCDNC RSRLSYC-SI EDSDDTSQDF GPQAFQLLSA VAALGEKFGI GLPILFLRGS
           HSQRLPDRYR SHRFFGTGKD QPESWWKAFS RHLITEGFLV EVPAQNKYIK ICTLTKKGRN
           WLDEANKESP QSLILQANEE LCPRKFLLPS SKAVSSAIEQ YSSNQAPIEL TAEKKSNLEK
           MYSYKALDKV STGSDIPKKS VMVPSPGKYF KSTEPVISTQ EQETQTTLYG KLVEARQKQS
           NKMDVPPAIL ATNKILLDMA KIRPTTVENV KRIDGVSEGK ATMLTPLLEV IKQFCQVNSL
           QTDIFSSTKP QEEQKKSLAM KNEEFSLSQS VVITYSLFQE KKMSLKSIAQ SRTLPLTSVG
           MHLAQAVKAG YPLDMERAGL TPEVQKIIAD VIRNPPINTD MNKIKQIRTL VPLNIDTYLI
           HMAVKVLEKD DDGKLPCQLS CDSSKKRCLP SSEESRLGSK RIKEEVGTNT KMSAETSRRR
           LPEWFAKGKE TLGNTNEKST AKTKKKGLFS X
Vicugna    KSEQKLETTP QHRKLPEWMS TQNKRYTVEE RKTSIQKSVL EDDLPFLEFT GSIVYSYEAS
           DCSFLSEDIS TSLSDGDVVG FDMEWPPVFK KGQLSRVALI QLCVSESKCY LFHISSMSGF
           PQGLKMLLEN EAIKKAGVGI EGDQWKLLRD FDIKLKSFVE LTDVANEKLK STETWSLNGL
           VKHLFGKQLL KDKSVRCSNW SNFPLTEDQK LYAATDAYAG LIIYQKLEIL GDAVQIFAIT
           KEEKVLLSGL KKQLTSFSEE MMDLAKHLPD TLGKLKNPQR VSMLLKYISE NLCSLRKMIL
           GS--TENELR PSSSFHLLQL EDPAAGEVQQ EQIREHKILT TVKDESWDMT PDNLIENDGE
           NVLGNEVRQ- EDGFEDGLED NKLKENTERI CLNSLDITEA ELQLLEQQAQ EKYLSDVTCK
           SPEHLSSKDN EEDTSYIIES DEDLEMEMLK SLENLKSDTV DPVHSKCMEK ERNLGLPSEE
           DEDENEAIEE EEADEDCLLP GPTAEQVVCL KTYFGHSSFK PVQWKVIHSV LEERRDNVVV
           MATGYGKSLC FQYPPVYTGG IGLVISPLIS LMQDQVLQLE MSNIPACFLG SAQSKNVLED
           IKLGKYRIVY ITPEFCAGNL NLLQQLEANI GITLIAVDEA HCIAEWGHDF RSSFRSLDSL
           KAVLPKVPVV ALTATASSSI REDIVRCLKL KDPQITCTGF DRPNLYLEVG RKTGNILQDL
           KQFLVQKTSS AWEFEGPTII YCHSRKMTEQ VTAELKTLKL ACGAYHAGLS INLRKQVHHK
           FMRDEIQCVI ATIAFGMGIN KADVRKVIHY GAPKEMESYY QEIGRAGRDG LQSSCHVLWT
           PADIKLNRYL LSEIRDERFR LYKLKMMAKM EKYLHSSRCR RQIILSHFED KQLRKASLGI
           MRTEKCCDNC RSRLDQFFSI DDSEDMSQDF GPQAFQLLSA VTILGEKFGI GVPILFLRGS
           NSKRL-DKYR SHSFFGTGKD HSSSWWKALY CQLLTEGFLV EVPGQSKYIK ICTLTAKGRD
           WLARAKTGSP QRLILQANEE LCPRNFLLPS SKAVSSGSKQ LSSNQVPVEL TAEK-SKLEK
           MDSYKAFGNI SSGSNSPKK? ?????????? ?????????? ?????????? ??????????
           ?????????? ?????????? ???PSTVENV KRIDGVSEGK ATMLAPLLEV INHFCQINGV
           QTDLFPSTKP QEEQNRSLVE KNEARSLSQS EAITYSLFQE KKMSLEHIAQ NRTLPLTTVG
           THLSQAVKAG YPVNVERAGL TPQVQKIIAD VFRSPPINSD VNKIKLIKMY VP-HIDKYVI
           HMAIEILEKE RDSRL--PSS RDSNKRRCFP NSEASHSNSK RSKEEADINS KTSSETSKRK
           LPGWFATGNE TLPCISKKLV GKTKHKGLFS X
Bos        MSEQTLERG- GQRKLPDWMS VQ-KSYTVEE KKASVRKSVL EDHLPFLEFT GSTVYSYEAN
           DCSLLSEDIS MSLSDGDVVG FDIEWPP-FK KGTLSRVALI QLCVAESKCY LFHISSMSGF
           PQGLKMLLEN EAIKKAGVGI EQDQWKLLRD FDINLKSIVE LTDVANEKLK CIETWSLNGL
           VKYLFGKQLL KDRSIRCSDW SRFPLTEDQK VYAATDAYAG FIIYQKLANL SDPVQIFVKS
           KEEEILPSDV KKQLTSISKE MMDLAERLPD TFGKLENPQR VSLLLKDISE NLYSLRMMMF
           GS--PEKELR PSDNFHLLPL EEPTAGEAQE KQIRAHNIFP EVEDEAWDAT PDGLIEHDGE
           KVLGNQMKQ- EDGFEDELEG KKLEENTERN CLMSLDVTEE ELQLWEQQAE EKHLTDVTCT
           SPEHSSSKDN EEDLSYIIES DEDLEMEMLK SLENLKSGMV DPNHSKCIEM EKNLDLPSEE
           DEDENEAVEE KEADEDCLLP RPTEKQINCL KTYFGHSSFK PVQWKVIHSV LEERRDNVVV
           MTTGYGKSLC FQYPPVYAGG IGLVISPLIS LMEDQVLQLE ISSIPACFLG SAQSKNVVED
           IKLGKYRIVY LTPEFCSGNL ELLRQLEANI GITLIAVDEA HCISEWGHDF RNSFRDLGCL
           KAEFPKVPIV ALTATAGSSV REDIVCCLNL KDPQITCTGF DRPNLYLEVG RKTGDILQDL
           KQFLVCKSSS AWEFEGPTII YCPSRKMTEQ VTAELKKLKL ACGTYHAGLS INLRKQVHHR
           FMRDEIQCVI ATVAFGMGIN KADIRQVIHY GAPKEMESYY QEIGRAGRDG LQSSCHVLWA
           PADMNLNRCL LSEIRNEKFR LYKLKMMGKM EKYLYSSKCR RQIILSHFED KQLRKASVGI
           MGTENCCDNC KSRLDHCFSL EDSEDT-QDF GPQAFQFLSA VTILGGRFGI GIPILFLRGS
           NSQRLEDRYR SHSVFGTGKD RTEKWWKALS RQLIIEGFLA EVPGHSKYVK ICTLTEKGRN
           WFAKAKTESP PRLFLQTNEQ LCPRTF-LPS SKAVSSGTEE HVSDQVPVKL TSEKQFNLDQ
           LYSYKVHDKI SSGSNSPKNS IIVSSPRKYY KSSEPVISAQ EQETQTALYG ELVAARQKHA
           NMMDVPPAIL ATNKILLDMA KMRPTTVENV KRIDGVSEGK AVMLAPLLEV IRRFCQINSV
           QTDLFSSSEL QEEEKKNLVL ENKANSLSPS MAITYFFFQE KKMSLKDTAE KRTLPLTAVG
           MHLSQAMKAG YPVDTERAGL TPEIQKIIAD VIRNPPINSD TNKINLIRIY VPENIDTYLI
           HMTIKILEKD GDHRMRCHSS CDPNKKRRFP DPEESSSNSK RTKEEVDTEA KTSSEMSKRK
           LPWWFAKGND TLPDTSKKSV AKTKNKGLFS X
Sus        MNEDTLETTQ QQRKLPKWMA MQNKGYAIEK RKASIQKSVL EDDLPFLEFT GSIVYSYEAS
           DCSFLSEDIS LSLSSGDVVG FDMEWPPVYN KGKLGRIALI QLCVSESKCY LFHISSMSVF
           PQGLKMLLEN EAIKKAGVGI KGDQSKLLRD FDIKLKSFVE LTDVANEKLK CAETWSLNGL
           VKHLFSKQLL KDKSIRCSNW SNFPLTEDQK LYAATDAYAG FIIYQKLENL GDAIQILAIN
           KDEEVLPSDV KKQLTSISEE MMDLAKHLPD TFGKLESPQR VSMLLKDISE NLCSLRKMIF
           GS--TGNELS PISSFHLLPL QEPTASKVQQ KQITIYDFFT KVRDEAWHRT LDNLIKHGGE
           NVLGNEANQ- EDGFETGLED NELKENTERV CLMSLDITEY ELQLLEQEAK EKNLSNITSS
           SPEHLSSKDN EEDISYVIES DEDLEMEMLK SLENLNSGTV NPNHTKCREM EGNLGLPLEE
           DEDENEAVEE EEESKDYLLP EPTAKQINCL KTYFGHSSFK PVQWKVIHSI LEERRDNVVV
           MATGYGKSLC FQYPPVSVGG IGLVISPLIS LMEDQVLQLE MSNIPACFLG SAQSKNVLED
           IKLGKYRIVY LTPEFCSGNL DLLQHLEANI GITVIAVDEA HCISEWGHDF RNSFRTLGSL
           KSALPLVPIV ALTATGTSSI REDIVRCLKL KDPQITCTGF DRPNLYLEVG RKTGDILQDL
           KQFLVQKTSS AWEFEGPTII YCPSRKMTEQ VTAELKKLKL ACETYHAGLS IHLRKQVHHK
           FMRDEIQCVI ATIAFGMGIN KADIRKVIHY GAPKEIESYY QEIGRAGRDG LQSSCHILWA
           PADINLNRHL LSEICNENFR LYKLKMMAKM EKYLHSSRCR RQIILSHFED KQLRKASLGI
           MGTEKCCDNC RSRLDHCFST EDSEDMSQDF GPQAFQLLSA VTILGEKFGI GLPILFLRGS
           SSQRLEDKYR SHSFFGTGKD HTESWWKAFS RQLVTEGFLV DVPGQSKFVK ICTLTKKGRN
           WLAKAKTESP QRLILQANEE LCPRKFSLPS SNAVSSGTEQ YSSNQVPVES TSEKKSNLKK
           TYSYKASDKI SSGSNTPKKS IMVPSPRKYY MSSEPVISAQ EQETQTELYG KLVEARQKHA
           NKMDVPPAIL ATNKILVDMA KMRPTTVENV KRIDGVSEGK AMMLAPLLEV IKHFCQINSV
           QTNVFSSAKP QEEQKKSLVM KDKASLLSQS EAITYSLFQE KKMCLKSIAE ERILPLTAIG
           MHLSQAVKAG YPLDMDRAGL TPEVQKIIAD VIRNPPINSD INKIKLIRKY VPESIDTYLI
           HMAIEILEKD CDNRIQCQSA CDSSKKRYFS NSEESCSDAK RSKEEVSINT KTSSKTSERK
           LPGWFAKENE ILPDTSKKSA AKTKKKGLFC X
Dasypus    ---------- ---------- ---------- ---------- ---------- ----------
           ---------- MSVSDGDVIG FDMEWPPIYN KGTRGRVALI QLCVSESKCY LFHISSMSVF
           PQGLKMLLEN EAIKKAGVGI EGDQWKLLRD FNIKLKGFVE LKDVANEKLE SAETWSLNGL
           VKYLFRKQLL KDKSIRCSNW SNFPLTEDQK LYAATDAYVG LIIYRKLEIL GDTAELFAIN
           KEKEILPSDV KKQLTSISEE MMDLAKHLPD SFRKLENLQR VSILLKDISE SLSSLRKVIF
           GSTNAKTVLR PSNYFDLLSM EDTTADRIQQ EQIREHKNLT KVNDETW--- -GKLIKHDSK
           NVLENEVKQK EDEFEDTKED NKLKENTERI GLMSLDITEY ELQILEQQAW EENPSDVTSI
           SAE-----EK EKDMSYVIES DENLEMEMLK SLENLNSSMV DPVHSECLEM ERNLGLPTDE
           DEDENEAIDE EEDDEDQLLP GPSAKQVICL KTYFGHSSFK PAQWKVIHSV LEERRDNVVV
           MATGYGKSLC FQYPPVYVGR IGLVISPLIS LMEDQVLQLE MSNIPACFLG SAQSKNVLED
           IKLGKYQIVY MTPEFCSGNL DLLQHLQANI GITLIAVDEA HCISEWGHDF RNSYRSLGSL
           KAAIPLVPIV AVTATASSSI RKDIVHCLKL KNPQITCTGF DRPNLYLEVG RKTGNILQDL
           KQFLIKTTSS AWEFEGPTII YCPSRKMTEQ VTAELKKLKL ACETYHAGMS IKSRREIHHR
           FMRDEIQCVV ATIAFGMGIN KADIRKVIHY GAPKEMESYY QEIGRAGRDG LQSSCQVLWA
           PADIKLNRHL LSEIHNEKFR LYKLKMMAKM EKYLHSHHCR RQIILSHFED KQLRKASLGI
           IGTEKCCDNC RSSLGHYFSI DDSDDISQDF GPQAFQLLSA VDALGEKFGF GVPVLLLLGS
           NSQRLADKYR SHRLFGTGKD HTERWWKTLA RQLVTEGFLI EVPANNRFVT ICTLTEKGRH
           WLDKANKESP QRLMLQANEE LCPRKFSLPS SKTVSAGTEQ YSSNQ----- ----QSNLEK
           MPSYKAYDET SSGSNILNKS IMVQSPGKCY KSSEPAVSAQ EQETQTLLYG KLVEARQKHA
           NEMNVPPAVL ATNKILVDMA KIRPTTVENV KRIDGVSEGK ATMLAPLLEV IKHFCQVNSF
           QTDLFSSTKP QAEQRTSLVV KNK-CSLSPS MAITYSLFQE KKMSLNRIAE NRTLPVVTVG
           MHLSQAVKAG FPLDTARAGL TPEVQKLIAD VIRNPPVNSD TNKIKLIRTL VPANIDTYLI
           HMAIEILEK- -DSQLLSQPS CHSNKKRCFP NSEESCLTSK RSKEEAIIIT KISAETSKRR
           LPEWFDKGSE TLGETSKKSI ARTKKKFFFS X
Pan        MSEKKLETTA QQRKCPEWMN VQNKRCAVEE RKACVWKSVF EDDLPFLEFT GSIVYSYDAS
           DCSLLSEDIS MSLSDGDVVG FDMEWPPLYN RGKLGKVALI QLCVSESKCY LFHISSMSVF
           PQGLKMLLEN KAVKKAGVGI EGDQWKLLRD FDIKLKNFVE LTDVANKKLK CTETWSLNSL
           VKHLLGKQLL KDKSIRCSNW SKFPLTEDQK LYAATDAYAG FIIYRNLEIL DDTVQRFAIN
           KEEEILLSDM NKQLTSISEE VMDLAKHLPH AFSKLENPRR VSILLKDISE NLYSLRRMII
           GSTNIETELR PSNNLNLLSF EDSTTGGVQQ KQIREHEVLI HVADETWDPT LDHLAKHDGE
           GVLGNKVERK EDGFEDGVED NKLKENMERA CLMSLDITEH ELQILEQQAQ EEYLSDTAYK
           STEHLSPNND ENDTSYVIES DEDLEMEMLK SLENLNSGTV EPTHSKCLKM ERNLGLLTKE
           EDDENEANGE EDDDKDFLLP APNEEQVTCL KMYFGHSSFK PVQWKVIHSV LEERRDNVAV
           MATGYGKSLC FQYPPVYVGK IGLVISPLIS LMEDQVLQLK MSNIPACFLG SAQSENVLTD
           IKLGKYRIVY VTPEYCSGNM GLLQQLEADI GITLIAVDEA HCISEWGHDF RNSFRKLGSL
           KTALPMVPIV ALTATASSSI REDIVRCLNL RNPQITCTGF DRPNLYLEVR RKTGNILQDL
           QPFLV-KTSS HWEFEGPTII YCPSRKMTQQ VTGELRKLNL SCGTYHAGMS FNTRKDIHHR
           FVRDEIQCVI ATIAFGMGIN KADIRQVIHY GAPKDMESYY QEIGRAGRDG LQSSCHVLWA
           PADINLNRHL LTEIRNEKFR LYKLKMTAKM EKYLHSSRCR RQIILSHFED KQVQKASLGI
           MGTEKCCDNC RSRLDHCYSM DDSEDTSWDF GPQAFKLLSA VDILGEKFGI GLPILFLRGS
           NSQRLADQYR RHSLFGTGKD QTESWWKAFS RQLITEGFLE EVSRYNKFMK ICILTKEGRN
           WLHKANTES- QSLILQANEE LCPKKFLLPS SKTVSSGTKE HCYNQVPVEL TTEKKSNLEK
           LYSYKPCDKI SSGSNISKKS IMVQSPEKAY SSSEPIISAQ EQETQIVLYG KLVEARQKHA
           NKMDVPPAIL ATNKILVDMA KMRPTTVENV KRIDGVSEGK AAMLAPLLEV IKHFCQTNSV
           QTDLFSSTKP QEEQKTSLVA KNKICTLSQS MAITYSLFQE KKMPLKSIAE SRILPLMTIG
           MHLSQAVKAG CPLDLERAGL TPEVQKIIAD VIRNPPVNSD MSKISLIRML VPENIDTYLI
           HMAIEILKHG PDSGL--QPS CDVNKRRCFP GSEEICSSSK RSKEEVGINT ETSSAERKRR
           LPVWFAKGS- ---DTSKKLM DKTKRGGLFS X
Homo       MSEKKLETTA QQRKCPEWMN VQNKRCAVEE RKACVRKSVF EDDLPFLEFT GSIVYSYDAS
           DCSFLSEDIS MSLSDGDVVG FDMEWPPLYN RGKLGKVALI QLCVSESKCY LFHVSSMSVF
           PQGLKMLLEN KAVKKAGVGI EGDQWKLLRD FDIKLKNFVE LTDVANKKLK CTETWSLNSL
           VKHLLGKQLL KDKSIRCSNW SKFPLTEDQK LYAATDAYAG FIIYRNLEIL DDTVQRFAIN
           KEEEILLSDM NKQLTSISEE VMDLAKHLPH AFSKLENPRR VSILLKDISE NLYSLRRMII
           GSTNIETELR PSNNLNLLSF EDSTTGGVQQ KQIREHEVLI HVEDETWDPT LDHLAKHDGE
           DVLGNKVERK EDGFEDGVED NKLKENMERA CLMSLDITEH ELQILEQQSQ EEYLSDIAYK
           STEHLSPNDN ENDTSYVIES DEDLEMEMLK SLENLNSGTV EPTHSKCLKM ERNLGLPTKE
           EDDENEANGE EDDDKDFLWP APNEEQVTCL KMYFGHSSFK PVQWKVIHSV LEERRDNVAV
           MATGYGKSLC FQYPPVYVGK IGLVISPLIS LMEDQVLQLK MSNIPACFLG SAQSENVLTD
           IKLGKYRIVY VTPEYCSGNM GLLQQLEADI GITLIAVDEA HCISEWGHDF RDSFRKLGSL
           KTALPMVPIV ALTATASSSI REDIVRCLNL RNPQITCTGF DRPNLYLEVR RKTGNILQDL
           QPFLV-KTSS HWEFEGPTII YCPSRKMTQQ VTGELRKLNL SCGTYHAGMS FSTRKDIHHR
           FVRDEIQCVI ATIAFGMGIN KADIRQVIHY GAPKDMESYY QEIGRAGRDG LQSSCHVLWA
           PADINLNRHL LTEIRNEKFR LYKLKMMAKM EKYLHSSRCR RQIILSHFED KQVQKASLGI
           MGTEKCCDNC RSRLDHCYSM DDSEDTSWDF GPQAFKLLSA VDILGEKFGI GLPILFLRGS
           NSQRLADQYR RHSLFGTGKD QTESWWKAFS RQLITEGFLV EVSRYNKFMK ICALTKKGRN
           WLHKANTES- QSLILQANEE LCPKKLLLPS SKTVSSGTKE HCYNQVPVEL STEKKSNLEK
           LYSYKPCDKI SSGSNISKKS IMVQSPEKAY SSSQPVISAQ EQETQIVLYG KLVEARQKHA
           NKMDVPPAIL ATNKILVDMA KMRPTTVENV KRIDGVSEGK AAMLAPLLEV IKHFCQTNSV
           QTDLFSSTKP QEEQKTSLVA KNKICTLSQS MAITYSLFQE KKMPLKSIAE SRILPLMTIG
           MHLSQAVKAG CPLDLERAGL TPEVQKIIAD VIRNPPVNSD MSKISLIRML VPENIDTYLI
           HMAIEILKHG PDSGL--QPS CDVNKRRCFP GSEEICSSSK RSKEEVGINT ETSSAERKRR
           LPVWFAKGS- ---DTSKKLM DKTKRGGLFS X
Callithrix MNEKKLETTP RQWKCPEWMS VQNKRCAVEE RKACVQKSVF EDDLPFLEFA GSIVYSYEAS
           DCSFLSEDIS MSLSDGEMVG FDMEWPPVYN KGKLGKVALI QLCVSESKCY LFHISSMSVF
           PQGLKMLLEN KAIKKAGVGI EGDQWKLLRD FDVKLENFVE LTDVANKKLK CKETWSLNGL
           VKHLLGKQLL KDKSIRCSNW SKFPLTEDQK LYAATDAYAG FVIYRKLEIM DDAVQIFTIN
           KEEEIQLSDM KKQLTSISEE VMDLAKHLPD TFSKLENPRR VSTLLKDISE NLYSLRKMIF
           TSTNMETELR PSRNLNSFSF EDSTAGAVQQ KQIREHTNFI NIEDETWDPT LDHLAEHDGE
           DGLGNKVKQK EDGFEDGAED NKLKENMERA CLMSLDITEH ELQILEQQAQ EEYLSNTAYK
           STEHLSPNDN ENDTSYVIES DEDLEMEMLK SLENLNSGTV EPTHSKCLEM ERNLSLSTK-
           -DVGNQVFTT LDLVQDSLLP APNAEQITCL KTYFGHSSFK PVQWKVIHSV LEERRDNVAV
           MATGYGKSLC FQYPPVYVGK IGLVISPLIS LMEDQVLQLR MSNIPACFLG SAQSENVLRD
           VKLGKYQIVY ITPEYCSGNL SLLQQLEANI GITLIAVDEA HCISEWGHDF RNSFRELGSL
           KTALPLVPIV AVTATASSSI RKDIVCCLNL KNPQITCTGF DRPNLYLEVG RKTGNILQDL
           KPFLVRKTNT RWEFEGPTII YCPSRKMTEQ VTDELRKLKL SCGTYHAGMS FSKRTDTHHR
           FMRDEIQCVI ATIAFGMGIN KADIRQVIHY GAPKEMESYY QEIGRAGRDG LQSSCHVLWA
           PADINLNRLL LTEIHDEMFR LYKLKMMSKM EKYLHSSRCR RRIILSHFED KQVQKASLGI
           MGTEKCCDNC RSRLGHCYSM DDSEDTSWDF GPQAFQLLSA VDILGEKFGI GLPILFLRGS
           NSQRLADQYR RHSLFGTGKD QTESWWKAFS RQLIVEGFLV DVSGHNKFVK ICMLTEKGRQ
           WLQKAKTSGS QSLVLQANEE LCPKKFLLPS SSTVSSDTKQ CSYNQVPVEL TAEKKSNLEK
           LYSYKPCDKI SSGSNISKKS IMVQSLETFH SASEPVISAQ EQETQTVLYG KLVEARQKQA
           NKMDVPPAIL ATNKILVDMA KMRPTTVAYV KRIDGVSEGK AAMLAPLLEV IKHFCQTNSV
           QTDLFSTTKP QEEQKMSLVA KNKICTLSQS MAITYSLFQE KKMPLKSIAE SRILPLMTVG
           MHLSQAVRAG CPLDLERAGL TPEVQKIIAD VIRNPPINSD MSKINQIRML VPENIDTYLI
           HMAIEILKHG PDGGL--QPS CDSSLRRCFP SSEEVCSTSE RSREEVGINT KTSPAERKRK
           LPAWFARES- ---DTSKKLM AKTKNRGLFS X
Macaca     ---------- ---------- ---------- ---------- ---------- ----------
           ---------- ---------- ---------- ---------- ---------- ----------
           ---------- ---------- ---------- ---------- --------LK CTETWSLSGL
           VKHLLGKQLL KDKSIRCSNW SKFPLTEDQK LYAATDAYAG FIIYRNLEIL DDAVQRFAIN
           KEEEILLSDM NKQLTSISEE VMDLAKHLPD AFSKLENPQR VSILLKDISE NLYSLRKMII
           GSTNIETELR PSNNLNLLSF EDSTTGGVQQ KQIGEHKIFI NVEDETWDPT LDHLAKHGGE
           DVLGNKVERK EDGFEEGVED NKLKENVERA CLMSLDITEH ELQILEQQAQ EKYLSDIAYK
           STEHLSPTNN ENDTSYVIES DEDLEMEMLK SLENLNSGTV EPTHSKCLDM ERNLGLPTKE
           EDDENEANEE EDDDKDSLLP APNEEQVTCL KMYFGHSSFK PVQWKVIHSV LEERRDNVAV
           MATGYGKSLC FQYPPVYVGK IGLVISPLIS LMEDQVLQLK MSNIPTCFLG SAQSENVLTD
           IKLGKYRIVY ITPEYCSGNI GLLQQLEADI GITLIAVDEA HCISEWGHDF RNSFRKLGSL
           KTALPMVPIV ALTATATSSI REDIVRCLNL RNPQIICTGF DRPNLYLEVR RKTGNILQDL
           QPFLVKTTSS HWEFEGPTII YCPSRKMTEQ VTAELRKLNL SCETYHAGMS FSRRKDVHHK
           FVRDEIQCVI ATIAFGMGIN KADIRQVIHY GAPKEMESYY QEIGRAGRDG LQSSCHILWA
           PADINLNRHL LTEIRNEKFR LYKLKMMAKM EKYLHSSRCR RQIILSHFED KQVQKASLGI
           TGTEKCCDNC RSRLGHCYSM DDSEDTSWDF GPQAFQLLSA VDILGGKFGI GLPILFLRGS
           NSQRLADQYR KHSLFGTGKD QTESWWKAFS RQLIIEGFLV EVSGSNKFIK ICTLTEKGRN
           WLHKANRES- QSLILQANEE LCPKKFLLPS SRTVSSGTKE HSYNQVPVEL TAEKKSNLEK
           LYSYKPCDKV SSGSNISKKS IMVQAPEKSY SSSEPVISAQ EQETQTVLYG KLVEARQKHA
           NKMDVPPAIL ATNKILVDMA KMRPTTVENI KRIDGVSEGK AAMLAPLLEV IKHFCQTNSV
           QTDLFSSTEP QEEQKMSLVA KNKICTLSQS MAITYSLFQE KKMPLKSIAE SRILPLMTIG
           MHLSQAVKAG CPLHLERAGL TPEVQKIIAD VIQNPPINSD MSKINLIRML VPENIDTYLI
           HMAIAILKHG TDSRL--QPS CDVNKRRYFP SSEEISSSSK RSKEEVGINT KLSSAERKRR
           LPMWFAKGS- ---HTSKKLM DKTKRGGLFS X
Ictidomys  MNEKDLETNP QQRKFPKWMT MQNKKCAVEE RKACILKSVF EDDLPFLEFT GSIIYSYEAS
           DCSFLSEDIC MNLSDGDVIG FDMEWPPVYS KGKLSRVALI QLCVSESKCY LFHISSMAVF
           PQGLKMLLEN KAIKKAGVGI EGDQWKLLRD FDIKLKSFVE LTDVANEKLK CIETWSLNGL
           VKHLLGKQLL KDKSIRCSNW SNFPLTEDQK LYAATDAYAG LIIYRKLEIL DSAMHMFAPN
           KEEKISPGEV KKQLTSISEE MMYLAKHFPD SCRKLENSQR VSIILKDISE NLCSLKKMIF
           GSSNTETELR PSSSFDLLSL EDSVVGRHQQ KQIREHKILT --KDEPWDIT LDNLVKHDGK
           DVLGNEVKQ- EDGFKDGIED NKLKENTERT CLMSLDITDQ ELEILEQQAQ EESLSDVSYL
           SAEHLSPTDN EKDSSYLIES DEDLEMEMLK SLENLNSGMV EPIHSKCLEM ERNLRLSTEE
           DDDKNEAIEE EEDEDDLLLP EPNEKHIVCL KTYFGHNNFK PVQWKVIHSV LEERRDNVVV
           MATGYGKSLC FQYPPVYIGK IGIVISPLIS LMEDQVLQLE MSKVPSCFLG SAQSKNVLED
           VKLGKYQIVY MTPEFCSGNL DLLRQLEANI GITLIAVDEA HCISEWGHDF RSSFRMLSSL
           KATLPMVPII ALTATASSSI REDIVRCLKL NNPQITCTSF DRPNLYLEVG RKTGNILQDL
           KPFLVKKTSS DWEFEGPTII YCPSRKMTEQ VTAELKKLKL TCGTYHAGMS FNIRKDVHHR
           FMRDEIQCVI ATIAFGMGIN KADIRRVIHY GAPKEMESYY QEIGRAGRDG LQSSCHVLWA
           PADFNLNRNC LTEIRNEKFR LYKLKMMAKM EKYLHSRRCR RQIILSHFED KQLRKASMGI
           MGTEKCCDNC RFRLSHCDSN NDSDDTSQDF GPQAFQLLSA VGILEEKFGI GVPILFLRGS
           SSQRIANKYR SHSFFGTGKD QTENWWKALS RHLITEGFLV EVPGHNKFAK ICTLTKKGRN
           WLDRSNAESP QSLMLQADEE LCPRKFLRPS SKTVSSGTEP HSSNQIPIEL TAEKQSNLER
           RCSSKALANI SSGSNIPKKS IMVHSSEKSY SFSDPVLLAQ EQENQIMLYR KLVEARQRHA
           NIMDVPPAIL ATNKILLDMA KMRPTTVENV KQIDGVSEGK ATVLAPLLEV IKQFCIENSI
           QTDFFSNIIP QEEQKKSLEV KNEKCSLSQS VACTYSLFQE KKMSLISIAE KRILPLTAIG
           MHLAQAVKAG YPLDMERAGL TPEVQKIIVD VIRNPPVNSD INKIKLIRML VPENIDTYLI
           HMAIEILENN HDSRPLFQPS CDSNKKRCFP NSEETCLSSK RNKEEVSTST KASSEASKRK
           LPEWFAKRSE TSSATSNKSM TKTIKKGLFS X
Oryctolagu MNEKRLETAA EQRKFPKWMS VESKRCAIEE TKASTRKSVL EDDLPFLEFT GSIVYSYDSS
           DCSFLSEDIS MSLSDGDVVG FDMEWPPVYT KGKSSRVALI QLCVSESKCY LFHISSMSVF
           PQGLKMLLEN KAIKKAGIGI EGDQWKLLRD FDIKLKSFVE LTDVANEKLK CAETWSLNGL
           VKHLLGKQLL KDKSIRCSNW SNFPLTEDQK LYAATDAYAG LIIYRKLEIL GDAVQMFAIS
           EGEEILPSDM KKQLTSISEE VMDLANQLPD TLRKLENPQR ISILLKAISE NVYSLRKMLF
           GSTDMNTELG PSSDFNLPSS DDST------ -QIIEHKI-- -DNDERRGAT HYNLVTRNAE
           DIFGNETKQ- EDGFEDGIE- NTSKENMERF CLMSLDITEY ELQMLEQQAQ EKAVSDVPNT
           SAEHLSPKDN ENDSSYIIES DEDLELEMLK SLENLNSGMV EPMHSKCLEV ERHVDLPAEE
           DEDENEALEE EGDDEDHLLP EPNAKQVICL KTYFGHFSFK PVQWKVIHSV LEERRDNVVV
           MATGYGKSLC FQYPPVYVGK IGVVICPLIS LMEDQVLQLE MSNIPACFLG SAQSKNVLED
           IKLGKYCIVY MTPEFCSGNL DLLQQLDASI GITLIAVDEA HCISEWGHDF RSSFRSLGSL
           KTALPLVPIV ALTATASSSV REDIVRCLKL SNPQITCTSF DRPNLYLEVG PKTGNILQDL
           KQFLVKKTSS DWEFEGPTII YCPSRKMTEQ VTAELRKLNV ACGTYHAGMS CSRRKEVHHS
           FMRDDIQCVI ATIAFGMGIN KADIRKVIHY GTPKEMESYY QEIGRAGRDG LQSSCHLLWA
           AADSNLNRHL LMEIRDEKFR LYKLQMLTKM EKYLHSSRCR RQIILSHFED KQLRKASLGI
           MGTEKCCDNC RSRLGHSHPV DASDETSQDF GPQAFQLLSA VAILGQKFGI GVPILFLRGS
           SSQRVADKYR SHSFFGIGKD QTESWWKAFS RLLINEGFLV EVPGSSKFVK ICTLTKKGRV
           WLDTARGESP QRLVLPAS-D LCPRTCPLPS SKTASSGSE- HSASHMPIEL TAEKKYNLEK
           MYSYKAVDKI SSGSNILQKS IMLQSPGKSY SFSEPVISAQ EQETQTVLYG KLVEARQKHA
           NKMDVPPAIL ATNKILIDMA KMRPTTVENV KRIDGVSEGK AAMLAPLLEV IKHFCQVNSV
           ETDLFPTAKP QEEQKESVVA RNKKCSLSQS AAITYSLFQE KKMSVESIAE NRILPLTAVG
           MHLSQAVRAG CPLDMERAGL TLEVRKIIAD VIRNPPVNSD MSKVKLIRTL VPENIDTYLI
           HMAIDILEND HDSRPSHRTV CDSSKKRCFP SAEESCSDSK RSKEETGTNT KTSTETSKRV
           LPKWFAK--- TVSDTSKKPV AKTKKEGLFS X
Cavia      MNEKKLETTS QQRKFPKWMS VPNKGCTPKG KEPCIQKSIF EDDLSFLEFT GSIVYSYEAS
           DCSFLSQDIS MRLSPGDVIG FDMEWPPTYS KGKLSRVALI QLCVSESKCY LFHISSMSVF
           PQGLKMLLEN EAIKKAGVGI EGDQWKLLRD FDIKLKSFVE LTDVANQKLK STEIWSLNGL
           VKHLFGKQLL KDKSVRCSNW SNFPLSEDQK LYAATDAYAG LIIYQKLESL SDAVQRFDTN
           KGEEILPSEI MKQLTAISRE VMDLVEHFPD TYRKLENPQR VPIILKNISE NLYSLRKMIF
           ASADAEPELR SHKNVHLLSL EDSTGDGQQQ EQTRKQNSFT KVKAETRDTT FDSLIKHSGE
           DVLGNAVKQE DDGFEDGIND RELKEDMERA CLMSLDITEY DLQMLEQQAQ ETHSRNVSFQ
           SAEHLSLNDN EQESSYIIES DEDLEMEMLK SLENLNSDAA ETDHSKCSET ERNACFPVEA
           DEDKNESIEE EEGEEDHFLP EPNAKQVTCL KTYFGHHNFK PVQWKVIYSV LEERRDNVVV
           MATGYGKSLC FQYPPVYLGK IGIVVSPLIS LMEDQVLQLE MSNIPACFLG SAQSNNVLED
           AKLKKFSSYW PCDNYNNGSS TLLQVVHKDI GIALIAVDEA HCISEWGHDF RSSFRTLGSL
           KTALPLVPIV ALTATASSSI QEDIIRCLKL NNPQITCTSF DRPNLYLEVG RKTGNILQDL
           QPFLVKRTNS EWEFEGPTII YCPSRKMTEQ VTAELRKLNL ACETYHAGMS SGTRKDVHHR
           FMRDEIQCII ATIAFGMGIN KPDIRKIIHY GAPKEMESYY QEVGRAGRDG LPSSCHVLWA
           PADINLNRYR FFEIHNEKFR LYKLKMVAKM EKYLHSNRCR RQIILSHFED KKLQKVSLDI
           MGTEKCCDNC RSRRNHCHSI SDSDDTSQDL GPQAFLLLSA VDILQEKFGI GIPILFLRGS
           SSQRLPDKYR RHSLFGAGKD QTESWWKAFA RHLMTEGFLA EVPGSSRFIK TCTLTVKGRN
           WLVKASTESP QRLILEASEE LCPKKFLLPS SHTVSSGIEH HPSNQIPIRL TAEKQSNLEK
           MFSYKANDKI SSGISIPKKS IMTQLPGNTY GSSGAVISAQ EQKTQTVLYG KLVEARQKHA
           NKRDVPPAIL ATNKLLVDMA KMRPTTVENL KLIDGVSEGK ATMLAPLLEV IKHFCQENSV
           QTDLFSSTKP QEEQKKSPEV NHEKCSFSQS VAVTYSLFQE KKMSLDSVAK NRTLPLTVVG
           QHLAQVVKAG YSLDMERSGL TPEVQKIITA VIQNPPVNSD MSKIKLIRML VPENIDTYLI
           HMVIAILESD RDHTLLCQPS FDSSKKRCFP NSEESSSGSK RSKEEVGTNS KISSADSKRN
           LPEWFTKGNN TINDNSKKP- ------GLFS X
Myotis     -----LETL- QQRKLPDWMS MQNKRCAVEE VKASVQKSVF EDDLPYLEFT GSIVYSYEPN
           DCSFLSEDIS MSLSDGDVVG FDMEWPPVYS KGKLSRVALI QLCVSESKCY LFHISSMSVF
           PQGLKMLLEN EAIKKVGVGI EGDQWKLLRD FDIKLKSFVE LTDVANEKLR STETWSLNGL
           VKHLFGKQLL KDKSIRCSNW KNYPLTEVQK LYAATDAYAG FIIYQKLQIL GDAVQLFSIN
           KEEEILPSDV KKQLTSISEE MMDLAKHLPD TFRKLENPQR VSILLKDISE NLHSLRKVIL
           GS--PETEPR SSINFKLLSF EDP-AGGVQQ RQ-------- ---EETWDTT FDNLITQDGE
           NVLGNEVKQ- ----EDGLEH NKLNENPEGG CLMSLDITEY ELQLLEQQAQ EKNLSDVTCK
           SPEDLSSKDN EEDTSYIIES DEDLEMEMLK SLENLNSRTV DPIHSKCMDV ESNLNVPCKE
           DEDEDEAIEE EEENEDHSIP GPNEKQVICL KTYFGHSSFK PVQWKVIHSV LEERRDNVVV
           MATGYGKSLC FQYPPVYVGG IGLVISPLIS LMEDQVLQLR MSNISACFLG SAQSQNVLKD
           VKLGKYRIVY LTPEFCSGNL YLLQQLQADI GITLIAVDEA HCISEWGHDF RNSFRELGSL
           KAAFPLVPIV ALTATASSSI REDIVRCLNL KNPQITCTGF DRPNLYLEVG QKTGNILQDL
           KQFLVQKTSS AWEFEGPTII YCPSRKMTEQ VTVELRKLNL ACGTYHAGMN NSSRKEVHHK
           FMRDEIQCVV ATIAFGMGIN KADVRKVIHY GAPKEMESYY QEIGRAGRDG LQSSCHLLWA
           PADICLNRHR LNEIHNEKFR LYKLKMMAKM EKYLHSSRCR RQLILSHFED KQLRKASLGI
           MGTEKCCDNC KFSLYNCLSI DDSDDRPQDF GLQAFQLLSA VNILGEMFGV GVPILFLQGS
           NSQRLPDRYR RHKLFGSGKD QTRSWWRAFS YHLMTEGFLA EVSGRNKYVK ICTLTEKGRN
           WLHKANSSSP QQLILQVNEE LCPRKIHLPS SKTVSPGTEQ HSSHQVPTDL TAEKKSNLKK
           MYSYKALDKI SSGSNIPTKS IMVPSPGKSY KSSEPVISAQ EQETQTVLYG KLLEARQKLA
           NNLDIPPAIL ATNKILLDMA KMRPTTVENV KRINGVSEGK ATMLAPLLEV IKQFCQVNSV
           QTDLFSSTNP PEEQKKSLVA KDKECSLPPS TAITYSLFQE KKMSLKSVAE NRILPLAAVG
           IHLSQAVKAG YPVDMERAGL TPEVQKIITD VIRNPPINSA LNKIKLIRMF VPENIDTYLI
           HMAIEILEKD CDNRLLCQPS CDSNKKRCFP NSEASCSSPK RSKEEVGPDT KTSPKTSQRK
           LPEWFAKGNE TLPVTSKKSM AKTKKKGLFS X
Tursiops   MNEQTLETT- QQRKLPEWMS TQ-KTYSVEE RKASIQKSVL EDDLPFLEFS GSIVYSYEAN
           DCSFLSEDIS MSVSDGDVVG FDMEWPPIYS KGKLSRVALI QLCVSESKCY LFHISSMSVF
           PQGLKMLLEN EAIKKVGVGI EGDQWKLLRD FDIKLKSFVE LTDVANEKLK CTETWSLSGL
           VKHLFGKQLL KDKSIRCSNW SKFPLTEDQK LYAATDAY?? ?????????? ??????????
           ??EEVLPSDV KKQLTSVSEE MIDLAKHLPD TFEKLEDPQR VSVLLKDISE NLYSLRKMIL
           GS--TENELR PSSNFHLLPL EEPTAGEVQQ KQIREHKIFT EVTDEAWDTT PDNLIKHDGE
           NVLANEVKQE EDGFEDELED NKLEETPERV CIMSLDITED ELQRLEQQAQ EKHLGDVTCK
           SPEFLSSKDN EEDISYVIES DEDLEMEMLK SLENLNSSTV DPNHSKCIEM ERNLGLPSEE
           DEDENEAIEE EVVDE????? ?????????? ?????????? ?VQWKVIHSV LEERRDNVVV
           MATGYGKSLC FQYPPVYVGG IGLVISPLIS LMEDQVLQLE MSNIPACFLG SAQSKNVLED
           IK-GKYRIVY ITPEFCSSNL DLLQQLQANI GITLIAVDEA HCISEWGHDF RSSFRTLGSI
           KEVLPSVPIV ALTATASSSI REDIVRCLKL TDPHITCTGF DRPNLYLEVG RKTGNILQDL
           KQFLVQKTSS AWEFEGPAII YCPSRRMTER VTAELKKLKL ACGTYHAGLS IKLRRQVHHR
           FMRDEIQCVI ATIAFGMGIN KADIRQVIHY GAPKEMESYY QEIGRAGRDG LQSSCHVLWA
           PGDFNTNRRL LSEICNEKFR LYKLKMMAKM DKYLNSRMCR RQLILSHFED KQLRKASVGI
           MGTENCCDNC RSRLDRCFSI DDSDDMSQDF GPQAFQLLSA VTILGEKFGI GVPILFLRGS
           NSQRLEDKYR SHNFFGTGKD HTENWWKVFS HQLITEGFLV EVPGQSKFVK ICILTEKGRN
           WLAKAKTESP QSLILQANEE LCPKEFFLPS AKAVSSGTEQ HSSNQVPIEL TSEP--SLYK
           MYSYKARDKI SSGSNIPEKS IMVPSPGKYY KSSEPVISAK KQETQTTLYG KLVEARQKHA
           NKMNVPPAIL ATNKILVDMA QMRPTTVENV KRIDGVSEGK ATMLAPLLEV IKHFCQINSL
           QTDLFSSTKP QEEQKKSLVV KNKASSLSQS AAITYSLFQE KKMCL----- ----------
           ---------- ---------- ---------- -------NSD TNKIKLIRMY VPENIDTYLI
           YMATEILEKG CENRMLCQSS CDSSKKRCFP NSEESCSNSK RKKEEVGTNT KTSSETSKRK
           LPEWFAK-NE TLPDASKKST AKTKKKGLFS X
Canis      MNEKKLERTP QPRKLPEWMS MQNETCTAVE TKASIQKSVF EDDLSFLEFT GSIVYSYEAS
           DCSFLSEDIS MNLSTGGVVG FDMEWPPVYT KRKPSRVALI QLCVSENKCY LFHISSMSVF
           PQGLKMLLEN EAIKKAGVGI KGDQRKLLCD FDIDLKNFVE LTDVANEKLK CTETWSLNGL
           VKHLFGKQLL KDRSIRCSNW GDFPLTEDQK LYAATDAYAG LIIYQKLEIL GNAVERFAIN
           KEEEILPIDV KKQLTSISEE MMDLAKHLPD ALKKLEDPQR VSLLLSAISE NLYSLRKMII
           GS--PEAELR HSTNVHLLSL GDPTADEVQQ KQIREHKFFP KVKDETWDTT FDNLIKHDEG
           TEPQNKVKQK EDGLEDGLVG NKLKTNTERI CLMSLDITEH ELQILEQQAQ EKFLNDVTCK
           SPEHLSSKDN EEDLSYVIES DEDLEKEMIK SLENLNTGMA DPIHSKCIKM EGNLDVPFED
           DEDEIEAIEE DDNVEDYSLP RPNARQINFL KIYFGHSSFK PVQWKVIHSV LEERRDNVVV
           MATGYGKSLC FQYPPVYSGR IGLVISPLIS LMEDQVLQLK MSNIPACFLG SAQSKNVLED
           IKLGKYRIVY ITPEFCSGNL FLLQQLQADI GITLIAVDEA HCISEWGHDF RSSFRTLGSL
           KAILPSVPIV ALTATASSSI REDIVRCLNL KNPQITCTGF DRPNLYLEVR RKTGSILQDL
           DQFLVQKTSS IWEFEGPTII YCPSRKTTEQ VTAELRKLKL ACGAYHAGLD IKSRREIHHR
           FMRDEIQCVV ATIAFGMGIN KADIRKVIHY GAPKEMESYY QEIGRAGRDG LQSSCHVLWA
           PADICLNRHR LSEITSEKFR LYKLKMMAKM EKYLHSTRCR RQLILSHFED KQLRKASVGI
           MGTEQCCDNC RSRLDQCSSI DDSDDASQDF GPQTFQLLSA VKILGEKFGI GLPILFLQGS
           NSQRLEDKYR RHSLFGTGKD QKESWWKALS RQLMAEGFLV EVPGRQKFIR ICTLTEKGRC
           WLHEANREFP KKLKLEANEE LCPRVFLLPS SKTVPPGAEQ HSSNRVPIEL TAEKK-NLEK
           MYSYKASDKI SSGSNIPEKS IIVHSPGKSY KSSEPVISAE EQETQTVLYG ILVEARQKHA
           GKMDVPPAIL ATNKILLEMA KMRPTTFENM KRINGVSEGK ATMLTPLLEV IKHFCQINNV
           QSDLFSSTKP WEEPRNSVVE ENETCSLSQS AAITYSLFQE KKMSLISLTE DRIMPLTAVG
           MHLTQAVKAG CPLDMERAGL TPEVQKIITD VIRNPPINSD INKIKLIRKL VPENIDTYLI
           HMVIEILEKD SDNRLLDGLS CASNRKRYFP NSEENCSSSK RSREEVGTNT KVSSITSKRK
           LPKWFAKDTE TLADTSRKSA AKAQKKGLFS X
Mustela    MNEKKLETTP QQRKLPEWMS GQNETCPAVE GKASVQKSVF EDDLPFLEYT GSIVYSYEAS
           DCSFLSEDIS TDLSTGGVVG FDMEWPPAYS KGKQSRVALI QLCVSESKCY LFHISSMSVF
           PQGLKMLLEN EAIKKAGVGI KGDQRKLLCD FDIDLKNFVE LTDVANEKLK CTEIWSLNGL
           VKHLFGKQLL KDRSIRCSNW NDFPLTEDQK LYAATDAYAG LIIYQKLEIL GDAVQRFAIN
           KEEEMLPSDV KKQLTSISGN MMDLAKHLPD TWKKVEDPQR ISVLLRDISE NLYSLRKMIL
           GS--AET--- ----VQLLPL EDPAADRVQQ KQIRKQKIFT EVEDDLWDTT LDNLIIHDEG
           NVLRNEVKQE EDGLEAGLEG NKLKENKERI CLMSLDITER DLQILEQQAQ EKFHNE-TCK
           SPE-----DK EEDLSYVIES DEDLEMEMIK SLENLNTGTA DPVHSKCRDM QRNPDVPFED
           DEDEIEAIEE EEEGADHSLP GPNASQINFL KIYFGHSSFK PVQWKVIHSV LEERRDNVVV
           MATGYGKSLC FQYPAVYSGR IGLVISPLIS LMEDQVLQLK MSNIPACFLG SAQSKNVLED
           IKSGKYRIVY LTPEFCSGNL SLLQQLQANI GITLIAVDEA HCISEWGHDF RISFRTLGSL
           KAILPSVPIV ALTATASSSI REDIVRCLNL KNPQITCTGF DRPNLYLEVG RKTGNIVQDL
           VQFLIRKTNT TWEFEGPTII YCPSRKMTEQ VTAELKKLNL ACGTYHAGLS VKSRREVHHS
           FMRDEIQCVI ATIAFGMGIN KADIRKVIHY GAPKEMESYY QEIGRAGRDG LQSSCHVLWA
           PADINLNRHR LSEIPNEKFR LYKLKMMAKM EKYLHSRRCR RKLILSHFED KQLRKASVGI
           MGTEKCCDNC RSRLDHCCAI DDSDETSKDF GPQAFQLLSA VEILGEKFGI GLPILFLQGS
           SSQRLPDQYR RHNLFGSGKN QTESWWKALS HQLMAEGFLV EVSGKRRFVR ICTLTEKGRC
           WLHEAGTESP KKLILQASEE LCPRVFLLPS SKTVPPGVEQ GSYNQVPAES TTDKK-NLEK
           MYSYKATDKI SSGRNIPKKS FMVHSPGKPH KSSEPVISAQ EQETETVLYG KLVEARQKQA
           SKMDVPPAIL ATNKILLDMA KMRPTTFENV KRIDGVSEGK ANMLTPLLEV IKDFCQINSI
           QTDLFSRTKP QEEQRNSVVA KNEACSLSQP MAITYYLFQE KKMSLISIAQ ERAMPVTTVG
           MHLTQALKAG CPLDMERAGL TLEVQKIIAD VIRNPPINSD INEVKLIRKL VPENIDTYLI
           HMALEILGKD CDNRLLDQLS CTSNRKRYFP NSEESCSSSK RSREEVGANT KPASVTSKRK
           LPEWFAKGRE TSADTSQKSM ARTKKKGLFS X
Felis      MNEKKLETTP QQRKLPEWMS MQNERCHAEE RKASVQRSIF EDVLPFLEFT GSIVYSYEAS
           DCSFLSEDIS MSLSFGDVVG FDMEWPPVYT PGKQGRVALI QLCVSESKCY LFHISSMAVF
           PQGLKMLLEN EAIKKAGVGI QGDQWKLLKD FDIKLKSFVE LTDVANDSIN CHEAKIMSSL
           VKNVIS---L K-------TW SNKPLSKQQM LYLKHAKNAG LIIYRKLENL SDAVQMFAIQ
           KEEEMLSSDV KKQLISVSED MMDLAKRLPD TLKKLEDPQR ISTLLNDISE NLYSWRKTVF
           GS--IETELR PSANFHLSPL ENPTADGVQQ KQIREHESFT KVKDETWDTT LD-IIKHDEE
           NVLGNEVKQR EDGLEDVLED NKLRENAERI CLHSLDITEY ELQILEQQAQ EKVVSDVTCK
           SPEDLFSKDN EEDVSYVIES DEDLELEMIK SLENLNSGTA DSIHSKGIKM DRNLGVPFED
           DEDEFETIKE EGDDEDHSLP GPNEMQINFL KKYFGHSSFK PVQWKVIHSV LEERRDNVVV
           MATGYGKSLC FQFPPVYVGK IGLVISPLIS LMEDQVLQLQ MSNIPACFLG SAQSKNVLED
           IKLGKYQIVY VTPEFCSGNL SLLQQLEANI GITLIAVDEA HCISEWGHDF RNSFRTLGSL
           KKALPTVPIV AVTATASSSI REDIIHCLKL KNPQITCTGF DRPNLYLEVG RKSGNILQDL
           KQFLVQKTSS TWEFEGPTII YCPSRKMTEE VTAELRKVKL ACGTYHAGMC VTARREVHHR
           FMRDEIQCVV ATIAFGMGIN KADIRKVIHY GAPKEMESYY QEIGRAGRDG LQSSCHVLWA
           PVDIQSNRNL LSQIPSEKFR LYKLNMVAKM ENYLLSRRCR RQIILSHFED KQLRKASVGI
           METEKCCDNC RSRLDRCFSI DDSDDTPQDF GPQAFQLLSA VNILGEKFGI GLPILFLRGS
           NSQRLADQYR RHDLFGNGKD HTENWWKALS RQLMTEGFLT EIPGSSKFIR ICTLTKKGRD
           WLDKAKTEFP KKLILQANEE LCLTEFPQPS SKTVSLGMQQ CSYTQEPTEL TAEKQSNLEK
           MYSYKASDKI SSGSNIPKRS IMVHSPGKSY KSSEPVISAE EQKTQTMLYS KLVEARQEHA
           NQKGVPPAIL ATNKILLDMA KDRPTTVENV KRIDGVSEGK ALMLAPLLEV IKHFCQKNSI
           QTDLFPNTKL QEKQGNSLVP KNGACSLSQS VAITYSLFQE KKMSLMRIAE NRILPLTAVG
           MHLSQAVRAG CPLDTERAGL TPEVQKIIAD VIRNPPINSD INKIKLIRAL VPKNIDTYLI
           HMAIEILEKD GDNRRLDQLS CDSTRKRCFP NSEESCSSSK RIKEEVGANT KISLVTSMRK
           LPEWFAKENE TSAETSKQSM AKTKKRGLFS X
Equus      MNEKQLKTSP PKRRLPEWMS MPSKRCAVEE RKASSQKSVF EDDLPFLEFT GSIVYSYEAS
           DCSFLSEDIS LSLSDGDVVG FDMEWPPIYN KRKLDRVALI QLCVSESKCY LFHISSMSVF
           PQGLKMLL-N KAIKKVGVGI EGDQW-LLRD FDIKLKSFVE LTDVANEKLK CAEIWSLNGL
           VKHLFGKQLL KDKSVRCSDW NNFPLTEDQK LYAATDAYAG FIIYRKLEIL GDAVQMFTIN
           REEELLFGDV RKQLTSVSEE MMDLAKRLPD TFRKLENPQR VSVLLKDISE NLDSLRKMIF
           GS--TETELK PSGNSNLLPL GDPTAGGVLQ KQIREHKIFT EVKDETWDTT LDNFIKHDGE
           NVLGNEVKRK DDEFEDELEA NKLKEETER- -IMSLDITEY ELQILEQQAQ EKNLSDVTYK
           SPEHVSSKDN EEDVSYIIES DEDLEMEMLK TLENLNTVTV DPIHSKGTEM EGNLDVPFED
           EEDESEAVEE EEDDEDRLLP GPNAEQVICL KTYFGHSSFK PVQWKVIHSV LEERRDNVVV
           MATGYGKSLC FQYPPVYVGG IAIVISPLIS LMEDQVLQLE MSNIPACFLG SAQSKNVLED
           VKLGKYRIVY ITPEFCSRNL YLLHQLQANI GITLIAVDEA HCISEWGHDF RNSFRNLGSL
           KTAFPLVPVV ALTATASSSI RDDIVRCLEL KNPRITCTGF DRPNLYLEVG QKTGNILQDL
           KQFLVQKTCS AWEFEGPTII YCLSRKMTEQ VTAELRKLQL ACGTYHAGMG SNSRKEVHHR
           FMRDEIQCVV ATIAFGMGIN KADIRKVIHY GAPKEMESYY QEIGRAGRDG LQSSCHLLWT
           PTDINLNRNR LSDIPDEKFR LYKLKMMEKM EKYLRSSKCR RQIILSHFED KQLRKASVGI
           MGTENCCDNC RFRLDHCFFI DDSDDAAQDF GPQALQLLSA VNILGEKFGI GVPILFLQGS
           NSKRLADKYR SHSFFGTGKD QTRAWWRALS RQLITEGFLV EVPGKEKFIK ICTLTKKGRN
           WLDKAKRGSP QRLILEANEE LRPRRFLLPS SKTVSSDTGQ HSSSQVPTEL TAENKANLEK
           MYSYKAFDKI SSGSNIPKKS VMLESPRKSY KSSEPVISAQ EQESQTLLYG ELVEARQKRA
           HNMDVPPAIL ATNKILLDMA KMRPTTVENV KRIDGVSEGK ATMLAPLLEV IKHFSQTNSI
           QTDLFPSTKP QEQQK-SPVV KDEARSLSHS VAVTYSLFQE KNMSLKSISE NRTLPLTAVG
           AHLLQALKAG YPLDMERAGL TPETHKIIAD VIRNPPVNSD INKTKLIRMF VPENIDTYLI
           YMAIEILRKD CDNRPLCQPS CDSNKKRCFP NSEDSCSRSK RSKDEVGTNT ----------
           ---------- ---------- ---------- -
Rattus     -----METTS LRRKFPEWMS TQNKSCATQE -KASIQKSVL EDDLPFLEFT GSVVYSYEAS
           DCSFLSEDIS MHLSDGDVVG FDMEWPPIYK QGKRSRVAVI QLCVSESKCY LFHISSMSVF
           PQGLKMLLEN KSIRKAGVGI EGDQWKLLRD FDVKLESFVE LTDVANRKLK CAETWSLNGL
           VKHVLGKQLL KDKSIRCSNW SDFPLSEDQK LYAATDAYAG LIIYQKLENL GDAVQVFALN
           KAEESLPMEM KKQLNSISEE MRDLANHFPV TCRNLETLQR VPMILENISE NLCSLRKVIC
           ASTDTGTKLE PGGGSHLLSS EGSAAVGEKE KQMGEHRTFP KIKEEAWDPE LDSLVKHEAV
           DVFRKQVKQE KGGFEDEMED SLLREVMERT CLMP-SISEY DLQDLEQQAK EEKHNAISHQ
           FSEHLSPDDD EKDSSYIIES DEDLEMEMLK SLENLNSDVG EPTHSKWLET GGSVNLPPEE
           DGDGKEAFEE EQEEEDHLLP EPNAKQINCL KTYFGHCSFK PVQWKVIHSV LEERRDNVVV
           MATGYGKSLC FQYPPVYTGK IGIVISPLIS LMEDQVLQLE MSNIPACLLG SAQPKNILGD
           IKLGRYRIIY ITPEFCSGNL DLLQQLDSNI GITLIAVDEA HCISEWGHDF RSSFRTLGSL
           KTALPLVPVI ALSATASSSI REDIIRCLNL KDPHITCTGF DRPNLYLEVE RKTGNILQDL
           KPFLVRKTSS AWEFEGPTII YCPSRKVTEQ VTVELGKLNV ACQAYHAGMK ISERKDIHHR
           FLRDEIQCVV ATIAFGMGIN KADIRKVIHY GAPKEMESYY QEIGRAGRDG LQSSCHLLWA
           PADFNTSRNR LIEIHNEKFR LHKLKMMVKM EKYLHSSRCR RQIILSHFED KRLQKASLAV
           MGTEKCCDNC RPRLNHCSSA NNSEDTAQDF GPQAFQLLSA VDILQEKFGI KIPILFLRGS
           NSQRLPEKYH NHRLFGAGKE QAESWWKALS HHLIAEGFLV EVPKQNKFIK TCSLTKKGRK
           WLGEAILQSP PSLVLQADEE AFSRKALLSS SNPVSSETKP HSSNQKPTGS STQQ-SNLEG
           AYSDKVPEKF SSGSNIPKKS VVMQSPGTSY SSWEPVISAQ EVDTRTVLYA RLVEARQKHA
           NEVDVPPAVL ATNKVLLDMA KMRPTTVENV KQIDGVSEGK AALLAPLTEV IKHFCQVNSV
           QTDLFASTKP QEDEEKSQEM ENKACSLPQS AAVTYALFQE KKMSLHSIAE NRLLPLTAVG
           MHLAQAVKAG HPLDMERAGL TPETRKIIMD VIRNPPINSD MYKVKLIRML VPENIDTYLI
           HMMIEILESG SHGRT--QPS CDSNRKRCLP SPAESCGSFK KSKEMV-TET KAPSEMSQRK
           LPEWFVKGNV PLAATGSSSM AKTKKKGLFS X
Mus        -----METTS LQRKFPEWMS MQSQRCATEE -KACVQKSVL EDNLPFLEFP GSIVYSYEAS
           DCSFLSEDIS MRLSDGDVVG FDMEWPPIYK PGKRSRVAVI QLCVSESKCY LFHISSMSVF
           PQGLKMLLEN KSIKKAGVGI EGDQWKLLRD FDVKLESFVE LTDVANEKLK CAETWSLNGL
           VKHVLGKQLL KDKSIRCSNW SNFPLTEDQK LYAATDAYAG LIIYQKLGNL GDTAQVFALN
           KAEENLPLEM KKQLNSISEE MRDLANRFPV TCRNLETLQR VPVILKSISE NLCSLRKVIC
           GPTNTETRLK PGSSFNLLSS EDSAAAGEKE KQIGKHSTFA KIKEEPWDPE LDSLVKQEEV
           DVFRNQVKQE KGESENEIED NLLREDMERT CVIP-SISEN ELQDLEQQAK EEKYNDVSHQ
           LSEHLSPNDD ENDSSYIIES DEDLEMEMLK SLENLNSDVV EPTHSTWLEM GTNGRLPPEE
           DGHGNEAIKE EQEEEDHLLP EPNAKQINCL KTYFGHSSFK PVQWKVIHSV LEERRDNVVV
           MATGYGKSLC FQYPPVYTGK IGIVISPLIS LMEDQVLQLE LSNVPACLLG SAQSKNILGD
           VKLGKYRVIY ITPEFCSGNL DLLQQLDSSI GITLIAVDEA HCISEWGHDF RSSFRMLGSL
           KTALPLVPVI ALSATASSSI REDIISCLNL KDPQITCTGF DRPNLYLEVG RKTGNILQDL
           KPFLVRKASS AWEFEGPTII YCPSRKMTEQ VTAELGKLNL ACRTYHAGMK ISERKDVHHR
           FLRDEIQCVV ATVAFGMGIN KADIRKVIHY GAPKEMESYY QEIGRAGRDG LQSSCHLLWA
           PADFNTSRNL LIEIHDEKFR LYKLKMMVKM EKYLHSSQCR RRIILSHFED KCLQKASLDI
           MGTEKCCDNC RPRLNHCLTA NNSEDASQDF GPQAFQLLSA VDILQEKFGI GIPILFLRGS
           NSQRLPDKYR GHRLFGAGKE QAESWWKTLS HHLIAEGFLV EVPKENKYIK TCSLTKKGRK
           WLGEASSQSP PSLLLQANEE MFPRKVLLPS SNPVSPETTQ HSSNQNPAGL TT-KQSNLER
           THSYKVPEKV SSGTNIPKKS AVMPSPGTSS SPLEPAISAQ ELDARTGLYA RLVEARQKHA
           NKMDVPPAIL ATNKVLLDMA KMRPTTVENM KQIDGVSEGK AALLAPLLEV IKHFCQVTSV
           QTDLLSSAKP HKEQEKSQEM EKKDCSLPQS VAVTYTLFQE KKMPLHSIAE NRLLPLTAAG
           MHLAQAVKAG YPLDMERAGL TPETWKIIMD VIRNPPINSD MYKVKLIRML VPENLDTYLI
           HMAIEILQSG SDSRT--QPP CDSSRKRRFP SSAESCESCK ESKEAV-TET KASSSESKRK
           LPEWFAKGNV PSADTGSSSM AKTKKKGLFS X
Tarsius    MNKKKLETSP QQQKFPEWMS LQNTRCAIEE RKASIQKSVL EDHLPFLEFP GSIVYSYEAS
           DCSFLSEDIS MSLSDGDVVG FDMEWPPVYT KGKLNRVALI QLCVSESKCY LFHISSMSAF
           PQGLKMLLEN TAIKKAGVGI EGDQWKLLHD FDIRLRSFVE LTDVANNK?? ??????????
           ?????????? ?????????? ?????????? ????????AG LIIYRNLETL GDAVQMLTIN
           KE------DI KKQLTSISEE VMDLAKHLPD TFRKLENPQR ISGLLKDVSE NLYLLRKMIL
           GTTKTETELG PSSNFNLLSL EDSTAGGVQQ KSIGEHTIFT LVKDETGDPT LDNLVKNDRE
           DVLGNEVEQK QDKFEDGIED NKLKENMERT CLMSLDITEY ELQVLEQQAQ EKFLSDATYK
           SAEHLSPKNN ESDTSYVIES DEDLEMEMLK SLENLNSATV DSTHSKGLEM ERNLDLPTEE
           DEDENDAIEE EEDDKDCLLP EPSAKQVTCL KTYFGHSSFK PVQWKVIHSV LEERRDNVVV
           MATGYGKSLC FQYPPVYVGK IGLVISPLIS LMEDQVLQLK MSNIPACFLG SAQPKNILDD
           IR-GKYLIVY MTPEFCSGNL GLLQELEASI GITLIAVDEA HCISEWGHDF RNSFRMLGSL
           RTVLPLVPVV ALTATASSSI REDIVRCLNL RNPQITCTSF DRPNLYLEVG RKTGNILQDL
           KQFLNKKTSS HWDFEGSTII YCPSRKMTEQ ITAELRKLNL SCGTYHAGMS FNTRKEIHHR
           FMRDEIQCVI ATIAFGMGIN KADIRKVIHY GAPKEMESYY QEIGRAGRDG LQSSCHVLWA
           PADFNLN??? ?????????? ?????????? ?????????? ?????????? ??????????
           ?????????? ???LGCCYSI DDSDDISQDF GPQAFQLLSA VSILGENFGI GVPILFLRGS
           NSQRLAHKYH SHNFFGTGKD QTESWWKSFS RQLITEGFLT EVPGHNKFAK ICTLTKKGRN
           WLGKANTESP PRLILQVNEE LCPKKPLLPS SKNVSPGTEQ QSPNQVPIEL TAEEKYNLEM
           MYSYKPCDKI SSGSSIPKKS IMVQSPGKSY PTSEPVISAQ EQETQTVLYG KLLEARQKHA
           NKLDIPPVIL ATNKILVDMA KMRPTTVEHV KWIDGVSEGK AAMLAPLLDV IKHFCQANSI
           QTDNFSSTKP QEEQNKSLVV ENKKCSISQS VAITYSLFQE KKMSLKSIAE SRILPLKAVG
           MHLFQAVKAG YPLDLERAGL TPEVQKIIAD VIRNPPISSD VRKIKPIRTL VPEDIDTYLI
           YMAIEILEND HHSQLLRQPS CDSN-KRCFP NSEESCSSSK RSKEEVGTNT QTSSETS-RI
           LPAWFAKGNE ALPDISKKSK DKTKNKGLFH X
Pteropus   MNEKRLETS- QQRKLPEWMS VENKRCAVEE RKAPIQKSVF EDDLPFLEFT GSIVYSYEPS
           DCSFLSEDIS MSLSDGDVVG FDMEWPPVYS KGKLSRVALI QLCVSESKCY LFHISSMPVF
           PQGLKMLLEN EAIKKVGVGI EGDQWKLLHD FDVKLKSFVE LTDVANEKLK CAETWSLNGL
           VKHLFGKQLL KDKSVRCSKW NDYPLTEDQK LYAATDAYAG LIIYQKLEIL DDDMQLFAIN
           KEEEILPSDV QKQLTSISEE MMDLAKHLPD TFRKLENPQR VSVILKDISE NIHSMRKMIF
           SST------K PSNNFNFLPL EDPTVGGVQQ KQIRKDEGFT DIKDETWDIT PDNLITHDEE
           NVLGNEVKQ- EDGFEDRLKD NKLKENIERT CLMSLDITEY ELQILEQQAQ EKNLSDVTCK
           SPE??????? ?????????? ?????????? SLENLNSVTV DPIHSKCIEM EGNLDISSKE
           DEDEDEAIEE EEEYEDHSIP EPDAKQVICL KTYFGHSNFK PVQWKVIYSV LKERRDNVVV
           MAT??????? ?????????? ?????????? ?????????? ?????????? ??????????
           ???GKYQIVY LTPEFCLGNF NLLQELEANI ?????????? ?????????? ??????????
           ??????VPIV ALTATASSSV REDIVRCLNL KDPQITCTGF DRPNLYLEVG RKTGNILQNL
           KQFLVRKTSS AWEFEGPTII YCPSRKMTER VTDELRKLKL TCGTYHAGMT INSRKAVHHR
           FMRDEIQCVV ATIAFGMGIN KADIRKVIHY GAPKEMESYY QEIGRAGRDG LQSSCHVLWA
           PADLNLNRYR LSEIQNEKFR LYKLKMLAKM EKYLHSSSCR RRIILSHFED KQLRKASSGI
           MGTEKCCDNC KSRLDHCYSI ADSDDSSQDF GPQAFQLLSA VNILGGMFGI AVPILFLRGS
           NSQRLPDKYR SHSFFGTGKD QTESWWKALF HHLLTEGFLV EHSGGSKFAK ICTLTNKGRS
           WLHKANTESP QRLILQANEE LCPRQFLLSR SITVSLGTEQ HSSNQVTIEL TAKDKSNLEK
           IYSYKTYDEI SSASDFPKKS IMLQSPGKSY NSSELVISSK EQETQTMLYG KLVESRQKYA
           SKMDVPPAIL ATNKILVDMA KIRPTTVENV KRIDGVSEGK AIMLAPLLEV IKHFCQVNSI
           QTDLFSSSKP QEEQKKSLEA KNTACPLSQS EAITYSLFQE KKMSMKSVAE NRILPLTEVG
           MHLLQAVKAG YPLDMERAGL TPEVQKIITD VIRNPPINSE LNKIKLIRMF VPENIDTYLI
           SMAIEILEKD CDNRLLCQPS CDSNKKRCFP NSEESCSSSK RSKEKVGPNT KTSSETSKRN
           LPAWFAKRNE IVADTSKKSM VKTKKKGLFS X
Procavia   MTDKTWGTTS QRRKLPEWMS VLNERNAVDE RKSSLQKSVL EDELPFLEFT GSVVYSYEAS
           DGSFLSEDIC MSVSDGAVMG FDMEWPPVYS NTKLGRVALI QLCVSDSKCY LFHISSMSVF
           PQGLKMLLEN EAIKKAGVGI EGDQWKLLRD FDIK?????? ????????LK CRETWSLNGL
           VKHLLGKQLL KDKSIRCSYW SNFPLTEDQK LYAATDAYAG LIIYRELEKL DDGVQIFSLH
           KEEKILPSNV KKQLTSISEE LMDLAKHLPD TFRKLENPQR VSILLKDISE NLCSLRKIIL
           GSANAVTDPR PRCDFNL--S EDPTAGVRRQ KEI-----FA NSEDEAGNIP LDDLIKHDGG
           NVLENEVKQ- EDGFED---- -KLKENSERI CLMSLDITEH ELQLLEQQAQ EENLYDVTYP
           SSE??????? ?????????? ?????????? ?????????? ?????????? ??????????
           ?????????? ??????HSVP APNAKHVTCL KTYFGHSSFK ?????????? ??????????
           ??TGYGKSLC FQYPPVYTGK IGIVVSPLIS LMEDQVRQL? ?????????? ??????????
           ???GKYRIVY LTPEFCSANL SLLRQLEGNI GITLIAVDEA HCISEWGHDF RNSFRTLKSL
           KAALPMVPVV ALTATASSSI REDITCCLQL QNPQITCTGF DRPNLYLEVV QKTGNILEDL
           KPFLIKKTNS SWDFEGPTII YCPSRKMTEQ VASELRKLKL ACGAYHAGMA IKARRDIHYR
           FMRDEIQCII GTIAFGMGVN KPDVRKVIHY GAPKEMESYY QEMGRAGRDG LQSSCHLLWA
           PADLNLN??? ?????????? ?????????? ?????????? ?????????? ??????????
           ?????????? ???LSHCFSI EDSDDVSQDF GPRAFQLLSA VDAFGGRFGI GVPILFLRGS
           TSQRIPAEYH SHRFFGTGKD QSESWWRAFS RHLIDEGFLV EVSGYQKFIK TCTLTKQGRS
           WLGKAQKGSP QPLILQASEE LCPKKFLLPS SKAVSSVTER YFSNQAPTEL TAEKKSDLEK
           TYCYKAHDKI SPGSNIPKKS ILVPSQGKYH KPTEPVISAQ EEESQTVLYG KLVEARQKHS
           SKMDIPPAIL ATNKILLDIA KIRPTTVENM KRIDGVSEGK ATLLTPLLEV IREFCQVNGL
           QADNFSSTKA QEEREKSLIL RNKECSLSQS MVITYCLFQE KKMSLKRIAE SRTLPLPTLG
           MHLAQALKAG YPLDVERAGL TPEVQKTVAE VVRNPPVSSD MNKMKLIRTL VPSNIDTYLI
           HMAITVLAKD -DSGVPGHLS CDSSRKRCVP NSEEDHLSSK RSKEEVGTNT QISVETSKRK
           LPEWFAKREK TLDVTGKKSA ANTKKKGLFS X
Echinops   ---------- ---------- ---------- ---SIQKSVF EDELPFLEFT GTIIYSYEAS
           DCSFLSEDIC MSLSDGDVIG FDMEWPPVYS KGKLGRVAVI QICVSESKCY LFHISSMSVF
           PQGLKLLLEN EAIKKVGVGI EGDQWKLLRD FDIKLKSFVE LTDVANEKLK STETWSLNGL
           VKHVLSKQLL KDKTIRCSNW SNFPLTADQQ LYAATDAYAG LMIFRKLEIW GGAVRMFAVN
           K????????? ?????????? ?????????? ?????????? ?????????? ??????????
           ?????????? ?????????? ?????????? ?????????? ?????????? ??????????
           ?????????? ?????????? ?????????? ?????????? ?????????? ??????????
           ???HLSSKNK EEGVSYVIES DEDLETEMVE VLENLNSDMV QPTHSNCLEM ERNLDLPTDE
           NEDENEDT-G EDDEE????? ?????????? ?????????? ?????????? ??????????
           ????YGKSLC FQYPPVYEGK IGIVISPLIS LMEDQVLQLE MSNIPACFLG SAQSKNVLED
           ???DKYRIVY ITPEFCSGNL DLLKQLEATI GITLIAVDEA HCISEWGHDF RNSFRALGSL
           KEALPLVPVI ALTATASSSI QEDIIHCLKL KNPQITCTGF DRPNLYLEVG RKTGNILQDL
           KQFLIKSASS AWEFEGPTII YCPSRKMTEQ VTAELRKLDL MCGTYHAGMG IKSRKEIHHR
           FMRDEIQCVI ATIAFGMGIN KADIRKVIHY GAPKEMESYY QEIGRAGRDG L-SKCHVLWG
           ????SLHSVL LSEIRNEKFR LYKLKMMAKM ERYLQASRCR RQIILSHFED KKLRKVSLDI
           MGTEKCCDNC RSRLSHGFSI EDSDETSQDF GPQAFRLLSA VDILGEKYGI GVPILFLRGS
           NSQRLEDEFR RHRFFGAGKD HPESWWKALA RHLIAEAFLA EVSGSRKFVK ICTLTKKGRN
           WLRKSSEASP LSLILQANEE LCPRKFLLPS FKTMSSATAQ YSSNQVPIEL TAEKKYDLEK
           MYSYKALNKK PSGDNFPKKS IMVPSPGKSS SPWEPVISAR EQEIQ????? ??????????
           ?????????? ?????????? ?????????? ?????????? ?????????? ??????????
           ?IDIFPSSKP QEGQK-SEGR KNAGLTLSPS VAITYSLFQE KKMSLKNIAE NRTLPLTTVG
           MHLSQAVKAD YPLDMERAGL TPEVQKIIAD VIRNPPVNSD RSKIKLIRTF VPANIDTHLI
           HMAVETLGRD GDSRKLSRLC CDCSDKRCFP DSAESCVLST RARKEEGTNT KTSAENSKRK
           LPEWLTKGHE SLANTSKKSK TKTKK-GLFS X
Macropus   MNENTVTRTL QARKLPEWMS EACEGCDSDQ RK---QRSVL EDGLPLLEFP GSIVYSYETS
           DCSFLAEDIR MSSSDGTVVG FDIEWPPPFW KGRSDRVALV QLCVSESKCY LFHVASMTVF
           PQGLKMLLEN EAVKKAGVGM -ADQWKLLRD FGIHLKGFVE LASVANEKLK CKETWSLDGL
           VKHLFRKRLL KEQSIRCSRW EDFPLTEDQK KYASIDAY?? ?????????? ??????????
           ?????????? ?????????? ?????????? ?????????? VTELLKSLSE DLGALRTALL
           GAPNLESPLR PPSD------ EDPAAGDEPR REVTGH---- -VGE--W--- ---AANDGGG
           NRTDDTVGLS TDGSEGGRED PRPQETRERV CLMSLDVTEY ELQMMEQQAR EE-MNEATYV
           SDQ??????? ?????????? ?????????? ?????????? ?????????? ??????????
           ?????????? ??????PSLP TPTTEQVTCL KTYFGHSSFK PMQWKVIHSV LEERRDNLVV
           MATGYGKSLC FQFPPVFVGG VGIVVSPLIS LMEDQVLQLK MSNVKACFLG SSQSENIIDR
           VKAGEYRVVY ITPEFCLANL DLLMRLNADP ?????????? ?????????? ??????????
           ??????VPVL ALTATASSTI RADIVHSLNL RNPQVTCTSF DRPNLFLEVR RKTGNILQDL
           DRFLVKKT?? ?????????? ?????????? ?????????? ?????????? ??????????
           ?????????? ?????????? ?????????? ?????????? ?????????? ??????????
           ????????HL VTDIQNADFR QYKLKMMRQL EKYLQSSKCR RKIILSHFED RQLRKASLGI
           MGTEQCCDNC QA???????? ?????????? ?????????? ?????????? ??????????
           SSQRLPDKFR QHCLFGGGKD HLEGWWKALA RQLISEGFLE EKAGSKKFAK LCVLTKTGRI
           WLDKATDESA RTLLLHTNED LNPRKLVL?? ?????????? ?????????? ????E-KLQK
           VYSYKTTDNN SSWNN----- ---------- ---------- ---------- ----------
           ---------- ---------- ---------- -----ASK?? ?????????? ??????????
           ?TDMFSSLSP GVEETQ---- RDRSIGLPKS VSITYSLFQE KNMSLGSIAE NRTMPLPVVG
           SHLSQAVKAG YPLDLERAGL TPHIRKIITD VIQKPPINSD ISKMKDIRTL VPSKVETYLI
           ----QIVGTG GKGES--HPS IP--KRRCCT STSEPCSDA- ---------- ----------
           ---------- ---------- ---------- -
Microcebus ---------- ---------- ---------- ---------- ---------- ----------
           ---------- TSLSDGDVVG FDLEWPPVYN KGKLGRIALI QLCVSESKCY LFHVSAASVF
           PQGLKNLLEN EAIKKAGVGI EGDQWKLLRD FDIKLKSFVE LTDVANKK?? ???????NGL
           VKHLLGKQLL KDKSIRCSDW SNFPLSEDQK LYAATDAYAG LIIYRKLEIL GDATQMFAIN
           KVEEILPSDM KKQLTSISEE AMDLATHLPD TFIKLEHPQR VSNLIKDISE NLYSLRKMIF
           GSTNTEAELK PSGNFNLLSL EDSTAGGVQQ KQTREHKIFT DVKEETSDII LDNLVQHDGQ
           NVLGNEVKQK EDGFEDGIEG NELKDNKERI CIMSLDITEY ELQMLEQQAQ EEYDSDVTSK
           SAE??????? ?????????? ?????????? FSENLNNGMA EPTDSQCLEM ERNLGLPTEE
           ENDENEAIEE EEEDKDCLLP EPNAMQVTCL KTYFGHSSFK PVQWKVIHSV LEERRDNVVV
           MATGYGKSLC FQYPPVYVGK IGLVISPLIS LMEDQVLQLK MSNIPACFLG SAQSENVLND
           IKLGKYRIVY MTPEFCSGNL GLLQQLEATI ?????????? ?????????? ??????????
           ??????VPVV ALTATASSTI QKDIARCLYL RDPQFTCTGF DRPNLYLEVA KKTGNILQDL
           KQFLVKKTSS EWEFEGPTII YCTSRKMTEK VTAELNKLNL SCGTYHAGMS FAQRKATHHK
           FMRDEIQCVI ATIAFGMGIN KPDIRRVIHY GAPKEMESYY QEIGRAGRDG LQSSCHVLWA
           SVDMNIHRYR LTELHDEKFR SYKLMMMEKM EKYLLSNSCR RQIILSHFED KQLRKASLEI
           IGTEKCCDNC RS???????? ?????????? ?????????? ?????????? ??????????
           ?????????? ?????????? ???????ALS CQL-TEGFLQ KVPGH-KYAE ICTLTGKGRN
           WLVEAKTESP PRLILQANEE WCPTKSLLPS SKAVSSG??? ?F-------- ----------
           ---------- ---------S IMVQSPEKSH TSSEPVISAQ EQETQTVLYG KLVDARQKHG
           DKMNVPPAIL ATNKILVDMA KMRPTTVENL KKIDGVSEGK ATMLTPLLEV IKHFCEVNNI
           Q--------- ---------- ---------- ---------- ---------- ----------
           ---------- ---------- ---------- ---------- ---------- ----------
           ---------- ---------- ---------- ---------- ---------- ----------
           ---------- ---------- ---------- -
Sorex      MSKKK--ETA SQRRLPEWMS VQNKKCDVEE KKLSIQKSVF EDDLPFLEFT GSIMYSYEAS
           DCSFLAEDIS KSLSDGHVVG FDIEWPPVYR KGQLGKVALI QLCVSESKCY LFHIPSASVF
           PQGLKLLLEN EAIKKAGVGI EGDQWKLLRD FDVKLKSLVE LADVANEKLK CTETWSLNGL
           VKHLLGKQLL KDKAVRCSNW NDFPLSETQK LYAATDAYAG LIIYQKLEIL DDVAQIFSIN
           KEEELPAHSV KKQLTSMSKE MMDLAEHLPD TLSKCEDSQR MCLLLKDISE NLYSLKKILL
           GSSDPKTELH PSSNFSLLPV ENPGVGEVYQ KQIRKHKIVN KVEDEK---S LDNLVEHNAE
           NIFGDEIKQG ENKFEDRLED QS-KTNTERT CLMSLDITDY ELQILEQQAS EKVLRDITCK
           SPEHLSSKSN EEDMSYVIES DEDLEIEMLK SLENLNSDTL EPVHSECIEM ESNLDLHFEE
           EDDEDEAIKE EEEDI????? ?????????? ?????????? ?VQWKVIHSI LKERRDNVVV
           MATGYGKSLC FQYPPVYEGG TSLVISPLIS LMEDQVLQLE MSNIPACFLG SAQSKNVITD
           LKSGKYRIVY ITPEFCASYL DVLQQLESNI GITLIAVDEA HCISEWGHDF RNSYRSLHSL
           RRVFPS???? ?????????? ?????????? ?????????? ?????????? ??????????
           ?????-???S TWNFEGPTII YCLSRKMTEE VAAQLRLLQL ACETYHAGMN IKSRKEVHHK
           FMRDEIQCIV ATIAFGMGIN KADIRRVIHY GAPKEMESYY QEIGRAGRDG LPSSCHLLWA
           PADIALNRNR LNEIKDEQFR LYKLKMMAKM KKYLYSSKCR R????????? ??????????
           ?????????? ???LNSC--I DDTEETQQDF GPQAFQLLSA VNILGEKFGI GVPILFLRGS
           ?????????? ?????????? ?????????? ?????????? ?????????? ??????????
           ?????????? ?????????? ?????????? ???------- ---------- -----SNLEK
           VYSYKTFDKM SSGNNSPKK? ?????????? ?????????? ?????TVLYC KLVEARQKHA
           SKMNVPPAIL ATNKILLDMA KMRPTTVENV KRIDGVSEGK STMLAPLLEV IKDFCQSNTI
           QTDFFSSTEP QEELNNRLRV K-EACSLSLA VSSTDSLFQQ EKMALKRVTE SRTLPLTSVG
           RPLSQAGKAG YPLQTERAGL TPEVQKIIAD VIRNPPVNSD TSQMKLIRTL VPEDIDTYLI
           HMAIEILEKD HHNKSFCQPS YDSSIKRCYP DSEEGCSSSK RNKED-GINS KTYSETSKEK
           LPAG------ ---NYVKKTV AKTKNKGLFG X
Ochotona   MNFKRLEKTP QQRKIPEWMS AQSIRCVSEK TQTSTQKSVF EDDLPFLEFT GSIVYSYDAS
           DCSFLSEDIS MSLSDGDVVG FDMEWPPVYT KGKLSRVALI QLCVSESKCY LFHISSMSVF
           PQGLKMLLEN EAIKKAGVGI EGDQWKLLRD FDIKLKSFVE LTDVANEKLK STETWSLNGL
           VKHLLGKQLL KDKSIRCSNW SDFPLTEDQK LYAATDAY?? ?????????? ??????????
           ??EEMLPGDV KKQLTSISEE VMDLAKRLPN SLRKLENPQR ISVLLKDISE NICSLKKMIF
           ASTNMSTELS PSDTFNLPPL DDSTTGA--Q KQIREQKT-- -CNNETGDAA QGNLIRCDGE
           GVFGNKMKQ- EDKFEDGLKE NKSKENMDRF CLMSLDITEQ ELQMLEQQAL EE-----TNT
           SAELLSPKDN ENDSSYVIES DEDLEMEM?? SLESLNSGDI EPIHSKDLEM KRSLDLPIEE
           DEGEKEALEE EEDDEDIWLP EPSAEQIICL -TYFGHFSFK PVRWKGITFV LEERRDNVVV
           MATGYGKSLC FQYPPVYVGK IGIVICPLIS LMEDQVLQLE VSNIPACFLG SAQSKNVLED
           INLGKYRIVY MTPEFCAGNL DLLQKLDASI GITLIAVDEA HCISEWGHDF RSSFRRLGSL
           KRALPLVPIV ALTATASSSV REDIVRCLRL NNPQVTCTSF DRPNLYLEVG QKTGNILQDL
           KQFLVQKTSC DWEFEGPTII YCPSRKMTEQ VTTELQKLNI ACETYHAGMS NRKRKEVHHS
           FMRDEIQCVI ATIAFGMGIN KADIRKVIHY GTPKEMESYY QEIGRAGRDG LQSSCHLLYA
           AGDMNLNRHL LMEIRDEKFR LYKLQMLAKM EKYLHSSRCR RQIILSHFED KQLRRASFGI
           MGSEKCCDNC RS?????-?? ?????????? ?????????? ?????????? ??????????
           NSQRVADKYR GHRFFGIGKD QTESWWKAFS HQLINEGFLV EVPGSSKFIN ICTLTEKGRV
           WL???????? ?????????? ??????---- ---------- ---------- -----YNLEK
           KYSYKAVDKI SSGSSVPPKR IMMQSPGKSS SCSEPVTSAQ EQEAQTVLYR KLVEARQKHA
           NQR??????? ??-------- ---------- -----????? ?????PLLEV IRHYCQANGV
           QTNLFLNAKP QEEQKESLIV KDKKCLLSQS VAITYSLFQE KKMSV????? ??????????
           ?????????? ?????????? ?????????? ?????????? ?????????? ??????????
           ?????????? ?????---?? ?????????? ?????????? ?????????? ?TSSEISKRV
           LPGWFTKSP- --PDASKKPV AKAKKEGLFS X
Sarcophilu MNENTMTKTL QARKLPEWMS TPHKGCDRDK KK----RSIL EDDLPLLEFP GSIIYSYEAS
           DCSFLAEDIR MNLTDGAVVG FDIEWPPPFW KGKSGKVALV QLCVSESKCY LFHVASMSVF
           PQGLKMLLEN EAVKKAGMGI -ADQWKLLRD FDIHLKSFVE LASMANEKLR CKETWSLDSL
           VKHLFSKRLL KEQSLRCSRW EDFPLTEDQK QYAAIDAYAS LIVYQKLETM SGTEQILLTT
           TGVDCFPEEV KKQMLSLSEE MLHLTKRLSH PWRLCSKPQR VTELLKNLSD DLGALRTALF
           GAPDSERLLR DT------PS DDGPATKKEL KR-GEGPQAT SKHGER-DSN DGDFIECGGG
           SRMGNTVDLI KDASEGGRKD QKPQEVGERV CLMSLDITEY ELQMMEQQAR EE-VNEAAQV
           SDQDLISVMD AHDLSNAIES DEDLEMQMLK SLEDLDRGKL KLNVSELPEA EGKAGITA--
           DEGDEEAIEE EEDEWDPSFP IPTAEQIICL KTYFGHSSFK PMQWKVIHSV LEERRDNLVV
           MATGYGKSLC FQFPPVFVGG ISIVVSPLIS LMEDQVLQLE MSNIKACFLG SAQSENVIKH
           VKAGEYRVVY ITPEFCLGNL NLLKQLDADL GITLIAVDEA HCVSEWGHDF RNSFRNLGSL
           KTTLPLVPVL ALTATASSSI RTDIMHCLNL RNPQVTCTSF DRPNLYLEVG RKTGNILQDL
           DRFLVKKTGS SWEFEGPTII YCPSRKISEQ VTAELQKLNL ACGTYHAGLG IKLRREIHHK
           FMRDEIQCVI ATVAFGMGIN KADIRKVIHY GAPKEMESYY QEMGRAGRDG LPSACHVLWA
           PADINFNRHL IGEIQNVDFR QYKLKMMRKL EKYLQSSRCR RKIILSHFED RQLRKASLGI
           MGTEQCCDNC QARLNDPHSS DDSEEHLQDF GPQAYKLLFA VYSLGEKFGI GVPVLFLRGS
           NSQRLPDNFR HHCLFGGGKD HLESWWKALA RQLISEGFLE EKSGSKKFAK ICVLTKKGRI
           WLDKATDKSS QTLLLHANED LCPRKLLWPT S--------- ---------- ----------
           ---------- ------PAKP LPLPLPLPGS CDSPESISSK EQQFQTALYC KLMEARQKQA
           SEKDIPPALL ATNKVLVDMA KMRPSTLESL KNIDGVSEAK CTMLAPLVEV IRAFSQTNNL
           PTDLFSSPSP GLKEKNSSAK KCEHIPLPKS VSITYSLFQE KNMSLWSIAE SRTMPLPVVG
           SHLSQAVKAG YPLDLERAGL TPHVRKMITD VIQKPPINSD TSKIKAIRTL VPSEVETYLI
           QIAVALVEKE RKPETLDPSP KESKVESVVP STSKPCVGTK K--------- ----------
           ---------- ---------- ---------- -
Ornithorhy ---------- ---------- ---------- ---------- ---------- ----------
           ---------- ---------- ---------- ---------- ---------- --MLKSVAGF
           PKGLKMLLEN EAIRKAGVGI EGDQWKLLSD FEIKLKSFVE LADVANEKLK CKEKWSLNSL
           VKHLFNKQLL KDKAIRCSSW DEFPLTEDQK LYAATDAYAG FIIYQKLATL GCAEQILFNV
           KREEMLPRDL KEQLTSMSEE IIDLANHLPV TFQKPECPQR ISKLMKDISE NIGILRSLLV
           DVPTSET--R TNNDLSMSSL ENSTT-RVEG QKICEELKFC KFTEESKDAA GDELIGHKGE
           DLNEGALTCN EIGPKSGLGI NRCIDNMDRI CLMSLDITEY ELDMLEHQAK EEILNEAASV
           AAEDLASLDD EQDLSCAIKS DEEFETEMLQ ALEEIDSGKR KQIDSESLET KSKLNISTEE
           DEDSFSVAIE EEDQWDPLLP EPSAKHISCL KTYFGHSRFK PVQWKVIHSV LQERRDNLVV
           MATGYGKSLC FQFPPVYVGG LGIVISPLIS LMEDQVLQLE MSNIPACFLG SAQKKNDLEG
           IKAGNYRVVF LTPEFCSMNL HLLQEIDSIV GITLIAVDEA HCVSEWGHDF RNSFRTLGSL
           KTTLPLVPVI ALTATASSSI RDDIMHCLKL KNPQVTCTGF DRPNLYLEVG RKTGNVLQDL
           KQFLVKKTGS VLEFEGPTII YCPSRKITEQ VAVELKKLNI VCGTYHAGMG INLRRETHHK
           FMRDEIQCIV ATVAFGMGIN KADIRKVIHY GAPKEMESYY QEIGRAGRDG LPSSCHTLWA
           PGDMSLNRHL LNEIKNDTFR LYKLKMMAKI EKYLHSSMCR RKIILSHFED KQLRKASSGI
           MGTEKCCDNC RSRSSY-YTT DVPEDTLQDF GPQAFQFISA VKVLGEKFGI GLPVLFLRGS
           NSQRLPDKFR CHHLFGIGKG QPSNWWKALG RQLILEGLLK EVSGQNKFTA ICVLTNKGKN
           WFAEAQSISS QKLMLQANEE LCPRKLLLPS STTTSSDKEQ HFPSKGLTKL TPEKKANLQK
           MYSYQVAEKI SSRN----KS DMMQLLPEPY KSAKTAISSS EPDYQMMLYG KLLAARQKYA
           NEKDIPPAIL ATNKVLVDMA KMRPTSVQNL ITIDGVSEAK STMLAPLLDV IKIFCQTNNL
           QTDLFSSSRP KEETQ-LLQK KEVYSSLSPS EAITYSWFQD KNMSMRSIAE SRTLPLTVVG
           THLSQAVKVG YPVDTERAGL TPEVQKIITD VIRNPPINSD FTRLLTIRTL VPEKIELYLI
           RMTIELLKKA DDRRLQGPQQ CDYTKQSALC KSKEKQSATA YKKEDVSMET KV--VSRRRK
           LPEWFT---- ---PTKTADL PVSITPGLLQ R
Erinaceus  ---------- ---------- ---------- ---------- ---------- ----------
           ---------- ---------- ---------- ---------- ---------- ---------F
           PQGLKMLLEN EAIKKTGVGI EGDQWKLLRD FDVKLKSFVE LTDVANEKLK STETWSLNGL
           VKHLLGKQLL KDKTIRCSNW SNFPLTEDQK LYAATDAYAG FILYKKLESL DDASQVFTIS
           K????????? ?????????? ?????????? ?????????? VFIRLRNISE NLCSLKEMIL
           GHSNANTEPK STVNFNMLPL EDPS-DEVSH KQIGEHQIFT KVEEEEGDTT LSNLMQCDVE
           NILRDEVKQG ETGYIGGLED TKLKENTERT CLMSLDITES ELQALEQQAQ EKIQSDVNCK
           SE?------- ---------- ---------- SLENLNSDKV DPIHSKCIEM ERNLDLPSEE
           DEDEDEALGE DEVGEDHSLP GPSADQVICL KTYFGHSSFK PVQWRIIRSV LEERRDNIVV
           MATGYGKSLC FQYPPVYAGG IGLVISPLIS LMEDQVLQLE MSNIPACFLG SAQSKNTLNE
           VE???????? ?????????? ?????????? ?ITLIAVDEA HCISEWGHDF RNSYRTLSSL
           KTAFPL???? ?????????? ?????????? ?????????? ?????????? ??????????
           ?????-???S AWQFEGPTII YCPSRKMAEQ VTAELRKLKL VCGTYHAGMS IKSRREIHHR
           FMRDEIQCVV ATIAFGMGIN KADIRKVIHY GAPKEMESYY QEIGRAGRDG LPSSCHVLWA
           PVDMKLNRYR LSEIRNEKFR LYKLKMLAKM EKYLCTSRCR RQIILSHFED KQLRKASLDI
           MGTEKCCDNC RS???????? ?????????? ?????????? ?????????? ??????????
           SSQRL-ENYR SHRFLGIGKN HTESGGKALS HQLMTDGFLA EVSGQNQFIK IYKLVKK???
           ??????---- ?????????? ?????????? SKT--PGTQQ YSSIQVPTEL TTEKKYNLEK
           LYSYKVPDKI SE-SSILKKR INVQSSDKSY NFPGPVISAQ EQENQTVLYS QLVESRQKHA
           NKMDIPPAIL ATNKILVDMA KMRPTTVENL KKIDGVSEGK ATMLVPLLEV VRHFCQINCV
           QTDLFSSTEP QEEQKK---- ------LSQS VSITYSLFQE KKMSLKSVAE NRILPLTAVG
           MHLSQAMKAG YPVDLARAGL TPEVQKIIAD VIRNPPINSD TNKIKLIRMF VPESIDTYLI
           HLAIEILEKD SDNRLLCQPS RDSNKKRNLP SPEESCSSSK RSKEEESSNI TK--------
           ---------- ---------- ---------- -
Gorilla    MSEKKLETTA QQRKCPEWMN VQNKRCAVEE RKACVRKSVF EDDLPFLEFT GSIVYSYDAS
           DCSFLSEDIS MRLSDGDVVG FDMEWPPLYN RGKLGKVALI QLCVSESKCY LFHISSMSVF
           PQGLKMLLEN KAVKKAGVGI EGDQWKLLRD FDIKLKNFVE LTDVANKKLK CTETWSLNSL
           VKHLLGKQLL KDKSIRCSNW SKFPLTEDQK LYAATDAYAG FIIYRNLEIL DDTVQRFAIN
           KEEEILLSDM NKQLTSISEE VMDLAKHLPH AFSKLENPRR VSILLKDISE NLYSLRRMII
           GSTNIETELR PSNNLNLLSF EDSTTGGVQQ KQIREHEVLI HVEDETWDPT LDHLAKHDGE
           DVLGNKVERK EDGFEDGVED NKLKENMERA CLMSLDITEH ELQILEQQAQ EEYLSDIAYK
           STEHLSPNDN EKDTSYVIES DEDLEMEMLK SLENLNSGTV EPTHSKCLKM ERNLGLPTKE
           EDEENEANGE EDDDKDSLLP APNEEQVTCL KMYFGHSSFK SVQWKVIHSV LEERRDNVAV
           MATGYGKSLC FQYPPVYVGK IGLVISPLIS LMEDQVLQLK MSNIPACFLG SAQSENVLTD
           IKLGKYRIVY VTPEYCSGNM GLLQQLEADI GITLIAVDEA HCISEWGHDF RNSFRKLGSL
           KTALPMVPIV ALTATASSSI REDIVRCLNL RNPQITCTGF DRPNLYLEVR RKTGNILQDL
           QPFLV-KTSS HWEFEGPTII YCPSRKMTQQ VTGELRKLNL SCGTYHAGMS FSTRKDIHHR
           FVRDEIQCVI ATIAFGMGIN KADIRQVIHY GAPKDMESYY QEIGRAGRDG LQSSCHVLWA
           PADINLNRHL LTEIRNEKFR LYKLKMMAKM EKYLHSSRCR RQIILSHFED KQVQKASLGI
           MGTEKCCDNC RSRLDHCYSM DDSEDTSWDF GPQAFKLLSA VDILGEKCGI GLPILFLRGS
           NSQRLADQYR RHSLFGTGKD QTESWWKAFS RQLITEGFLV EVSRYNKFMK ICTLTKKGRN
           WLHKANTES- QSLILQANEE LCPKKFLLPS SKTVSLGTKE HCYNQVPVEL TTEKKSNLEK
           LYSYKPCDKI SSGSNISKKS IMVQSPENAY SSSEPVISAQ EQETQIVLYG KLVEARQKHA
           NKMDVPPAIL ATNKILVDMA KMRPTTVENV KRIDGVSEGK AAMLAPLLEV IKHFCQTNSV
           QTDLFSSTKP QEEQKTSLVA KNKICTLSQS MAITYSLFQE KKMPLKSIAE SRILPLMTIG
           MHLSQAVKAG CPLDLERAGL TPEVQKIIAD VIRNPPVNSD MSKISLIRML VPENIDTYLI
           HMAIEILKHG PDSRL--QPS CDVNKRRCFP SSEEICSSSK RSKEEVGINT ETSSAERKRR
           LPVWFAKGS- ---DTSKKLM DKTKRGGLFS X
Pongo      MSEKKLETTP QQRKCPEWMN AQNKRCAVEE RKACVRKSVF EDDLPFLEFT GSIVYSYDAS
           DCSFLSEDIS MSLSDGDVVG FDMEWPPLYK KRKLGKVALI QLCVSESKCY LFHISSMSVF
           PQGLKMLLEN KAVKKAGVGI EGDQWKLLRD FDIKLKNFVE LADVANKKLK CTETWSLNSL
           VKHLLGKQLL KDKSIRCSNW SKFPLTEDQK LYAATDAYAG FIIYRNLEIL DDTVQRFAIN
           KEEEILLSNM NKQLTSISEE VMDLAKHLPD AFSKLENPRR VSILLKDISE NLYSLRKMII
           GSTNIETELR PSNNLNLLSF EDSTTGRVQQ KQIREHEVLI NVEDETWDPT LDHLAKHDGE
           DVLGNKVERK EDGFEDGVED NKLKENTERA CLMSLDITEH ELQILEQQAQ EEYLSDIAYK
           STEHLSPNNN ENDTSYVIES DEDLEMEMLK SLENLNSGTV EPTHSKCLKM ERNLGLPTKE
           EDDENEANEE KDDDKDSLLP APNEEQVTCL KMYFGHSSFK PVQWKVIHSV LEERRDNVAV
           MATGYGKSLC FQYPPVYVGK IGLVISPLIS LMEDQVLQLK MSNVPACFLG SAQSENVLTD
           IKLGKYRIVY ITPEYCSGNM GLLQQLEADI GITLIAVDEA HCISEWGHDF RNSFRKLGSL
           KTALPMVPIV ALTATASSSI QEDIVRCLNL RNPQITCTGF DRPNLYLEVR RKTGNILQDL
           QPFLV-KTSS HWEFEGPTII YCPSRKMTEQ VTAELRKLNL SCGTYHAGMS FSTRKDIHHR
           FVRDEIQCVI ATIAFGMGIN KADIRQVIHY GAPKEMESYY QEIGRAGRDG LQSSCHVLWA
           PADINLNRHL LTEIRNEKFR LYKLKMMAKM EKYLHSSRCR RQIILSHFED KQVQKASLGI
           MGTEKCCDNC RSRLDNYYSM DDSEDTSWDF GPQAFKLLSA VDILEEKFGI GLPILFLRGS
           NSRRLADQYR RHSLFGTGKD QTESWWKAFS RQLITEGFLV EVPGYNKFVK ICTLTRKGRN
           WLHKANTES- RSLILQANEE LCPKKFLLPS SKTVSSGTKE HYYNQVPVEL TTEKKSNLEK
           LYSYKPCDKI SSGSNISKKS IMVQSPEKSY SSSEPAISSQ EQETQIVLYG KLVEARQKHA
           NKMDVPPAIL ATNKILVDMA KMRPTTVENI KRIDGVSEGK AAMLAPLLEV IKHFCQTNNV
           QTDLFSSTKP QEEQKTSLVA KKKICTLSQS MAITYSLFQE KKMPLKSIAE SRILPLMTIG
           MHLSQAVKAG CPLDLERAGL TPEVQKIIAD VIRNPPVNSD MSKINLIRML VPENIDTYLI
           HMAIEILKHG PDSRL--QPS CDVNKRRCFP SSEEICSSSK RSKEEVGINT ETSSAERKRR
           LPVWFAKGS- ---DTSKKLM DKTKRGGLFS X
Tupaia     MNEKKLEATS QQRKFPGWMS MESKRYAAEG EKASVQKSVF EDDLPFLEFT GSIVYSYEAS
           DCSFLSEDIS LSLSGGAVVG FDMEWPPAFS RGRRTRVALI QLCVSDSKCY LFHVSCMPVF
           PQGLKMLLEN EAIKKVGVGI EGDQWKLLRD FDIKLKSFVE LTGVANKKLR CAETWSLNGL
           VKYLLGKQLL KDKAVRCSNW SRFPLSADQK LYAATDAYAL FINIKN-ESW RDASQMFAKT
           N????????? ?????????? ?????????? ?????????? VSVVLKNISE NVSSLRTMIL
           GFPDAESELR PSSSSSTRSS SGFSAGGAQQ RWGREQAVFS HVEEETWPAA LGDSAEHGAE
           GALGGGVGRQ GDGCADGVED SRAEEHAAGV C-PSPDTMVH VVQASEPQAQ EEALS-AAAR
           PAEHFSPGDN EKDTTFEIES DEDLEMEMLK SLEDLNSGKA EPFHSKCLKM ERNLGPPVEH
           DEDESAAVEE EEDDKDHSLP GPSAEQITCL KTFFGHSSFK LVQWKVIHSV LEERRDNVVV
           MATGYGKSLC FQYPPVYEGR LGVVISPLIA LMEDQVLQL? ?????????? ??????????
           ???GKYRIVY MTPEFCSANL GLLQLLETAV GITLIAVDEA HCISEWGHDF RNSFRTLGSL
           KTKLPLVPVV ALTATAGTLI REDIVNCLRL TDPQITCTSF DRPNLYLEVG RKTGNILQDL
           KQFLVKKTRS DWEFE????? ?????????? ?????????? ?????????? ??????????
           ???????CIV ATVAFGMGIN KADVRRVIHY GAPKEMESYY QEIGRAGRDG LPSSCHVLWA
           PADMNLN??? ?????????? ?????????? ?????????? ?????????? ??????????
           ?????????? ???LGRCPSV EDPDDALQDF GLQAFQLLSA VATLGERFGV RLPILFLRGS
           SSRRLPDGYC SHEFFGAGRV RAESWWKSLS RQLITEGFLV EVPSSNKFVK ICTLTEKGRN
           WLHEASAQSP QRLLLHPPEE LCPKSVLLP? ?????????? ?????????? ?????PDL-K
           MFSYNTLGKL SPGSSSAKG? -----????? ?????????? ??????VFCG RLGAARQKHA
           SEMDMPPAVL ATNKVPLDMA K-R??????? ?????????? ?????????? ??????????
           ?????????? ?????????? ?????????? ?????????? ?????????? ??????????
           ?????????? ?????????? ?????????? ?????????? ?????????? ??????????
           ?????????? ?????--??? ?????????? ?????????? ?????????? ?TSSGTSKRK
           LPEWLTKGDE SIPGPSRKSA AKTEKRGLFS X
Nomascus   MNEKKLETAP QQRKCPEWMN VQNKRCAVEE RKACVRKSVF EDDLPFLEFT GSIVYSYDAS
           DCSFLSEDIS MSLSDGDVVG FDMEWPPLYN KGKLGKVALI QLCVSESKCY LFHISSMSVF
           PQGLKMLLEN KAVKKAGVGI EGDQWKLLRD FDIKLKNFVE LTDVANKKLK CTETWSLNSL
           VKHLLGKQLL KDKSIRCSNW SKFPLTEDQK LYAATDAYAG FIIYRNLEIL DDTVQRFAIN
           KEEEILLSDM NKQLTSISEE VMDLAKHLPD AFSKLENPQR VSILLKDISE NLYSLRKMII
           GSTNLETELR PSNNLNLLSS EDSTTGGVQQ KQIREHKVLI NVEDETWDPT LDHLAKHDGE
           DVLGNKVERK EDGFEDGVDD NKLKENTERA CLMSLDITEH ELQILEQQAQ EEYLSDTAYK
           STEHLSPNNN ENDTSYVIES DEDLEMEMLK SLENLYSGTV EPTHSKCLEM ERNLGLPTKE
           EDDENEANEE EDDDKDSLLP APNEEQVTCL KMYFGHSSFK PVQWKVIHSV LEERRDNVAV
           MATGYGKSLC FQYPPVYVGK IGLVISPLIS LMEDQVLHLK MSNIPACFLG SAQSENVLTD
           IKLGKYRIVY ITPEYCSGNM GLLQQLEADI GITLIAVDEA HCISEWGHDF RNSFRKLGSL
           KTALPKVPIV ALTATASSSI REDIVCCLNL RNPQITCTGF DRPNLYLEVR RKTGNILQDL
           QPFLV-KTSS HWEFKGPTII YCPSRKMTQQ VTDELRKLNL SCGTYHAGMS FRTRKDIHHR
           FVRDEIQCVI ATIAFGMGIN KADIRQVIHY GAPKEMESYY QEIGRAGRDG LQSSCHVLWA
           PADINVNRHL LTEIRNEKFR LYKLKMMAKM EKYLHSSRCR RQIILSHFED KQVQKASLGI
           MGTEKCCDNC RSRLDHCYSM DDSEDTSWDF GPQAFQLLSA VDILGGKFGI GLPILFLRGS
           NSQRLADQYR RHSLFGTGKD QTESWWKAFS RQLIIEGFLE EVSRYNKFVK ICTLTKKGRN
           WLHKANTES- QSLILQANEE LCPKKFLLPS LKTVSSGTKE HCYNQVPVEL TTEKKSNLEK
           LYSYKPCEKI SSGSNISKKS IMVQSPEKSY SSSEPVISAQ EQETQIVLYG KLVEARQKHA
           NKMDVPPAIL ATNKILLDMA KMRPTTVENV KRIDGVSEGK AAVLAPLLEV IKHFCQTNSV
           QTDLFSSTKP QEEQKTSLVA KNKICTLSQS MAITYSLFQE KKMPLKSIAE SRILPLMTIG
           MHLSQAVKAG CPLDLERAGL TPEVQKIIAD VIRNPPVNSD MSKINLIRML VPENIDTYLI
           HMAIEIFKHG PDSGL--QPS CDVNKRRCFP SSEEICSSSK RSKEEVGINT ETSSAERERR
           LPVWFAKGS- ---DTSKKLM DKTKRGGLFS X
Ailuropoda ---------- ---------- ---------- ---------- ---------- ----------
           ---------- ---------- ---------- ---------- ---------- ----------
           ---------- ---------- ---------- ---------- ---------- ----------
           ---------- ---------- ---------- ---------- ---------- ----------
           ---------- ---------- ---------- ---------R ISLLLSDISE SLCSLRKMIL
           GS--TET-VQ ------LLPL EDPTADGVQQ KQIKEHKIFT KVKDETWDTT LDNLIKHDEG
           NVLRNEVRQE DYGLEAGLEG NKLKENTERI CLMPLDITEH ELQILEQQAQ EKLLNDVTCQ
           SPEDLSSKDN EEDLSYVIES DEDLEMEMVK SLENLNTGTA DPVHSKCIKM ERNLGVSF--
           EDDEIEAIEG EDDDADHSLP GPNASQINSL KIYFGHSSFK PVQWKVIHSV LEEGRDNVVV
           MATGYGKSLC FQFPPVYSGR IGLVISPLIS LMEDQVLQLK MSNVPACFLG SAQPKSVLED
           IKSGKYRIVY MTPEFCSGNL SLLQQLQANI GITLIAVDEA HCISEWGHDF RSSFRNLGSL
           KAILPSVPIV ALTATASSSI REDIVRSLNL KNPQITCTSF DRPNLYLEVG RKTGNIHQDL
           VQFLVQKTSS SWEFEGPTII YCPSRKMTEQ VTAELQKLKL ACGTYHAGLG VKSRREVHHS
           FMRDEIQCVV ATIAFGMGIN KADIRKVIHY GAPKEMESYY QEIGRAGRDG LQSSCHVLWA
           PADINLNRHL LSEIPNEKFR LYKLKMMAKM EEYLHSRRCR RKLILSHFED KQLRKASVGI
           MGTEKCCDNC RSRLDHCSSI DDLDDASQDF GPQAFQLLSA VKILGEKFGI GLPILFLQGS
           NSQRLADQYR KHSLFGSGKD QTESWWKALS HQLMTEGFLV EVPGKRRFVR ICTLTEKGRR
           WLYEASTEFP KKLILQANDE LCPRVFLLPS SKTIPPGIEQ RSSNQVSTEL TTEKKPNLEK
           MYSHKASDKI SSGRNIPKKS IMVHSPGRSY KSSEPVISAQ EQETQTVLYI ELVEARQKQA
           NKMDIPPAIL ATNKILLDMA KMRPTTFENV KRIDGVSEGK ANMLTPLLEV IKHFCQINSV
           QTDLFSRTKP QEEQRNSMVV KNEACSLSQP VAITYYLFQE KKMSLISIAE DRIMPLTAVG
           MHLTQAVKAG CPLDMERAGL TPEVQKIIAD VIRNPPINSD INKIKLIRKL VPENIDTFLI
           HMAIEILEKD CDNRLLDQLS CASYRKRYFP NSEESCSSSK RSREEIDANT KPASVTLKRK
           LPEWFAKDHE TLAGTSKKSM AKTKKKGLFS X
Choloepus  ---------- ---------- ---------- ---TIQKSVF EDDLPFLEFT GSIVYSYEAS
           DCSFLSEDIS MSLSDGDVIG -DMEWPPIYK KGTLGRVALI QLCVSESKCY LFHISSMSVF
           PQGLKMLLEN EAIKKAGVGI EGDQWKLLHD FDIKLKSFVE LTDVANEKLR CTETWSLNGL
           VKHLFSKQLL KDKSIRCSYW GNFPLTEDQK LYA??????? ?????????? ??????????
           ?????????? ?????????? ?????????? ?????????? VSILLKDISE NLYSLRKMIF
           SSANTKTELR PSSNHGLLSV EDTTAGRIQQ KQIKKHKIFT EVQDETWDTT FGNLIKHDRE
           NVLEDEVKQK EDEFEDVKED NKLKENMERI CLMSLDVTEY ELQVWEQQAR EEILSDVTYV
           SAE??????? ?????????? ?????????? SLENLNSSMV DPIHFKCLDL -RKPGLPTDE
           DDEDNEAVEE EEDTEDHSLP GPNEKQMICL KTYFGHSSFK PVQWKVIHSV LEERRDNVVV
           MATGYGKSLC FQYPPVYVGS IGLVISPLIS LMEDQVLQLE MSNIPACFLG SAQSKNVIED
           IKLGKYRIVY ITPEFCSGNL DLLQQLEANI ?????????? ?????????? ??????????
           ?????????? ?????????? ?????????? ?????????? ?????????? ??????????
           ?????-???S AWGFEGLSII YCPSRKMTE? ?????????? ?????????? ??????????
           ???????CVV ATIAFGMGIN KADIRQVIHY GAPKEMESYY QEIGRAGRDG LQSSCHVLWA
           PADINLNRYL LSEIRDEKFR LYKLKMMAKM EKYLHSCRCR RRIILSHFED KQLHKASLGI
           MGTEKCCDNC RSRLGHYFSI DDSEDVSQDF GPQAFQLLSA VDALGEKFGI GVPILFLLGS
           NSQRLEDKYR SHSFFGTGKD HKESWWKALS RQLMTEGFLV EVPGRNKFIK LCTLTEKGRN
           WLDKANEESP QRLILQANEE LCPRKFFLPS SKTLSPSTEQ YSSNRAPIEL TAEK-?????
           ?????????? ?????????? VMAQSPGKCY KSSEPIISAQ EQETQTLLYG KLVEARQKHA
           NEIDVPPAIL ATNKILVDMA KM???????? ?????????? ?????????? ??????????
           ?????????? ?????-???? ?????????? ?????????? ?????NRIVE NRTLPLATVG
           MHLSQAVKAG YPLDVARAGL TPEVQKIIVD VIRSPPINS- ---------- ----------
           ---------- ---------- ---------- --EESCLTSK RSKEEAGINT K---------
           ---------- ---DTNKKSI TRTKKKFFFL S
Monodelphi MNENEVSKTL QARKLPEWMS ALQKEPDPEK KK----RSLL EDNLPLLKFP GSIVYSYEAN
           DCSFLAEDIR MSLSDGAVIG FDMEWPPPFW KGRPGRVALI QLCVSESKCY LFHIASMSVF
           PRGLKMLLES ETIRKAGLGT -GDQWKLLRD FDVHLRSFVE LASLANEKLR CKENWSLDGL
           VKHLFRKCLL KEQSIRCGRW EDFPLTEDQK QYAAIDAYAS FIIHQQLETL SGTDQMLPTK
           ATEDQFPEKV KKQLLSLSEE MVDLTKRFSH PRRPSREPQR VMELLKSLSE DLDTLRTTLL
           GVPSPERHLG AHSG-SPAPS EAPSVGEGAQ AA-------- -SKHSGWDSK SGNLLGPGGG
           NRMDSAVELT AARYEGRRED QGPQEDERRV CLMSLDVTEY ELQMWEQQEQ EE-RNKATYV
           SDQDLISAVD THDLSSVIES DEDLEMEMLQ TLEEVDCDKL EQSVSESPET ESEVRTDMA-
           DEGDEEAIEE EDDEWDPLLP APTAEHVICL KTYFGHSSFK PVQWKVIHSV LQERRDNLVV
           MATGYGKSLC FQFPPVFVGG IGIVVSPLIS LMEDQVLQLE MSNIKACFLG SAQSENVISR
           VKAGEFRVVY MTPEFCLVSL DLLKQLDATL GITLVAVDEA HCVSEWGHDF RNAFRNLGLL
           KTTLPSVPML ALTATASSSI RADIAHCLYL RDPQVTCTSF DRPNLYLDVG PKTGSILRDL
           DKFLVKKPGS CWEFEGPTII YCPSRKISEQ VTVELRKLDL ACGTYHAGMG IKSRREIHHK
           FMRDEIQCVI ATVAFGMGIN KADIRKVIHY GAPKEMESYY QEIGRAGRDG LPSACHVLWT
           PADINFNRLL LSDIQNDNFR QYKLKMMRQL EKYLQSSNCR RKIILSHFED KQLRKASLGI
           MGTEQCCDNC RARLNNPHSG DDSEENLKDF GPQAYKLLSA VCVLGQKFGI GMPVLFLRGS
           NSQRLPDKFR RHCLFGGGKD HLESWWKALA RQLILEGFLE EMPGYNKFAK FCVLSEKGRN
           WLDQATDESA RTLLLHANED LCPRKLLLPT S--------- ------PVK- ----------
           ---------- ---------- -----PLPAP LNSPASVSSK EQELQTMLYC KLVEERQKQA
           SEKDIPPALL ATNKVLVDMA KMRPSTLESL KNIDGVSEAK CTMLSPLLEV ICKFSQMNNL
           LTDLFSSPSP GLEEKKRCLS Q-----LPAS VSITYSLFQE KNLSLRSIAE SRTMPLPVVG
           THLSQAVKAG YPVDLERAGL TPHIQKIITD VIQKPPISSD ISKMKAIRTL VPSDIETYLI
           QIVVALVEKE RKQNALDPFP KESNVESGVP STSGPCSSTN KP-------- --SAETSKRK
           FPEWFAKGCA PPPGSSKKTK A---RKGLFT X
Dipodomys  ---------- ---------- ---------- ---AIQKSVF EDDLPFLEFT GSIVYSYEAS
           DCSFLSENIS VNLSDGEVVG FDMEWPPINR KGKPSRVALI QLCVSENKCY LFHISSMSVF
           PQGLKRLLEN TAIKKVGVGI EGDQWKLLHD FDVKLTSFVE LKDVANEKLK CSETWSLNGL
           VKHLLYKQLL KDKAIRCSNW SNFPLSEDQK LYAATDAYAG LIIYKKLEIL GGAMQTFARN
           KEEKILPLEM KKQLTSISEE VMDMANHFPD TCRKLENPER VSILLKNISE SLFSLRKILF
           GPTKITTEVR PSNHFNV-SL EDSTVGREQQ KETTE---VL EDKDETWDTS LDNLVKHGGH
           DVLV-KVKQ- EEGLEDEFEN NKLKENMERT CQMSLDITEY ELQILEQLNE KQTLSDFSHQ
           CTEHSSVNNN EHDSSYIIES DEDLEMEMLK ?????----- ---------- ----------
           ---------- ------HLLP EPSATQIICL KTYFGHCSFK ?????????? ??????????
           ?????????? ?????????? ?????????? ?????????? ?????????? ??????????
           ???GKYQIVY ITPEFCSGNL DLLRQLETKI GISLIAVDEA HCISEWGHEF RSSFRSLGSL
           KAALPLVPVV ALTATASSSI REDIVRCLNL KNPRITCTGF DRPNLYLEVG RKTGNILQDL
           KPFLVKKTSS AWEFEGPTII YCPSRKMTEQ ITVELRKLKL ACGTYHAGMD FKTRKDIHHK
           FMRDEIQCVI ATIAFGLGIN KADIRRVIHY GAPKEMESYY QEIGRAGRDG LQSSCHLLWT
           PADFNITRHH LFEIRNEKFR LYKLKMMAKM EKYLHSSKCR RQIILSHFED KKLRKASLGI
           MGTEKCCDNC RSRLSHCYTV NDLDETSKDF GRQAFLLLSA VDILEEKFGI GVPILFLRGS
           SSQRLADRYR SHKLFGTGKD ETESWWKAFS RHLMTEGFLV EVPGSNKFVK ICILTKKGRN
           WLDKANKGSP QRLILEPNEE LCPKKFLLPS WKALSSGTEQ HSSNQIPVEL TAEKKSNLEK
           MYSYKALEKI PSGSNISEKR IMIQSPGKCD HLAEPALSAQ EQEAQTVLYG KLVEARQKYA
           NKMDVPPAIL ATNKILLDMA KLRPTTVEDV KQIDGVSEGK ATMLAPLLEV VKHFCHENSA
           KTDLFSSTKP QEEQEKS--- -----SLSQS AAVTYSLFQE KKMSLHSIAE NRILPLTAVG
           MHLAQAVKAG YPLDMERAGL TPEVQKIIAD VIRNPPINSD MYNIKLIRML VPENIDVYLI
           HMAIEILEND HDCRPSSQSS WDSNRKRCFP NSEEPCSSSK RSKE-VLTDT KTSSETSKRR
           LPDWFAKGNT TLAVCNKKST TKTKKKGLFS X
Otolemur   -----LESAP HLRKVPKWMF KKNKGCAVEE RKASVQRSVF EDDLPFLEFT GSIMYSYEAN
           DCSLLSEDIG KTLSDGDVVG FDLEWPPVFR KGKHGRVALI QLCVSESKCY LFHISAMSVF
           PQGLKMLLEN ETVKKAGVGI QGDEWKLLRD FDVKLKSFVE LTDVANKKLK CIETWSLNGL
           VKHLFGKQLL KDKSVRCSDW SNYPLTEDQK LYAATDAYAG LIIYRKLETW GEAALKLAVN
           QEEEILPGDL KKQLTSISEE MMDLATHLPD TFRKLENPQR VSVLLKGISE NLYSLRKVIF
           GSTNTEAEMR PSSNF-ILSL EDSAAAGARQ KKITEYTRFT NAQDATWEPI ADDLAKEDRE
           NVPGNDVKPK EDGFDNCVED NQWKDPAERA CLMSLDITEY ELQILEQEAL DKSHHAVTYT
           SAEPLSPKDS EIDTSYVIES DEDLELEMLK SLENLNSGAI APTHSKCSEM ERNLGLPTE-
           EEDENEAIEE EEGEKDCLLP VPNTAQVTFL KTYFGHSSFK PVQWKVIHSV LEERRDNVVV
           MATGYGKSLC FQYPPVYAGK IGLVIAPLIS LMEDQVLQLK MSNIPACFLG SAQSENVLND
           VKSGKYQIVY MTPEFCSGNL DLLQQLEANI GITLIAVDEA HCISEWGHDF RSSFRNLGSL
           KTTFPSVPVV ALTATASSSI REDIIHALNL RNPQITCTSF DRPNLYLEVL RKTGNIFQDL
           KQFLVRKTSS EWEFEGPTII YCHSRKMTEQ VTAELRKLSL SCGTYHAGMS INVRKEVHHR
           FMRDEIQCVI ATIAFGMGIN KADIRKVIHY GAPKEMESYY QEIGRAGRDG LESSCHLLWA
           PADLAINRFR LTEIQNETFR LYKLKMLAKM SKYLNSSKCR RRIILSHFED KQLRKASSGI
           MGTEKCCDNC RFRLDHCYSI SDSEDTFQDF GPQAFQLLSA VDILGGKFGI GVPILFLRGS
           HSQRLADTYR HHHFFGIGKA KPENWWKAFS RQLITEGFLQ EVSGQNKYAK LCTLTEEGRN
           WLDEAKTESP PRLVLQASEE LFPTKFPWPS SKAVSSGTEQ HFSPQVPIEL AAEKKSNLET
           MYSYKALDKI SSGSTIHKKS IVVQSPEKSY TSREPVVLAQ EQVTQTVLYA KLVEARQKQA
           NEMDVPPAVL ATNKVLVDMA RVRPTTVENI KKIDGVSEGK AAMLTPLLEV IKHFCQLNSV
           QTDLFPSIKP QEEQK-EILV EEKKYSLPHS VVITYSLFQE KKMSLNQIAE NRILPLPAVG
           MHLSHAVKAG YPLDLERAGL TPEIQKVIAD VIRNPPVNSD MNKFKLIRMF VPESIDTYLI
           HMAIEILKNN CDSRLLCQPS CDSNKKRCFP RSEEGWLSSK RSREEVSTNT K---------
           ---------- ---------- ---------- -
