   40   773
Dasypus    MATASPRSES SNNHSGRLQL QVTVSSAKLK RKKNWFGTAI YTEVVVDREI KKTAKSSSSS
           NPKWDEQLTV HVTPQTTLEF RVWSHHTLKA DALLGRAAID LKQALLLHNR KLEKVKEQLK
           LSLENKNGIV QTGELTVVLD GLVIEQENLT NCSSSPTIEI QQNGDALREN GDPSARTNTR
           LAVEGTNGID NHVPPNTLVQ NSCCSYVVNG DNTPSSPSQV AARPKNTPAP KPLTSEPAHD
           SVNGESSSSA PSDNASAVGT AIVSEETALS SNCTSTTVED PPVQEILTSS ENNECIPSTS
           AAVESEARSM LDPTTSDSGN SSSFEAAKLR QPDGCVESVR QQSGNANTET LPSGWEQRKD
           PHGRTYYVDH NTRTTTWERP QPLPPGWERR VDDRGRVYYV DHNTRTTTWQ RPTMESVRNF
           EQWQSQRNQL QGAMQQFNQR YLYSASMLAA ENDPYGPLPP GWEKRVDSTD RVYFVNHNTK
           TTQWEDPRTQ GLQNEEPLPE GWEIRYTREG VRYFVDHNTR TTTFKDPRNG KSSVTKGGPQ
           IAYERSFRWK LAHFRYLCQS NALPSHVKIN VSRQTLFEDS FQQIMALKPY DLRRRLYVIF
           RGEEGLDYGG LAREWFFLLS HEVLNPMYCL FEYAGKNNYC LQINPASTIN PDHLSYFCFI
           GRFIAMALFH GKFIDTGFSL PFYKRMLSKK LTIKDLESID TEFYNSLIWI RDNNIEECGL
           EMYFSVDMEI LGKVTSHDLK LGGSNILVTE ENKDEYIGLM TEWRFSRGVQ EQT
NEVVPLQWLQ YFDEKELEVM LCGMQEVDLA DWQRNTVYRH YTRNSKQIIW FWQFVKETDN EVRMRLLQFV
           TGTCRLPLGG FAELMGSNGP QKFCIEKVGK DTWLPRSHTC FNRLDLPPYK SFEQLKEKLL
           FAIEETEGFG QEXECHINOP S--------- ---------- -----SSAKL KRKKNWFGTA
           IYTEVAVDGE IKKTAKSSSS SNPKWDEQLT VNVTPQTTLE FRVWSHHTLK ADTMLGRATV
           DLKQALLTHN RKLERVKEQL KLSLENKNGV VQTGELTVVL DGLVVEQENQ ANCSSSPTIE
           IQQNGDALHE NGEPAAGTAT RLAVEGTNGI DNHVPPNTLV QNSCCSYVVN GDSTPSSPSQ
           VAARPKNTPG PKPLTSEPAN DT???????? ?????????? ?????????? ??????????
           ?????????? ?????????? ?????????? ?????????? ?????????? ??????????
           ?????????? ?????WEQRK DPHGRTYYVD HNTRTTTWER PQPLPPGWER RVDDRGRVYY
           VDHNTRTTTW QRPTMESVRN FEQWQSQRNQ LQGAMQQFNQ RYLYSASMLA AENDPYGPLP
           PGWEKRVDST DRVYFVNHNT KTTQWEDPRT QGLQNEEPLP EGWEIRYTRD SVRYFVDHNT
           RTTTFKDPRN GKSSVTKGGP QIAYERSFRW KLAHFRYLCQ SNALPSHVRS SVSRQTLFED
           SFQQIMALKP YDLRRRLYVI FRGEEGLDYG GLAREWFFLL SHEVLNPMYC LFE
GRFIAM--FH GKFLDTGFLL PFYKGMLSKK LTIKDWESID TEFYSSLIWI RDNNIEECGL EMYFSVDMEI
           LGKVTSHDLK LGGSNILVTE ENKDEYIGLM TEWRFSRGVQ EQTKAFLDGF NEVVPLQWLQ
           YFDEKELEVM LCGMQEVDLT DWQRNTVHRH YTRNSKQIIW FWQFVKETDN EVRMRLLQFV
           TGTCRLPLGG FAELMG???? ?????????K DTWLPRSHTC FNRLDLPPYK SYEQLKEKLL
           FAIEETEGFG QEXICTIDOM YS-------- ---------- -----VSSAK LKRKKNWFGT
           ATYTDVVVDG EIKKTAKSSS SSNPKWDEQL TVNVTPQSTL EFRVWSHHTL KADALLGRAT
           IDLKQALLKH NRKLEKVKEQ LKLSLENKNG IVQTGELIVV LDGLVIEQEN LTNCNSSPTI
           EIQQNGDALH ENGEPSARTT TRLAVESSNG VDNHIPTNTV VQNSCCSYVV NGDNTPSSPS
           QVAARPKNTP APKALTSEPT NDTVNRESSS PAPTDNASAM GTQLASEETT LTSNYTSSTI
           EDPPIQESMV SSEHSECVPS VSTELGSEAR SILDPDSSNS GNSSAFD--K LRQPDGCVES
           VRQQSGNANT ESLPSGWEQR KDPHGRTYYV DHNTRTTTWE RPQPLPPGWE RRVDDRGRVY
           YVDHNTRTTT WQRPTMESVR NFEQWQSQRN QLQGAMQQFN QRYLYSASML AAENDPYGPL
           PPGWEKRVDS TDRVYFVNHN TKTTQWEDPR TQGLQNEEPL PEGWEIRYTR EGV
IAYERSFRWK LAHFRYLCQS NALPSHVKIN VSRQTLFEDS FQQIMALKPY DLRRRLYVIF RGEEGLDYGG
           LAREWFFLLS HEVLNPMYCL FEYAGKNNYC LQINPASTIN PDHLSYFCFI GRFIAMALFH
           GKFIDTGFSL PFYKRMLSKK LTIKDLESID TEFYNSLIWI RDNNIEECGL EMYFSVDMEI
           LGKVTSHDLK MGGSNILVTE ENKDEYIGLM TEWRFSRGVQ EQTKAFLDGF NEVVPLQWLQ
           YFDEKELEVM LCGMQEVDLA DWQRNTVYRH YTRNSKQIIW FWQFVKETDN EVRMRLLQFV
           TGTCRLPLGG FAELMGNNGP QKFCIEKVGK DTWLPRSHTC FNRLDLPPYK SYEQLKEKLL
           FAIEETEGFG QEXLOXODON TAMATASPRS DTSNNHSGRL QLQVTVSSAK LKRKKNWFGT
           AIYTEVAVDG ETKKTAKSSS SSNPKWDEQL TVRVTPQSTL EFRVWSHHTL KADALLGRAT
           IDLKQALLKH NRKLERVKEQ LKLSLENKNG VLQTGELTVV LDGLVVEQEN LANGSSSPTI
           EIQQNGDALH ENGEPLARTT IRLAIETTNG IDNHVPTDTL VQNSCCSYVV NGDNTSSSPS
           QVAARPQNTP APKPLTPEPA SDTVNGESSS SAPTANTSST GPAIASEEPT LSSNCTSTTV
           EDPSVQEIPP SSENNECIPS TSSALESEAI STLEPAASSS ENSSAYEAAK IRQSDGCAEP
           IRQQPGSANT ETLPSGWEQR KDPHGRTYYV DHNTRTTTWE RPQPLPPGWE RRV
EQWQSQRNQL QGAMQQFNQR YLYSASMLAA ENDPYGPLPP GWEKRVDSTD RVYFVNHNTK TTQWEDPRTQ
           GLQNEEPLPE GWEIRYTREG VRYFVDHNTR TTTFKDPRNG KSSVTKGGPQ IAYERSFRWK
           LAHFRYLCQS NALPSHVKIN VSRQTLFEDS FQQIMALKPY DLRRRLYVIF RGEEGLDYGG
           LAREWFFLLS HEVLNPMYCL FEYAGKNNYC LQINPASAIN PDHLSYFCFI GRFIAMALFH
           GKFIDTGFSL PFYKRMLSKK LTIKDLESID TEFYNSLIWI RDNDIEECGL EMYFSVDMEI
           LGKVTSHDLK LGGSNILVTE ENKDEYIGLM MEWRFSRGVQ EQTKAFLDGF NEVVPLQWLQ
           YFDEKELEVM LCGMQEVDLA DWQRNAVYRH YTRNSKQIIW FWQLVKETDN EVRMRLLQFV
           TGTCRLPLGG FAELMGSNGP QKFCIEKVGK DTWLPRSHTC FNRLDLPPYK SYEQLKEKLL
           FAIEETEGFG QEXCANISMA TASPRSDTSN NHSGRSQLQV TVSSAKLKRK KNWFGTAIYT
           EVVVDGEIKK TAKSSSSSNP KWDEQITVNV TPQTTLEFRV WSHYTLKADA LLGRATIDLK
           QALLMHNRKL ERVKEQLKLS LENKNGIVQT GELTVVLDGL TIEQENLTNC SSSPTIEIQQ
           NGDALHENGE PSARPTSRLA VEGTNGIDNH VPTSTLAQNA CCSYVVNGDN TPSSPSQVAA
           RPKNAPAPKP LTSEPANDTV NGESSSSAPT DNASVMGTAI VSEETALSSN CTN
AAFGSEARST LDPAASNSGN NSAFEAAKLR QPDGCVEPVR QQSGNTNTET LPSGWEQRKD PHGRTYYVDH
           NTRTTTWERP QPLPPGWERR VDDRGRVYYV DHNTRTTTWQ RPTMESVRNF EQWQSQRNQL
           QGAMQQFNQR YLYSASMLAA ENDPYGPLPP GWEKRVDSTD RVYFVNHNTK TTQWEDPRTQ
           GLQNEEPLPE GWEIRYTREG VRYFVDHNTR TTTFKDPRNG KSSVTKGGPQ IAYERSFRWK
           LAHFRYLCQS NALPSHVKIN VSRQTLFEDS FQQIMALKPY DLRRRLYVIF RGEEGLDYGG
           LAREWFFLLS HEVLNPMYCL FEYAGKNNYC LQINPASTIN PDHLSYFCFI GRFIAMALFH
           GKFIDTGFSL PFYKRMLSKK LTIKDLESID TEFYNSLIWI RDNNIEECGL EMYFSVDMEI
           LGKVTSHDLK LGGSNILVTE ENKDEYIGLM TEWRFSRGVQ EQTKAFLDGF NEVVPLQWLQ
           YFDEKELEVM LCGMQEVDLA DWQRNTVYRH YTRNSKQIIW FWQFVKETDN EVRMRLLQFV
           TGTCRLPLGG FAELMGSNGP QKFCIEKVGK DTWLPRSHTC FNRLDLPPYK SYEQLKEKLL
           FAIEETEGFG QEXMACACAM ATASPRSDTS NNHGGRLQLQ VTVSSAKLKR KKNWFATAIY
           TEVAVDGEIT KTAKSSSSSN PKWDEQLTVN VTPQTTLEFR VWSRHALKAD ALLGKATIDL
           KEALLIHNRK LERVKEQLKL SLENKNGIAQ TGELTVVLDG LVIEQENITN CSS
LAVEGTNGID NHVPTSTLVQ NSCCSYVVNG DNTPSSPSQV AARPKNTPAP KPLTSEPADD TVNGESSSFA
           PTDNASVTGT PVVSEENALS PNCTSTTVED PPVQEILTSS ENNECIPSTS AELGSEARSI
           LEPDTSNSRS SSAFEAAKSR QPDGCVDPVR QQSGNANAET LPSGWEQRKD PHGRTYYVDH
           NTRTTTWERP QPLPPGWERR VDDRGRVYYV DHNTRTTTWQ RPTMESVRNF EQWQSQRNQL
           QGAMQQFNQR YLYSASMLAA ENDPYGPLPP GWEKRVDSTD RVYFVNHNTK TTQWEDPRTQ
           GLQNEEPLPE GWEIRYTREG VRYFVDHNTR TTTFKDPRNG KSSVTKGGPQ IAYERSFRWK
           LAHFRYLCQS NALPSHVKIN VSRQTLFEDS FQQIMALKPY DLRRRLYVIF RGEEGLDYGG
           LAREWFFLLS HEVLNPMYCL FEYAGKNNYC LQINPASTIN PDHLSYFCFI GRFIAMALFH
           GKFIDTGFSL PFYKRMLSKK LTIKDLESID TEFYNSLIWI RDNNIEECGL EMYFSVDMEI
           LGKVTSHDLK LGGSNILVTE ENKDEYIGLM TEWRFSRGVQ EQTKAFLDGF NEVVPLQWLQ
           YFDEKELEVM LCGMQEVDLA DWQRNTVYRH YTRNSKQIIW FWQFVKETDN EVRMRLLQFV
           TGTCRLPLGG FAELMGSNGP QKFCIEKVGK DTWLPRSHTC FNRLDLPPYK SYEQLKEKLL
           FAIEETEGFG QEXMYOTISM ATASPRSDTS NNHSGRLQLQ VTVSSAKLKR KKN
NPKWDEQLTV SVSAQSTLEF RVWSHHTLRT DALLGRAAVD LRQALLTHNR KLERVKEQLK LSLENKNGVV
           QTGELTVVLD GLAIEPENLT SCSSAPTIEI QQNGDALREN GEPSARTSSR LAAEGAGGAD
           SRAPTHAVVQ N-CYSRVANG GSAPSSPSPA AARPRNTPAP RPRTADPAGD TANGESSSPA
           PQEDAPAPGQ AGVPEDGAWA STCPGSTGEQ APGPEAPAPS ERNGCVPPDG AALGGD----
           LDTAASASGS SSALEAAKLR QPGGSVEPGR ----NASPES LPSGWEQRKD PHGRTYYVDH
           NTRTTTWERP QPLPPGWERR VDDRGRVYYV DHNTRTTTWQ RPTLESVRDF EQWQSQRSQL
           QGALQQFNQR YLYSVS---- --SP-GRRPP SFRSTAFPFD LVFLLH---- ITTWSHAQRS
           SLLTQF-LPK ILSYTFPAFG LSY-----DR LPLSKSPEPG AYSLVGAGHL LAGQRELG--
           ------LCRG GAGQPADKER AGGGTCFEPS CVWTLAVSP- ---------- ----------
           --REWFFLLS HEVLNPMYCL FEYAGKNNYC LQINPASTIN PDHLSYFCFI GRFIAMALFH
           GKFIDTGFSL PFYKRMLSKK LTIKDLESID PEFYNSLIWI RDNNIEECGL EMYFSVDMEI
           LGKVTSHDLK LGGASILVTE DNKDEYIGLM TEWRFSRGVQ EQTQAFLDGF NEVVPLQWLQ
           YFDEKELEVM LCGMQEVDLS DWQRNAVYRH YTRNSKQIVW FWQFVKETDN EVR
SYEQLKEKLL FAIEETEGFG QEXFELISMA TASPRSDTSN NHSGRSQLQV TVSSAKLKRK KNWFGTAVYT
           EVVVDGEIKK TAKSSSSSNP KWDEQLTVNV TPQTTLEFRV WSHYTLKADA LLGRATIDLK
           QALLIHNRKL ERVKEQLKLS LENKNGIVQT GELTVVLDGL AIEQENLTNC NSSPTIEIQQ
           NGDALHENGD PSTRPTSRLV VEGTSGIDNH TPTSTLVQNS CCSYVVNGDN TPSSPSQVAA
           RPK??????? ?RLTDFLFSV NGESSSSAPT DNASTMDTVI VSEETALSSN CTNTTVEDPP
           VQEIMTSSEN NECILSTSAA FGSEARSTLD PATSNSGSSS AFEAAKLRQP DGCVEPVRQQ
           SGNANTETLP SGWEQRKDPH GRTYYVDHNT RTTTWERPQP LPPGWERRVD DRGRVYYVDH
           NTRTTTWQRP TMESVRNFEQ WQSQRNQLQG AMQQFNQRYL YSASMLAAEN DPYGPLPPGW
           EKRVDSTDRV YFVNHNTKTT QWEDPRTQGL QNEEPLPEGW EIRYTREGVR YFVDHNTRTT
           TFKDPRNGKS SVTKGGPQIA YERSFRWKLA HFRYLCQSNA LPSHVKINVS RQTLFEDSFQ
           QIMALKPYDL RRRLYVIFRG EEGLDYGGLA REWFFLLSHE VLNPMYCLFE YAGKNNYCLQ
           INPASTINPD HLSYFCFIGR FIAMALFHGK FIDTGFSLPF YKRMLSKKLT IKDLESIDTE
           FYNSLIWIRD NNIEECGLEM YFSVDMEILG KVTSHDLKLG GSNILVTEEN KDE
NEVVPLQWLQ YFDEKELEVM LCGMQEVDLA DWQRNTVYRH YTRNSKQIIW FWQFVKETDN EVRMRLLQFV
           TGTCRLPLGG FAELMGSNGP QKFCIEKVGK DTWLPRSHTC FNRLDLPPYK SYEQLKEKLL
           FAIEETEGFG QEXCALLITH RIXMATASPR SDTSNNHSGR LQLQVTVSSA KLKRKKNWFG
           TAIYTEVVVD GEIRKTAKSS SSSNPKWDEQ LTVNVTPQTT LEFRVWSHHT LKADALLGKA
           TIDLKQALLI HNRKLERVKE QLKLSLENKN GIAQTGELTV VLDGLVIEQE NLTNCSSSPT
           IEIQQNGDAL HENGEPSART TARLAVEGTN GIDNHVPAST VVQNSCCSYV VNGDNAPSSP
           SQVAARPKNT PAPKPLTSEP ADDTVNGESS SFAPTANASV MGTPVVSEEN ALSPHCTSTT
           VEEPPVQEIL TSSENNECIP STSTELGSEA RIILDPDTSN SGSSSAFEAA KSRQPDGCMD
           PVRQQSGNAN TETLPSGWEQ RKDPHGRTYY VDHNTRTTTW ERPQPLPPGW ERRVDDRGRV
           YYVDHNTRTT TWQRPTMESV RNFEQWQSQR NQLQGAMQQF NQRYLYSASM LAAENDPYGP
           LPPGWEKRVD STDRVYFVNH NTKTTQWEDP RTQGLQNEEP LPEGWEIRYT REGVRYFVDH
           NTRTTTFKDP RNGKSSVTKG GPQIAYERSF RWKLAHFRYL CQSNALPSHV KINVSRQTLF
           EDSFQQIMAL KPYDLRRRLY VIFRGEEGLD YGGLAREWFF LLSHEVLNPM YCL
GRFIAMALFH GKFIDTGFSL PFYKRMLSKK LTIKDLESID TEFYNSLIWI RDNNIEECGL EMYFSVDMEI
           LGKVTSHDLK LGGSNILVTE ENKDEYIGLM TEWRFSRGVQ EQTKAFLDGF NEVVPLQWLQ
           YFDEKELEVM LCGMQEVDLA DWQRNTVYRH YTRNSKQIIW FWQFVKETDN EVRMRLLQFV
           TGTCRLPLGG FAELMGSNGP QKFCIEKVGK DTWLPRSHTC FNRLDLPPYK SYEQLKEKLL
           FAIEETEGFG QEXERINACE USMATASPRS DTSTNHSGRL QLQVTVSSAK LKRKKNWFGT
           AIYTEVVVDG EIKKTSKSSS SSNPKWDEQL LVNVTPQTTL EFRVWSHHTL KADALLGKAT
           IDLKQALLLH NRKLEKVKEQ LKLSMENKNG IVQTGELTVV LDGLVIEQEN LTNCSSSPAR
           QIQQNGDALH ENVESSTRTA TRLPIESTNE VENHVPENTL VQNSCCSHIV NGDNTSSSPS
           QVAARPKSTP APKPLTSEPA NDTVNGESPS SAPIDNASST GTVIVSEETA LSSNCTTTTV
           EDPPVQEILT SSENSECILS NSPAFGSEAR STVDSAISSS ENNSTFEAAK SRQPDGYVES
           LRQQAGNVST ETLPSGWEQR KDPHGRTYYV DHNTRTTTWE RPQPLPPGWE RRVDDRGRVY
           YVDHNTRTTT WQRPTMESVR NFEQWQSQRN QLQGAMQQFN QRYLYSASML AAENDPYGPL
           PPGWEKRVDA TDRVYFVNHN TKTTQWEDPR TQGLQNEEPL PEGWEIRYTR EGV
IAYERSFRWK LAHFRYLCQS NALPSHVKIN VSRQTLFEDS FQQ??????? ?????????? ??????????
           ???EWFFLLS HEVLNPMYCL FEYAGKNNYC LQINPASTIN PDHLSYFCFI GRFIAMALFH
           GKFIDTGFSL PFYKRMLSKK LTIKDLESID TEFYNSLIWI RDNNIEECGL EMYFSVDMEI
           LGKVTSHDLK LGGSNILVTE ENKDEYIGLM TEWRFSRGVQ EQTKAFLDGF NEVVPLQWLQ
           YFDEKELE?? ?????????? ?????????? ?????????? ???FVKETDN EVRMRLLQFV
           TGTCRLPLGG FAELMGSNGP QKFCIEKVGK DTWLPRSHTC FNRLDLPPYK SYEQLKEKLL
           FAIEETEGFG QEXSOREXMA TASPRSDTSN SHTGRLQLKV TVSSAKLKRK KNWFGTAIYT
           EVVVDGEVKK TAKSSSSSNP KWDEQLTVNV TPQTTLEFRV ??HHTLKSDA LLGKATIDLK
           QALLLHNRKL EKVKEQLKLS MENKNGIVQT GELTIMLDGL AIEQENITNC NSSPAIEIQQ
           NGGALHENGE PSARATT??? ?????????? ?????????? ?????????? ??????????
           ?????????? ?????????? ?????????? ?????????? ?????????N CTTTTVKTAP
           V-EAPTSSEN NECILPASAP VDPEARSASD PAVSSSGNSS ASEAAKLRQL DGSVEPARQH
           SGNVSTETLP AGWEQRKDPH GRTYYVDHNT RTTTWERPQP LPP??????? ???
?????????? ?????????? ????ASMLAA ENDPYGPLPP GWEKRVDSTD RVYFVNHNTK TTQWEDPRTQ
           GLQNEEPLPE GWEIRYTREG ASNSVDRNTR TTTFKDLRNG GSFVTKGGPQ IAYERSFRWK
           LAHFRYLCQS NALPSHVKIN VSRQTLFEDS FQQIM-LKPY D-ERRLYVIF R-EEGLDYGG
           LAREWFFLLS HEVLNPMYCL FEYAGKNNYC LQINPASTIN PDHLSYFCFI GRFIAMALFH
           GKFIDTGFSL PFYKRMLSKK LTIKDLESID TEFYNSLIWI RDNNIEECGL EMYFSVDMEI
           LGKVTSHDLK LGGSNILVTE ENKDEYI??? ?????????? ?????????? ??????????
           ?????????? ?????????? ?????????? ?????????? ???FVKETDN EVRMRLLQFV
           TGTCRLPLGG FAELMGSNGP QKFCIEKVGK DTWLPRSHT- ---------- ----------
           ---------- ---CHOLOEP US-------- ---------- ---------- ----------
           ---------- ---------- ---------- ---------- ---------- ----------
           ---------- ---------- ---------- ---------- ---------- ----------
           ---------- ---------- --LAVEGTNG IDNHVPTNTL VRNSCCSYVV NGDSTPSSPS
           QVAARPKNAP APKPLTFEPA NDTVNGESSS SAPTDNASAT GTAVVSEETA LSS
EAVESEARSM LDPAASHSGS SSVFEAAKLR QPDGCGESVR QQTGNANTET LPS??????? ??????????
           ?????????? ??????WERR VDDRGRVYYV DHNTRTTTWQ RPTMESVRNF EQWQSQRNQL
           QGAMQQFNQR YLYSASMLAA ENDPYGPLPP GW???????? ?????????? ??????????
           ?LQNEEPLPE GWEIRYTREG VRYFVDHNTR TTTFKDPRNG KSSVTKGGPQ IAYERSFRWK
           LAHFRYLCQS NALPSHVKIN VSRQTLFEDS FQQIMALKPY DLRRRLYVIF RGEEGLDYGG
           LAREWFFLLS HEVLNPMYCL FEYAGKNNYC LQINPASTIN PDHLSYFCFI GRFIAMALFH
           GKFIDTGFSL PFYKRMLSKK LTIKDLESID TEFYNSLIWI RDNNIEECGL EMYFSVDMEI
           LGKVTSHDLK LGGSNILVTE ENKDEYIGLM TEWRFSRGVQ EQTKAFLDGF NEVVPLQWLQ
           YFDEKELE?? ?????????? ?????TVYRH YTRNSKQIIR FWQFVKETDN EVRMRLLQFV
           TGTCRLPLGG FAELMGSNGP QKFCIEKVGK DTWL------ FNRLDLPPYK SYEQLKEKLL
           FAIEETEGFG QEXNOMASCU SMATASPRSD TSNNHSGRLQ LQVTVSSAKL KRKKNWFGTA
           IYTEVVVDGE IRKTAKSSSS SNPKWDEQLT VNVTPQTTLE FRVWSHHTLK ADALLGKATI
           DLKQALLIHN RKLERVKEQL KLSLENKNGI AQTGELTVVL DGLVIEQENI TNC
LAVEGTNGID NLVPTSTLVQ NSCCSYVVNG DNTPSSPSQV AARPKNTPAP KPLASEPADD TVNGESSSFA
           PTDNASVTGT PVVSEENALS PNCTSTTVED PPVQEILTSS ENNECIPSTS AELGSEARSI
           LEPDTSNSRS SSAFEAAKSR QPDGCMDPVR QQSGNANTET LPSGWEQRKD PHGRTYYVDH
           NTRTTTWERP QPLPPGWERR VDDRGRVYYV DHNTRTTTWQ RPTMESVRNF EQWQSQRNQL
           QGAMQQFNQR YLYSASMLAA ENDPYGPLPP GWEKRVDSTD RVYFVNHNTK TTQWEDPRTQ
           GLQNEEPLPE GWEIRYTREG VRYFVDHNTR TTTFKDPRNG KSSVTKGGPQ IAYERSFRWK
           LAHFRYLCQS NALPSHVKIN VSRQTLFEDS FQQIMALKPY DLRRRLYVIF RGEEGLDYGG
           LAREWFFLLS HEVLNPMYCL FEYAGKNNYC LQINPASTIN PDHLSYFCFI GRFIAMALFH
           GKFIDTGFSL PFYKRMLSKK LTIKDLESID TEFYNSLIWI RDNNIEECGL EMYFSVDMEI
           LGKVTSHDLK LGGSNILVTE ENKDEYIGLM TEWRFSRGVQ EQTKAFLDGF NEVVPLQWLQ
           YFDEKELEVM LCGMQEVDLA DWQRNTVYRH YTRNSKQIIW FWQFVKETDN EVRMRLLQFV
           TGTCRLPLGG FAELMGSNGP QKFCIEKVGK DTWLPRSHTC FNRLDLPPYK SYEQLKEKLL
           FAIEETEGFG QEXVICUGNA MATASPRSDT SNNHSGRLQL QVTVSSAKLK RKK
NPKWDEQLTV NVTPQTTLEF RVWSHHTLKA DALLGRATID LKQALLVHNR KLERVKEQLK LSLETKNGLV
           QTGELTVVLD GLVIEQENVT NCSSSPAIEI QQNGDALHEN GEPSARTATR LAAEGTNGID
           NHVRTSTVVQ NSCCSYVVNG DSAPSSPSQV AARPKNTPAP KPLTSEPAND TVNGESSSSA
           PTGDASTAGT AGVAEETTLS SNCISTAVED PPVQEILASS ENSECIHPNG AAFGAEARSA
           LDPSTSNSGS SSASEAAKLR QPEGSVEPTR PQSANASTET LPSGWEQRKD PHGRTYYVDH
           NTRTTTWERP QPLPPGWERR VDDRGRVYYV DHNTRTTTWQ RPTMESVRNF EQWQSQRSQL
           QGAMQQFNQR YLYSASMLAA ENDPYGPLPP GWEKRVDSTD RVYFVNHNTK TTQWEDPRTQ
           G????????? ?????????? ?????????? ?????????? ????TKGGPQ IAYERSFRWK
           LAHFRYLCQS NALPSHVKIN VSRQTLFEDS FQQIMALKPY DLRRRLYVIF RGEEGLDYGG
           LA???????? ?????????? ?????????? ?????????? ?????????? ??????????
           ?????????? ?????????? ?????????? ?????????? ?????????? ??????????
           ?????????? ?????????? ?????????? ?????????? ?????????? ??????????
           ????????VM LCGMQEVDLA DWQRNTVYRH YTRNSKQIIW FWQFVKETDN EVR
?????????L FAIEETEGFG QEXEQUUSMA TASPRSDTGN NHSGRLQLQV TVSSAKLKRK KNWFGTAIYT
           EVVVDGEIKK TAKSSSSSNP KWDEQLTVNV TPQTTLEFRV WSHHTLKADA LLGRATIDLK
           QALLIHNRKL ERVKEQLKLS LENKNGIVQT GELTVVLDGL VTEQENLTNC RPSPPIEIQQ
           NGDALHENEE PLASSTTRLA VEGTNGIDIH APANTLVQNS CCSYVVNGDS TPSSPSQVAA
           RPKNTPAPKP LTPEPADDTV NGASSSSAPA DDASAPAPAV ASEEAALSSP CTSTAVEDPS
           VPEIPTSSEN NECILSTSAA FGSEARSTSD SAPSHSGNGS AFEAAKLRQP DGCVEPVLQQ
           PGSAGTESLP SGWEQRKDPH GRTYYVDHNT RTTTWERPQP LPPGWERRVD DRGRVYYVDH
           NTRTTTWQRP TMESVRNFEQ WQSQRSQLQG AMQQFNQRYL YSASMLAAEN DPYGPLPPGW
           EKRVDSTDRV YFVNHNTKTT QWEDPRTQGL QNEEPLPEGW EIRYTREGVR YFVDHNTRTT
           TFKDPRNGKS SVTKGGPQIA YERSFRWKLA HFRYLCQSNA LPSHVKINVS RQTLFEDSFQ
           QIMALKPYDL RRRLYVIFRG EEGLDYGGLA REWFFLLSHE VLNPMYCLFE YAGKNNYCLQ
           INPASTINPD HLSYFCFIGR FIAMALFHGK FIDTGFSLPF YKRMLNKKLT IKDLESIDTE
           FYNSLIWIRD NNIEECGLEM YFSVDMEILG KVTSHDLKSG GSNILVTEDN KDE
NEVVPLQWLQ YFDEKELEVM LCGMQEVDLA DWQRNAVYRH YTRNSKQIIW FWQFVKETDN EVRMRLLQFV
           TGTCRLPLGG F-ELMGDNGP QKFCIEKVGK DTWLPRSHTC FNRLDLPPYK SYEQLKEKLL
           FAIEETEGFG QEXOCHOTON AMATASPRSD STSHHSGRLQ LQVTVSSAKL KRKKNWFGTA
           IYTEVVVDGE SKRTAKSSSS SNPKWDEQLN VNVTPQTTLE FRVWSHHTLK ADALLGRATV
           DLKQALLIHN RKLERVKEQL KLSLENKNGV VQTGELTIVL DGLVIEQENL ANCSSSPTLE
           IRQNGDALHE NAESSERTTT RLAAEGTPGM ANHVPADAAV QEPCCSCVVN GDNTPSPPSQ
           VSARPKNTPA PKPLMPEHAS DAVNGEPSSS PAADPAPAGA APGAAEEAAL PADCMGTAVQ
           DPPAQESRPS SENSDCVASA STQPGSEARS MGEPDHPDAA SSSAFD--KS RQPEGCAESV
           RQQSANASAE TLPSGWEQRK DPHGRTYYVD HNTRTTTWER PQPLPPGWER RVDDRGRVYY
           VDHNTRTTTW QRPTMESVRN FEQWQSQRNQ LQGAMQQFNQ RYLYSASMLT AENDPYGPLP
           PGWEKRVDST DRVYFVNHNT KTTQWEDPRT QGLQNEEPLP EGWEIRYTRE GVRYFVDHNT
           RTTTFKDPRN GKSSVTKGGP QIAYERSFRW KLAHFRYLCQ SNALPSHVKI NVSRQTLFED
           SFQQIMALKP YDLRRRLYVI FRGEEGLDYG GLAREWFFLL SHEVLNPMYC LFE
GRFIAMALFH GKFIDTGFSL PFYKRMLSKK LTIKDLESID TEFYNSLIWI RDNNIEECGL EMYFSVDMEI
           LGKVTSHDLK LGGSNILVTE ENKDEYI--- -----SRGVQ EQTKAFLDGF NEVVPLQWLQ
           YFDEKELEVM LCGMQEVDLA DWQRNTVYRH YTRNSKQIIW FWQFVKETDN EVRMRLLQFV
           TGTCRLPLGG FAELMGSNGP QKFCIEKVGK DTWLPRSHTC FNRLDLPPYK SYEQLKEKLL
           FAIEETEGFG QEXGORILLA MATASPRSDT SDNHSGRLQL QVTV------ ----------
           ---------- ---------- ---------- ---------- ---------- ----------
           ---------- --ERVKEQLK LSLENKNGIA QTGELTVVLD GLVIEQENIT NCSSSPTIEI
           QENGDALHEN GEPSARTTAR LAVEGTNGID NHVPTSTLVQ NSCCSYVVNG DNTPSSPSQV
           AARPKNTPAP KPLASEPAND TVNGESSSFA PTDNASVTGT PVVSEENALS PNCTSTTVED
           PSVQEILTSS ENNECIPSTS AELESEARSI LEPDTSNSRS SSAFEAAKSR QPDGCMDPVR
           QQSGNANTET LPSGWEQRKD PHGRTYYVDH NTRTTTWERP QPLPPGWERR VDDRRRVYYV
           DHNTRTTTWQ RPTMESVRNF EQWQSQRNQL QGAMQQFNQR YLYSASMLAA ENDPYGPLPP
           GWEKRVDSTD RVYFVNHNTK TTQWEDPRTQ GLQNEEPLPE GWEIRYTREG VRY
IAYERGFRWK LAHFRYLCQS NALPSHVKIN VSRQTLFEDS FQQIMALKPY DLRRRLYVIF RGEEGLDYGG
           LAREWFFLLS HEVLNPMYCL FEYAGKNNYC LQINPASTIN PDHLSYFCFI GRFIAMALFH
           GKFIDTGFSL PFYKRMLSKK LTIKDLESID TEFYNSLIWI RDNNIEECGL EMYFSVDMEI
           LGKVTSHDLK LGGSNILVTE ENKDEYIGLM TEWRFSRGVQ EQTKAFLDGF NEVVPLQWLQ
           YFDEKELEVM LCGMQEVDLA DWQRNTVYRH YTRNSKQIIW FWQFVKETDN EVRMRLLQFV
           TGTCRLPLGG FAELMGSNGP QKFCIEKVGK DTWLPRSHTC FNRLDLPPYK SYEQLKEKLL
           FAIEETEGFG QEXOTOLEMU RMATASPRSE TSNNHSGRLQ LQVTVSSAKL KRKKNWFGTA
           IYTEVVVDGE IKKTAKSGSS SNPKWDEQLT VNVTPQTKLE FRVWSHHTLK ADALLGKAVI
           DLKQALLKHN RKLERVKEQL KLSLENKNGI VQTGELTVVL DGLVIEQENL TNCSSSPTIE
           IQQNGDALHE NGEPSARTTT RLAAEGTSGI DNHVPANTSV QNSSSSCVVN GDTTSSSLSQ
           VAARPKNTPA PKPLTSEPAN DTVNGESSSF APTDNPSATV TPLVSEENAL SLNCTSTTIE
           DPPVQEIVTS SENDEYIPSS SAELGAEVRS VLDSDTSNSG SNSAFEAAKL RQPDGCAEPV
           RQQSGNASTE TLPSGWEQRK DPHGRTYYVD HNTRTTTWER PQPLPPGWER RVD
EQWQSQRNQL QGAMQQFNQR YLYSASMLAV ENDPYGPLPP GWEKRVDSTD RVYFVNHNTK TTQWEDPRTQ
           GLQNEEPLPE GWEIRYTREG VRYFVDHNTR TTTFKDPRNG KSSVTKGGPQ IAYERSFRWK
           LAHFRYLCQS NALPSHVKIN VSRQTLFEDS FQQIMALKPY DLRRRLYVIF RGEEGLDYGG
           LAREWFFLLS HEVLNPMYCL FEYAGKNNYC LQINPASTIN PDHLSYFCFI GRFIAMALFH
           GKFIDTGFSL PFYKRMLSKK LTIKDLESID TEFYNSLIWI RDNNIEECGL EMYFSVDMEI
           LGKVTSHDLK LGGSNILVTE ENKDEYIGLM TEWRFSRGVQ EQTKAFLDGF NEVVPLQWLQ
           YFDEKELEVM LCGMQEVDLA DWQRNTVYRH YTRNSKQIIW FWQFVKETDN EVRMRLLQFV
           TGTCRLPLGG FAELMGSNGP QKFCIEKVGK DTWLPRSHTC FNRLDLPPYK SYEQLKEKLL
           FAIEETEGFG QEXMICROCE BUS------- ---------- ---------- ----------
           ---------- ---------- ---------- ---------- ---------- ----------
           ---------- -----ERVKE QLKLSLENKN GVVQTGELTV VLDGLVIEQE NLTNCSSSPA
           ?????????? ?????????? ???LAVEDTN GIDNHVPTNT LAQNSCCSYV VNGDNTPSSP
           SQVAARPKNT PAPKPLTSEP ANDTVNGESS LFAPTDNASA SGTPIVSEEN ALS
EELVSEARSI LDHDTSNSGN NSAFEAAKLR QPDGCMEPVR QQSGNANTET LPSGWEQRKD PHGRTYYVDH
           NTRTTTWERP QPLPPGWERR VDDRGRVYYV DHNTRTTTWQ RPTMESVRNF EQWQSQRNQL
           QGAMQQFNQR YLYSASVLAA ENDPYGPLPP GWEKRVDSTD RVYFVNHNTK TTQWEDPRTQ
           GLQNEEPLPE GWEIRYTREG VRYFVDHNTR TTTFKDPRNG KSSVTKGGPQ IAYERSFRWK
           LAHFRYLCQS -ALPS????? ?????????? ???IMALKPY DLRRRLYVIF RGEEGLDYGG
           LA???????? ?????????? ?????????? ?????????? ?????????? ??????ALFH
           GKFIDTGFSL PFYKRMLSKK LTIKDLESID TEFYNSLIWI RDNNIEECGL EMYFSVDMEI
           LGKVTSHDLK LGGSNILVTE ENKDEYIGLM TEWRFSRGVQ EQTKAFLDGF NEVVPLQWLQ
           YFDEKELE?? ?????????? ?????????? ?????????? ???FVKETDN EVRMRLLQFV
           TGTCRLPLGG FAELMGSNGP QKFCIEKVGK DTWLPRSHT- ---------- ----------
           ---------- ---PTEROPU SMATASPRSD TSNNHSGRLQ LQVTVSSAKL KRKKNWFGI?
           ?????????? ?????????? ?????????? ?NVTPQTTLE FRVWSHHTLK ADALLGRATI
           DLKQALLTHD RK???????? ?????????? ?????????? ?????????? ???
LAVESANGID P-VPANTPVQ N-CCPPVDSG DSAPSPPSQV AARPPDTPAP KPLTSEPAGD SVNRELSSPA
           ATNSASASGT AEVSED---- ---ASAPAGD PQVPEVPAAS GQSGCAPSDS AAQGAGAGST
           VDPAPPGSAD SPALEAPKSR QPGGGMEPRR QHSG-TGSET LPSGWEQRKD PHGRTYYVDH
           NTRTTTWERP QPLPPGWERR VDDRGRVYYV DHNTRTTTWQ RPTMESVRNF EQWQSQRNQL
           QGAMQQFNQR YLYSASMLAA ENDPYGPLPP GWEKRVDSTD RVYFVNHNTK TTQWEDPRTQ
           GLQNEEPLPE GWEIRYTREG VRYFVDHNTR TTTFKDPRNG KSSVTKGGPQ IAYERSFRWK
           LAHFRYLCQS NALPSHVKIN VSRQTLFEDS FQQIMALKPY DLRRRLYVIF RGEEGLDYGG
           LAREWFFLLS HEVLNPMYCL FEYAGKNNYC LQINPASTIN PDHLAYFCFI GRFIAMALFH
           GKFIDTGFSL PFYKRMLSKK LTIKDLESID TEFYNSLIWI RDNNIEECGL EMYFSVDMEI
           LGKVTSHDLK LGGANILVTE ENKDEYIGLM AEWRFSRGVQ EQTKAFLDGF NEVVPLQWLQ
           YFDEKELEVM LCGMQEVDLA DWQRNAVYRH YTRNSKQIVW FWQFVKETDN EVRMRLLQFV
           TGTCRLPLGG FAELMGSNGP QKFCIEKVGK DTWLPRSHTC FNRLDLPPYK SYEQLKEKLL
           FAIEETEGFG QEXTURSIOP SMATASPRSD TSNNDSGRLQ LQVTVSSAKL KRK
NPKWDEQLTV NVTPQTTLEF RVWSHHTLKA DALLGRATID LKQALLIHNR KLERVKEQLK LSLETKNGVV
           QTGELTVVLD GLVIEQENRT NCSSSPTMEI QQNGDALHEN GDPSARTTTR LAAEGTNGID
           NHVPTNTVVQ NSCCSYVING DNTPSSPSQV AARPQNTPAP KPLTSEPAND TVNGESSSSA
           PTDNASTTGT AIVSGETALS SNCTSTTVED PPVQEILTSS ENNECILSNS AAFGSEARST
           LDPSTSSSGS SSAFEAAKLR QPDVCVEPVR QQSGNANTET LPSGWEQRKA PHG???????
           ?????????? ??????WERR VDDRGRVYYV DHNTRTTTWQ RPTMESVRNF EQWQSQRNQL
           QGAMQQFNQR YLYSASMLAA ENDPYGPLPP GWEKRVDSTD RVYFVNHNTK TTQWEDPRTQ
           ?????????? ?????????? ?????????? ?????????? ????TKGGPQ IAYERSFRWK
           LAHFRYLCQS NALPSHVKIN VSRQTLFEDS FQQ??????? ?????????? ??????????
           ???EWFFLLS HEVLNPMYCL FEYAGKNNYC LQINPASTIN PDHLLYFCFI GRFIAMALFH
           GKFIDTGFSL PFYKRMLSKK LTIKDLESID TEFYNSLIWI RDNNIEECGL EMYFSVDMEI
           LGKVTSHDLK LGGSNILVTE ENKDEYIGLM TEWRFSRGVQ EQTKAFLDGF NEVVPLQWLQ
           YFDEKELEVM LCGMQEVDLA DWQRNTVYRH YTRNSKQIIW FWQFVKETDN EVR
SYEQLKEKLL FAIEETEGFG QEXTARSIUS MATASPRSDT RNNHSGRLQL QVTVSSAKLK RKKNWFGTAI
           YTEVTVDGEI KKTAKSSSSS NPKWDEQLTV NVTPQTTLEF RVWSHHTLKA DALLGRAAID
           LKQALLTHNR KLERVKEQLK LSLENKNGIA QTGELTVVLD GLVIEQENLT NCSSSPNIEI
           QQNGDALHEN EAPSARTTAR LAVEGTDGVD DHAPASTLVQ NSCCSYIVNG DNTPSSPPQV
           AARPKNTPAP KPLTSEPASD TANGESSSFA PTDNASATGI PVVSEENALS SNCTSTTVED
           PPVQEILASS ENNECTPSTR EELGPGARSL LDLDTSNSGN SSAFEAAKSR QPDGCVEPVR
           QQSGNANTET LPSGWEQRKD PHGRTYYVDH NTRTTTWERP QPLPPGWERR VDDRARVYYV
           DHNTRTTTWP RPTMESVRNF EQWQSQW??? ?????????? ????ASMLAA ENDPYGPLPP
           GWEKRVDSTD RVYFVNHNTK TTQWEDPRTQ GLQNEEPLPE GWEIRYTREG VRYFVDHNTR
           TTTFKDPRNG KSS??????? ?????????? ?????????S NALPSHVKIN VSRQTLFEDS
           FQQIMALKPY DLRRRLYVIF RGEEGLDYGG LAREWFFLLS HEVLNPMYCL FEYAGKNNYC
           LQINPASTIN PDHLSYFCFI GRFIAMALFH GKFIDTGFSL PFYKRMLSKK LTIKDLESID
           TEFYNSLIWI RDNNIEECGL EMYFSVDMEI LGKVTSHDLK LGGSNILVTE ENK
NEVVPLQWLQ YFDEKELEVM LCGMQEVDLA DWQRNTVYRH YTRNSKQIIW FWQFVKETDN EVRMRLLQFV
           TGTCRLPLGG FAELMGSNGP QKFCIEKVGK DTWLPRSHTC FNRLDLPPYK SYEQLKEKLL
           FAIEETEGFG QEXMUSTELA MATASPRSDT SNNHSGRLQL QVTVSSAKLK RKKNWFGTAV
           YTEVIVDGEI KKTAKSSSSS NPKWDEQLTV HVTPQSTLEF RVWSHYTLKA DALLGRATID
           LKQALLIHNR KLESVKEQLK LSLENKNGIV QTGELTVVLD GLVIEQENLT NCSSSPTIEI
           QQNGDALHEN GDPSTRPTSR LAVEGTNGTD NHAPTSSLVQ NSCCSYVVNG DSTPSSPSQV
           AARPKATPAP KPLTSEPAND TVNGESSSSA PTDNASTTGT AIVSEENALS SNCTNTTVED
           PPVQEILTSS ENNECILSNS AAFGSETRST LDLAASNSGN NSAFEAAKLR QPDGCGEPVR
           QQSGSTNTET LPSGWEQRKD PHGRTYYVDH NTRTTTWERP QPLPPGWERR VDDRGRVYYV
           DHNTRTTTWQ RPTMESVRNF EQWQSQRNQL QGAMQQFNQR YLYSASMLAA ENDPYGPLPP
           GWEKRVDSTD RVYFVNHNTK TTQWEDPRTQ GLQNEEPLPE GWEIRYTREG VRYFVDHNTR
           TTTFKDPRNG KSSVTKGGPQ IAYERSFRWK LAHFRYLCQS NALPSHVKIN VSRQTLFEDS
           FQQIMALKPY DLRRRLYVIF RGEEGLDYGG LAREWFFLLS HEVLNPMYCL FEY
GRFIAMALFH GKFIDTGFSL PFYKRMLSKK LTIKDLESID TEFYNSLIWI RDNNIEECGL EMYFSVDMEI
           LGKVTSHDLK LGGSNILVTE ENKDEYIGLM TEWRFSRGVQ EQTKAFLDGF NEVVPLQWLQ
           YFDEKELEVM LCGMQEVDLA DWQRNTVYRH YTRNSKQIIW FWQFVKETDN EVRMRLLQFV
           TGTCRLPLGG FAELMGSNGP QKFCIEKVGK DTWLPRSHTC FNRLDLPPYK SYEQLKEKLL
           FAIEETEGFG QEXTUPAIA- ---------- ---------- ---------- ----------
           ---------- ---------- ---------- ---------- ---------- ----------
           ---------- -EKVKEQLKL SLENKNGVVQ TGELTVVLDG LVIEQENLTN CSSPQTIEIQ
           QNGDALHENG EPSSRANTRL AVEGTNGIDN HIPTNTVVQN SCCSYVVNGD NTPSSPSQVA
           ARPKNTPAPK PLTSEPANDA VNGESSSSAP MNTASSLSTP IVSEETILPS NCSSTTVEDP
           PVQEILTFSE NNECISSASA ELASEVRSML DSDNSSSGNS TAFEAAKLRQ PDGCVESVRQ
           QSANANTESL PS???????? ?????????? ?????????? ?????WERRV DDRGRVYYVD
           HNTRTTTWQR PTMESVRNFE QWQSQRNQLQ GAMQQFNQRY LYSASMLAAE NDPYGPLPPG
           WEKRVDSTDR VYFVNHNTKT TQWEDPRTQG LQNEEPLP-G WEIRYTREGV GYF
IAYERSFRWK LAHFRYLCQS NALPSHVKIN VSRQTLFEDS FQQ??????? ?????????? ??????????
           ?????????? ?????????? ?????????? ?????????? ?????????? ??????????
           ?????????? ?????????? ?????????? ?????????? ?????????? ??????????
           ?????????? ?????????? ????????LM TEWRFSRGVQ EQTKAFLDGF NEVVPLQWLQ
           YFDEKELEVM LCGMQEVDLA DWQRNTVYRH YTRNSKQIIW FWQ??????? ??????????
           ?????????? ??????SNGP QKFCIEKVGK DTWLPRSHT- ---------- ----------
           ---------- ---AILUROP ODAMATASPR SDTSNNHSGR LQLQVTVSSA KLKRKKNWFG
           TAIYTEVVVD GEIKKTAKSS SSSNPKWDEQ LTVNVTPQTT LEFRVWSHYT LKADALLGRA
           TIDLKQALLI HNRKLERVKE QLKLSLENKN GIVQTGELTV VLDGLVIEQE NLTNCSSSPT
           IEIQQNGDAL HENGDPSTRP ASRLAVEGTN GIDNHVPTST VVQNSCRSYV VNGDNTPSSP
           TQVAARPKNT PAPKPLTSEP TNDTVNGESS SSAPTDNAST TGTAVVSEET ALSSDCTNTT
           VEDPPVQEIL TSSENNECIL SDSAALGSEA RSTLDPAASN SGNNSAFEAA KLRQPDGCAE
           PVRQQSGNTN AETLPSGWEQ RKDPHGRTYY VDHNTRTTTW ERPQPLPPGW ERR
EQWQSQRNQL QGAMQQFNQR YLYSASMLAA ENDPYGPLPP GWEKRVDSTD RVYFVNHNTK TTQWEDPRTQ
           GLQNEEPLPE GWEIRYTREG VRYFVDHNTR TTTFKDPRNG KSSVTKGGPQ IAYERSFRWK
           LAHFRYLCQS NALPSHVKIN VSRQTLFEDS FQQIMALKPY DLRRRLYVIF RGEEGLDYGG
           LAREWFFLLS HEVLNPMYCL FEYAGKNNYC LQINPASTIN PDHLSYFCFI GRFIAMALFH
           GKFIDTGFSL PFYKRMLSKK LTIKDLESID TEFYNSLIWI RDNNIEECGL EMYFSVDMEI
           LGKVTSHDLK LGGSNILVTE ENKDEYIGLM TEWRFSRGVQ EQTKAFLDGF NEVVPLQWLQ
           YFDEKELEVM LCGMQEVDLA DWQRNTVYRH YTRNSKQIIW FWQFVKETDN EVRMRLLQFV
           TGTCRLPLGG FAELMGSNGP QKFCIEKVGK DTWLPRSHTC FCFCSV--YK SYEQLKEKLL
           FAIEETEGFG QE-PANMATA SPRSDTSNNH SGRLQLQVTV SSAKLKRKKN WFGTAIYTEV
           VVDGEITKTA KSSSSSNPKW DEQLTVNVTP QTTLEFQVWS HRTLKADALL GKATIDLKQA
           LLIHNRKLER VKEQLKLSLE NKNGIAQTGE LTVVLDGLVI EQENITNCSS SPTIEIQENG
           DALHENGEPS ARTTARLAVE GTNGIDNHIP TSTLVQNSCC SYVVNGDNTP SSPSQVAARP
           KNTPAPKPLA SEPADDTVNG ESSSFAPTDN ASVTGTPVVS EENALSPNCT STT
AELESEARSI LEPDTSNSRS SSAFEAAKSR QPDGCMDPVR QQSGNANTET LPSGWEQRKD PHGRTYYVDH
           NTRTTTWERP QPLPPGWERR VDDRRRVYYV DHNTRTTTWQ RPTMESVRNF EQWQSQRNQL
           QGAMQQFNQR YLYSASMLAA ENDPYGPLPP GWEKRVDSTD RVYFVNHNTK TTQWEDPRTQ
           GLQNEEPLPE GWEIRYTREG VRYFVDHNTR TTTFKDPRNG KSSVTKGGPQ IAYERGFRWK
           LAHFRYLCQS NALPSHVKIN VSRQTLFEDS FQQIMALKPY DLRRRLYVIF RGEEGLDYGG
           LAREWFFLLS HEVLNPMYCL FEYAGKNNYC LQINPASTIN PDHLSYFCFI GRFIAMALFH
           GKFIDTGFSL PFYKRMLSKK LTIKDLESID TEFYNSLIWI RDNNIEECGL EMYFSVDMEI
           LGKVTSHDLK LGGSNILVTE ENKDEYIGLM TEWRFSRGVQ EQTKAFLDGF NEVVPLQWLQ
           YFDEKELEVM LCGMQEVDLA DWQRNTVYRH YTRNSKQIIW FWQFVKETDN EVRMRLLQFV
           TGTCRLPLGG FAELMGSNGP QKFCIEKVGK DTWLPRSHTC FNRLDLPPYK SYEQLKEKLL
           FAIEETEGFG QEXHOMOMAT ASPRSDTSNN HSGRLQLQVT VSSAKLKRKK NWFGTAIYTE
           VVVDGEITKT AKSSSSSNPK WDEQLTVNVT PQTTLEFQVW SHRTLKADAL LGKATIDLKQ
           ALLIHNRKLE RVKEQLKLSL ENKNGIAQTG ELTVVLDGLV IEQENITNCS SSP
LAVEGTNGID NHVPTSTLVQ NSCCSYVVNG DNTPSSPSQV AARPKNTPAP KPLASEPADD TVNGESSSFA
           PTDNASVTGT PVVSEENALS PNCTSTTVED PPVQEILTSS ENNECIPSTS AELESEARSI
           LEPDTSNSRS SSAFEAAKSR QPDGCMDPVR QQSGNANTET LPSGWEQRKD PHGRTYYVDH
           NTRTTTWERP QPLPPGWERR VDDRRRVYYV DHNTRTTTWQ RPTMESVRNF EQWQSQRNQL
           QGAMQQFNQR YLYSASMLAA ENDPYGPLPP GWEKRVDSTD RVYFVNHNTK TTQWEDPRTQ
           GLQNEEPLPE GWEIRYTREG VRYFVDHNTR TTTFKDPRNG KSSVTKGGPQ IAYERGFRWK
           LAHFRYLCQS NALPSHVKIN VSRQTLFEDS FQQIMALKPY DLRRRLYVIF RGEEGLDYGG
           LAREWFFLLS HEVLNPMYCL FEYAGKNNYC LQINPASTIN PDHLSYFCFI GRFIAMALFH
           GKFIDTGFSL PFYKRMLSKK LTIKDLESID TEFYNSLIWI RDNNIEECGL EMYFSVDMEI
           LGKVTSHDLK LGGSNILVTE ENKDEYIGLM TEWRFSRGVQ EQTKAFLDGF NEVVPLQWLQ
           YFDEKELEVM LCGMQEVDLA DWQRNTVYRH YTRNSKQIIW FWQFVKETDN EVRMRLLQFV
           TGTCRLPLGG FAELMGSNGP QKFCIEKVGK DTWLPRSHTC FNRLDLPPYK SYEQLKEKLL
           FAIEETEGFG QEXSUSMATA SPRSDTSDNH SGRLQLQVTV SSAKLKRKKN WFG
NPKWDEQLTV NVTPQTTLEF RVWSHHTLKA DALLGRATID LKQALLIHNR KLERVKEQLK LSLETKNGVV
           QTGELTVVLD GLVIDQENIT NRNSSPTIEI QQNGDALHEN GEPSARTTTR SAAEGTNGID
           DHVPANTVVQ NSCCSYIVNG DNTPSSPSQV AARPKNTPAP KPLTSEPASD TVNGDTSSSA
           PTENASATGT AVGAEETALS SNCTSTTLED PPVQEILTSS ENNECILTNS AAFGSEARNT
           LDPSASSSGS SSAFEAAKLR QPDGCVEPVR QQSGSANTET LPSGWEQRKD PHGRTYYVDH
           NTRTTTWERP QPLPPGWERR VDDRGRVYYV DHNTRTTTWQ RPTMESVRNF EQWQSQRNQL
           QGAMQQFNQR YLYSASMLAA ENDPYGPLPP GWEKRVDSTD RVYFVNHNTK TTQWEDPRTQ
           GLQNEEPLPE GWEIRYTREG VRYFVDHNTR TTTFKDPRNG KSSVTKGGPQ IAYERSFRWK
           LAHFRYLCQS NALPSHVKIN VSRQTLFEDS FQQIMALKPY DLRRRLYVIF RGEEGLDYGG
           LAREWFFLLS HEVLNPMYCL FEYAGKNNYC LQINPASTIN PDHLSYFCFI GRFIAMALFH
           GKFIDTGFSL PFYKRMLSKK LTIKDLESID TEFYNSLIWI RDNNIEECGL EMYFSVDMEI
           LGKVTSHDLK LGGSNILVTE ENKDEYIGLM TEWRFSRGVQ EQTKAFLDGF NEVVPLQWLQ
           YFDEKELEVM LCGMQEVDLA DWQRNTVYRH YTRNSKQIIW FWQFVKETDN EVR
SYEQLKEKLL FAIEETEGFG QEXORYCTOL AGUMATASPR SDTSNNHSGR LQLQVTVSSA KLKRKKNWFG
           TAIYTEVVVD GESKKTAKSS SSSNPKWDEQ LTVNVTPQTT LEFRVWSHHT LKADALLGRA
           TIDLKQALLA HNRKLERVKE QLKLSLENKN GIVQTGELAV VLDGLVIEQE NLTNYSSSPT
           IEIRQNGDAL HENGEPSART TTRLAVEGTN GIDDHVSTNA VVQDSCCSHV VNGDNTPSSP
           SQVPVRPKNT PAPKPLTSEP ANDTVNGESS SSAPTDHASA IGTPVVPEET TLSSDCTSTT
           VEDPLVQEIP TSSENNECIP STSAQLGSEA RSILDADHSN SASSSAFD-- KLRQPEGCAE
           SVRQQSGNAN TETLPSGWEQ RKDPHGRTYY VDHNTRTTTW ERPQPLPPGW ERRVDDRGRV
           YYVDHNTRTT TWQRPTMESV RNFEQWQSQR NQLQGAMQQF NQRYLYSASM LTAENDPYGP
           LPPGWEKRVD STDRVYFVNH NTKTTQWEDP RTQGYQIVAG MRRTMKLRFL GEGPRPSV--
           -TQTMFFSLC KYETFPKTKG GPQIAYERSF RWKLAHFRYL CQSNALPSHV KINVSRQTLF
           EDSFQQIMAL KPYDLRRRLY VIFRGEEGLD YGGLAREWFF LLSHEVLNPM YCLFEYAGKN
           NYCLQINPAS TINPDHLSYF CFIGRFIAMA LFHGKFIDTG FSLPFYKRML SKKLTIKDLE
           SIDTEFYNSL IWIRDNNIEE CGLEMYFCVD MEILGKVTSH DLKLGGSNIL VTE
NEVVPLQWLQ YFDEKELEVM LCGMQEVDLA DWQRNTVYRH YTRNSKQIIW FWQFVKETDN EVRMRLLQFV
           TGTCRLPLGG FAELMGSNGP QKFCIEKVGK DTWLPRSHTC FNRLDLPPYK SYEQLKEKLL
           FAIEETEGFG QEXBOSMATA SPRSDTSNNH SGRLQLQVTV SSAKLKRKKN WFGTAIYTEV
           AADGESKKTA KSSSSSNPKW DEQLTVNVTP QTTLEFRVWS HHTIKADALL GRATVDLKQA
           LLIHNRKLER VKEQLKLCLE TKNGVVQTGE LTVVLDGLVI EQENITNGSS SPAIEVQQNG
           DALHEDREPS ARTTTRLAAE DTNGIDNCVP TNTVVQNSCC SYVVNGDNTP S-PSQVAARP
           KHTPAPKPLP SEPANDTVNG DSPSSVPTDN ASSTGTAIGS GEPALSSNCT STPVEDPPVQ
           ETLTSSENNE CIVSNSAAFG SEAQSTLDPS TSSSASSSAF EAAKLRQPDG CVEPVRQQSG
           GANTETLPSG WEQRKDPHGR TYYVDHNTRT TTWERPQPLP PGWERRVDDR GRVYYVDHNT
           RTTTWQRPTM ESVRNFEQWQ SQRSQLQGAM QQFNQRYLYS ASMLAAENDP YGPLPPGWEK
           RVDSTDRVYF VNHNTKTTQW EDPRTQGLQN EEPLPEGWEI RYTREGVRYF VDHNTRTTTF
           KDPRNGKSSV TKGGPQIAYE RSFRWKLAHF RYLCQSNALP SHVKINVSRQ TLFEDSFQQI
           MALKPYDLRR RLYVIFRGEE GLDYGGLARE WFFLLSHEVL NPMYCLFEYA GKN
GRFIAMALFH GKFIDTGFSL PFYKRMLSKK LTIKDLESID TEFYNSLIWI RDNNIEECGL EMYFSVDMEI
           LGKVTSHDLK LGGSNILVTE ENKDEYIGLM TEWRFSRGVQ EQTKAFLDGF NEVVPLQWLQ
           YFDEKELEVM LCGMQEVDLA DWQRNTVYRH YTRNSKQIIW FWQFVKETDN EVRMRLLQFV
           TGTCRLPLGG FAELMGSNGP QKFCIEKVGK DTWLPRSHTC FNRLDLPPYK SYEQLKEKLL
           FAIEETEGFG QEXRATTUSM ATASPRSDTS DNHSGRLQLK VTVSSAKLKR KKNWFGTAIY
           TEVIVDGEIK KTAKSSSSSN PKWDEQLIVN VAPQTTLEFR VWSHHTLKAD ALLGKATVDL
           KQVLLTHNRK LEKVKEQLKL SLENKNGIVQ TGELTVVLDG LVIEPEAVTN RSSSPPIEIQ
           QNGDAVHENG DPLTRTTPRL AVEGTIGIDN HVSTSTVVPS SCCSHIVNGE NTPSSPPQVA
           TRPQNTPAPK PLTSEPTSDT VNGESSS-VL ADSTSAMGTS LPSEDSTSTS NCTSTTVQEP
           PVQEPPASSE HSECIPSASA EVGPEARSLI DPD-SDSRNN SGFD--KVRQ PEGCVEPLRP
           QSGNTNTESL PSGWEQRKDP HGRTYYVDHN TRTTTWERPQ PLPPGWERRV DDRGRVYYVD
           HNTRTTTWQR PTMESVRNFE QWQSQRNQLQ GAMQQFNQRY LYSASMLAAE NDPYGPLPPG
           WEKRVDSTDR VYFVNHNTKT TQWEDPRTQG LPNEEPLPEG WEIRYTREGV RYF
IAYERSFRWK LAHFRYLCQS NALPSHVKIN VSRQTLFEDS FQQIMALKPY DLRRRLYVIF RGEEGLDYGG
           LAREWFFLLS HEVLNPMYCL FEYAGKNNYC LQINPASTIN PDHLSYFCFI GRFIAMALFH
           GKFIDTGFSL PFYKRMLSKK LTIKDLESID TEFYNSLIWI RDNNIEECGL EMYFSVDMEI
           LGKVTSHDLK LGGSNILVTE ENKDEYIGLM TEWRFSRGVQ EQTKAFLDGF NEVVPLQWLQ
           YFDEKELEVM LCGMQEVDLA DWQRNTVYRH YTRNSKQIIW FWQFVKETDN EVRMRLLQFV
           TGTCRLPLGG FAELMGSNGP QKFCIEKVGK DTWLPRSHTC FNRLDLPPYK SYEQLKEKLL
           FAIEETEGFG QEXMUSMATA SPRSDTSDIH SGRLQLKVTV SSAKLKRKKN WFGTAIYTEV
           IVDGEVKKTA KSSSSSNPKW DEQLIVNVTP QTTLEFRVWS HHTLKADALL GKATVDLKQV
           LLTHNRKLEK VKEQLKLSLE NKNGIVQTGE LTVVLDGLVI EQEPVTNRSS SPPIEIQQNG
           DALHENGDPA TRTTPRLPVE GTIGIDNHVS TNTVVPNSCC SHVVNGENTP SSPSQVAARP
           KNAPAPKPVT SAPTSDTVNG ESSS-VLADN TSTMGTLLPS EDTTSTSNCT STTTQEPPVQ
           EPPASSEHSE CIPSASAEVG PEARSLIDPD -SDSRNNSVF D--KVRQPEG CVEPLRPQSG
           NTNTEALPSG WEQRKDPHGR TYYVDHNTRT TTWERPQPLP PGWERRVDDR GRV
EQWQSQRNQL QGAMQQFNQR YLYSASMLAA ENDPYGPLPP GWEKRVDSTD RVYFVNHNTK TTQWEDPRTQ
           GLPNEEPLPE GWEIRYTREG VRYFVDHNTR TTTFKDPRNG KSSVTKGGPQ IAYERSFRWK
           LAHFRYLCQS NALPSHVKIN VSRQTLFEDS FQQIMALKPY DLRRRLYVIF RGEEGLDYGG
           LAREWFFLLS HEVLNPMYCL FEYAGKNNYC LQINPASTIN PDHLSYFCFI GRFIAMALFH
           GKFIDTGFSL PFYKRMLSKK LTIKDLESID TEFYNSLIWI RDNNIEECGL EMYFSVDMEI
           LGKVTSHDLK LGGSNILVTE ENKDEYIGLM TEWRFSRGVQ EQTKAFLDGF NEVVPLQWLQ
           YFDEKELEVM LCGMQEVDLA DWQRNTVYRH YTRNSKQIIW FWQFVKETDN EVRMRLLQFV
           TGTCRLPLGG FAELMGSNGP QKFCIEKVGK DTWLPRSHTC FNRLDLPPYK SYEQLKEKLL
           FAIEETEGFG QEXORNITHO RHYMATASPR SDRSNNLNGR SPLQVTVSSA KLKRKKNWFG
           TAIYAELLVD GEIKKTAKSS SSSNPKWDEQ LTVNVTPQTT LEFRVWSHHT LKADALLGRA
           TVDLQQALEV HNRKLERVKE QLKLSLENKN GIVQTGELTV VLDGLVDEQE SLTNCTSAAT
           IEVQQNGEAL HENRDISVRT TTRSTTEVAN GIDNHAPTNS VVQNPFYIHV VNGDSTPSSP
           SHVAARPKNV PAPKPLTSQP ATSTVNGDSS SSAAAEDTST PGTLLGSEET PMS
TAMGFEAVNR IDSAACSPRN NSVVEAAKPR QSSTVSEPVR QQPGNASVDP LPPGWEQRKD LHGRTYYVDH
           NTRTTTWERP QPLPPGWERR VDDRGRVYYV DHNTRTTTWQ RPTMESVRNF EQWQSQRNQL
           QGAMQQFNQR YLYSASMLSA ENDPLGPLPP GWERRVDIND RVYFVNHNTK TTQWEDPRTQ
           GLQNEDPLPE GWEIRYTREG VRYFVDHNTR TTTFSDPRTG KSSVSKAGPQ IAYERSFRWK
           LAHFRYLCQS NALPSHVKIN VSRQTLFEDS FQQIMALKPY DLRRRLYVIF RGEEGLDYGG
           LAREWFFLLS HEVLNPMYCL FEYAGKSNYC LQINPASTIN PDHLSYFCFI GRFIAMALFH
           GKFIDTGFSL PFYKRMLSKK LTIKDLESID TEFYNSLIWI RDNNIEECGL EMYFSVDMEI
           LGKVTSHDLK LGGSNILVTE ENKEEYIGLM AEWRFSRGVQ EQTKAFLDGF NEVVPLQWLQ
           YFDEKELEVM LCGMQEVDLA DWQRNTVYRH YTRNSKQIIW FWQFVKETDN EVRMRLMQFV
           TGTCRLPLGG FAELMGSNGP QKFCIEKVGK ETWLPRSHTC FNRLDLPPYK SYEQLKEKLL
           FAIEETEGFG QEXMONODEL PHIMATASPR SDTSNNQNRR SQLQVTVSSA KLKRKKNWFG
           TAIYAELSVD GEIKKTAKSS SSSNPKWDEQ LTVNVTPQTT LEFRVWSHHT LKADALLGRA
           TVDLREALEL HNRKLERVKE QLKLSLENKS GIVQTGELTV VLDGFVAEQE TLT
PAIEVANGID NHAPTNPVVQ NSFCIHVLNG DSIPSSPSHI ATRPKNTPAS KPLTSQSANN IVNGESSSSA
           AIDSAPAPQT VIGSEETPMS TDCTTTTTTD PITQEIPECS GNSAYFASTS VEMVPEAFNI
           TD-TASNLKN SSV-EAAKPR QSSNVPEPIR QQPGNSITEP LPPGWEQRKD PHDRTYYVDH
           NTRTTTWERP QPLPPGWERR VDDRGRVYYV DHNTRTTTWQ RPTMESVRNF EQWKSQRNQL
           QGAMQQFNQR YLYSASMLSA ENDPLGPLPP GWEKRVDSND RVYFVNHNTK TTQWEDPRTQ
           GLLPESPLPE GWEIRYTREG LKYFVDHNTK TTTFKDPRTG KSSVTK-GPQ IAYERSFRWK
           LAHFRYLCQS NALPSHVKIN VSRQTLFEDS FQQIMALKPY DLRRRLYVIF RGEEGLDYGG
           LAREWFFLLS HEVLNPMYCL FEYAGKSNYC LQINPASTIN PDHLSYFCFI GRFIAMALFH
           GKFIDTGFSL PFYKRMLSKK LTIKDLESID TEFYNSLIWI RDNNIEECGL EMYFSVDMEI
           LGKVTSHDLK LGGSNILVTE ENKEEYIGLM AEWRFSRGVQ DQTKAFLDGF NEVVPLQWLQ
           YFDEKELEVM LCGMQEVDLA DWQRNTVYRH YTRNSKQIIW FWQFVKETDN EVRMRLMQFV
           TGTCRLPLGG FAELMGSNGP QKFCIEKVGK ETWLPRSHTC ---------- ---ELSSQGF
           FCIGTLPGMS SEPSARCOPH ILUMATASPR SDTSNNHNGR SQLQVTVSSA KLK
NPKWDEQLTV NVTPQTTLEF RVWSHHTLKA DALLGRATVD LRQALEIHNR KLERVKEQLK LSLENKNGIV
           QTGELTVVLD GLVVDQETLT NCPSTAAIEV QQNGDTMYEN GETSSRTTTR SAIEAANGID
           NHTPTNSVVQ NSFCIPVLNG DSTPSSPSHV ATRPKNTPAS KPLTSQSANN TVNGESSSSA
           AADNAPDLRT VIGSEEIPIS TDCTNVTTTD PIIQEIPECS ENSTYFASAS AEMVQETLNT
           VD-SASNFKN SSAVDAPKPR QSN-VPEPIR QQPGNSITEP LPPGWEQRKD PHDRTYYVDH
           NTRTTTWERP QPLPPGWERR VDDRGRVYYV DHNTRTTTWQ RPTMESVRNF EQWKSQRNQL
           QGAMQQFNQR YLYSASMLSA ENDPLGPLPP GWEKRVDSND RVYFVNHNTK TTQWEDPRTQ
           GLLPESPLPE GWEIRYTREG LKYFVDHNTK TTTFKDPRTG KSSVTK-GPQ IAYERSFRWK
           LAHFRYLCQS NALPSHVKIN VSRQTLFEDS FQQIMALKPY DLRRRLYVIF RGEEGLDYGG
           LAREWFFLLS HEVLNPMYCL FEYAGKSNYC LQINPASTIN PDHLSYFCFI GRFIAMALFH
           GKFIDTGFSL PFYKRMLSKK LTIKDLESID TEFYNSLIWI RDNNIEECGL EMYFSVDMEI
           LGKVTSHDLK LGGSNILVTE ENKEEYIGLM AEWRFSRGVQ DQTKAFLDGF NEVVPLQWLQ
           YFDEKELEVM LCGMQEVDLA DWQRNTVYRH YTRNSKQIIW FWQYVKETDN EVR
