This is pdfeTeX, Version 3.141592-1.21a-2.2 (Web2C 7.5.4) (format=latex 2013.5.3)  16 MAR 2016 13:49
entering extended mode
**final.tex
(./final.tex
LaTeX2e <2003/12/01>
Babel <v3.8d> and hyphenation patterns for american, french, german, ngerman, b
ahasa, basque, bulgarian, catalan, croatian, czech, danish, dutch, esperanto, e
stonian, finnish, greek, icelandic, irish, italian, latin, magyar, norsk, polis
h, portuges, romanian, russian, serbian, slovak, slovene, spanish, swedish, tur
kish, ukrainian, nohyphenation, loaded.
(/usr/share/texmf/tex/latex/base/article.cls
Document Class: article 2004/02/16 v1.4f Standard LaTeX document class
(/usr/share/texmf/tex/latex/base/size12.clo
File: size12.clo 2004/02/16 v1.4f Standard LaTeX file (size option)
)
\c@part=\count79
\c@section=\count80
\c@subsection=\count81
\c@subsubsection=\count82
\c@paragraph=\count83
\c@subparagraph=\count84
\c@figure=\count85
\c@table=\count86
\abovecaptionskip=\skip41
\belowcaptionskip=\skip42
\bibindent=\dimen102
)
(/usr/share/texmf/tex/latex/graphics/graphicx.sty
Package: graphicx 1999/02/16 v1.0f Enhanced LaTeX Graphics (DPC,SPQR)

(/usr/share/texmf/tex/latex/graphics/keyval.sty
Package: keyval 1999/03/16 v1.13 key=value parser (DPC)
\KV@toks@=\toks14
)
(/usr/share/texmf/tex/latex/graphics/graphics.sty
Package: graphics 2001/07/07 v1.0n Standard LaTeX Graphics (DPC,SPQR)

(/usr/share/texmf/tex/latex/graphics/trig.sty
Package: trig 1999/03/16 v1.09 sin cos tan (DPC)
)
(/usr/share/texmf/tex/latex/graphics/graphics.cfg
File: graphics.cfg 2005/02/03 v1.3 graphics configuration of teTeX/TeXLive
)
Package graphics Info: Driver file: dvips.def on input line 80.

(/usr/share/texmf/tex/latex/graphics/dvips.def
File: dvips.def 1999/02/16 v3.0i Driver-dependant file (DPC,SPQR)
))
\Gin@req@height=\dimen103
\Gin@req@width=\dimen104
) (./final.aux)
\openout1 = `final.aux'.

LaTeX Font Info:    Checking defaults for OML/cmm/m/it on input line 16.
LaTeX Font Info:    ... okay on input line 16.
LaTeX Font Info:    Checking defaults for T1/cmr/m/n on input line 16.
LaTeX Font Info:    ... okay on input line 16.
LaTeX Font Info:    Checking defaults for OT1/cmr/m/n on input line 16.
LaTeX Font Info:    ... okay on input line 16.
LaTeX Font Info:    Checking defaults for OMS/cmsy/m/n on input line 16.
LaTeX Font Info:    ... okay on input line 16.
LaTeX Font Info:    Checking defaults for OMX/cmex/m/n on input line 16.
LaTeX Font Info:    ... okay on input line 16.
LaTeX Font Info:    Checking defaults for U/cmr/m/n on input line 16.
LaTeX Font Info:    ... okay on input line 16.
LaTeX Font Info:    External font `cmex10' loaded for size
(Font)              <12> on input line 18.
LaTeX Font Info:    External font `cmex10' loaded for size
(Font)              <8> on input line 18.
LaTeX Font Info:    External font `cmex10' loaded for size
(Font)              <6> on input line 18.

Underfull \hbox (badness 10000) in paragraph at lines 17--22

 []

File: plotf1.idraw Graphic file (type eps)
<plotf1.idraw>
File: plotf2.idraw Graphic file (type eps)
 <plotf2.idraw>
File: plotf3.idraw Graphic file (type eps)
 <plotf3.idraw>
File: plotf4.idraw Graphic file (type eps)
 <plotf4.idraw>
File: plotf5.idraw Graphic file (type eps)
 <plotf5.idraw>
File: plotf6.idraw Graphic file (type eps)

<plotf6.idraw>
File: plotf7.idraw Graphic file (type eps)
 <plotf7.idraw>
File: plotf8.idraw Graphic file (type eps)
 <plotf8.idraw>
Overfull \hbox (5.44843pt too wide) in paragraph at lines 54--60
[][] 
 []

[1

]
File: plotf9.idraw Graphic file (type eps)
 <plotf9.idraw>
File: plotf10.idraw Graphic file (type eps)
 <plotf10.idraw> [2] [3] [4] [5]
File: deletetrees.idraw Graphic file (type eps)
 <deletetrees.idraw> [6]
[7] [8] (./final.aux) ) 
Here is how much of TeX's memory you used:
 552 strings out of 94501
 6319 string characters out of 1176790
 56440 words of memory out of 1000000
 3766 multiletter control sequences out of 10000+50000
 7030 words of font info for 25 fonts, out of 500000 for 2000
 580 hyphenation exceptions out of 1000
 25i,8n,19p,207b,304s stack positions out of 1500i,500n,5000p,200000b,5000s

Output written on final.dvi (8 pages, 13456 bytes).
